number,value,datetime_start,datetime_complete,duration,params_colsample_bytree,params_learning_rate,params_max_depth,params_min_child_weight,params_n_estimators,params_reg_alpha,params_reg_lambda,params_subsample,system_attrs_tpe:relative_params:0,state
0,4.266371871597108,2026-10-02 06:27:38.600136,2026-10-02 06:27:44.983289,0 days 00:00:06.383153,0.7521258791466592,0.11387317092169064,7,11,1188,3.6905577292137624,0.0562793204741517,0.7118273996694524,,COMPLETE
1,4.18898803920234,2026-10-02 06:27:44.983368,2026-10-02 06:28:01.020180,0 days 00:00:16.036812,0.9479176468048627,0.036845938035010996,9,11,1935,0.002231090560744304,0.0019237305096546497,0.7840222805469661,,COMPLETE
2,4.279034755839234,2026-10-02 06:28:01.020259,2026-10-02 06:28:02.715100,0 days 00:00:01.694841,0.8594109949517064,0.16977763163336626,9,18,236,1.3246974647468452,0.07013219779945795,0.989309171116382,,COMPLETE
3,4.19387996231013,2026-10-02 06:28:02.715173,2026-10-02 06:28:03.458270,0 days 00:00:00.743097,0.5902633579933665,0.088153780513692,4,19,413,1.2500712230836255,0.011434638743472197,0.7609241608750359,,COMPLETE
4,4.196635058976618,2026-10-02 06:28:03.458342,2026-10-02 06:28:04.861951,0 days 00:00:01.403609,0.7318537978123298,0.06912670683424535,3,13,1021,0.5336803302756715,5.956516018710568,0.8060478613612108,,COMPLETE
5,4.1419038672327,2026-10-02 06:28:04.862021,2026-10-02 06:28:14.080792,0 days 00:00:09.218771,0.7694465087327116,0.04421291893432151,8,2,847,0.0032787264983352763,0.0069427294924301495,0.8333833577228338,,COMPLETE
6,4.141945979806393,2026-10-02 06:28:14.080868,2026-10-02 06:28:16.641160,0 days 00:00:02.560292,0.3714313675236196,0.03445441737078129,7,9,768,0.004418125737902547,0.006847105576684045,0.9941869190296131,,COMPLETE
7,4.147799904120565,2026-10-02 06:28:16.641245,2026-10-02 06:28:20.747348,0 days 00:00:04.106103,0.37726259881501356,0.023666956347875266,6,5,1376,0.003570522756718293,0.4220057397195018,0.5794847918227599,,COMPLETE
8,4.123042820156914,2026-10-02 06:28:20.747424,2026-10-02 06:28:25.680181,0 days 00:00:04.932757,0.36726888552577414,0.035047075708368194,9,2,554,0.07492121411354245,8.050778165087026,0.918972453749402,,COMPLETE
9,4.235705174083711,2026-10-02 06:28:25.680243,2026-10-02 06:28:36.054449,0 days 00:00:10.374206,0.3841375928492182,0.07824023983213262,8,1,1959,0.002984770033451216,0.015295398277813725,0.6414034812882048,,COMPLETE
10,4.13743391860368,2026-10-02 06:28:36.054515,2026-10-02 06:28:48.997412,0 days 00:00:12.942897,0.6076662739540196,0.03564034261936082,10,7,1366,0.06630900947764848,0.274433689541592,0.9452212598059986,"{""colsample_bytree"": 0.6076662739540196, ""learning_rate"": 0.03564034261936082, ""max_depth"": 10, ""min_child_weight"": 7, ""n_estimators"": 1366, ""reg_alpha"": 0.06630900947764848, ""reg_lambda"": 0.274433689541592, ""subsample"": 0.9452212598059986}",COMPLETE
11,4.0999426244863235,2026-10-02 06:28:48.997481,2026-10-02 06:29:02.670249,0 days 00:00:13.672768,0.4847801536245172,0.028054312477749498,10,2,873,0.7211143857456546,2.7063539521130306,0.9528490781343182,"{""colsample_bytree"": 0.4847801536245172, ""learning_rate"": 0.028054312477749498, ""max_depth"": 10, ""min_child_weight"": 2, ""n_estimators"": 873, ""reg_alpha"": 0.7211143857456546, ""reg_lambda"": 2.7063539521130306, ""subsample"": 0.9528490781343182}",COMPLETE
12,4.105790650749952,2026-10-02 06:29:02.670318,2026-10-02 06:29:25.602981,0 days 00:00:22.932663,0.613336231533042,0.015697131285881516,10,1,1123,0.3813296312864936,2.5026415422030683,0.9511879026257075,"{""colsample_bytree"": 0.613336231533042, ""learning_rate"": 0.015697131285881516, ""max_depth"": 10, ""min_child_weight"": 1, ""n_estimators"": 1123, ""reg_alpha"": 0.3813296312864936, ""reg_lambda"": 2.5026415422030683, ""subsample"": 0.9511879026257075}",COMPLETE
13,4.11743873571621,2026-10-02 06:29:25.603049,2026-10-02 06:29:42.355803,0 days 00:00:16.752754,0.6002204075459563,0.016063007664171364,9,2,1336,6.699691424605782,1.8362367710869762,0.9828778395376179,"{""colsample_bytree"": 0.6002204075459563, ""learning_rate"": 0.016063007664171364, ""max_depth"": 9, ""min_child_weight"": 2, ""n_estimators"": 1336, ""reg_alpha"": 6.699691424605782, ""reg_lambda"": 1.8362367710869762, ""subsample"": 0.9828778395376179}",COMPLETE
14,4.136630811761325,2026-10-02 06:29:42.355874,2026-10-02 06:29:47.697563,0 days 00:00:05.341689,0.5835561254788768,0.055187460718777635,8,2,579,1.2399179765406159,2.9503975571192838,0.9924843647815278,"{""colsample_bytree"": 0.5835561254788768, ""learning_rate"": 0.055187460718777635, ""max_depth"": 8, ""min_child_weight"": 2, ""n_estimators"": 579, ""reg_alpha"": 1.2399179765406159, ""reg_lambda"": 2.9503975571192838, ""subsample"": 0.9924843647815278}",COMPLETE
15,4.093600891595124,2026-10-02 06:29:47.697626,2026-10-02 06:29:55.510376,0 days 00:00:07.812750,0.5926350040598873,0.016729500974005787,10,10,948,0.43872532683637583,8.044146269916258,0.8442364813830774,"{""colsample_bytree"": 0.5926350040598873, ""learning_rate"": 0.016729500974005787, ""max_depth"": 10, ""min_child_weight"": 10, ""n_estimators"": 948, ""reg_alpha"": 0.43872532683637583, ""reg_lambda"": 8.044146269916258, ""subsample"": 0.8442364813830774}",COMPLETE
16,4.125317554135344,2026-10-02 06:29:55.510441,2026-10-02 06:30:01.918927,0 days 00:00:06.408486,0.6492491011342821,0.03200240024667829,10,7,639,0.32669684175053393,4.863005563326306,0.7914590800113988,"{""colsample_bytree"": 0.6492491011342821, ""learning_rate"": 0.03200240024667829, ""max_depth"": 10, ""min_child_weight"": 7, ""n_estimators"": 639, ""reg_alpha"": 0.32669684175053393, ""reg_lambda"": 4.863005563326306, ""subsample"": 0.7914590800113988}",COMPLETE
17,4.0927622092033955,2026-10-02 06:30:01.918992,2026-10-02 06:30:09.512176,0 days 00:00:07.593184,0.3741187027521004,0.012598725944556865,10,8,1097,0.8163995455426868,0.21382118195670088,0.8433122820332688,"{""colsample_bytree"": 0.3741187027521004, ""learning_rate"": 0.012598725944556865, ""max_depth"": 10, ""min_child_weight"": 8, ""n_estimators"": 1097, ""reg_alpha"": 0.8163995455426868, ""reg_lambda"": 0.21382118195670088, ""subsample"": 0.8433122820332688}",COMPLETE
18,4.106530116059204,2026-10-02 06:30:09.512243,2026-10-02 06:30:17.019220,0 days 00:00:07.506977,0.3605190293364477,0.014377067256302207,10,10,1215,0.73576500511298,0.0068616061809898005,0.8927650439910424,"{""colsample_bytree"": 0.3605190293364477, ""learning_rate"": 0.014377067256302207, ""max_depth"": 10, ""min_child_weight"": 10, ""n_estimators"": 1215, ""reg_alpha"": 0.73576500511298, ""reg_lambda"": 0.0068616061809898005, ""subsample"": 0.8927650439910424}",COMPLETE
19,4.1011645441377125,2026-10-02 06:30:17.019289,2026-10-02 06:30:29.261493,0 days 00:00:12.242204,0.5257419199192852,0.01188878956073258,10,7,1372,0.3536574002521611,0.6859093458060619,0.852572607641479,"{""colsample_bytree"": 0.5257419199192852, ""learning_rate"": 0.01188878956073258, ""max_depth"": 10, ""min_child_weight"": 7, ""n_estimators"": 1372, ""reg_alpha"": 0.3536574002521611, ""reg_lambda"": 0.6859093458060619, ""subsample"": 0.852572607641479}",COMPLETE
20,4.093023783807014,2026-10-02 06:30:29.261560,2026-10-02 06:30:35.772932,0 days 00:00:06.511372,0.3304277959069861,0.010197601837131535,10,8,957,0.3083499974607327,1.6331396291505913,0.9976618045075102,"{""colsample_bytree"": 0.3304277959069861, ""learning_rate"": 0.010197601837131535, ""max_depth"": 10, ""min_child_weight"": 8, ""n_estimators"": 957, ""reg_alpha"": 0.3083499974607327, ""reg_lambda"": 1.6331396291505913, ""subsample"": 0.9976618045075102}",COMPLETE
21,4.11429053307648,2026-10-02 06:30:35.772998,2026-10-02 06:30:43.249784,0 days 00:00:07.476786,0.3109929270547207,0.015679809922666734,9,9,1344,0.9402833642064538,0.22832284243388623,0.913860332865581,"{""colsample_bytree"": 0.3109929270547207, ""learning_rate"": 0.015679809922666734, ""max_depth"": 9, ""min_child_weight"": 9, ""n_estimators"": 1344, ""reg_alpha"": 0.9402833642064538, ""reg_lambda"": 0.22832284243388623, ""subsample"": 0.913860332865581}",COMPLETE
22,4.085469754729426,2026-10-02 06:30:43.249886,2026-10-02 06:30:51.254592,0 days 00:00:08.004706,0.504322953303914,0.013069083841792227,10,8,955,0.5612699780110195,1.0573169414485881,0.9383303603548843,"{""colsample_bytree"": 0.504322953303914, ""learning_rate"": 0.013069083841792227, ""max_depth"": 10, ""min_child_weight"": 8, ""n_estimators"": 955, ""reg_alpha"": 0.5612699780110195, ""reg_lambda"": 1.0573169414485881, ""subsample"": 0.9383303603548843}",COMPLETE
23,4.095772449743767,2026-10-02 06:30:51.254658,2026-10-02 06:30:57.312316,0 days 00:00:06.057658,0.4141037191993978,0.015464884795929541,10,6,709,0.24453809951087058,0.5195687509844137,0.8678921334558379,"{""colsample_bytree"": 0.4141037191993978, ""learning_rate"": 0.015464884795929541, ""max_depth"": 10, ""min_child_weight"": 6, ""n_estimators"": 709, ""reg_alpha"": 0.24453809951087058, ""reg_lambda"": 0.5195687509844137, ""subsample"": 0.8678921334558379}",COMPLETE
24,4.105077820882923,2026-10-02 06:30:57.312382,2026-10-02 06:31:02.972917,0 days 00:00:05.660535,0.48646359239325265,0.014731309552584284,8,7,1023,0.2598440319997698,1.5153280356452263,0.9867894304438865,"{""colsample_bytree"": 0.48646359239325265, ""learning_rate"": 0.014731309552584284, ""max_depth"": 8, ""min_child_weight"": 7, ""n_estimators"": 1023, ""reg_alpha"": 0.2598440319997698, ""reg_lambda"": 1.5153280356452263, ""subsample"": 0.9867894304438865}",COMPLETE
25,4.1263931076745,2026-10-02 06:31:02.972984,2026-10-02 06:31:08.104027,0 days 00:00:05.131043,0.3003658284056853,0.018297437123390957,10,14,1100,0.2835271870126507,0.2470121690535756,0.8997325134973776,"{""colsample_bytree"": 0.3003658284056853, ""learning_rate"": 0.018297437123390957, ""max_depth"": 10, ""min_child_weight"": 14, ""n_estimators"": 1100, ""reg_alpha"": 0.2835271870126507, ""reg_lambda"": 0.2470121690535756, ""subsample"": 0.8997325134973776}",COMPLETE
26,4.106711741958635,2026-10-02 06:31:08.104095,2026-10-02 06:31:12.198816,0 days 00:00:04.094721,0.3078284011898855,0.014796823596156194,8,10,1085,0.08178383264316401,0.4808145577291344,0.8941000320184855,"{""colsample_bytree"": 0.3078284011898855, ""learning_rate"": 0.014796823596156194, ""max_depth"": 8, ""min_child_weight"": 10, ""n_estimators"": 1085, ""reg_alpha"": 0.08178383264316401, ""reg_lambda"": 0.4808145577291344, ""subsample"": 0.8941000320184855}",COMPLETE
27,4.113497721095032,2026-10-02 06:31:12.198885,2026-10-02 06:31:18.485397,0 days 00:00:06.286512,0.3696287577879005,0.02143962541872305,10,8,934,0.3454477738302027,1.3968612863842438,0.9443743161927721,"{""colsample_bytree"": 0.3696287577879005, ""learning_rate"": 0.02143962541872305, ""max_depth"": 10, ""min_child_weight"": 8, ""n_estimators"": 934, ""reg_alpha"": 0.3454477738302027, ""reg_lambda"": 1.3968612863842438, ""subsample"": 0.9443743161927721}",COMPLETE
28,4.093731569718199,2026-10-02 06:31:18.485464,2026-10-02 06:31:22.402240,0 days 00:00:03.916776,0.322398017071247,0.015755595631457175,9,9,748,0.08721540066419525,2.4161626174114663,0.9529578120954392,"{""colsample_bytree"": 0.322398017071247, ""learning_rate"": 0.015755595631457175, ""max_depth"": 9, ""min_child_weight"": 9, ""n_estimators"": 748, ""reg_alpha"": 0.08721540066419525, ""reg_lambda"": 2.4161626174114663, ""subsample"": 0.9529578120954392}",COMPLETE
29,4.0995881037297055,2026-10-02 06:31:22.402306,2026-10-02 06:31:27.176189,0 days 00:00:04.773883,0.3464692134862608,0.013485821082608174,9,12,889,3.20730934218803,0.1395505950496369,0.9877506322472702,"{""colsample_bytree"": 0.3464692134862608, ""learning_rate"": 0.013485821082608174, ""max_depth"": 9, ""min_child_weight"": 12, ""n_estimators"": 889, ""reg_alpha"": 3.20730934218803, ""reg_lambda"": 0.1395505950496369, ""subsample"": 0.9877506322472702}",COMPLETE
30,4.084121754369458,2026-10-02 06:31:27.176256,2026-10-02 06:31:32.840992,0 days 00:00:05.664736,0.5122268284110602,0.010495018288264884,9,10,894,1.358269264914023,0.9122236056053676,0.8680830103333236,"{""colsample_bytree"": 0.5122268284110602, ""learning_rate"": 0.010495018288264884, ""max_depth"": 9, ""min_child_weight"": 10, ""n_estimators"": 894, ""reg_alpha"": 1.358269264914023, ""reg_lambda"": 0.9122236056053676, ""subsample"": 0.8680830103333236}",COMPLETE
31,4.098368440056766,2026-10-02 06:31:32.841057,2026-10-02 06:31:40.933718,0 days 00:00:08.092661,0.5315789828778007,0.014619846188383481,9,9,1137,1.7873332846559056,1.3604578718456595,0.8704113760429518,"{""colsample_bytree"": 0.5315789828778007, ""learning_rate"": 0.014619846188383481, ""max_depth"": 9, ""min_child_weight"": 9, ""n_estimators"": 1137, ""reg_alpha"": 1.7873332846559056, ""reg_lambda"": 1.3604578718456595, ""subsample"": 0.8704113760429518}",COMPLETE
32,4.086166440536021,2026-10-02 06:31:40.933801,2026-10-02 06:31:46.926878,0 days 00:00:05.993077,0.35352058912128403,0.010518135545240554,9,5,858,0.12882354529372853,0.4344640702388719,0.9409133070596039,"{""colsample_bytree"": 0.35352058912128403, ""learning_rate"": 0.010518135545240554, ""max_depth"": 9, ""min_child_weight"": 5, ""n_estimators"": 858, ""reg_alpha"": 0.12882354529372853, ""reg_lambda"": 0.4344640702388719, ""subsample"": 0.9409133070596039}",COMPLETE
33,4.087628478466493,2026-10-02 06:31:46.926944,2026-10-02 06:31:57.349473,0 days 00:00:10.422529,0.3782711563233995,0.01128947295624349,10,5,1133,1.1645097206881068,0.08632364980754115,0.8774087344495777,"{""colsample_bytree"": 0.3782711563233995, ""learning_rate"": 0.01128947295624349, ""max_depth"": 10, ""min_child_weight"": 5, ""n_estimators"": 1133, ""reg_alpha"": 1.1645097206881068, ""reg_lambda"": 0.08632364980754115, ""subsample"": 0.8774087344495777}",COMPLETE
34,4.1026628962823555,2026-10-02 06:31:57.349541,2026-10-02 06:32:07.832035,0 days 00:00:10.482494,0.3355921719864109,0.016099100267703646,10,4,1090,0.4867887042566708,0.0602011048046178,0.9534061223625977,"{""colsample_bytree"": 0.3355921719864109, ""learning_rate"": 0.016099100267703646, ""max_depth"": 10, ""min_child_weight"": 4, ""n_estimators"": 1090, ""reg_alpha"": 0.4867887042566708, ""reg_lambda"": 0.0602011048046178, ""subsample"": 0.9534061223625977}",COMPLETE
35,4.093388415594181,2026-10-02 06:32:07.832102,2026-10-02 06:32:15.926550,0 days 00:00:08.094448,0.3872918438294173,0.010816270482981723,9,6,1195,1.0656671173318386,0.02951568518052488,0.7943674825886842,"{""colsample_bytree"": 0.3872918438294173, ""learning_rate"": 0.010816270482981723, ""max_depth"": 9, ""min_child_weight"": 6, ""n_estimators"": 1195, ""reg_alpha"": 1.0656671173318386, ""reg_lambda"": 0.02951568518052488, ""subsample"": 0.7943674825886842}",COMPLETE
36,4.080013937930949,2026-10-02 06:32:15.926616,2026-10-02 06:32:21.661674,0 days 00:00:05.735058,0.4173937996646126,0.01052439611609295,9,8,802,6.917780699317299,0.5486724686062565,0.8470770070778648,"{""colsample_bytree"": 0.4173937996646126, ""learning_rate"": 0.01052439611609295, ""max_depth"": 9, ""min_child_weight"": 8, ""n_estimators"": 802, ""reg_alpha"": 6.917780699317299, ""reg_lambda"": 0.5486724686062565, ""subsample"": 0.8470770070778648}",COMPLETE
37,4.09642709754765,2026-10-02 06:32:21.661753,2026-10-02 06:32:31.968631,0 days 00:00:10.306878,0.5636735214165656,0.01159579025246612,10,6,980,1.0986631717199664,2.316238555313848,0.9484139823864476,"{""colsample_bytree"": 0.5636735214165656, ""learning_rate"": 0.01159579025246612, ""max_depth"": 10, ""min_child_weight"": 6, ""n_estimators"": 980, ""reg_alpha"": 1.0986631717199664, ""reg_lambda"": 2.316238555313848, ""subsample"": 0.9484139823864476}",COMPLETE
38,4.080934645227719,2026-10-02 06:32:31.968698,2026-10-02 06:32:38.782980,0 days 00:00:06.814282,0.5732917040763587,0.014177060173956287,9,9,843,5.680884867978543,0.19839070227763864,0.8622530720240569,"{""colsample_bytree"": 0.5732917040763587, ""learning_rate"": 0.014177060173956287, ""max_depth"": 9, ""min_child_weight"": 9, ""n_estimators"": 843, ""reg_alpha"": 5.680884867978543, ""reg_lambda"": 0.19839070227763864, ""subsample"": 0.8622530720240569}",COMPLETE
39,4.095034843432418,2026-10-02 06:32:38.783047,2026-10-02 06:32:42.564892,0 days 00:00:03.781845,0.4939590176862362,0.015463189657289081,8,10,677,4.556314033305747,0.6230242167890758,0.9124776881668492,"{""colsample_bytree"": 0.4939590176862362, ""learning_rate"": 0.015463189657289081, ""max_depth"": 8, ""min_child_weight"": 10, ""n_estimators"": 677, ""reg_alpha"": 4.556314033305747, ""reg_lambda"": 0.6230242167890758, ""subsample"": 0.9124776881668492}",COMPLETE
40,4.081988301522831,2026-10-02 06:32:42.564955,2026-10-02 06:32:46.999122,0 days 00:00:04.434167,0.528294919186363,0.014134161303853952,9,8,552,6.382422313612028,0.749468968119017,0.8173582491706172,"{""colsample_bytree"": 0.528294919186363, ""learning_rate"": 0.014134161303853952, ""max_depth"": 9, ""min_child_weight"": 8, ""n_estimators"": 552, ""reg_alpha"": 6.382422313612028, ""reg_lambda"": 0.749468968119017, ""subsample"": 0.8173582491706172}",COMPLETE
41,4.079540686608769,2026-10-02 06:32:46.999185,2026-10-02 06:32:51.194822,0 days 00:00:04.195637,0.4182222514649348,0.011860893757738966,9,8,613,3.5795843680290487,1.301971198936235,0.824661573666175,"{""colsample_bytree"": 0.4182222514649348, ""learning_rate"": 0.011860893757738966, ""max_depth"": 9, ""min_child_weight"": 8, ""n_estimators"": 613, ""reg_alpha"": 3.5795843680290487, ""reg_lambda"": 1.301971198936235, ""subsample"": 0.824661573666175}",COMPLETE
42,4.094375327364098,2026-10-02 06:32:51.194884,2026-10-02 06:32:57.341090,0 days 00:00:06.146206,0.5213155749002345,0.015274583550504579,9,10,830,5.018068550943327,0.168710746017581,0.8803952491249646,"{""colsample_bytree"": 0.5213155749002345, ""learning_rate"": 0.015274583550504579, ""max_depth"": 9, ""min_child_weight"": 10, ""n_estimators"": 830, ""reg_alpha"": 5.018068550943327, ""reg_lambda"": 0.168710746017581, ""subsample"": 0.8803952491249646}",COMPLETE
43,4.0732892072430795,2026-10-02 06:32:57.341157,2026-10-02 06:33:01.708456,0 days 00:00:04.367299,0.43596004161370444,0.011094619672448743,9,9,626,9.495386340111308,0.6895978629388141,0.8383536551122063,"{""colsample_bytree"": 0.43596004161370444, ""learning_rate"": 0.011094619672448743, ""max_depth"": 9, ""min_child_weight"": 9, ""n_estimators"": 626, ""reg_alpha"": 9.495386340111308, ""reg_lambda"": 0.6895978629388141, ""subsample"": 0.8383536551122063}",COMPLETE
44,4.080858475541697,2026-10-02 06:33:01.708519,2026-10-02 06:33:05.012036,0 days 00:00:03.303517,0.4853582576734543,0.011884775418385991,9,10,513,0.9622871080174276,1.5019211468879992,0.8021524008441666,"{""colsample_bytree"": 0.4853582576734543, ""learning_rate"": 0.011884775418385991, ""max_depth"": 9, ""min_child_weight"": 10, ""n_estimators"": 513, ""reg_alpha"": 0.9622871080174276, ""reg_lambda"": 1.5019211468879992, ""subsample"": 0.8021524008441666}",COMPLETE
45,4.079282111058824,2026-10-02 06:33:05.012099,2026-10-02 06:33:08.547654,0 days 00:00:03.535555,0.45614975812367525,0.010194589125274456,9,9,491,8.966155120684375,0.14140769795051963,0.8021418171283828,"{""colsample_bytree"": 0.45614975812367525, ""learning_rate"": 0.010194589125274456, ""max_depth"": 9, ""min_child_weight"": 9, ""n_estimators"": 491, ""reg_alpha"": 8.966155120684375, ""reg_lambda"": 0.14140769795051963, ""subsample"": 0.8021418171283828}",COMPLETE
46,4.087925577109664,2026-10-02 06:33:08.547717,2026-10-02 06:33:15.172325,0 days 00:00:06.624608,0.3675097924926174,0.010782683301454312,9,10,1103,5.564973257543199,0.715756231695457,0.8871639770777865,"{""colsample_bytree"": 0.3675097924926174, ""learning_rate"": 0.010782683301454312, ""max_depth"": 9, ""min_child_weight"": 10, ""n_estimators"": 1103, ""reg_alpha"": 5.564973257543199, ""reg_lambda"": 0.715756231695457, ""subsample"": 0.8871639770777865}",COMPLETE
47,4.075246834749899,2026-10-02 06:33:15.172391,2026-10-02 06:33:17.643965,0 days 00:00:02.471574,0.36431827333159067,0.011632363809584524,8,10,525,3.702650005148566,0.7749549578019472,0.8348335896947839,"{""colsample_bytree"": 0.36431827333159067, ""learning_rate"": 0.011632363809584524, ""max_depth"": 8, ""min_child_weight"": 10, ""n_estimators"": 525, ""reg_alpha"": 3.702650005148566, ""reg_lambda"": 0.7749549578019472, ""subsample"": 0.8348335896947839}",COMPLETE
48,4.079783057667784,2026-10-02 06:33:17.644026,2026-10-02 06:33:20.979642,0 days 00:00:03.335616,0.36624525503563554,0.013174478256873482,9,10,546,7.725314036711044,0.18931262329808832,0.8406352899875632,"{""colsample_bytree"": 0.36624525503563554, ""learning_rate"": 0.013174478256873482, ""max_depth"": 9, ""min_child_weight"": 10, ""n_estimators"": 546, ""reg_alpha"": 7.725314036711044, ""reg_lambda"": 0.18931262329808832, ""subsample"": 0.8406352899875632}",COMPLETE
49,4.084243645647029,2026-10-02 06:33:20.979706,2026-10-02 06:33:23.131560,0 days 00:00:02.151854,0.4037948897047656,0.01625815042643204,8,11,422,9.852214023561064,0.1866686678119081,0.8349403998451449,"{""colsample_bytree"": 0.4037948897047656, ""learning_rate"": 0.01625815042643204, ""max_depth"": 8, ""min_child_weight"": 11, ""n_estimators"": 422, ""reg_alpha"": 9.852214023561064, ""reg_lambda"": 0.1866686678119081, ""subsample"": 0.8349403998451449}",COMPLETE
