number,value,datetime_start,datetime_complete,duration,params_alpha,system_attrs_tpe:relative_params:0,state
0,4.066053213876024,2026-10-02 06:25:01.079247,2026-10-02 06:25:01.589964,0 days 00:00:00.510717,1.96282248134428,,COMPLETE
1,4.050276622856873,2026-10-02 06:25:01.590034,2026-10-02 06:25:02.230808,0 days 00:00:00.640774,19.549524484259873,,COMPLETE
2,4.054694088286022,2026-10-02 06:25:02.230875,2026-10-02 06:25:02.706793,0 days 00:00:00.475918,4.135997393839888,,COMPLETE
3,4.067045042396216,2026-10-02 06:25:02.706859,2026-10-02 06:25:03.454815,0 days 00:00:00.747956,1.8590843630169627,,COMPLETE
4,4.104709696272198,2026-10-02 06:25:03.454884,2026-10-02 06:25:04.146763,0 days 00:00:00.691879,0.348280208702833,,COMPLETE
5,4.049448637681469,2026-10-02 06:25:04.146826,2026-10-02 06:25:04.729805,0 days 00:00:00.582979,7.505241622349544,,COMPLETE
6,4.099916524057125,2026-10-02 06:25:04.729867,2026-10-02 06:25:05.214277,0 days 00:00:00.484410,0.4222048983149828,,COMPLETE
7,4.115136781466771,2026-10-02 06:25:05.214347,2026-10-02 06:25:05.728819,0 days 00:00:00.514472,224.2012371372442,,COMPLETE
8,4.1606247966230026,2026-10-02 06:25:05.728881,2026-10-02 06:25:05.931833,0 days 00:00:00.202952,605.3082080079017,,COMPLETE
9,4.11850306497525,2026-10-02 06:25:05.931887,2026-10-02 06:25:06.551782,0 days 00:00:00.619895,0.1998246739232945,,COMPLETE
10,4.167727786932601,2026-10-02 06:25:06.551834,2026-10-02 06:25:07.190766,0 days 00:00:00.638932,0.00243777399563589,"{""alpha"": 0.00243777399563589}",COMPLETE
11,4.059078963076045,2026-10-02 06:25:07.190819,2026-10-02 06:25:07.900948,0 days 00:00:00.710129,38.7243731605857,"{""alpha"": 38.7243731605857}",COMPLETE
12,4.056695692577363,2026-10-02 06:25:07.901002,2026-10-02 06:25:08.577924,0 days 00:00:00.676922,33.736441805934916,"{""alpha"": 33.736441805934916}",COMPLETE
13,4.051141388941411,2026-10-02 06:25:08.577976,2026-10-02 06:25:09.207749,0 days 00:00:00.629773,21.69007573711374,"{""alpha"": 21.69007573711374}",COMPLETE
14,4.158813447788421,2026-10-02 06:25:09.207802,2026-10-02 06:25:09.651822,0 days 00:00:00.444020,0.019611938573593016,"{""alpha"": 0.019611938573593016}",COMPLETE
15,4.048494667382262,2026-10-02 06:25:09.651874,2026-10-02 06:25:10.095935,0 days 00:00:00.444061,9.614926540692217,"{""alpha"": 9.614926540692217}",COMPLETE
16,4.097573219335815,2026-10-02 06:25:10.095989,2026-10-02 06:25:10.538847,0 days 00:00:00.442858,145.42959459716076,"{""alpha"": 145.42959459716076}",COMPLETE
17,4.050813004295036,2026-10-02 06:25:10.538899,2026-10-02 06:25:10.856796,0 days 00:00:00.317897,6.1070355699153005,"{""alpha"": 6.1070355699153005}",COMPLETE
18,4.146495951041441,2026-10-02 06:25:10.856851,2026-10-02 06:25:11.303793,0 days 00:00:00.446942,0.05246168561641169,"{""alpha"": 0.05246168561641169}",COMPLETE
19,4.0808289037110015,2026-10-02 06:25:11.303852,2026-10-02 06:25:11.651368,0 days 00:00:00.347516,0.945813816842651,"{""alpha"": 0.945813816842651}",COMPLETE
20,4.048899487878331,2026-10-02 06:25:11.651421,2026-10-02 06:25:11.795038,0 days 00:00:00.143617,8.442840343527704,"{""alpha"": 8.442840343527704}",COMPLETE
21,4.048562045601243,2026-10-02 06:25:11.795126,2026-10-02 06:25:12.016819,0 days 00:00:00.221693,9.355237395310382,"{""alpha"": 9.355237395310382}",COMPLETE
22,4.072026899321993,2026-10-02 06:25:12.016871,2026-10-02 06:25:12.279813,0 days 00:00:00.262942,67.7536672098911,"{""alpha"": 67.7536672098911}",COMPLETE
23,4.048452120962877,2026-10-02 06:25:12.279865,2026-10-02 06:25:12.494899,0 days 00:00:00.215034,9.80639356954125,"{""alpha"": 9.80639356954125}",COMPLETE
24,4.089794828139038,2026-10-02 06:25:12.494951,2026-10-02 06:25:12.757837,0 days 00:00:00.262886,117.99306516815159,"{""alpha"": 117.99306516815159}",COMPLETE
25,4.1752215630119265,2026-10-02 06:25:12.757888,2026-10-02 06:25:13.187811,0 days 00:00:00.429923,813.3882605415594,"{""alpha"": 813.3882605415594}",COMPLETE
26,4.067587770395359,2026-10-02 06:25:13.187863,2026-10-02 06:25:13.561482,0 days 00:00:00.373619,1.8054424249919454,"{""alpha"": 1.8054424249919454}",COMPLETE
27,4.049466378704691,2026-10-02 06:25:13.561534,2026-10-02 06:25:13.909911,0 days 00:00:00.348377,7.480659312318921,"{""alpha"": 7.480659312318921}",COMPLETE
28,4.132271520495795,2026-10-02 06:25:13.909963,2026-10-02 06:25:14.295761,0 days 00:00:00.385798,0.11032421493351248,"{""alpha"": 0.11032421493351248}",COMPLETE
29,4.0788775702742,2026-10-02 06:25:14.295815,2026-10-02 06:25:14.975761,0 days 00:00:00.679946,1.033799038545709,"{""alpha"": 1.033799038545709}",COMPLETE
