number,value,datetime_start,datetime_complete,duration,params_colsample_bytree,params_learning_rate,params_max_depth,params_min_child_weight,params_n_estimators,params_reg_alpha,params_reg_lambda,params_subsample,system_attrs_tpe:relative_params:0,state
0,4.209977213803704,2026-10-02 06:27:11.903581,2026-10-02 06:27:19.387473,0 days 00:00:07.483892,0.7521258791466592,0.11387317092169064,7,11,1188,3.6905577292137624,0.0562793204741517,0.7118273996694524,,COMPLETE
1,4.110175220467003,2026-10-02 06:27:19.387576,2026-10-02 06:27:38.456108,0 days 00:00:19.068532,0.9479176468048627,0.036845938035010996,9,11,1935,0.002231090560744304,0.0019237305096546497,0.7840222805469661,,COMPLETE
2,4.235588777042547,2026-10-02 06:27:38.456184,2026-10-02 06:27:40.476728,0 days 00:00:02.020544,0.8594109949517064,0.16977763163336626,9,18,236,1.3246974647468452,0.07013219779945795,0.989309171116382,,COMPLETE
3,4.120096602166484,2026-10-02 06:27:40.476803,2026-10-02 06:27:41.391175,0 days 00:00:00.914372,0.5902633579933665,0.088153780513692,4,19,413,1.2500712230836255,0.011434638743472197,0.7609241608750359,,COMPLETE
4,4.140339215094499,2026-10-02 06:27:41.391247,2026-10-02 06:27:43.156733,0 days 00:00:01.765486,0.7318537978123298,0.06912670683424535,3,13,1021,0.5336803302756715,5.956516018710568,0.8060478613612108,,COMPLETE
5,4.082571402015841,2026-10-02 06:27:43.156805,2026-10-02 06:27:53.552141,0 days 00:00:10.395336,0.7694465087327116,0.04421291893432151,8,2,847,0.0032787264983352763,0.0069427294924301495,0.8333833577228338,,COMPLETE
6,4.089518999986223,2026-10-02 06:27:53.552216,2026-10-02 06:27:56.333049,0 days 00:00:02.780833,0.3714313675236196,0.03445441737078129,7,9,768,0.004418125737902547,0.006847105576684045,0.9941869190296131,,COMPLETE
7,4.096330198525244,2026-10-02 06:27:56.333129,2026-10-02 06:28:00.722253,0 days 00:00:04.389124,0.37726259881501356,0.023666956347875266,6,5,1376,0.003570522756718293,0.4220057397195018,0.5794847918227599,,COMPLETE
8,4.076720342817269,2026-10-02 06:28:00.722326,2026-10-02 06:28:05.769299,0 days 00:00:05.046973,0.36726888552577414,0.035047075708368194,9,2,554,0.07492121411354245,8.050778165087026,0.918972453749402,,COMPLETE
9,4.152578247483488,2026-10-02 06:28:05.769361,2026-10-02 06:28:16.662162,0 days 00:00:10.892801,0.3841375928492182,0.07824023983213262,8,1,1959,0.002984770033451216,0.015295398277813725,0.6414034812882048,,COMPLETE
10,4.097112726236645,2026-10-02 06:28:16.662225,2026-10-02 06:28:30.919489,0 days 00:00:14.257264,0.6076662739540196,0.03564034261936082,10,7,1366,0.06630900947764848,0.274433689541592,0.9452212598059986,"{""colsample_bytree"": 0.6076662739540196, ""learning_rate"": 0.03564034261936082, ""max_depth"": 10, ""min_child_weight"": 7, ""n_estimators"": 1366, ""reg_alpha"": 0.06630900947764848, ""reg_lambda"": 0.274433689541592, ""subsample"": 0.9452212598059986}",COMPLETE
11,4.053951364030284,2026-10-02 06:28:30.919575,2026-10-02 06:28:36.848783,0 days 00:00:05.929208,0.42397584530363785,0.02769900112326703,9,1,478,1.3002129041880344,3.8668930790901626,0.9445024683717319,"{""colsample_bytree"": 0.42397584530363785, ""learning_rate"": 0.02769900112326703, ""max_depth"": 9, ""min_child_weight"": 1, ""n_estimators"": 478, ""reg_alpha"": 1.3002129041880344, ""reg_lambda"": 3.8668930790901626, ""subsample"": 0.9445024683717319}",COMPLETE
12,4.093385097723046,2026-10-02 06:28:36.848848,2026-10-02 06:28:43.159290,0 days 00:00:06.310442,0.43178213502675256,0.06455649551901527,10,1,498,6.1200367962993925,5.589107156388151,0.9149544311486224,"{""colsample_bytree"": 0.43178213502675256, ""learning_rate"": 0.06455649551901527, ""max_depth"": 10, ""min_child_weight"": 1, ""n_estimators"": 498, ""reg_alpha"": 6.1200367962993925, ""reg_lambda"": 5.589107156388151, ""subsample"": 0.9149544311486224}",COMPLETE
13,4.048561731881384,2026-10-02 06:28:43.159353,2026-10-02 06:28:47.118250,0 days 00:00:03.958897,0.39318412164058986,0.015179476016142814,8,5,671,0.20148341840304723,8.10551900570838,0.8816337863795115,"{""colsample_bytree"": 0.39318412164058986, ""learning_rate"": 0.015179476016142814, ""max_depth"": 8, ""min_child_weight"": 5, ""n_estimators"": 671, ""reg_alpha"": 0.20148341840304723, ""reg_lambda"": 8.10551900570838, ""subsample"": 0.8816337863795115}",COMPLETE
14,4.0740420489679225,2026-10-02 06:28:47.118316,2026-10-02 06:28:53.890818,0 days 00:00:06.772502,0.4435320409028984,0.03037473523656929,9,6,869,1.1481730663477019,2.3409846679661537,0.7171580394653593,"{""colsample_bytree"": 0.4435320409028984, ""learning_rate"": 0.03037473523656929, ""max_depth"": 9, ""min_child_weight"": 6, ""n_estimators"": 869, ""reg_alpha"": 1.1481730663477019, ""reg_lambda"": 2.3409846679661537, ""subsample"": 0.7171580394653593}",COMPLETE
15,4.045419526400752,2026-10-02 06:28:53.890881,2026-10-02 06:28:58.997504,0 days 00:00:05.106623,0.49586583663460443,0.013779559043147148,10,2,355,0.2310754524155096,8.3228804011158,0.7171333889045786,"{""colsample_bytree"": 0.49586583663460443, ""learning_rate"": 0.013779559043147148, ""max_depth"": 10, ""min_child_weight"": 2, ""n_estimators"": 355, ""reg_alpha"": 0.2310754524155096, ""reg_lambda"": 8.3228804011158, ""subsample"": 0.7171333889045786}",COMPLETE
16,4.040299143383885,2026-10-02 06:28:58.997588,2026-10-02 06:29:03.786739,0 days 00:00:04.789151,0.5700653320293358,0.028357552513159866,10,3,353,0.19360765708265915,4.8986221564094485,0.6825952546463689,"{""colsample_bytree"": 0.5700653320293358, ""learning_rate"": 0.028357552513159866, ""max_depth"": 10, ""min_child_weight"": 3, ""n_estimators"": 353, ""reg_alpha"": 0.19360765708265915, ""reg_lambda"": 4.8986221564094485, ""subsample"": 0.6825952546463689}",COMPLETE
17,4.035557306202764,2026-10-02 06:29:03.786800,2026-10-02 06:29:09.518580,0 days 00:00:05.731780,0.37864130853861666,0.01104657716691716,10,5,722,0.34581367208778374,0.4375114184446119,0.6585922851808627,"{""colsample_bytree"": 0.37864130853861666, ""learning_rate"": 0.01104657716691716, ""max_depth"": 10, ""min_child_weight"": 5, ""n_estimators"": 722, ""reg_alpha"": 0.34581367208778374, ""reg_lambda"": 0.4375114184446119, ""subsample"": 0.6585922851808627}",COMPLETE
18,4.0792833158362765,2026-10-02 06:29:09.518644,2026-10-02 06:29:17.819772,0 days 00:00:08.301128,0.6407993241554933,0.04337520855605088,9,2,532,1.1762486214061452,0.7551443861712672,0.7363566944751911,"{""colsample_bytree"": 0.6407993241554933, ""learning_rate"": 0.04337520855605088, ""max_depth"": 9, ""min_child_weight"": 2, ""n_estimators"": 532, ""reg_alpha"": 1.1762486214061452, ""reg_lambda"": 0.7551443861712672, ""subsample"": 0.7363566944751911}",COMPLETE
19,4.038520525729695,2026-10-02 06:29:17.819838,2026-10-02 06:29:28.457915,0 days 00:00:10.638077,0.5058563452938746,0.011838155967658257,10,5,1055,0.17944967126107778,1.0447474266492534,0.7001794935540354,"{""colsample_bytree"": 0.5058563452938746, ""learning_rate"": 0.011838155967658257, ""max_depth"": 10, ""min_child_weight"": 5, ""n_estimators"": 1055, ""reg_alpha"": 0.17944967126107778, ""reg_lambda"": 1.0447474266492534, ""subsample"": 0.7001794935540354}",COMPLETE
20,4.03234796207246,2026-10-02 06:29:28.457979,2026-10-02 06:29:36.239855,0 days 00:00:07.781876,0.5499377792630952,0.012898231275700903,10,3,618,0.02042675025994165,4.966661260539655,0.6061611295286436,"{""colsample_bytree"": 0.5499377792630952, ""learning_rate"": 0.012898231275700903, ""max_depth"": 10, ""min_child_weight"": 3, ""n_estimators"": 618, ""reg_alpha"": 0.02042675025994165, ""reg_lambda"": 4.966661260539655, ""subsample"": 0.6061611295286436}",COMPLETE
21,4.047167088646219,2026-10-02 06:29:36.239915,2026-10-02 06:29:41.721274,0 days 00:00:05.481359,0.37334375485550214,0.011538314916575223,10,9,885,0.7405964752117566,0.39622982431751286,0.6420182304508267,"{""colsample_bytree"": 0.37334375485550214, ""learning_rate"": 0.011538314916575223, ""max_depth"": 10, ""min_child_weight"": 9, ""n_estimators"": 885, ""reg_alpha"": 0.7405964752117566, ""reg_lambda"": 0.39622982431751286, ""subsample"": 0.6420182304508267}",COMPLETE
22,4.052723566677039,2026-10-02 06:29:41.721334,2026-10-02 06:29:50.735164,0 days 00:00:09.013830,0.5011131395380719,0.012389242179039195,10,6,1026,0.11908907138136643,0.3828008491737955,0.6461323461344219,"{""colsample_bytree"": 0.5011131395380719, ""learning_rate"": 0.012389242179039195, ""max_depth"": 10, ""min_child_weight"": 6, ""n_estimators"": 1026, ""reg_alpha"": 0.11908907138136643, ""reg_lambda"": 0.3828008491737955, ""subsample"": 0.6461323461344219}",COMPLETE
23,4.042330107202717,2026-10-02 06:29:50.735225,2026-10-02 06:30:10.163949,0 days 00:00:19.428724,0.4873750485376522,0.01414013377944067,10,1,1024,0.27459004450397795,1.5987310202181504,0.7111445590802825,"{""colsample_bytree"": 0.4873750485376522, ""learning_rate"": 0.01414013377944067, ""max_depth"": 10, ""min_child_weight"": 1, ""n_estimators"": 1024, ""reg_alpha"": 0.27459004450397795, ""reg_lambda"": 1.5987310202181504, ""subsample"": 0.7111445590802825}",COMPLETE
24,4.037254826732281,2026-10-02 06:30:10.164012,2026-10-02 06:30:14.956095,0 days 00:00:04.792083,0.5085484995523323,0.013216061280391551,10,3,406,0.006767241087842814,3.46731198736325,0.597370849517385,"{""colsample_bytree"": 0.5085484995523323, ""learning_rate"": 0.013216061280391551, ""max_depth"": 10, ""min_child_weight"": 3, ""n_estimators"": 406, ""reg_alpha"": 0.006767241087842814, ""reg_lambda"": 3.46731198736325, ""subsample"": 0.597370849517385}",COMPLETE
25,4.052097802471642,2026-10-02 06:30:14.956159,2026-10-02 06:30:27.561233,0 days 00:00:12.605074,0.47559363587982645,0.02291152583731614,10,1,706,0.009488250639688294,1.8269014115282787,0.6801490741514796,"{""colsample_bytree"": 0.47559363587982645, ""learning_rate"": 0.02291152583731614, ""max_depth"": 10, ""min_child_weight"": 1, ""n_estimators"": 706, ""reg_alpha"": 0.009488250639688294, ""reg_lambda"": 1.8269014115282787, ""subsample"": 0.6801490741514796}",COMPLETE
26,4.043360868615417,2026-10-02 06:30:27.561295,2026-10-02 06:30:30.232289,0 days 00:00:02.670994,0.607353073624664,0.01596627207777486,10,5,225,0.015518043840642464,1.8027432990220726,0.6322230521104408,"{""colsample_bytree"": 0.607353073624664, ""learning_rate"": 0.01596627207777486, ""max_depth"": 10, ""min_child_weight"": 5, ""n_estimators"": 225, ""reg_alpha"": 0.015518043840642464, ""reg_lambda"": 1.8027432990220726, ""subsample"": 0.6322230521104408}",COMPLETE
27,4.035741225435486,2026-10-02 06:30:30.232351,2026-10-02 06:30:35.443655,0 days 00:00:05.211304,0.6170717333380966,0.012258119422266421,9,5,541,0.004842597332240031,0.6627230195235858,0.684970612372278,"{""colsample_bytree"": 0.6170717333380966, ""learning_rate"": 0.012258119422266421, ""max_depth"": 9, ""min_child_weight"": 5, ""n_estimators"": 541, ""reg_alpha"": 0.004842597332240031, ""reg_lambda"": 0.6627230195235858, ""subsample"": 0.684970612372278}",COMPLETE
28,4.040802906512295,2026-10-02 06:30:35.443718,2026-10-02 06:30:42.679513,0 days 00:00:07.235795,0.4875328107536431,0.014346296660098285,10,1,434,0.07109685510959898,8.772060699245953,0.6182694849830526,"{""colsample_bytree"": 0.4875328107536431, ""learning_rate"": 0.014346296660098285, ""max_depth"": 10, ""min_child_weight"": 1, ""n_estimators"": 434, ""reg_alpha"": 0.07109685510959898, ""reg_lambda"": 8.772060699245953, ""subsample"": 0.6182694849830526}",COMPLETE
29,4.0307938348392724,2026-10-02 06:30:42.679602,2026-10-02 06:30:46.149888,0 days 00:00:03.470286,0.46525889622740985,0.012811049847479753,10,6,382,0.0011968103427345018,0.6233091532239508,0.6991163358710584,"{""colsample_bytree"": 0.46525889622740985, ""learning_rate"": 0.012811049847479753, ""max_depth"": 10, ""min_child_weight"": 6, ""n_estimators"": 382, ""reg_alpha"": 0.0011968103427345018, ""reg_lambda"": 0.6233091532239508, ""subsample"": 0.6991163358710584}",COMPLETE
30,4.0459886434248356,2026-10-02 06:30:46.149951,2026-10-02 06:30:49.658935,0 days 00:00:03.508984,0.4583581186959661,0.019195087532419542,9,7,503,0.003429976728290548,0.5444362913355636,0.6913850185464153,"{""colsample_bytree"": 0.4583581186959661, ""learning_rate"": 0.019195087532419542, ""max_depth"": 9, ""min_child_weight"": 7, ""n_estimators"": 503, ""reg_alpha"": 0.003429976728290548, ""reg_lambda"": 0.5444362913355636, ""subsample"": 0.6913850185464153}",COMPLETE
31,4.034867593917848,2026-10-02 06:30:49.658994,2026-10-02 06:30:54.622907,0 days 00:00:04.963913,0.48625432033887295,0.014631781812473224,10,5,478,0.0014687942805554463,1.3732562398399875,0.7580172765203737,"{""colsample_bytree"": 0.48625432033887295, ""learning_rate"": 0.014631781812473224, ""max_depth"": 10, ""min_child_weight"": 5, ""n_estimators"": 478, ""reg_alpha"": 0.0014687942805554463, ""reg_lambda"": 1.3732562398399875, ""subsample"": 0.7580172765203737}",COMPLETE
32,4.044357496162334,2026-10-02 06:30:54.622970,2026-10-02 06:30:57.937469,0 days 00:00:03.314499,0.41585357307394255,0.010190027788021541,9,6,461,0.0013841570620775293,3.659406392528195,0.6925632651827067,"{""colsample_bytree"": 0.41585357307394255, ""learning_rate"": 0.010190027788021541, ""max_depth"": 9, ""min_child_weight"": 6, ""n_estimators"": 461, ""reg_alpha"": 0.0013841570620775293, ""reg_lambda"": 3.659406392528195, ""subsample"": 0.6925632651827067}",COMPLETE
33,4.0284898292437274,2026-10-02 06:30:57.937530,2026-10-02 06:31:01.163732,0 days 00:00:03.226202,0.5904292374184557,0.016092627306266403,10,8,351,0.0012532319773483297,0.10885261201129323,0.6723185885484195,"{""colsample_bytree"": 0.5904292374184557, ""learning_rate"": 0.016092627306266403, ""max_depth"": 10, ""min_child_weight"": 8, ""n_estimators"": 351, ""reg_alpha"": 0.0012532319773483297, ""reg_lambda"": 0.10885261201129323, ""subsample"": 0.6723185885484195}",COMPLETE
34,4.043989629325063,2026-10-02 06:31:01.163792,2026-10-02 06:31:03.583249,0 days 00:00:02.419457,0.3766175146049441,0.016039640420376314,10,5,305,0.0012415570580270772,0.18280163589164244,0.6276292237649104,"{""colsample_bytree"": 0.3766175146049441, ""learning_rate"": 0.016039640420376314, ""max_depth"": 10, ""min_child_weight"": 5, ""n_estimators"": 305, ""reg_alpha"": 0.0012415570580270772, ""reg_lambda"": 0.18280163589164244, ""subsample"": 0.6276292237649104}",COMPLETE
35,4.0367142969374905,2026-10-02 06:31:03.583309,2026-10-02 06:31:09.731258,0 days 00:00:06.147949,0.635615170807608,0.015812867811770197,10,7,583,0.0013148476349315458,1.0646288084008853,0.7915045583291771,"{""colsample_bytree"": 0.635615170807608, ""learning_rate"": 0.015812867811770197, ""max_depth"": 10, ""min_child_weight"": 7, ""n_estimators"": 583, ""reg_alpha"": 0.0013148476349315458, ""reg_lambda"": 1.0646288084008853, ""subsample"": 0.7915045583291771}",COMPLETE
36,4.05136600427841,2026-10-02 06:31:09.731321,2026-10-02 06:31:14.660985,0 days 00:00:04.929664,0.39651323837059166,0.017746759644153263,10,9,722,0.008445977261929796,6.1342224553476195,0.6899125041792824,"{""colsample_bytree"": 0.39651323837059166, ""learning_rate"": 0.017746759644153263, ""max_depth"": 10, ""min_child_weight"": 9, ""n_estimators"": 722, ""reg_alpha"": 0.008445977261929796, ""reg_lambda"": 6.1342224553476195, ""subsample"": 0.6899125041792824}",COMPLETE
37,4.040659355062648,2026-10-02 06:31:14.661049,2026-10-02 06:31:17.896642,0 days 00:00:03.235593,0.49813861793329106,0.01241811209228999,10,7,359,0.010591975395487117,0.7232544165275093,0.7099157132129306,"{""colsample_bytree"": 0.49813861793329106, ""learning_rate"": 0.01241811209228999, ""max_depth"": 10, ""min_child_weight"": 7, ""n_estimators"": 359, ""reg_alpha"": 0.010591975395487117, ""reg_lambda"": 0.7232544165275093, ""subsample"": 0.7099157132129306}",COMPLETE
38,4.0587391176720145,2026-10-02 06:31:17.896706,2026-10-02 06:31:21.760382,0 days 00:00:03.863676,0.46001089660775857,0.02323651898400027,10,4,355,0.005292142950002092,2.3354892599673027,0.7492846180357021,"{""colsample_bytree"": 0.46001089660775857, ""learning_rate"": 0.02323651898400027, ""max_depth"": 10, ""min_child_weight"": 4, ""n_estimators"": 355, ""reg_alpha"": 0.005292142950002092, ""reg_lambda"": 2.3354892599673027, ""subsample"": 0.7492846180357021}",COMPLETE
39,4.056893667314198,2026-10-02 06:31:21.760447,2026-10-02 06:31:28.414908,0 days 00:00:06.654461,0.5146117897236362,0.02069148897303868,10,4,575,0.002664163935002078,0.3494017355339578,0.8044510158944291,"{""colsample_bytree"": 0.5146117897236362, ""learning_rate"": 0.02069148897303868, ""max_depth"": 10, ""min_child_weight"": 4, ""n_estimators"": 575, ""reg_alpha"": 0.002664163935002078, ""reg_lambda"": 0.3494017355339578, ""subsample"": 0.8044510158944291}",COMPLETE
40,4.045707177854227,2026-10-02 06:31:28.414972,2026-10-02 06:31:34.288581,0 days 00:00:05.873609,0.5491573783936994,0.01750115377172732,10,4,525,0.0011515999202280686,0.9461001614440678,0.6055958690653104,"{""colsample_bytree"": 0.5491573783936994, ""learning_rate"": 0.01750115377172732, ""max_depth"": 10, ""min_child_weight"": 4, ""n_estimators"": 525, ""reg_alpha"": 0.0011515999202280686, ""reg_lambda"": 0.9461001614440678, ""subsample"": 0.6055958690653104}",COMPLETE
41,4.034674785983816,2026-10-02 06:31:34.288643,2026-10-02 06:31:36.955259,0 days 00:00:02.666616,0.43792041376135304,0.01736377220124427,10,8,371,0.0016996645960614947,0.34178372981755345,0.6324222370879725,"{""colsample_bytree"": 0.43792041376135304, ""learning_rate"": 0.01736377220124427, ""max_depth"": 10, ""min_child_weight"": 8, ""n_estimators"": 371, ""reg_alpha"": 0.0016996645960614947, ""reg_lambda"": 0.34178372981755345, ""subsample"": 0.6324222370879725}",COMPLETE
42,4.036319053483848,2026-10-02 06:31:36.955322,2026-10-02 06:31:41.164552,0 days 00:00:04.209230,0.5641288564336415,0.01690140819048602,10,8,481,0.0038416323305423775,0.19099169855984674,0.7348413786244679,"{""colsample_bytree"": 0.5641288564336415, ""learning_rate"": 0.01690140819048602, ""max_depth"": 10, ""min_child_weight"": 8, ""n_estimators"": 481, ""reg_alpha"": 0.0038416323305423775, ""reg_lambda"": 0.19099169855984674, ""subsample"": 0.7348413786244679}",COMPLETE
43,4.041237159710239,2026-10-02 06:31:41.164636,2026-10-02 06:31:43.787123,0 days 00:00:02.622487,0.5104874666834978,0.011793443147697053,10,12,386,0.0029800330093283645,0.2162402546069198,0.6077982078456973,"{""colsample_bytree"": 0.5104874666834978, ""learning_rate"": 0.011793443147697053, ""max_depth"": 10, ""min_child_weight"": 12, ""n_estimators"": 386, ""reg_alpha"": 0.0029800330093283645, ""reg_lambda"": 0.2162402546069198, ""subsample"": 0.6077982078456973}",COMPLETE
44,4.054235986515546,2026-10-02 06:31:43.787186,2026-10-02 06:31:49.001071,0 days 00:00:05.213885,0.5397169443699885,0.020567782936905473,9,8,741,0.00104299779941484,0.5300608608277991,0.6417762979963314,"{""colsample_bytree"": 0.5397169443699885, ""learning_rate"": 0.020567782936905473, ""max_depth"": 9, ""min_child_weight"": 8, ""n_estimators"": 741, ""reg_alpha"": 0.00104299779941484, ""reg_lambda"": 0.5300608608277991, ""subsample"": 0.6417762979963314}",COMPLETE
45,4.051511103645482,2026-10-02 06:31:49.001131,2026-10-02 06:31:51.619683,0 days 00:00:02.618552,0.40166061019152066,0.011278094660792534,10,5,283,0.0017234206801408248,0.3155557030020309,0.7169714124160556,"{""colsample_bytree"": 0.40166061019152066, ""learning_rate"": 0.011278094660792534, ""max_depth"": 10, ""min_child_weight"": 5, ""n_estimators"": 283, ""reg_alpha"": 0.0017234206801408248, ""reg_lambda"": 0.3155557030020309, ""subsample"": 0.7169714124160556}",COMPLETE
46,4.0424006914829995,2026-10-02 06:31:51.619746,2026-10-02 06:31:53.833910,0 days 00:00:02.214164,0.5623233347097916,0.018669831374667958,10,7,237,0.0018142990465623999,0.04673375894773556,0.6533019783153159,"{""colsample_bytree"": 0.5623233347097916, ""learning_rate"": 0.018669831374667958, ""max_depth"": 10, ""min_child_weight"": 7, ""n_estimators"": 237, ""reg_alpha"": 0.0018142990465623999, ""reg_lambda"": 0.04673375894773556, ""subsample"": 0.6533019783153159}",COMPLETE
47,4.042882154115104,2026-10-02 06:31:53.833972,2026-10-02 06:31:57.361019,0 days 00:00:03.527047,0.4825800463310387,0.01313213009596287,10,6,360,0.0014797512925019548,0.5928682161604206,0.8336274419999877,"{""colsample_bytree"": 0.4825800463310387, ""learning_rate"": 0.01313213009596287, ""max_depth"": 10, ""min_child_weight"": 6, ""n_estimators"": 360, ""reg_alpha"": 0.0014797512925019548, ""reg_lambda"": 0.5928682161604206, ""subsample"": 0.8336274419999877}",COMPLETE
48,4.035124201048046,2026-10-02 06:31:57.361081,2026-10-02 06:32:02.095455,0 days 00:00:04.734374,0.5884061884100956,0.015511509243857772,9,6,526,0.001136011077067878,2.363930222156942,0.7259815075924329,"{""colsample_bytree"": 0.5884061884100956, ""learning_rate"": 0.015511509243857772, ""max_depth"": 9, ""min_child_weight"": 6, ""n_estimators"": 526, ""reg_alpha"": 0.001136011077067878, ""reg_lambda"": 2.363930222156942, ""subsample"": 0.7259815075924329}",COMPLETE
49,4.041584635176174,2026-10-02 06:32:02.095518,2026-10-02 06:32:05.145482,0 days 00:00:03.049964,0.5636208558334177,0.01677919065470832,9,9,448,0.0031959807225343776,0.09947904363261216,0.6083648711111732,"{""colsample_bytree"": 0.5636208558334177, ""learning_rate"": 0.01677919065470832, ""max_depth"": 9, ""min_child_weight"": 9, ""n_estimators"": 448, ""reg_alpha"": 0.0031959807225343776, ""reg_lambda"": 0.09947904363261216, ""subsample"": 0.6083648711111732}",COMPLETE
