number,value,datetime_start,datetime_complete,duration,params_max_depth,params_max_features,params_min_samples_leaf,params_n_estimators,system_attrs_tpe:relative_params:0,state
0,4.2358123488385715,2026-10-02 06:26:54.571222,2026-10-02 06:30:55.002267,0 days 00:04:00.431045,40,0.7436704297351775,7,684,,COMPLETE
1,4.23464022119865,2026-10-02 06:30:55.002326,2026-10-02 06:34:12.920158,0 days 00:03:17.917832,20,0.4450973669431999,8,975,,COMPLETE
2,4.235942437294409,2026-10-02 06:34:12.920213,2026-10-02 06:36:02.164050,0 days 00:01:49.243837,10,0.8493578609931441,8,314,,COMPLETE
3,4.272134799986749,2026-10-02 06:36:02.164107,2026-10-02 06:38:37.728015,0 days 00:02:35.563908,0,0.6759289191947714,2,382,,COMPLETE
4,4.2830846023773,2026-10-02 06:38:37.728071,2026-10-02 06:42:49.606001,0 days 00:04:11.877930,30,0.6115905539817836,1,619,,COMPLETE
5,4.234680201745133,2026-10-02 06:42:49.606059,2026-10-02 06:44:57.512377,0 days 00:02:07.906318,20,0.4933287584194074,7,552,,COMPLETE
6,4.243539001584136,2026-10-02 06:44:57.512431,2026-10-02 06:46:28.672826,0 days 00:01:31.160395,10,0.42733969384836035,6,521,,COMPLETE
7,4.25165128759511,2026-10-02 06:46:28.672889,2026-10-02 06:48:33.213398,0 days 00:02:04.540509,30,0.3279624422858039,5,757,,COMPLETE
8,4.232584934464648,2026-10-02 06:48:33.213453,2026-10-02 06:49:56.426941,0 days 00:01:23.213488,30,0.4318526535948677,9,437,,COMPLETE
9,4.233648902967847,2026-10-02 06:49:56.426988,2026-10-02 06:54:48.410443,0 days 00:04:51.983455,30,0.6443609677705414,8,984,,COMPLETE
10,4.252026786382937,2026-10-02 06:54:48.410487,2026-10-02 07:01:11.697488,0 days 00:06:23.287001,30,0.8318341930301257,4,864,"{""max_depth"": 30, ""max_features"": 0.8318341930301257, ""min_samples_leaf"": 4, ""n_estimators"": 864}",COMPLETE
11,4.231797663745095,2026-10-02 07:01:11.697533,2026-10-02 07:03:08.676212,0 days 00:01:56.978679,30,0.4281475702083001,10,634,"{""max_depth"": 30, ""max_features"": 0.4281475702083001, ""min_samples_leaf"": 10, ""n_estimators"": 634}",COMPLETE
12,4.235488818836039,2026-10-02 07:03:08.676279,2026-10-02 07:04:07.887979,0 days 00:00:59.211700,30,0.27455799516925367,9,486,"{""max_depth"": 30, ""max_features"": 0.27455799516925367, ""min_samples_leaf"": 9, ""n_estimators"": 486}",COMPLETE
13,4.242824112710777,2026-10-02 07:04:07.888024,2026-10-02 07:04:47.786990,0 days 00:00:39.898966,30,0.12191455449397443,9,749,"{""max_depth"": 30, ""max_features"": 0.12191455449397443, ""min_samples_leaf"": 9, ""n_estimators"": 749}",COMPLETE
14,4.229914804686023,2026-10-02 07:04:47.787035,2026-10-02 07:07:23.296146,0 days 00:02:35.509111,30,0.6188105060094411,10,581,"{""max_depth"": 30, ""max_features"": 0.6188105060094411, ""min_samples_leaf"": 10, ""n_estimators"": 581}",COMPLETE
15,4.229514272157523,2026-10-02 07:07:23.296190,2026-10-02 07:10:15.945092,0 days 00:02:52.648902,30,0.5570603744538514,10,716,"{""max_depth"": 30, ""max_features"": 0.5570603744538514, ""min_samples_leaf"": 10, ""n_estimators"": 716}",COMPLETE
16,4.23252586657403,2026-10-02 07:10:15.945136,2026-10-02 07:13:59.341639,0 days 00:03:43.396503,10,0.7678002524109411,10,750,"{""max_depth"": 10, ""max_features"": 0.7678002524109411, ""min_samples_leaf"": 10, ""n_estimators"": 750}",COMPLETE
17,4.22767465694423,2026-10-02 07:13:59.341682,2026-10-02 07:16:39.294054,0 days 00:02:39.952372,30,0.8405502969202594,10,437,"{""max_depth"": 30, ""max_features"": 0.8405502969202594, ""min_samples_leaf"": 10, ""n_estimators"": 437}",COMPLETE
18,4.227180929278856,2026-10-02 07:16:39.294101,2026-10-02 07:21:41.456685,0 days 00:05:02.162584,30,0.9733529603522403,10,713,"{""max_depth"": 30, ""max_features"": 0.9733529603522403, ""min_samples_leaf"": 10, ""n_estimators"": 713}",COMPLETE
19,4.231869958833364,2026-10-02 07:21:41.456733,2026-10-02 07:25:43.069937,0 days 00:04:01.613204,20,0.8989659860344595,10,618,"{""max_depth"": 20, ""max_features"": 0.8989659860344595, ""min_samples_leaf"": 10, ""n_estimators"": 618}",COMPLETE
20,4.231844131630479,2026-10-02 07:25:43.069985,2026-10-02 07:30:01.690998,0 days 00:04:18.621013,30,0.9862037785709948,8,567,"{""max_depth"": 30, ""max_features"": 0.9862037785709948, ""min_samples_leaf"": 8, ""n_estimators"": 567}",COMPLETE
21,4.235919747846906,2026-10-02 07:30:01.691044,2026-10-02 07:32:55.939405,0 days 00:02:54.248361,30,0.5589696273569482,8,682,"{""max_depth"": 30, ""max_features"": 0.5589696273569482, ""min_samples_leaf"": 8, ""n_estimators"": 682}",COMPLETE
22,4.2296686209547305,2026-10-02 07:32:55.939451,2026-10-02 07:35:27.271507,0 days 00:02:31.332056,30,0.9809782908399769,9,344,"{""max_depth"": 30, ""max_features"": 0.9809782908399769, ""min_samples_leaf"": 9, ""n_estimators"": 344}",COMPLETE
23,4.2310428522437045,2026-10-02 07:35:27.271553,2026-10-02 07:37:15.339477,0 days 00:01:48.067924,30,0.6494312950977551,10,382,"{""max_depth"": 30, ""max_features"": 0.6494312950977551, ""min_samples_leaf"": 10, ""n_estimators"": 382}",COMPLETE
24,4.230576471762768,2026-10-02 07:37:15.339521,2026-10-02 07:40:23.472706,0 days 00:03:08.133185,30,0.8436397753465646,9,497,"{""max_depth"": 30, ""max_features"": 0.8436397753465646, ""min_samples_leaf"": 9, ""n_estimators"": 497}",COMPLETE
25,4.227061070921143,2026-10-02 07:40:23.472748,2026-10-02 07:45:16.319907,0 days 00:04:52.847159,30,0.9565249079062641,10,703,"{""max_depth"": 30, ""max_features"": 0.9565249079062641, ""min_samples_leaf"": 10, ""n_estimators"": 703}",COMPLETE
26,4.231982272385587,2026-10-02 07:45:16.319951,2026-10-02 07:51:23.461256,0 days 00:06:07.141305,30,0.9852220810106903,9,834,"{""max_depth"": 30, ""max_features"": 0.9852220810106903, ""min_samples_leaf"": 9, ""n_estimators"": 834}",COMPLETE
27,4.227394464885564,2026-10-02 07:51:23.461302,2026-10-02 07:56:54.923320,0 days 00:05:31.462018,30,0.8148075720257267,10,940,"{""max_depth"": 30, ""max_features"": 0.8148075720257267, ""min_samples_leaf"": 10, ""n_estimators"": 940}",COMPLETE
28,4.231339813086948,2026-10-02 07:56:54.923364,2026-10-02 08:02:01.120880,0 days 00:05:06.197516,30,0.7922674655802228,10,890,"{""max_depth"": 30, ""max_features"": 0.7922674655802228, ""min_samples_leaf"": 10, ""n_estimators"": 890}",COMPLETE
29,4.235830125575305,2026-10-02 08:02:01.120925,2026-10-02 08:06:08.366372,0 days 00:04:07.245447,30,0.7578573842539862,8,710,"{""max_depth"": 30, ""max_features"": 0.7578573842539862, ""min_samples_leaf"": 8, ""n_estimators"": 710}",COMPLETE
30,4.229864718529064,2026-10-02 08:06:08.366417,2026-10-02 08:09:57.354356,0 days 00:03:48.987939,30,0.551281785816691,10,958,"{""max_depth"": 30, ""max_features"": 0.551281785816691, ""min_samples_leaf"": 10, ""n_estimators"": 958}",COMPLETE
31,4.234321598750495,2026-10-02 08:09:57.354401,2026-10-02 08:14:59.739720,0 days 00:05:02.385319,30,0.8828703926786351,8,744,"{""max_depth"": 30, ""max_features"": 0.8828703926786351, ""min_samples_leaf"": 8, ""n_estimators"": 744}",COMPLETE
32,4.23549385362271,2026-10-02 08:14:59.739765,2026-10-02 08:21:37.479175,0 days 00:06:37.739410,30,0.8667705293685503,8,1000,"{""max_depth"": 30, ""max_features"": 0.8667705293685503, ""min_samples_leaf"": 8, ""n_estimators"": 1000}",COMPLETE
33,4.22775895320561,2026-10-02 08:21:37.479221,2026-10-02 08:26:13.494436,0 days 00:04:36.015215,30,0.8965916768510055,10,704,"{""max_depth"": 30, ""max_features"": 0.8965916768510055, ""min_samples_leaf"": 10, ""n_estimators"": 704}",COMPLETE
34,4.239176708976852,2026-10-02 08:26:13.494481,2026-10-02 08:33:25.161795,0 days 00:07:11.667314,30,0.9734778357187629,7,936,"{""max_depth"": 30, ""max_features"": 0.9734778357187629, ""min_samples_leaf"": 7, ""n_estimators"": 936}",COMPLETE
35,4.227805619057087,2026-10-02 08:33:25.161840,2026-10-02 08:37:04.255092,0 days 00:03:39.093252,30,0.9494144474477357,10,530,"{""max_depth"": 30, ""max_features"": 0.9494144474477357, ""min_samples_leaf"": 10, ""n_estimators"": 530}",COMPLETE
36,4.227520215615044,2026-10-02 08:37:04.255137,2026-10-02 08:39:24.743062,0 days 00:02:20.487925,30,0.8257336876944845,10,389,"{""max_depth"": 30, ""max_features"": 0.8257336876944845, ""min_samples_leaf"": 10, ""n_estimators"": 389}",COMPLETE
37,4.228740338521825,2026-10-02 08:39:24.743106,2026-10-02 08:43:03.148531,0 days 00:03:38.405425,30,0.6111689336860635,10,828,"{""max_depth"": 30, ""max_features"": 0.6111689336860635, ""min_samples_leaf"": 10, ""n_estimators"": 828}",COMPLETE
38,4.229572541339869,2026-10-02 08:43:03.148574,2026-10-02 08:49:33.690108,0 days 00:06:30.541534,0,0.9241791176823597,10,973,"{""max_depth"": 0, ""max_features"": 0.9241791176823597, ""min_samples_leaf"": 10, ""n_estimators"": 973}",COMPLETE
39,4.233381837216911,2026-10-02 08:49:33.690155,2026-10-02 08:51:21.367580,0 days 00:01:47.677425,30,0.7480645062485669,8,313,"{""max_depth"": 30, ""max_features"": 0.7480645062485669, ""min_samples_leaf"": 8, ""n_estimators"": 313}",COMPLETE
40,4.231877456340032,2026-10-02 08:51:21.367625,2026-10-02 08:56:04.799596,0 days 00:04:43.431971,30,0.9947425512995234,9,638,"{""max_depth"": 30, ""max_features"": 0.9947425512995234, ""min_samples_leaf"": 9, ""n_estimators"": 638}",COMPLETE
41,4.236032727210443,2026-10-02 08:56:04.799642,2026-10-02 08:58:49.621562,0 days 00:02:44.821920,30,0.722175862534546,8,496,"{""max_depth"": 30, ""max_features"": 0.722175862534546, ""min_samples_leaf"": 8, ""n_estimators"": 496}",COMPLETE
42,4.2314181778543105,2026-10-02 08:58:49.621610,2026-10-02 09:01:13.570899,0 days 00:02:23.949289,30,0.872220245319462,9,369,"{""max_depth"": 30, ""max_features"": 0.872220245319462, ""min_samples_leaf"": 9, ""n_estimators"": 369}",COMPLETE
43,4.229124112671044,2026-10-02 09:01:13.570946,2026-10-02 09:04:23.354441,0 days 00:03:09.783495,30,0.7751400401582788,10,564,"{""max_depth"": 30, ""max_features"": 0.7751400401582788, ""min_samples_leaf"": 10, ""n_estimators"": 564}",COMPLETE
44,4.229552813293524,2026-10-02 09:04:23.354484,2026-10-02 09:07:32.303788,0 days 00:03:08.949304,40,0.949969480147161,10,453,"{""max_depth"": 40, ""max_features"": 0.949969480147161, ""min_samples_leaf"": 10, ""n_estimators"": 453}",COMPLETE
45,4.234794522427026,2026-10-02 09:07:32.303832,2026-10-02 09:12:03.582496,0 days 00:04:31.278664,10,0.8426304160402535,9,817,"{""max_depth"": 10, ""max_features"": 0.8426304160402535, ""min_samples_leaf"": 9, ""n_estimators"": 817}",COMPLETE
46,4.230306535346181,2026-10-02 09:12:03.582540,2026-10-02 09:14:41.218333,0 days 00:02:37.635793,30,0.7792532464201332,10,463,"{""max_depth"": 30, ""max_features"": 0.7792532464201332, ""min_samples_leaf"": 10, ""n_estimators"": 463}",COMPLETE
47,4.230647419628753,2026-10-02 09:14:41.218378,2026-10-02 09:18:39.911274,0 days 00:03:58.692896,30,0.797149661038599,10,691,"{""max_depth"": 30, ""max_features"": 0.797149661038599, ""min_samples_leaf"": 10, ""n_estimators"": 691}",COMPLETE
48,4.234960648194523,2026-10-02 09:18:39.911319,2026-10-02 09:20:59.551866,0 days 00:02:19.640547,30,0.7277188288781259,8,419,"{""max_depth"": 30, ""max_features"": 0.7277188288781259, ""min_samples_leaf"": 8, ""n_estimators"": 419}",COMPLETE
49,4.2306336593849,2026-10-02 09:20:59.551911,2026-10-02 09:23:10.979197,0 days 00:02:11.427286,30,0.9156461601377252,10,328,"{""max_depth"": 30, ""max_features"": 0.9156461601377252, ""min_samples_leaf"": 10, ""n_estimators"": 328}",COMPLETE
