number,value,datetime_start,datetime_complete,duration,params_alpha,system_attrs_tpe:relative_params:0,state
0,4.097236374830598,2026-10-02 06:25:18.473612,2026-10-02 06:25:18.651586,0 days 00:00:00.177974,1.96282248134428,,COMPLETE
1,4.0788484922398345,2026-10-02 06:25:18.651665,2026-10-02 06:25:18.851604,0 days 00:00:00.199939,19.549524484259873,,COMPLETE
2,4.0850122992054025,2026-10-02 06:25:18.851681,2026-10-02 06:25:19.278596,0 days 00:00:00.426915,4.135997393839888,,COMPLETE
3,4.0983050655203925,2026-10-02 06:25:19.278673,2026-10-02 06:25:19.856543,0 days 00:00:00.577870,1.8590843630169627,,COMPLETE
4,4.139142588295325,2026-10-02 06:25:19.856622,2026-10-02 06:25:20.590541,0 days 00:00:00.733919,0.348280208702833,,COMPLETE
5,4.079169359394864,2026-10-02 06:25:20.590614,2026-10-02 06:25:21.102597,0 days 00:00:00.511983,7.505241622349544,,COMPLETE
6,4.1339317821888395,2026-10-02 06:25:21.102669,2026-10-02 06:25:21.723547,0 days 00:00:00.620878,0.4222048983149828,,COMPLETE
7,4.140471616843378,2026-10-02 06:25:21.723632,2026-10-02 06:25:22.028405,0 days 00:00:00.304773,224.2012371372442,,COMPLETE
8,4.18308458842791,2026-10-02 06:25:22.028477,2026-10-02 06:25:22.454522,0 days 00:00:00.426045,605.3082080079017,,COMPLETE
9,4.154177201620617,2026-10-02 06:25:22.454585,2026-10-02 06:25:22.926521,0 days 00:00:00.471936,0.1998246739232945,,COMPLETE
10,4.207516267844305,2026-10-02 06:25:22.926579,2026-10-02 06:25:23.377554,0 days 00:00:00.450975,0.0013243623620587995,"{""alpha"": 0.0013243623620587995}",COMPLETE
11,4.086873643820919,2026-10-02 06:25:23.377614,2026-10-02 06:25:23.937569,0 days 00:00:00.559955,38.7243731605857,"{""alpha"": 38.7243731605857}",COMPLETE
12,4.081010849697988,2026-10-02 06:25:23.937632,2026-10-02 06:25:24.245549,0 days 00:00:00.307917,25.36039379566478,"{""alpha"": 25.36039379566478}",COMPLETE
13,4.198625613986002,2026-10-02 06:25:24.245613,2026-10-02 06:25:24.743557,0 days 00:00:00.497944,0.01768694545432142,"{""alpha"": 0.01768694545432142}",COMPLETE
14,4.083021603282461,2026-10-02 06:25:24.743621,2026-10-02 06:25:25.059576,0 days 00:00:00.315955,30.0936999522138,"{""alpha"": 30.0936999522138}",COMPLETE
15,4.114639429468119,2026-10-02 06:25:25.059639,2026-10-02 06:25:25.297553,0 days 00:00:00.237914,112.1688492524052,"{""alpha"": 112.1688492524052}",COMPLETE
16,4.084237135070887,2026-10-02 06:25:25.297612,2026-10-02 06:25:25.494569,0 days 00:00:00.196957,4.396856413795912,"{""alpha"": 4.396856413795912}",COMPLETE
17,4.078612449320083,2026-10-02 06:25:25.494630,2026-10-02 06:25:25.867545,0 days 00:00:00.372915,8.24938712465597,"{""alpha"": 8.24938712465597}",COMPLETE
18,4.1868044405091975,2026-10-02 06:25:25.867613,2026-10-02 06:25:26.143554,0 days 00:00:00.275941,0.046221953341746815,"{""alpha"": 0.046221953341746815}",COMPLETE
19,4.202598437349903,2026-10-02 06:25:26.143613,2026-10-02 06:25:26.522553,0 days 00:00:00.378940,919.422877450404,"{""alpha"": 919.422877450404}",COMPLETE
20,4.080512775826866,2026-10-02 06:25:26.522613,2026-10-02 06:25:26.983569,0 days 00:00:00.460956,24.123132744890786,"{""alpha"": 24.123132744890786}",COMPLETE
21,4.07915482983606,2026-10-02 06:25:26.983628,2026-10-02 06:25:27.274543,0 days 00:00:00.290915,7.522193301243737,"{""alpha"": 7.522193301243737}",COMPLETE
22,4.07755022995768,2026-10-02 06:25:27.274602,2026-10-02 06:25:27.633547,0 days 00:00:00.358945,11.299279884457786,"{""alpha"": 11.299279884457786}",COMPLETE
23,4.1209985513657985,2026-10-02 06:25:27.633609,2026-10-02 06:25:28.010473,0 days 00:00:00.376864,134.58612904330332,"{""alpha"": 134.58612904330332}",COMPLETE
24,4.114098508849795,2026-10-02 06:25:28.010531,2026-10-02 06:25:28.470570,0 days 00:00:00.460039,0.9117575138898795,"{""alpha"": 0.9117575138898795}",COMPLETE
25,4.077697148269968,2026-10-02 06:25:28.470630,2026-10-02 06:25:28.891536,0 days 00:00:00.420906,10.451494620935522,"{""alpha"": 10.451494620935522}",COMPLETE
26,4.099042689602033,2026-10-02 06:25:28.891598,2026-10-02 06:25:29.361531,0 days 00:00:00.469933,67.18119375985941,"{""alpha"": 67.18119375985941}",COMPLETE
27,4.078846745273902,2026-10-02 06:25:29.361593,2026-10-02 06:25:29.892543,0 days 00:00:00.530950,7.910003739544431,"{""alpha"": 7.910003739544431}",COMPLETE
28,4.169223046510358,2026-10-02 06:25:29.892604,2026-10-02 06:25:30.373583,0 days 00:00:00.480979,0.11032421493351248,"{""alpha"": 0.11032421493351248}",COMPLETE
29,4.106100944086696,2026-10-02 06:25:30.373651,2026-10-02 06:25:31.026531,0 days 00:00:00.652880,1.2854786753208773,"{""alpha"": 1.2854786753208773}",COMPLETE
