number,value,datetime_start,datetime_complete,duration,params_alpha,system_attrs_tpe:relative_params:0,state
0,4.027217254597017,2026-10-02 06:25:04.779558,2026-10-02 06:25:05.264253,0 days 00:00:00.484695,1.96282248134428,,COMPLETE
1,4.020254494481805,2026-10-02 06:25:05.264329,2026-10-02 06:25:05.862227,0 days 00:00:00.597898,19.549524484259873,,COMPLETE
2,4.0191561939563485,2026-10-02 06:25:05.862299,2026-10-02 06:25:06.240198,0 days 00:00:00.377899,4.135997393839888,,COMPLETE
3,4.027986626134357,2026-10-02 06:25:06.240272,2026-10-02 06:25:06.646226,0 days 00:00:00.405954,1.8590843630169627,,COMPLETE
4,4.060157160685328,2026-10-02 06:25:06.646302,2026-10-02 06:25:06.971215,0 days 00:00:00.324913,0.348280208702833,,COMPLETE
5,4.016556069499035,2026-10-02 06:25:06.971284,2026-10-02 06:25:07.519161,0 days 00:00:00.547877,7.505241622349544,,COMPLETE
6,4.055851423482943,2026-10-02 06:25:07.519229,2026-10-02 06:25:08.304170,0 days 00:00:00.784941,0.4222048983149828,,COMPLETE
7,4.082544812114267,2026-10-02 06:25:08.304253,2026-10-02 06:25:08.947250,0 days 00:00:00.642997,224.2012371372442,,COMPLETE
8,4.124721363297086,2026-10-02 06:25:08.947323,2026-10-02 06:25:09.656198,0 days 00:00:00.708875,605.3082080079017,,COMPLETE
9,4.072796171373784,2026-10-02 06:25:09.656257,2026-10-02 06:25:10.324149,0 days 00:00:00.667892,0.1998246739232945,,COMPLETE
10,4.118938756119672,2026-10-02 06:25:10.324209,2026-10-02 06:25:10.570186,0 days 00:00:00.245977,0.00243777399563589,"{""alpha"": 0.00243777399563589}",COMPLETE
11,4.0207022738794045,2026-10-02 06:25:10.570247,2026-10-02 06:25:11.019148,0 days 00:00:00.448901,20.492947557768023,"{""alpha"": 20.492947557768023}",COMPLETE
12,4.027389694745224,2026-10-02 06:25:11.019208,2026-10-02 06:25:11.622192,0 days 00:00:00.602984,34.22714596002095,"{""alpha"": 34.22714596002095}",COMPLETE
13,4.111487133570866,2026-10-02 06:25:11.622251,2026-10-02 06:25:12.368146,0 days 00:00:00.745895,0.01768694545432142,"{""alpha"": 0.01768694545432142}",COMPLETE
14,4.021276853254122,2026-10-02 06:25:12.368207,2026-10-02 06:25:12.839189,0 days 00:00:00.470982,3.230264147353157,"{""alpha"": 3.230264147353157}",COMPLETE
15,4.055290566798139,2026-10-02 06:25:12.839247,2026-10-02 06:25:13.352205,0 days 00:00:00.512958,106.17525973278426,"{""alpha"": 106.17525973278426}",COMPLETE
16,4.102505398388815,2026-10-02 06:25:13.352264,2026-10-02 06:25:13.555185,0 days 00:00:00.202921,0.04148467842958253,"{""alpha"": 0.04148467842958253}",COMPLETE
17,4.017041933529957,2026-10-02 06:25:13.555243,2026-10-02 06:25:14.083204,0 days 00:00:00.527961,6.1070355699153005,"{""alpha"": 6.1070355699153005}",COMPLETE
18,4.017883677233001,2026-10-02 06:25:14.083268,2026-10-02 06:25:14.433239,0 days 00:00:00.349971,14.158217973866575,"{""alpha"": 14.158217973866575}",COMPLETE
19,4.053708702441579,2026-10-02 06:25:14.433298,2026-10-02 06:25:14.632177,0 days 00:00:00.198879,101.09175704893613,"{""alpha"": 101.09175704893613}",COMPLETE
20,4.0927188544686866,2026-10-02 06:25:14.632236,2026-10-02 06:25:15.113149,0 days 00:00:00.480913,0.07668614723055893,"{""alpha"": 0.07668614723055893}",COMPLETE
21,4.016766151428841,2026-10-02 06:25:15.113208,2026-10-02 06:25:15.558215,0 days 00:00:00.445007,6.706831826067906,"{""alpha"": 6.706831826067906}",COMPLETE
22,4.016822682769739,2026-10-02 06:25:15.558276,2026-10-02 06:25:15.827177,0 days 00:00:00.268901,6.560944834826601,"{""alpha"": 6.560944834826601}",COMPLETE
23,4.040175400147388,2026-10-02 06:25:15.827235,2026-10-02 06:25:16.512209,0 days 00:00:00.684974,0.8998933701017625,"{""alpha"": 0.8998933701017625}",COMPLETE
24,4.016482062076896,2026-10-02 06:25:16.512268,2026-10-02 06:25:17.038226,0 days 00:00:00.525958,8.703488347457872,"{""alpha"": 8.703488347457872}",COMPLETE
25,4.050893658534217,2026-10-02 06:25:17.038286,2026-10-02 06:25:17.825206,0 days 00:00:00.786920,92.41154676283061,"{""alpha"": 92.41154676283061}",COMPLETE
26,4.0381195855329715,2026-10-02 06:25:17.825265,2026-10-02 06:25:18.594210,0 days 00:00:00.768945,1.0046297382047404,"{""alpha"": 1.0046297382047404}",COMPLETE
27,4.025533019185914,2026-10-02 06:25:18.594267,2026-10-02 06:25:19.378152,0 days 00:00:00.783885,30.394667246786543,"{""alpha"": 30.394667246786543}",COMPLETE
28,4.016532269116986,2026-10-02 06:25:19.378212,2026-10-02 06:25:19.981195,0 days 00:00:00.602983,9.375799448921025,"{""alpha"": 9.375799448921025}",COMPLETE
29,4.117020303559065,2026-10-02 06:25:19.981255,2026-10-02 06:25:20.350191,0 days 00:00:00.368936,509.08744732092543,"{""alpha"": 509.08744732092543}",COMPLETE
