number,value,datetime_start,datetime_complete,duration,params_colsample_bytree,params_learning_rate,params_max_depth,params_min_child_weight,params_n_estimators,params_reg_alpha,params_reg_lambda,params_subsample,system_attrs_tpe:relative_params:0,state
0,4.4058273703837605,2026-10-02 06:33:59.220461,2026-10-02 06:35:57.271606,0 days 00:01:58.051145,0.7521258791466592,0.11387317092169064,7,11,1188,3.6905577292137624,0.0562793204741517,0.7118273996694524,,COMPLETE
1,4.3501447910086,2026-10-02 06:35:57.271683,2026-10-02 06:40:49.890584,0 days 00:04:52.618901,0.9479176468048627,0.036845938035010996,9,11,1935,0.002231090560744304,0.0019237305096546497,0.7840222805469661,,COMPLETE
2,4.43874471524098,2026-10-02 06:40:49.890659,2026-10-02 06:41:26.952464,0 days 00:00:37.061805,0.8594109949517064,0.16977763163336626,9,18,236,1.3246974647468452,0.07013219779945795,0.989309171116382,,COMPLETE
3,4.283508297053167,2026-10-02 06:41:26.952534,2026-10-02 06:41:38.697110,0 days 00:00:11.744576,0.5902633579933665,0.088153780513692,4,19,413,1.2500712230836255,0.011434638743472197,0.7609241608750359,,COMPLETE
4,4.273388260010065,2026-10-02 06:41:38.697179,2026-10-02 06:42:00.774894,0 days 00:00:22.077715,0.7318537978123298,0.06912670683424535,3,13,1021,0.5336803302756715,5.956516018710568,0.8060478613612108,,COMPLETE
5,4.33520768291578,2026-10-02 06:42:00.774966,2026-10-02 06:44:50.235543,0 days 00:02:49.460577,0.7694465087327116,0.04421291893432151,8,2,847,0.0032787264983352763,0.0069427294924301495,0.8333833577228338,,COMPLETE
6,4.2937415539612855,2026-10-02 06:44:50.235614,2026-10-02 06:45:37.021283,0 days 00:00:46.785669,0.3714313675236196,0.03445441737078129,7,9,768,0.004418125737902547,0.006847105576684045,0.9941869190296131,,COMPLETE
7,4.307407333486107,2026-10-02 06:45:37.021364,2026-10-02 06:46:51.147419,0 days 00:01:14.126055,0.37726259881501356,0.023666956347875266,6,5,1376,0.003570522756718293,0.4220057397195018,0.5794847918227599,,COMPLETE
8,4.301381033596517,2026-10-02 06:46:51.147487,2026-10-02 06:48:48.451171,0 days 00:01:57.303684,0.36726888552577414,0.035047075708368194,9,2,554,0.07492121411354245,8.050778165087026,0.918972453749402,,COMPLETE
9,4.393495988301191,2026-10-02 06:48:48.451230,2026-10-02 06:52:04.701577,0 days 00:03:16.250347,0.3841375928492182,0.07824023983213262,8,1,1959,0.002984770033451216,0.015295398277813725,0.6414034812882048,,COMPLETE
10,4.235600253228749,2026-10-02 06:52:04.701644,2026-10-02 06:52:43.669561,0 days 00:00:38.967917,0.7155548038180188,0.027246131270393197,5,13,739,0.38549586868728686,5.641548681187617,0.8532549554258728,"{""colsample_bytree"": 0.7155548038180188, ""learning_rate"": 0.027246131270393197, ""max_depth"": 5, ""min_child_weight"": 13, ""n_estimators"": 739, ""reg_alpha"": 0.38549586868728686, ""reg_lambda"": 5.641548681187617, ""subsample"": 0.8532549554258728}",COMPLETE
11,4.2298120297461566,2026-10-02 06:52:43.669625,2026-10-02 06:53:24.749195,0 days 00:00:41.079570,0.7275794701604172,0.021064452440411358,5,10,733,1.6336583596096963,1.1100132604226978,0.8730235860772011,"{""colsample_bytree"": 0.7275794701604172, ""learning_rate"": 0.021064452440411358, ""max_depth"": 5, ""min_child_weight"": 10, ""n_estimators"": 733, ""reg_alpha"": 1.6336583596096963, ""reg_lambda"": 1.1100132604226978, ""subsample"": 0.8730235860772011}",COMPLETE
12,4.197337512287944,2026-10-02 06:53:24.749260,2026-10-02 06:53:40.647879,0 days 00:00:15.898619,0.6157735446956023,0.013375720176892996,4,12,520,0.11714599780574979,1.1395586111699612,0.8018284609024008,"{""colsample_bytree"": 0.6157735446956023, ""learning_rate"": 0.013375720176892996, ""max_depth"": 4, ""min_child_weight"": 12, ""n_estimators"": 520, ""reg_alpha"": 0.11714599780574979, ""reg_lambda"": 1.1395586111699612, ""subsample"": 0.8018284609024008}",COMPLETE
13,4.2528341081198455,2026-10-02 06:53:40.647941,2026-10-02 06:53:45.115150,0 days 00:00:04.467209,0.348468768821227,0.013167520844550404,3,10,278,0.23890978146999992,0.6251520165374015,0.751557936916391,"{""colsample_bytree"": 0.348468768821227, ""learning_rate"": 0.013167520844550404, ""max_depth"": 3, ""min_child_weight"": 10, ""n_estimators"": 278, ""reg_alpha"": 0.23890978146999992, ""reg_lambda"": 0.6251520165374015, ""subsample"": 0.751557936916391}",COMPLETE
14,4.196917651165856,2026-10-02 06:53:45.115209,2026-10-02 06:54:33.970434,0 days 00:00:48.855225,0.9011637361247824,0.014167429621578739,4,13,1087,6.32231305571869,7.059977733690251,0.8916391456396675,"{""colsample_bytree"": 0.9011637361247824, ""learning_rate"": 0.014167429621578739, ""max_depth"": 4, ""min_child_weight"": 13, ""n_estimators"": 1087, ""reg_alpha"": 6.32231305571869, ""reg_lambda"": 7.059977733690251, ""subsample"": 0.8916391456396675}",COMPLETE
15,4.1858283857300895,2026-10-02 06:54:33.970495,2026-10-02 06:55:18.080102,0 days 00:00:44.109607,0.9930400056408161,0.012072334969195636,4,11,842,7.195231899919507,9.120445939572592,0.9303796526344572,"{""colsample_bytree"": 0.9930400056408161, ""learning_rate"": 0.012072334969195636, ""max_depth"": 4, ""min_child_weight"": 11, ""n_estimators"": 842, ""reg_alpha"": 7.195231899919507, ""reg_lambda"": 9.120445939572592, ""subsample"": 0.9303796526344572}",COMPLETE
16,4.261758529622582,2026-10-02 06:55:18.080163,2026-10-02 06:57:02.805592,0 days 00:01:44.725429,0.7800358071358633,0.017096361656390485,6,14,1296,3.695707266307507,0.41945871416421404,0.9014216216096261,"{""colsample_bytree"": 0.7800358071358633, ""learning_rate"": 0.017096361656390485, ""max_depth"": 6, ""min_child_weight"": 14, ""n_estimators"": 1296, ""reg_alpha"": 3.695707266307507, ""reg_lambda"": 0.41945871416421404, ""subsample"": 0.9014216216096261}",COMPLETE
17,4.246143885652273,2026-10-02 06:57:02.805656,2026-10-02 06:57:13.417951,0 days 00:00:10.612295,0.9996274761966746,0.010535202118984913,3,13,372,4.776239424001324,3.9763193341556606,0.9515606253984124,"{""colsample_bytree"": 0.9996274761966746, ""learning_rate"": 0.010535202118984913, ""max_depth"": 3, ""min_child_weight"": 13, ""n_estimators"": 372, ""reg_alpha"": 4.776239424001324, ""reg_lambda"": 3.9763193341556606, ""subsample"": 0.9515606253984124}",COMPLETE
18,4.214666860672278,2026-10-02 06:57:13.418014,2026-10-02 06:57:29.542232,0 days 00:00:16.124218,0.928888807725832,0.011143798028134177,3,13,704,0.47420259651950214,1.5661435056356188,0.9502313777939373,"{""colsample_bytree"": 0.928888807725832, ""learning_rate"": 0.011143798028134177, ""max_depth"": 3, ""min_child_weight"": 13, ""n_estimators"": 704, ""reg_alpha"": 0.47420259651950214, ""reg_lambda"": 1.5661435056356188, ""subsample"": 0.9502313777939373}",COMPLETE
19,4.1847100568557964,2026-10-02 06:57:29.542294,2026-10-02 06:57:57.250635,0 days 00:00:27.708341,0.9110807731980555,0.01262480404338188,3,9,1076,9.177415157416029,3.1109071404874173,0.8421382794884664,"{""colsample_bytree"": 0.9110807731980555, ""learning_rate"": 0.01262480404338188, ""max_depth"": 3, ""min_child_weight"": 9, ""n_estimators"": 1076, ""reg_alpha"": 9.177415157416029, ""reg_lambda"": 3.1109071404874173, ""subsample"": 0.8421382794884664}",COMPLETE
20,4.184749787598434,2026-10-02 06:57:57.250699,2026-10-02 06:58:18.529642,0 days 00:00:21.278943,0.9186691374404733,0.014002039163076376,3,10,919,9.402201062311898,1.1971172223930155,0.8227558897393683,"{""colsample_bytree"": 0.9186691374404733, ""learning_rate"": 0.014002039163076376, ""max_depth"": 3, ""min_child_weight"": 10, ""n_estimators"": 919, ""reg_alpha"": 9.402201062311898, ""reg_lambda"": 1.1971172223930155, ""subsample"": 0.8227558897393683}",COMPLETE
21,4.184163141903622,2026-10-02 06:58:18.529704,2026-10-02 06:58:56.780828,0 days 00:00:38.251124,0.9362485687500718,0.013841122228285277,4,8,847,4.366711236253351,9.45229732048599,0.8169065661360068,"{""colsample_bytree"": 0.9362485687500718, ""learning_rate"": 0.013841122228285277, ""max_depth"": 4, ""min_child_weight"": 8, ""n_estimators"": 847, ""reg_alpha"": 4.366711236253351, ""reg_lambda"": 9.45229732048599, ""subsample"": 0.8169065661360068}",COMPLETE
22,4.213795762864443,2026-10-02 06:58:56.780890,2026-10-02 06:59:28.541577,0 days 00:00:31.760687,0.9623629188988541,0.02717897720132196,4,8,717,2.273110468072771,1.9156275598118109,0.7295530176627248,"{""colsample_bytree"": 0.9623629188988541, ""learning_rate"": 0.02717897720132196, ""max_depth"": 4, ""min_child_weight"": 8, ""n_estimators"": 717, ""reg_alpha"": 2.273110468072771, ""reg_lambda"": 1.9156275598118109, ""subsample"": 0.7295530176627248}",COMPLETE
23,4.19110417397571,2026-10-02 06:59:28.541636,2026-10-02 06:59:58.525500,0 days 00:00:29.983864,0.9624863511671399,0.024329828068319268,3,3,1075,7.917704336478181,2.0180756327361338,0.8479329481166268,"{""colsample_bytree"": 0.9624863511671399, ""learning_rate"": 0.024329828068319268, ""max_depth"": 3, ""min_child_weight"": 3, ""n_estimators"": 1075, ""reg_alpha"": 7.917704336478181, ""reg_lambda"": 2.0180756327361338, ""subsample"": 0.8479329481166268}",COMPLETE
24,4.20273150225056,2026-10-02 06:59:58.525560,2026-10-02 07:00:23.763784,0 days 00:00:25.238224,0.9386290652295148,0.01672704079734457,3,8,987,2.6305272052752553,1.2294689667884908,0.9319362468023542,"{""colsample_bytree"": 0.9386290652295148, ""learning_rate"": 0.01672704079734457, ""max_depth"": 3, ""min_child_weight"": 8, ""n_estimators"": 987, ""reg_alpha"": 2.6305272052752553, ""reg_lambda"": 1.2294689667884908, ""subsample"": 0.9319362468023542}",COMPLETE
25,4.232198010868732,2026-10-02 07:00:23.763844,2026-10-02 07:00:59.322122,0 days 00:00:35.558278,0.9864073179947528,0.03418862808888012,4,13,811,4.493771017320868,0.7735319547472206,0.8506147186305308,"{""colsample_bytree"": 0.9864073179947528, ""learning_rate"": 0.03418862808888012, ""max_depth"": 4, ""min_child_weight"": 13, ""n_estimators"": 811, ""reg_alpha"": 4.493771017320868, ""reg_lambda"": 0.7735319547472206, ""subsample"": 0.8506147186305308}",COMPLETE
26,4.18631831988677,2026-10-02 07:00:59.322183,2026-10-02 07:01:22.196741,0 days 00:00:22.874558,0.8753376282919659,0.023161163553432087,3,7,995,2.953619874053131,5.459951443400392,0.7326178418803252,"{""colsample_bytree"": 0.8753376282919659, ""learning_rate"": 0.023161163553432087, ""max_depth"": 3, ""min_child_weight"": 7, ""n_estimators"": 995, ""reg_alpha"": 2.953619874053131, ""reg_lambda"": 5.459951443400392, ""subsample"": 0.7326178418803252}",COMPLETE
27,4.2203712821369015,2026-10-02 07:01:22.196819,2026-10-02 07:01:33.917396,0 days 00:00:11.720577,0.8420719477232446,0.013156071034646598,3,11,473,2.383770289359469,6.231934222249831,0.9001908005311028,"{""colsample_bytree"": 0.8420719477232446, ""learning_rate"": 0.013156071034646598, ""max_depth"": 3, ""min_child_weight"": 11, ""n_estimators"": 473, ""reg_alpha"": 2.383770289359469, ""reg_lambda"": 6.231934222249831, ""subsample"": 0.9001908005311028}",COMPLETE
28,4.192319243635723,2026-10-02 07:01:33.917454,2026-10-02 07:01:49.441945,0 days 00:00:15.524491,0.7997120919854825,0.0168632648589705,3,7,650,5.332904266734596,1.64690410823548,0.854828389900383,"{""colsample_bytree"": 0.7997120919854825, ""learning_rate"": 0.0168632648589705, ""max_depth"": 3, ""min_child_weight"": 7, ""n_estimators"": 650, ""reg_alpha"": 5.332904266734596, ""reg_lambda"": 1.64690410823548, ""subsample"": 0.854828389900383}",COMPLETE
29,4.188241552526854,2026-10-02 07:01:49.442007,2026-10-02 07:02:41.501223,0 days 00:00:52.059216,0.9493131000792057,0.011380926216285489,4,8,1152,9.350626853716076,1.2458691285545331,0.8351846669996271,"{""colsample_bytree"": 0.9493131000792057, ""learning_rate"": 0.011380926216285489, ""max_depth"": 4, ""min_child_weight"": 8, ""n_estimators"": 1152, ""reg_alpha"": 9.350626853716076, ""reg_lambda"": 1.2458691285545331, ""subsample"": 0.8351846669996271}",COMPLETE
30,4.188222154406648,2026-10-02 07:02:41.501286,2026-10-02 07:03:11.028480,0 days 00:00:29.527194,0.7962780584735817,0.01163782393922099,3,6,1202,6.307254304102533,3.0100322961433994,0.7683604764880656,"{""colsample_bytree"": 0.7962780584735817, ""learning_rate"": 0.01163782393922099, ""max_depth"": 3, ""min_child_weight"": 6, ""n_estimators"": 1202, ""reg_alpha"": 6.307254304102533, ""reg_lambda"": 3.0100322961433994, ""subsample"": 0.7683604764880656}",COMPLETE
31,4.196425694678283,2026-10-02 07:03:11.028542,2026-10-02 07:03:50.515676,0 days 00:00:39.487134,0.8283056471585681,0.019619824488914004,4,5,905,8.333701108734518,8.03124409268564,0.797183084392953,"{""colsample_bytree"": 0.8283056471585681, ""learning_rate"": 0.019619824488914004, ""max_depth"": 4, ""min_child_weight"": 5, ""n_estimators"": 905, ""reg_alpha"": 8.333701108734518, ""reg_lambda"": 8.03124409268564, ""subsample"": 0.797183084392953}",COMPLETE
32,4.184788719413509,2026-10-02 07:03:50.515738,2026-10-02 07:04:12.605889,0 days 00:00:22.090151,0.9795661564556286,0.01575765712535935,3,12,910,6.54437476787854,4.305527839142357,0.731077946253328,"{""colsample_bytree"": 0.9795661564556286, ""learning_rate"": 0.01575765712535935, ""max_depth"": 3, ""min_child_weight"": 12, ""n_estimators"": 910, ""reg_alpha"": 6.54437476787854, ""reg_lambda"": 4.305527839142357, ""subsample"": 0.731077946253328}",COMPLETE
33,4.217516227055641,2026-10-02 07:04:12.605954,2026-10-02 07:04:56.207718,0 days 00:00:43.601764,0.8424105509306826,0.019585577450899384,4,9,1056,1.980979831104416,2.58477704305097,0.8109215396305947,"{""colsample_bytree"": 0.8424105509306826, ""learning_rate"": 0.019585577450899384, ""max_depth"": 4, ""min_child_weight"": 9, ""n_estimators"": 1056, ""reg_alpha"": 1.980979831104416, ""reg_lambda"": 2.58477704305097, ""subsample"": 0.8109215396305947}",COMPLETE
34,4.236721664249489,2026-10-02 07:04:56.207798,2026-10-02 07:05:43.273011,0 days 00:00:47.065213,0.923707345656286,0.03362025482622181,4,10,953,5.515346252447022,4.670853710430288,0.7904532236305872,"{""colsample_bytree"": 0.923707345656286, ""learning_rate"": 0.03362025482622181, ""max_depth"": 4, ""min_child_weight"": 10, ""n_estimators"": 953, ""reg_alpha"": 5.515346252447022, ""reg_lambda"": 4.670853710430288, ""subsample"": 0.7904532236305872}",COMPLETE
35,4.193924361472292,2026-10-02 07:05:43.273074,2026-10-02 07:06:13.335334,0 days 00:00:30.062260,0.949938703819653,0.011436422889256594,3,9,1092,0.9702558168107999,2.200302017264129,0.8017823288845828,"{""colsample_bytree"": 0.949938703819653, ""learning_rate"": 0.011436422889256594, ""max_depth"": 3, ""min_child_weight"": 9, ""n_estimators"": 1092, ""reg_alpha"": 0.9702558168107999, ""reg_lambda"": 2.200302017264129, ""subsample"": 0.8017823288845828}",COMPLETE
36,4.1890762493666385,2026-10-02 07:06:13.335397,2026-10-02 07:06:32.913811,0 days 00:00:19.578414,0.968843411990565,0.017744617002501985,3,8,686,7.502025311896058,1.2706239125543979,0.8340099583338851,"{""colsample_bytree"": 0.968843411990565, ""learning_rate"": 0.017744617002501985, ""max_depth"": 3, ""min_child_weight"": 8, ""n_estimators"": 686, ""reg_alpha"": 7.502025311896058, ""reg_lambda"": 1.2706239125543979, ""subsample"": 0.8340099583338851}",COMPLETE
37,4.183731258762447,2026-10-02 07:06:32.913870,2026-10-02 07:07:15.281933,0 days 00:00:42.368063,0.9987033901447648,0.011485594057181156,4,8,806,5.3764129027674725,2.1419033143402357,0.761953498230703,"{""colsample_bytree"": 0.9987033901447648, ""learning_rate"": 0.011485594057181156, ""max_depth"": 4, ""min_child_weight"": 8, ""n_estimators"": 806, ""reg_alpha"": 5.3764129027674725, ""reg_lambda"": 2.1419033143402357, ""subsample"": 0.761953498230703}",COMPLETE
38,4.197268659328636,2026-10-02 07:07:15.281995,2026-10-02 07:08:08.890581,0 days 00:00:53.608586,0.959232828112126,0.012716209296998017,4,12,1173,6.678292201290238,0.6720111374550953,0.8190896989202119,"{""colsample_bytree"": 0.959232828112126, ""learning_rate"": 0.012716209296998017, ""max_depth"": 4, ""min_child_weight"": 12, ""n_estimators"": 1173, ""reg_alpha"": 6.678292201290238, ""reg_lambda"": 0.6720111374550953, ""subsample"": 0.8190896989202119}",COMPLETE
39,4.192818178270499,2026-10-02 07:08:08.890646,2026-10-02 07:08:44.109347,0 days 00:00:35.218701,0.9341545617047425,0.0176898381378667,4,10,719,3.8268371794164993,3.9089582096694504,0.8868412088613706,"{""colsample_bytree"": 0.9341545617047425, ""learning_rate"": 0.0176898381378667, ""max_depth"": 4, ""min_child_weight"": 10, ""n_estimators"": 719, ""reg_alpha"": 3.8268371794164993, ""reg_lambda"": 3.9089582096694504, ""subsample"": 0.8868412088613706}",COMPLETE
40,4.189274560634052,2026-10-02 07:08:44.109407,2026-10-02 07:09:25.435636,0 days 00:00:41.326229,0.9065096182987898,0.010496972105968458,4,11,970,3.359126707596889,3.6771473714184406,0.8460289665954555,"{""colsample_bytree"": 0.9065096182987898, ""learning_rate"": 0.010496972105968458, ""max_depth"": 4, ""min_child_weight"": 11, ""n_estimators"": 970, ""reg_alpha"": 3.359126707596889, ""reg_lambda"": 3.6771473714184406, ""subsample"": 0.8460289665954555}",COMPLETE
41,4.182865183378848,2026-10-02 07:09:25.435697,2026-10-02 07:09:54.111813,0 days 00:00:28.676116,0.8898697821943139,0.0129220239895876,4,8,656,2.8371888130071756,6.550045947352339,0.7952794989852159,"{""colsample_bytree"": 0.8898697821943139, ""learning_rate"": 0.0129220239895876, ""max_depth"": 4, ""min_child_weight"": 8, ""n_estimators"": 656, ""reg_alpha"": 2.8371888130071756, ""reg_lambda"": 6.550045947352339, ""subsample"": 0.7952794989852159}",COMPLETE
42,4.188188101883605,2026-10-02 07:09:54.111874,2026-10-02 07:10:34.133273,0 days 00:00:40.021399,0.9470252208467729,0.014868883808668604,4,8,858,7.969563976560597,8.179908320483399,0.875164742038172,"{""colsample_bytree"": 0.9470252208467729, ""learning_rate"": 0.014868883808668604, ""max_depth"": 4, ""min_child_weight"": 8, ""n_estimators"": 858, ""reg_alpha"": 7.969563976560597, ""reg_lambda"": 8.179908320483399, ""subsample"": 0.875164742038172}",COMPLETE
43,4.1810549030603825,2026-10-02 07:10:34.133334,2026-10-02 07:11:05.466532,0 days 00:00:31.333198,0.8983346675705093,0.010615253183495906,4,9,761,8.605324387767862,2.66264503069984,0.801619962369595,"{""colsample_bytree"": 0.8983346675705093, ""learning_rate"": 0.010615253183495906, ""max_depth"": 4, ""min_child_weight"": 9, ""n_estimators"": 761, ""reg_alpha"": 8.605324387767862, ""reg_lambda"": 2.66264503069984, ""subsample"": 0.801619962369595}",COMPLETE
44,4.179183738971442,2026-10-02 07:11:05.466592,2026-10-02 07:11:30.224045,0 days 00:00:24.757453,0.9365172010726143,0.02110402700197771,4,9,538,5.499799708567753,8.178181008945332,0.7649759492644999,"{""colsample_bytree"": 0.9365172010726143, ""learning_rate"": 0.02110402700197771, ""max_depth"": 4, ""min_child_weight"": 9, ""n_estimators"": 538, ""reg_alpha"": 5.499799708567753, ""reg_lambda"": 8.178181008945332, ""subsample"": 0.7649759492644999}",COMPLETE
45,4.1870185359295995,2026-10-02 07:11:30.224105,2026-10-02 07:11:58.976119,0 days 00:00:28.752014,0.8868787509716157,0.013848813737913088,4,9,719,4.960050617095017,3.723643551505599,0.8265487376812268,"{""colsample_bytree"": 0.8868787509716157, ""learning_rate"": 0.013848813737913088, ""max_depth"": 4, ""min_child_weight"": 9, ""n_estimators"": 719, ""reg_alpha"": 4.960050617095017, ""reg_lambda"": 3.723643551505599, ""subsample"": 0.8265487376812268}",COMPLETE
46,4.186953550338239,2026-10-02 07:11:58.976182,2026-10-02 07:12:31.113673,0 days 00:00:32.137491,0.9359317924168724,0.016373224257406442,4,9,712,7.231583032091513,2.4831475550325477,0.738546199853638,"{""colsample_bytree"": 0.9359317924168724, ""learning_rate"": 0.016373224257406442, ""max_depth"": 4, ""min_child_weight"": 9, ""n_estimators"": 712, ""reg_alpha"": 7.231583032091513, ""reg_lambda"": 2.4831475550325477, ""subsample"": 0.738546199853638}",COMPLETE
47,4.192142710614376,2026-10-02 07:12:31.113733,2026-10-02 07:12:55.837801,0 days 00:00:24.724068,0.9214270034869472,0.010911052790085649,4,8,548,3.5522298811847026,2.6582562671256893,0.7332549030579175,"{""colsample_bytree"": 0.9214270034869472, ""learning_rate"": 0.010911052790085649, ""max_depth"": 4, ""min_child_weight"": 8, ""n_estimators"": 548, ""reg_alpha"": 3.5522298811847026, ""reg_lambda"": 2.6582562671256893, ""subsample"": 0.7332549030579175}",COMPLETE
48,4.193222136421064,2026-10-02 07:12:55.837863,2026-10-02 07:13:11.211644,0 days 00:00:15.373781,0.9711645430547362,0.01818819279283229,4,8,348,3.573719624776299,5.821774352796345,0.7978956247140243,"{""colsample_bytree"": 0.9711645430547362, ""learning_rate"": 0.01818819279283229, ""max_depth"": 4, ""min_child_weight"": 8, ""n_estimators"": 348, ""reg_alpha"": 3.573719624776299, ""reg_lambda"": 5.821774352796345, ""subsample"": 0.7978956247140243}",COMPLETE
49,4.18872114614802,2026-10-02 07:13:11.211704,2026-10-02 07:13:48.774459,0 days 00:00:37.562755,0.8808618083888801,0.011893073987745662,4,7,881,4.613171025018557,3.1553909502351747,0.8569147551271687,"{""colsample_bytree"": 0.8808618083888801, ""learning_rate"": 0.011893073987745662, ""max_depth"": 4, ""min_child_weight"": 7, ""n_estimators"": 881, ""reg_alpha"": 4.613171025018557, ""reg_lambda"": 3.1553909502351747, ""subsample"": 0.8569147551271687}",COMPLETE
