number,value,datetime_start,datetime_complete,duration,params_max_depth,params_max_features,params_min_samples_leaf,params_n_estimators,system_attrs_tpe:relative_params:0,state
0,4.2792985920225,2026-10-02 06:26:45.301947,2026-10-02 06:31:56.250600,0 days 00:05:10.948653,40,0.7436704297351775,7,684,,COMPLETE
1,4.279282724626,2026-10-02 06:31:56.250682,2026-10-02 06:36:10.080376,0 days 00:04:13.829694,20,0.4450973669431999,8,975,,COMPLETE
2,4.2822760571851886,2026-10-02 06:36:10.080443,2026-10-02 06:38:27.410175,0 days 00:02:17.329732,10,0.8493578609931441,8,314,,COMPLETE
3,4.307537710368877,2026-10-02 06:38:27.410243,2026-10-02 06:41:49.334940,0 days 00:03:21.924697,0,0.6759289191947714,2,382,,COMPLETE
4,4.328327623810092,2026-10-02 06:41:49.335005,2026-10-02 06:47:16.507264,0 days 00:05:27.172259,30,0.6115905539817836,1,619,,COMPLETE
5,4.28301332336002,2026-10-02 06:47:16.507328,2026-10-02 06:50:00.981617,0 days 00:02:44.474289,20,0.4933287584194074,7,552,,COMPLETE
6,4.287817418750063,2026-10-02 06:50:00.981704,2026-10-02 06:51:58.397491,0 days 00:01:57.415787,10,0.42733969384836035,6,521,,COMPLETE
7,4.293147170687749,2026-10-02 06:51:58.397565,2026-10-02 06:54:38.619875,0 days 00:02:40.222310,30,0.3279624422858039,5,757,,COMPLETE
8,4.2818498300964025,2026-10-02 06:54:38.619939,2026-10-02 06:56:26.276753,0 days 00:01:47.656814,30,0.4318526535948677,9,437,,COMPLETE
9,4.279974104180852,2026-10-02 06:56:26.276806,2026-10-02 07:02:39.824923,0 days 00:06:13.548117,30,0.6443609677705414,8,984,,COMPLETE
10,4.290887883420534,2026-10-02 07:02:39.824975,2026-10-02 07:11:38.919370,0 days 00:08:59.094395,20,0.9848925793680965,4,804,"{""max_depth"": 20, ""max_features"": 0.9848925793680965, ""min_samples_leaf"": 4, ""n_estimators"": 804}",COMPLETE
11,4.282259896027831,2026-10-02 07:11:38.919423,2026-10-02 07:13:26.524109,0 days 00:01:47.604686,20,0.2610712558604621,10,742,"{""max_depth"": 20, ""max_features"": 0.2610712558604621, ""min_samples_leaf"": 10, ""n_estimators"": 742}",COMPLETE
12,4.275477630942837,2026-10-02 07:13:26.524162,2026-10-02 07:18:27.082848,0 days 00:05:00.558686,40,0.8377455512659289,8,606,"{""max_depth"": 40, ""max_features"": 0.8377455512659289, ""min_samples_leaf"": 8, ""n_estimators"": 606}",COMPLETE
13,4.285460038979891,2026-10-02 07:18:27.082903,2026-10-02 07:21:08.627524,0 days 00:02:41.544621,10,0.32427621537276463,10,996,"{""max_depth"": 10, ""max_features"": 0.32427621537276463, ""min_samples_leaf"": 10, ""n_estimators"": 996}",COMPLETE
14,4.272838036960866,2026-10-02 07:21:08.627576,2026-10-02 07:25:40.888164,0 days 00:04:32.260588,40,0.8657989379299441,10,560,"{""max_depth"": 40, ""max_features"": 0.8657989379299441, ""min_samples_leaf"": 10, ""n_estimators"": 560}",COMPLETE
15,4.275823012766478,2026-10-02 07:25:40.888215,2026-10-02 07:29:18.293128,0 days 00:03:37.404913,40,0.7409039724152815,9,512,"{""max_depth"": 40, ""max_features"": 0.7409039724152815, ""min_samples_leaf"": 9, ""n_estimators"": 512}",COMPLETE
16,4.280774413010885,2026-10-02 07:29:18.293178,2026-10-02 07:34:05.417938,0 days 00:04:47.124760,10,0.9290875518678848,10,618,"{""max_depth"": 10, ""max_features"": 0.9290875518678848, ""min_samples_leaf"": 10, ""n_estimators"": 618}",COMPLETE
17,4.274975312397163,2026-10-02 07:34:05.417992,2026-10-02 07:38:11.716188,0 days 00:04:06.298196,40,0.9366403036831918,9,455,"{""max_depth"": 40, ""max_features"": 0.9366403036831918, ""min_samples_leaf"": 9, ""n_estimators"": 455}",COMPLETE
18,4.27333039290103,2026-10-02 07:38:11.716240,2026-10-02 07:45:47.030701,0 days 00:07:35.314461,40,0.9756425666126195,10,833,"{""max_depth"": 40, ""max_features"": 0.9756425666126195, ""min_samples_leaf"": 10, ""n_estimators"": 833}",COMPLETE
19,4.2741400694552185,2026-10-02 07:45:47.030757,2026-10-02 07:52:41.207753,0 days 00:06:54.176996,30,0.7692534914807858,10,959,"{""max_depth"": 30, ""max_features"": 0.7692534914807858, ""min_samples_leaf"": 10, ""n_estimators"": 959}",COMPLETE
20,4.273545348035273,2026-10-02 07:52:41.207805,2026-10-02 08:00:32.532040,0 days 00:07:51.324235,40,0.8930502505465114,9,914,"{""max_depth"": 40, ""max_features"": 0.8930502505465114, ""min_samples_leaf"": 9, ""n_estimators"": 914}",COMPLETE
21,4.277068200670827,2026-10-02 08:00:32.532093,2026-10-02 08:07:35.315204,0 days 00:07:02.783111,40,0.926713949159376,8,771,"{""max_depth"": 40, ""max_features"": 0.926713949159376, ""min_samples_leaf"": 8, ""n_estimators"": 771}",COMPLETE
22,4.273069848385025,2026-10-02 08:07:35.315256,2026-10-02 08:15:34.047805,0 days 00:07:58.732549,40,0.8273329608223299,9,1000,"{""max_depth"": 40, ""max_features"": 0.8273329608223299, ""min_samples_leaf"": 9, ""n_estimators"": 1000}",COMPLETE
23,4.288309203033127,2026-10-02 08:15:34.047858,2026-10-02 08:24:44.987461,0 days 00:09:10.939603,40,0.8459123210607856,5,992,"{""max_depth"": 40, ""max_features"": 0.8459123210607856, ""min_samples_leaf"": 5, ""n_estimators"": 992}",COMPLETE
24,4.275207965419831,2026-10-02 08:24:44.987513,2026-10-02 08:28:52.690355,0 days 00:04:07.702842,40,0.5780664523977714,10,770,"{""max_depth"": 40, ""max_features"": 0.5780664523977714, ""min_samples_leaf"": 10, ""n_estimators"": 770}",COMPLETE
25,4.272440360511996,2026-10-02 08:28:52.690407,2026-10-02 08:35:10.468686,0 days 00:06:17.778279,30,0.9565249079062641,10,703,"{""max_depth"": 30, ""max_features"": 0.9565249079062641, ""min_samples_leaf"": 10, ""n_estimators"": 703}",COMPLETE
26,4.28065795841155,2026-10-02 08:35:10.468749,2026-10-02 08:40:36.564821,0 days 00:05:26.096072,10,0.7928432248372933,9,806,"{""max_depth"": 10, ""max_features"": 0.7928432248372933, ""min_samples_leaf"": 9, ""n_estimators"": 806}",COMPLETE
27,4.275401567497526,2026-10-02 08:40:36.564874,2026-10-02 08:46:46.167351,0 days 00:06:09.602477,30,0.9500613637078051,9,677,"{""max_depth"": 30, ""max_features"": 0.9500613637078051, ""min_samples_leaf"": 9, ""n_estimators"": 677}",COMPLETE
28,4.278402465414035,2026-10-02 08:46:46.167402,2026-10-02 08:52:45.989705,0 days 00:05:59.822303,30,0.9530330254191466,7,619,"{""max_depth"": 30, ""max_features"": 0.9530330254191466, ""min_samples_leaf"": 7, ""n_estimators"": 619}",COMPLETE
29,4.273605429099238,2026-10-02 08:52:45.989756,2026-10-02 08:57:18.051181,0 days 00:04:32.061425,30,0.7388633348422121,10,656,"{""max_depth"": 30, ""max_features"": 0.7388633348422121, ""min_samples_leaf"": 10, ""n_estimators"": 656}",COMPLETE
30,4.280849844590565,2026-10-02 08:57:18.051233,2026-10-02 09:01:25.778181,0 days 00:04:07.726948,40,0.6278249861690721,9,690,"{""max_depth"": 40, ""max_features"": 0.6278249861690721, ""min_samples_leaf"": 9, ""n_estimators"": 690}",COMPLETE
31,4.276015819683084,2026-10-02 09:01:25.778234,2026-10-02 09:07:44.273458,0 days 00:06:18.495224,40,0.7637430671664385,8,839,"{""max_depth"": 40, ""max_features"": 0.7637430671664385, ""min_samples_leaf"": 8, ""n_estimators"": 839}",COMPLETE
32,4.2709939819496805,2026-10-02 09:07:44.273511,2026-10-02 09:15:47.234120,0 days 00:08:02.960609,20,0.9004702424727087,10,952,"{""max_depth"": 20, ""max_features"": 0.9004702424727087, ""min_samples_leaf"": 10, ""n_estimators"": 952}",COMPLETE
33,4.28013231075958,2026-10-02 09:15:47.234173,2026-10-02 09:21:19.644497,0 days 00:05:32.410324,40,0.6279465613768125,8,895,"{""max_depth"": 40, ""max_features"": 0.6279465613768125, ""min_samples_leaf"": 8, ""n_estimators"": 895}",COMPLETE
34,4.271344089959428,2026-10-02 09:21:19.644549,2026-10-02 09:30:32.519377,0 days 00:09:12.874828,20,0.9964477080146334,10,990,"{""max_depth"": 20, ""max_features"": 0.9964477080146334, ""min_samples_leaf"": 10, ""n_estimators"": 990}",COMPLETE
35,4.273951070921158,2026-10-02 09:30:32.519430,2026-10-02 09:34:30.584525,0 days 00:03:58.065095,20,0.8565626035676193,10,496,"{""max_depth"": 20, ""max_features"": 0.8565626035676193, ""min_samples_leaf"": 10, ""n_estimators"": 496}",COMPLETE
36,4.274449024268509,2026-10-02 09:34:30.584577,2026-10-02 09:43:15.331540,0 days 00:08:44.746963,20,0.9447828988407957,9,967,"{""max_depth"": 20, ""max_features"": 0.9447828988407957, ""min_samples_leaf"": 9, ""n_estimators"": 967}",COMPLETE
37,4.274619292105623,2026-10-02 09:43:15.331592,2026-10-02 09:49:07.374362,0 days 00:05:52.042770,20,0.8692080470551461,9,703,"{""max_depth"": 20, ""max_features"": 0.8692080470551461, ""min_samples_leaf"": 9, ""n_estimators"": 703}",COMPLETE
38,4.2738060121424475,2026-10-02 09:49:07.374413,2026-10-02 09:56:17.304945,0 days 00:07:09.930532,20,0.9077596980261833,10,844,"{""max_depth"": 20, ""max_features"": 0.9077596980261833, ""min_samples_leaf"": 10, ""n_estimators"": 844}",COMPLETE
39,4.281131544959386,2026-10-02 09:56:17.304997,2026-10-02 10:00:13.680585,0 days 00:03:56.375588,40,0.6602965019320057,8,606,"{""max_depth"": 40, ""max_features"": 0.6602965019320057, ""min_samples_leaf"": 8, ""n_estimators"": 606}",COMPLETE
40,4.279217500547817,2026-10-02 10:00:13.680663,2026-10-02 10:09:43.470494,0 days 00:09:29.789831,20,0.9804753559766873,7,951,"{""max_depth"": 20, ""max_features"": 0.9804753559766873, ""min_samples_leaf"": 7, ""n_estimators"": 951}",COMPLETE
41,4.277160278328526,2026-10-02 10:09:43.470547,2026-10-02 10:12:38.202308,0 days 00:02:54.731761,40,0.7972753438122666,9,378,"{""max_depth"": 40, ""max_features"": 0.7972753438122666, ""min_samples_leaf"": 9, ""n_estimators"": 378}",COMPLETE
42,4.275636611716714,2026-10-02 10:12:38.202362,2026-10-02 10:18:51.413217,0 days 00:06:13.210855,40,0.7052399587075175,9,912,"{""max_depth"": 40, ""max_features"": 0.7052399587075175, ""min_samples_leaf"": 9, ""n_estimators"": 912}",COMPLETE
43,4.2705689213244495,2026-10-02 10:18:51.413272,2026-10-02 10:26:41.220397,0 days 00:07:49.807125,0,0.8358986172513129,10,995,"{""max_depth"": 0, ""max_features"": 0.8358986172513129, ""min_samples_leaf"": 10, ""n_estimators"": 995}",COMPLETE
44,4.280498035540322,2026-10-02 10:26:41.220451,2026-10-02 10:33:01.756649,0 days 00:06:20.536198,10,0.815979596753036,9,920,"{""max_depth"": 10, ""max_features"": 0.815979596753036, ""min_samples_leaf"": 9, ""n_estimators"": 920}",COMPLETE
45,4.274279453827014,2026-10-02 10:33:01.756704,2026-10-02 10:39:10.008876,0 days 00:06:08.252172,40,0.9807855961986035,10,667,"{""max_depth"": 40, ""max_features"": 0.9807855961986035, ""min_samples_leaf"": 10, ""n_estimators"": 667}",COMPLETE
46,4.273222305363742,2026-10-02 10:39:10.008930,2026-10-02 10:42:49.755782,0 days 00:03:39.746852,30,0.9230311243716082,10,423,"{""max_depth"": 30, ""max_features"": 0.9230311243716082, ""min_samples_leaf"": 10, ""n_estimators"": 423}",COMPLETE
47,4.27242118062023,2026-10-02 10:42:49.755835,2026-10-02 10:51:33.741597,0 days 00:08:43.985762,30,0.9834812000949287,10,948,"{""max_depth"": 30, ""max_features"": 0.9834812000949287, ""min_samples_leaf"": 10, ""n_estimators"": 948}",COMPLETE
48,4.277604086982927,2026-10-02 10:51:33.741674,2026-10-02 10:57:07.454058,0 days 00:05:33.712384,30,0.9681839778975377,9,593,"{""max_depth"": 30, ""max_features"": 0.9681839778975377, ""min_samples_leaf"": 9, ""n_estimators"": 593}",COMPLETE
49,4.274183778418901,2026-10-02 10:57:07.454114,2026-10-02 11:03:50.131307,0 days 00:06:42.677193,0,0.8166515497196056,10,878,"{""max_depth"": 0, ""max_features"": 0.8166515497196056, ""min_samples_leaf"": 10, ""n_estimators"": 878}",COMPLETE
