number,value,datetime_start,datetime_complete,duration,params_colsample_bytree,params_learning_rate,params_max_depth,params_min_child_weight,params_n_estimators,params_reg_alpha,params_reg_lambda,params_subsample,system_attrs_tpe:relative_params:0,state
0,4.299777046669441,2026-10-02 06:27:39.083083,2026-10-02 06:27:46.542288,0 days 00:00:07.459205,0.7521258791466592,0.11387317092169064,7,11,1188,3.6905577292137624,0.0562793204741517,0.7118273996694524,,COMPLETE
1,4.201385244819541,2026-10-02 06:27:46.542364,2026-10-02 06:28:04.422525,0 days 00:00:17.880161,0.9479176468048627,0.036845938035010996,9,11,1935,0.002231090560744304,0.0019237305096546497,0.7840222805469661,,COMPLETE
2,4.27369676013497,2026-10-02 06:28:04.422607,2026-10-02 06:28:06.323462,0 days 00:00:01.900855,0.8594109949517064,0.16977763163336626,9,18,236,1.3246974647468452,0.07013219779945795,0.989309171116382,,COMPLETE
3,4.199706564680796,2026-10-02 06:28:06.323542,2026-10-02 06:28:07.208572,0 days 00:00:00.885030,0.5902633579933665,0.088153780513692,4,19,413,1.2500712230836255,0.011434638743472197,0.7609241608750359,,COMPLETE
4,4.202299069902672,2026-10-02 06:28:07.208647,2026-10-02 06:28:08.927328,0 days 00:00:01.718681,0.7318537978123298,0.06912670683424535,3,13,1021,0.5336803302756715,5.956516018710568,0.8060478613612108,,COMPLETE
5,4.175232404843036,2026-10-02 06:28:08.927401,2026-10-02 06:28:19.636212,0 days 00:00:10.708811,0.7694465087327116,0.04421291893432151,8,2,847,0.0032787264983352763,0.0069427294924301495,0.8333833577228338,,COMPLETE
6,4.141093684548966,2026-10-02 06:28:19.636294,2026-10-02 06:28:22.430214,0 days 00:00:02.793920,0.3714313675236196,0.03445441737078129,7,9,768,0.004418125737902547,0.006847105576684045,0.9941869190296131,,COMPLETE
7,4.177420747471717,2026-10-02 06:28:22.430299,2026-10-02 06:28:26.792630,0 days 00:00:04.362331,0.37726259881501356,0.023666956347875266,6,5,1376,0.003570522756718293,0.4220057397195018,0.5794847918227599,,COMPLETE
8,4.1280955486518875,2026-10-02 06:28:26.792708,2026-10-02 06:28:32.118693,0 days 00:00:05.325985,0.36726888552577414,0.035047075708368194,9,2,554,0.07492121411354245,8.050778165087026,0.918972453749402,,COMPLETE
9,4.259750584955195,2026-10-02 06:28:32.118758,2026-10-02 06:28:43.166537,0 days 00:00:11.047779,0.3841375928492182,0.07824023983213262,8,1,1959,0.002984770033451216,0.015295398277813725,0.6414034812882048,,COMPLETE
10,4.170949091571836,2026-10-02 06:28:43.166601,2026-10-02 06:28:57.125110,0 days 00:00:13.958509,0.6076662739540196,0.03564034261936082,10,7,1366,0.06630900947764848,0.274433689541592,0.9452212598059986,"{""colsample_bytree"": 0.6076662739540196, ""learning_rate"": 0.03564034261936082, ""max_depth"": 10, ""min_child_weight"": 7, ""n_estimators"": 1366, ""reg_alpha"": 0.06630900947764848, ""reg_lambda"": 0.274433689541592, ""subsample"": 0.9452212598059986}",COMPLETE
11,4.122171890330699,2026-10-02 06:28:57.125175,2026-10-02 06:29:02.470827,0 days 00:00:05.345652,0.37023581398948413,0.02769900112326703,9,1,478,1.1262529100504257,3.8638678237427775,0.9445024683717319,"{""colsample_bytree"": 0.37023581398948413, ""learning_rate"": 0.02769900112326703, ""max_depth"": 9, ""min_child_weight"": 1, ""n_estimators"": 478, ""reg_alpha"": 1.1262529100504257, ""reg_lambda"": 3.8638678237427775, ""subsample"": 0.9445024683717319}",COMPLETE
12,4.163222123313837,2026-10-02 06:29:02.470918,2026-10-02 06:29:09.158433,0 days 00:00:06.687515,0.43178213502675256,0.06455649551901527,10,1,498,5.826866950698469,5.589107156388151,0.9149544311486224,"{""colsample_bytree"": 0.43178213502675256, ""learning_rate"": 0.06455649551901527, ""max_depth"": 10, ""min_child_weight"": 1, ""n_estimators"": 498, ""reg_alpha"": 5.826866950698469, ""reg_lambda"": 5.589107156388151, ""subsample"": 0.9149544311486224}",COMPLETE
13,4.111191377944535,2026-10-02 06:29:09.158496,2026-10-02 06:29:13.165551,0 days 00:00:04.007055,0.39318412164058986,0.015179476016142814,8,5,671,0.19375139466922023,8.10551900570838,0.8816337863795115,"{""colsample_bytree"": 0.39318412164058986, ""learning_rate"": 0.015179476016142814, ""max_depth"": 8, ""min_child_weight"": 5, ""n_estimators"": 671, ""reg_alpha"": 0.19375139466922023, ""reg_lambda"": 8.10551900570838, ""subsample"": 0.8816337863795115}",COMPLETE
14,4.158906031385267,2026-10-02 06:29:13.165614,2026-10-02 06:29:19.953419,0 days 00:00:06.787805,0.41789622598373183,0.03037473523656929,9,6,869,1.0519209941894458,2.340233512139886,0.7171580394653593,"{""colsample_bytree"": 0.41789622598373183, ""learning_rate"": 0.03037473523656929, ""max_depth"": 9, ""min_child_weight"": 6, ""n_estimators"": 869, ""reg_alpha"": 1.0519209941894458, ""reg_lambda"": 2.340233512139886, ""subsample"": 0.7171580394653593}",COMPLETE
15,4.109324049605383,2026-10-02 06:29:19.953483,2026-10-02 06:29:25.130147,0 days 00:00:05.176664,0.4652641850216588,0.013779559043147148,10,2,355,0.20744142635825671,8.322405811229997,0.7171333889045786,"{""colsample_bytree"": 0.4652641850216588, ""learning_rate"": 0.013779559043147148, ""max_depth"": 10, ""min_child_weight"": 2, ""n_estimators"": 355, ""reg_alpha"": 0.20744142635825671, ""reg_lambda"": 8.322405811229997, ""subsample"": 0.7171333889045786}",COMPLETE
16,4.112904433606072,2026-10-02 06:29:25.130208,2026-10-02 06:29:29.900000,0 days 00:00:04.769792,0.5473701022659837,0.028357552513159866,10,3,353,0.17677474263039178,4.898562740513586,0.6825952546463689,"{""colsample_bytree"": 0.5473701022659837, ""learning_rate"": 0.028357552513159866, ""max_depth"": 10, ""min_child_weight"": 3, ""n_estimators"": 353, ""reg_alpha"": 0.17677474263039178, ""reg_lambda"": 4.898562740513586, ""subsample"": 0.6825952546463689}",COMPLETE
17,4.108817097188903,2026-10-02 06:29:29.900063,2026-10-02 06:29:35.490060,0 days 00:00:05.589997,0.34633160176946537,0.011165119153688547,9,7,934,0.2991274399394754,0.4309130553020466,0.7611538911090986,"{""colsample_bytree"": 0.34633160176946537, ""learning_rate"": 0.011165119153688547, ""max_depth"": 9, ""min_child_weight"": 7, ""n_estimators"": 934, ""reg_alpha"": 0.2991274399394754, ""reg_lambda"": 0.4309130553020466, ""subsample"": 0.7611538911090986}",COMPLETE
18,4.118937956997729,2026-10-02 06:29:35.490127,2026-10-02 06:29:43.727820,0 days 00:00:08.237693,0.5502596792270366,0.025060064601796835,9,2,607,1.236234273699552,0.6019034106670694,0.7657803386399846,"{""colsample_bytree"": 0.5502596792270366, ""learning_rate"": 0.025060064601796835, ""max_depth"": 9, ""min_child_weight"": 2, ""n_estimators"": 607, ""reg_alpha"": 1.236234273699552, ""reg_lambda"": 0.6019034106670694, ""subsample"": 0.7657803386399846}",COMPLETE
19,4.118410625165014,2026-10-02 06:29:43.727904,2026-10-02 06:29:53.728197,0 days 00:00:10.000293,0.47460986247066783,0.011676786747123958,9,6,1311,0.1590465961596198,1.000154718147303,0.7867928778609312,"{""colsample_bytree"": 0.47460986247066783, ""learning_rate"": 0.011676786747123958, ""max_depth"": 9, ""min_child_weight"": 6, ""n_estimators"": 1311, ""reg_alpha"": 0.1590465961596198, ""reg_lambda"": 1.000154718147303, ""subsample"": 0.7867928778609312}",COMPLETE
20,4.107559956592456,2026-10-02 06:29:53.728262,2026-10-02 06:30:02.024016,0 days 00:00:08.295754,0.6113088209445364,0.013598061819630927,10,2,489,0.01333943977591623,7.781891013102795,0.6480127373967514,"{""colsample_bytree"": 0.6113088209445364, ""learning_rate"": 0.013598061819630927, ""max_depth"": 10, ""min_child_weight"": 2, ""n_estimators"": 489, ""reg_alpha"": 0.01333943977591623, ""reg_lambda"": 7.781891013102795, ""subsample"": 0.6480127373967514}",COMPLETE
21,4.124455589418075,2026-10-02 06:30:02.024078,2026-10-02 06:30:06.047230,0 days 00:00:04.023152,0.3674446020695292,0.010792972264189262,9,1,376,0.5439356303854882,6.24773344206411,0.6460485443139601,"{""colsample_bytree"": 0.3674446020695292, ""learning_rate"": 0.010792972264189262, ""max_depth"": 9, ""min_child_weight"": 1, ""n_estimators"": 376, ""reg_alpha"": 0.5439356303854882, ""reg_lambda"": 6.24773344206411, ""subsample"": 0.6460485443139601}",COMPLETE
22,4.107655985596124,2026-10-02 06:30:06.047292,2026-10-02 06:30:10.683474,0 days 00:00:04.636182,0.5260960654041063,0.014403624383331766,9,6,588,0.049232180976735276,1.5810239866185332,0.5926268147672547,"{""colsample_bytree"": 0.5260960654041063, ""learning_rate"": 0.014403624383331766, ""max_depth"": 9, ""min_child_weight"": 6, ""n_estimators"": 588, ""reg_alpha"": 0.049232180976735276, ""reg_lambda"": 1.5810239866185332, ""subsample"": 0.5926268147672547}",COMPLETE
23,4.103248769873741,2026-10-02 06:30:10.683536,2026-10-02 06:30:20.194257,0 days 00:00:09.510721,0.4807174914023258,0.010901591683880846,10,2,711,0.0026025467954961584,4.4707132584421885,0.5299613320580782,"{""colsample_bytree"": 0.4807174914023258, ""learning_rate"": 0.010901591683880846, ""max_depth"": 10, ""min_child_weight"": 2, ""n_estimators"": 711, ""reg_alpha"": 0.0026025467954961584, ""reg_lambda"": 4.4707132584421885, ""subsample"": 0.5299613320580782}",COMPLETE
24,4.095653676179298,2026-10-02 06:30:20.194322,2026-10-02 06:30:25.655477,0 days 00:00:05.461155,0.45357943534525025,0.012637722346885398,10,3,458,0.0022861885798797885,3.32778262314793,0.5588846532229275,"{""colsample_bytree"": 0.45357943534525025, ""learning_rate"": 0.012637722346885398, ""max_depth"": 10, ""min_child_weight"": 3, ""n_estimators"": 458, ""reg_alpha"": 0.0022861885798797885, ""reg_lambda"": 3.32778262314793, ""subsample"": 0.5588846532229275}",COMPLETE
25,4.118008154916042,2026-10-02 06:30:25.655537,2026-10-02 06:30:30.647325,0 days 00:00:04.991788,0.4080933533681482,0.02703456355760744,10,3,480,0.006124452625815636,4.573080154378436,0.5895448758003243,"{""colsample_bytree"": 0.4080933533681482, ""learning_rate"": 0.02703456355760744, ""max_depth"": 10, ""min_child_weight"": 3, ""n_estimators"": 480, ""reg_alpha"": 0.006124452625815636, ""reg_lambda"": 4.573080154378436, ""subsample"": 0.5895448758003243}",COMPLETE
26,4.1117229920512495,2026-10-02 06:30:30.647389,2026-10-02 06:30:33.519141,0 days 00:00:02.871752,0.5466478024534991,0.014950096221090942,10,4,236,0.003525653164829048,1.7062777170911076,0.586265608810969,"{""colsample_bytree"": 0.5466478024534991, ""learning_rate"": 0.014950096221090942, ""max_depth"": 10, ""min_child_weight"": 4, ""n_estimators"": 236, ""reg_alpha"": 0.003525653164829048, ""reg_lambda"": 1.7062777170911076, ""subsample"": 0.586265608810969}",COMPLETE
27,4.097751981951906,2026-10-02 06:30:33.519199,2026-10-02 06:30:41.481251,0 days 00:00:07.962052,0.5018571087542382,0.014692343546658476,10,2,536,0.0011916724302375322,4.430369491356147,0.6525192659203906,"{""colsample_bytree"": 0.5018571087542382, ""learning_rate"": 0.014692343546658476, ""max_depth"": 10, ""min_child_weight"": 2, ""n_estimators"": 536, ""reg_alpha"": 0.0011916724302375322, ""reg_lambda"": 4.430369491356147, ""subsample"": 0.6525192659203906}",COMPLETE
28,4.10096718319024,2026-10-02 06:30:41.481313,2026-10-02 06:30:57.804322,0 days 00:00:16.323009,0.5316256946316584,0.010268735994471772,10,1,869,0.0027751192488191683,5.986510070538227,0.5949224486419131,"{""colsample_bytree"": 0.5316256946316584, ""learning_rate"": 0.010268735994471772, ""max_depth"": 10, ""min_child_weight"": 1, ""n_estimators"": 869, ""reg_alpha"": 0.0027751192488191683, ""reg_lambda"": 5.986510070538227, ""subsample"": 0.5949224486419131}",COMPLETE
29,4.119829883182391,2026-10-02 06:30:57.804386,2026-10-02 06:31:09.269242,0 days 00:00:11.464856,0.5360359634735682,0.017200218707596394,9,4,1236,0.005410319139635817,4.193861107817578,0.5754107992986315,"{""colsample_bytree"": 0.5360359634735682, ""learning_rate"": 0.017200218707596394, ""max_depth"": 9, ""min_child_weight"": 4, ""n_estimators"": 1236, ""reg_alpha"": 0.005410319139635817, ""reg_lambda"": 4.193861107817578, ""subsample"": 0.5754107992986315}",COMPLETE
30,4.140619694006904,2026-10-02 06:31:09.269304,2026-10-02 06:31:27.466172,0 days 00:00:18.196868,0.45704745866783597,0.02061432963123291,10,1,1106,0.001884690781093077,4.568195689831013,0.5132799621590188,"{""colsample_bytree"": 0.45704745866783597, ""learning_rate"": 0.02061432963123291, ""max_depth"": 10, ""min_child_weight"": 1, ""n_estimators"": 1106, ""reg_alpha"": 0.001884690781093077, ""reg_lambda"": 4.568195689831013, ""subsample"": 0.5132799621590188}",COMPLETE
31,4.110688532528051,2026-10-02 06:31:27.466234,2026-10-02 06:31:34.452258,0 days 00:00:06.986024,0.5766374574904963,0.0166628496098271,9,2,605,0.0026594730010330195,2.8754667867889614,0.5232246529171768,"{""colsample_bytree"": 0.5766374574904963, ""learning_rate"": 0.0166628496098271, ""max_depth"": 9, ""min_child_weight"": 2, ""n_estimators"": 605, ""reg_alpha"": 0.0026594730010330195, ""reg_lambda"": 2.8754667867889614, ""subsample"": 0.5232246529171768}",COMPLETE
32,4.10505159507584,2026-10-02 06:31:34.452317,2026-10-02 06:31:41.416074,0 days 00:00:06.963757,0.4524799123862283,0.010105823319137591,9,3,772,0.0013464190606149206,6.377867393599682,0.5549172937725775,"{""colsample_bytree"": 0.4524799123862283, ""learning_rate"": 0.010105823319137591, ""max_depth"": 9, ""min_child_weight"": 3, ""n_estimators"": 772, ""reg_alpha"": 0.0013464190606149206, ""reg_lambda"": 6.377867393599682, ""subsample"": 0.5549172937725775}",COMPLETE
33,4.100938751797724,2026-10-02 06:31:41.416137,2026-10-02 06:31:51.135305,0 days 00:00:09.719168,0.4389641110643061,0.011039439953399668,10,2,762,0.006480939273979311,1.1960666299717646,0.5984864820784543,"{""colsample_bytree"": 0.4389641110643061, ""learning_rate"": 0.011039439953399668, ""max_depth"": 10, ""min_child_weight"": 2, ""n_estimators"": 762, ""reg_alpha"": 0.006480939273979311, ""reg_lambda"": 1.1960666299717646, ""subsample"": 0.5984864820784543}",COMPLETE
34,4.105838616271936,2026-10-02 06:31:51.135373,2026-10-02 06:32:06.470728,0 days 00:00:15.335355,0.48473350513833025,0.010152109890330415,10,2,1053,0.0017756729372959052,3.895289709686575,0.6577810451045352,"{""colsample_bytree"": 0.48473350513833025, ""learning_rate"": 0.010152109890330415, ""max_depth"": 10, ""min_child_weight"": 2, ""n_estimators"": 1053, ""reg_alpha"": 0.0017756729372959052, ""reg_lambda"": 3.895289709686575, ""subsample"": 0.6577810451045352}",COMPLETE
35,4.105933938476863,2026-10-02 06:32:06.470793,2026-10-02 06:32:16.139617,0 days 00:00:09.668824,0.5368352729405186,0.013545367450761446,9,2,828,0.008349028341012674,6.351224339028213,0.6017897047424525,"{""colsample_bytree"": 0.5368352729405186, ""learning_rate"": 0.013545367450761446, ""max_depth"": 9, ""min_child_weight"": 2, ""n_estimators"": 828, ""reg_alpha"": 0.008349028341012674, ""reg_lambda"": 6.351224339028213, ""subsample"": 0.6017897047424525}",COMPLETE
36,4.122574831662933,2026-10-02 06:32:16.139679,2026-10-02 06:32:23.197626,0 days 00:00:07.057947,0.42288526036881535,0.01922912392293306,10,6,843,0.008424751300901211,8.813018205093382,0.6462250470246007,"{""colsample_bytree"": 0.42288526036881535, ""learning_rate"": 0.01922912392293306, ""max_depth"": 10, ""min_child_weight"": 6, ""n_estimators"": 843, ""reg_alpha"": 0.008424751300901211, ""reg_lambda"": 8.813018205093382, ""subsample"": 0.6462250470246007}",COMPLETE
37,4.106173064302361,2026-10-02 06:32:23.197690,2026-10-02 06:32:26.588810,0 days 00:00:03.391120,0.4725772252377092,0.01953639153347301,10,5,341,0.002832286508296762,4.161662438570057,0.6892907275744704,"{""colsample_bytree"": 0.4725772252377092, ""learning_rate"": 0.01953639153347301, ""max_depth"": 10, ""min_child_weight"": 5, ""n_estimators"": 341, ""reg_alpha"": 0.002832286508296762, ""reg_lambda"": 4.161662438570057, ""subsample"": 0.6892907275744704}",COMPLETE
38,4.127885591506643,2026-10-02 06:32:26.588905,2026-10-02 06:32:35.088528,0 days 00:00:08.499623,0.4428826439416665,0.01843033628493815,9,1,707,0.0014038135385901094,0.9830583392096479,0.6340113007450269,"{""colsample_bytree"": 0.4428826439416665, ""learning_rate"": 0.01843033628493815, ""max_depth"": 9, ""min_child_weight"": 1, ""n_estimators"": 707, ""reg_alpha"": 0.0014038135385901094, ""reg_lambda"": 0.9830583392096479, ""subsample"": 0.6340113007450269}",COMPLETE
39,4.129953694272538,2026-10-02 06:32:35.088590,2026-10-02 06:32:50.614772,0 days 00:00:15.526182,0.5559204496700304,0.0169863178272406,10,2,908,0.002294155095458874,1.064555210694493,0.6508593676209868,"{""colsample_bytree"": 0.5559204496700304, ""learning_rate"": 0.0169863178272406, ""max_depth"": 10, ""min_child_weight"": 2, ""n_estimators"": 908, ""reg_alpha"": 0.002294155095458874, ""reg_lambda"": 1.064555210694493, ""subsample"": 0.6508593676209868}",COMPLETE
40,4.112560805273606,2026-10-02 06:32:50.614841,2026-10-02 06:32:55.100228,0 days 00:00:04.485387,0.464466205548754,0.017310760819366507,10,4,424,0.0010420327663906808,0.7146692195273939,0.5746028346576295,"{""colsample_bytree"": 0.464466205548754, ""learning_rate"": 0.017310760819366507, ""max_depth"": 10, ""min_child_weight"": 4, ""n_estimators"": 424, ""reg_alpha"": 0.0010420327663906808, ""reg_lambda"": 0.7146692195273939, ""subsample"": 0.5746028346576295}",COMPLETE
41,4.104924761088889,2026-10-02 06:32:55.100292,2026-10-02 06:33:01.504331,0 days 00:00:06.404039,0.330534734616048,0.014163957128985176,10,3,670,0.0037256207934531437,2.9371870241428417,0.5695698555968584,"{""colsample_bytree"": 0.330534734616048, ""learning_rate"": 0.014163957128985176, ""max_depth"": 10, ""min_child_weight"": 3, ""n_estimators"": 670, ""reg_alpha"": 0.0037256207934531437, ""reg_lambda"": 2.9371870241428417, ""subsample"": 0.5695698555968584}",COMPLETE
42,4.0871140358800195,2026-10-02 06:33:01.504395,2026-10-02 06:33:07.876140,0 days 00:00:06.371745,0.5583245506322023,0.0113088904386253,10,6,660,0.0032836760259636285,2.8321115288712853,0.5251834065700046,"{""colsample_bytree"": 0.5583245506322023, ""learning_rate"": 0.0113088904386253, ""max_depth"": 10, ""min_child_weight"": 6, ""n_estimators"": 660, ""reg_alpha"": 0.0032836760259636285, ""reg_lambda"": 2.8321115288712853, ""subsample"": 0.5251834065700046}",COMPLETE
43,4.0991971960736855,2026-10-02 06:33:07.876201,2026-10-02 06:33:13.746256,0 days 00:00:05.870055,0.3809177615658029,0.012277128895661626,10,6,744,0.00711796332778917,7.499531187636514,0.5849119073524999,"{""colsample_bytree"": 0.3809177615658029, ""learning_rate"": 0.012277128895661626, ""max_depth"": 10, ""min_child_weight"": 6, ""n_estimators"": 744, ""reg_alpha"": 0.00711796332778917, ""reg_lambda"": 7.499531187636514, ""subsample"": 0.5849119073524999}",COMPLETE
44,4.1151696647617975,2026-10-02 06:33:13.746318,2026-10-02 06:33:20.824369,0 days 00:00:07.078051,0.5079694239482268,0.021488578561904673,10,4,642,0.0022850248797504705,9.68776004542424,0.5480772405078119,"{""colsample_bytree"": 0.5079694239482268, ""learning_rate"": 0.021488578561904673, ""max_depth"": 10, ""min_child_weight"": 4, ""n_estimators"": 642, ""reg_alpha"": 0.0022850248797504705, ""reg_lambda"": 9.68776004542424, ""subsample"": 0.5480772405078119}",COMPLETE
45,4.107365208608772,2026-10-02 06:33:20.824435,2026-10-02 06:33:25.258137,0 days 00:00:04.433702,0.4572508162935687,0.011431584125053134,9,3,441,0.0032199605862991126,1.9054459676591333,0.6562255695782535,"{""colsample_bytree"": 0.4572508162935687, ""learning_rate"": 0.011431584125053134, ""max_depth"": 9, ""min_child_weight"": 3, ""n_estimators"": 441, ""reg_alpha"": 0.0032199605862991126, ""reg_lambda"": 1.9054459676591333, ""subsample"": 0.6562255695782535}",COMPLETE
46,4.106747684387607,2026-10-02 06:33:25.258200,2026-10-02 06:33:34.066447,0 days 00:00:08.808247,0.4520732839625202,0.016320584512526205,9,1,674,0.008159213124111333,1.4336859893411629,0.590418820138862,"{""colsample_bytree"": 0.4520732839625202, ""learning_rate"": 0.016320584512526205, ""max_depth"": 9, ""min_child_weight"": 1, ""n_estimators"": 674, ""reg_alpha"": 0.008159213124111333, ""reg_lambda"": 1.4336859893411629, ""subsample"": 0.590418820138862}",COMPLETE
47,4.096510079150312,2026-10-02 06:33:34.066511,2026-10-02 06:33:42.156089,0 days 00:00:08.089578,0.5721105103753025,0.011543755166401529,10,4,683,0.001674525288304594,7.052225767586212,0.5207066777961071,"{""colsample_bytree"": 0.5721105103753025, ""learning_rate"": 0.011543755166401529, ""max_depth"": 10, ""min_child_weight"": 4, ""n_estimators"": 683, ""reg_alpha"": 0.001674525288304594, ""reg_lambda"": 7.052225767586212, ""subsample"": 0.5207066777961071}",COMPLETE
48,4.104098845761507,2026-10-02 06:33:42.156154,2026-10-02 06:33:48.921585,0 days 00:00:06.765431,0.42152569609242224,0.013064113031616238,10,1,425,0.0025582856216451,3.4969045526245277,0.5982562101316288,"{""colsample_bytree"": 0.42152569609242224, ""learning_rate"": 0.013064113031616238, ""max_depth"": 10, ""min_child_weight"": 1, ""n_estimators"": 425, ""reg_alpha"": 0.0025582856216451, ""reg_lambda"": 3.4969045526245277, ""subsample"": 0.5982562101316288}",COMPLETE
49,4.124735511589598,2026-10-02 06:33:48.921650,2026-10-02 06:33:58.671721,0 days 00:00:09.750071,0.599913234021403,0.018799995496523295,10,5,880,0.0013874893813908727,5.356747243553941,0.5404912048107323,"{""colsample_bytree"": 0.599913234021403, ""learning_rate"": 0.018799995496523295, ""max_depth"": 10, ""min_child_weight"": 5, ""n_estimators"": 880, ""reg_alpha"": 0.0013874893813908727, ""reg_lambda"": 5.356747243553941, ""subsample"": 0.5404912048107323}",COMPLETE
