number,value,datetime_start,datetime_complete,duration,params_alpha,system_attrs_tpe:relative_params:0,state
0,4.05137622356949,2026-10-02 06:24:49.774933,2026-10-02 06:24:50.057359,0 days 00:00:00.282426,1.96282248134428,,COMPLETE
1,4.040818674719685,2026-10-02 06:24:50.057424,2026-10-02 06:24:50.621444,0 days 00:00:00.564020,19.549524484259873,,COMPLETE
2,4.043683576405158,2026-10-02 06:24:50.621507,2026-10-02 06:24:51.037160,0 days 00:00:00.415653,4.135997393839888,,COMPLETE
3,4.052038649990425,2026-10-02 06:24:51.037225,2026-10-02 06:24:51.494341,0 days 00:00:00.457116,1.8590843630169627,,COMPLETE
4,4.0774844506446835,2026-10-02 06:24:51.494405,2026-10-02 06:24:51.985343,0 days 00:00:00.490938,0.348280208702833,,COMPLETE
5,4.040020601011399,2026-10-02 06:24:51.985399,2026-10-02 06:24:52.282579,0 days 00:00:00.297180,7.505241622349544,,COMPLETE
6,4.0741170984500075,2026-10-02 06:24:52.282639,2026-10-02 06:24:52.594361,0 days 00:00:00.311722,0.4222048983149828,,COMPLETE
7,4.097028668325895,2026-10-02 06:24:52.594430,2026-10-02 06:24:53.090412,0 days 00:00:00.495982,224.2012371372442,,COMPLETE
8,4.137573809705493,2026-10-02 06:24:53.090474,2026-10-02 06:24:53.606351,0 days 00:00:00.515877,605.3082080079017,,COMPLETE
9,4.087556667016097,2026-10-02 06:24:53.606402,2026-10-02 06:24:54.259435,0 days 00:00:00.653033,0.1998246739232945,,COMPLETE
10,4.128275302694344,2026-10-02 06:24:54.259487,2026-10-02 06:24:54.809318,0 days 00:00:00.549831,0.00243777399563589,"{""alpha"": 0.00243777399563589}",COMPLETE
11,4.04814641982826,2026-10-02 06:24:54.809369,2026-10-02 06:24:55.268516,0 days 00:00:00.459147,38.7243731605857,"{""alpha"": 38.7243731605857}",COMPLETE
12,4.046135008170629,2026-10-02 06:24:55.268566,2026-10-02 06:24:55.759443,0 days 00:00:00.490877,33.736441805934916,"{""alpha"": 33.736441805934916}",COMPLETE
13,4.041522981784127,2026-10-02 06:24:55.759494,2026-10-02 06:24:55.868349,0 days 00:00:00.108855,21.69007573711376,"{""alpha"": 21.69007573711376}",COMPLETE
14,4.120451148969624,2026-10-02 06:24:55.868401,2026-10-02 06:24:56.281346,0 days 00:00:00.412945,0.019611938573593016,"{""alpha"": 0.019611938573593016}",COMPLETE
15,4.0393438756763205,2026-10-02 06:24:56.281399,2026-10-02 06:24:56.765416,0 days 00:00:00.484017,9.614926540692217,"{""alpha"": 9.614926540692217}",COMPLETE
16,4.0815509883996155,2026-10-02 06:24:56.765467,2026-10-02 06:24:57.260423,0 days 00:00:00.494956,145.42959459716076,"{""alpha"": 145.42959459716076}",COMPLETE
17,4.040984292958141,2026-10-02 06:24:57.260476,2026-10-02 06:24:57.665553,0 days 00:00:00.405077,6.1070355699153005,"{""alpha"": 6.1070355699153005}",COMPLETE
18,4.109905295070185,2026-10-02 06:24:57.665606,2026-10-02 06:24:58.104366,0 days 00:00:00.438760,0.05246168561641169,"{""alpha"": 0.05246168561641169}",COMPLETE
19,4.061190978022032,2026-10-02 06:24:58.104417,2026-10-02 06:24:58.496510,0 days 00:00:00.392093,0.945813816842651,"{""alpha"": 0.945813816842651}",COMPLETE
20,4.039630536884321,2026-10-02 06:24:58.496561,2026-10-02 06:24:58.997361,0 days 00:00:00.500800,8.442840343527704,"{""alpha"": 8.442840343527704}",COMPLETE
21,4.039391300164348,2026-10-02 06:24:58.997412,2026-10-02 06:24:59.632436,0 days 00:00:00.635024,9.355237395310382,"{""alpha"": 9.355237395310382}",COMPLETE
22,4.05925054856446,2026-10-02 06:24:59.632485,2026-10-02 06:25:00.198483,0 days 00:00:00.565998,67.7536672098911,"{""alpha"": 67.7536672098911}",COMPLETE
23,4.039314091308834,2026-10-02 06:25:00.198536,2026-10-02 06:25:00.670389,0 days 00:00:00.471853,9.80639356954125,"{""alpha"": 9.80639356954125}",COMPLETE
24,4.074728451879923,2026-10-02 06:25:00.670440,2026-10-02 06:25:01.150403,0 days 00:00:00.479963,117.99306516815159,"{""alpha"": 117.99306516815159}",COMPLETE
25,4.15075681116076,2026-10-02 06:25:01.150456,2026-10-02 06:25:01.586513,0 days 00:00:00.436057,813.3882605415594,"{""alpha"": 813.3882605415594}",COMPLETE
26,4.052400702204426,2026-10-02 06:25:01.586566,2026-10-02 06:25:02.126581,0 days 00:00:00.540015,1.8054424249919454,"{""alpha"": 1.8054424249919454}",COMPLETE
27,4.040033187860549,2026-10-02 06:25:02.126636,2026-10-02 06:25:02.650359,0 days 00:00:00.523723,7.480659312318921,"{""alpha"": 7.480659312318921}",COMPLETE
28,4.098234474399978,2026-10-02 06:25:02.650413,2026-10-02 06:25:03.068488,0 days 00:00:00.418075,0.11032421493351248,"{""alpha"": 0.11032421493351248}",COMPLETE
29,4.0598955832736925,2026-10-02 06:25:03.068541,2026-10-02 06:25:03.671353,0 days 00:00:00.602812,1.033799038545709,"{""alpha"": 1.033799038545709}",COMPLETE
