number,value,datetime_start,datetime_complete,duration,params_colsample_bytree,params_learning_rate,params_max_depth,params_min_child_weight,params_n_estimators,params_reg_alpha,params_reg_lambda,params_subsample,system_attrs_tpe:relative_params:0,state
0,4.451958540429626,2026-10-02 06:36:05.357874,2026-10-02 06:37:52.084919,0 days 00:01:46.727045,0.7521258791466592,0.11387317092169064,7,11,1188,3.6905577292137624,0.0562793204741517,0.7118273996694524,,COMPLETE
1,4.386101195776544,2026-10-02 06:37:52.084996,2026-10-02 06:42:40.607198,0 days 00:04:48.522202,0.9479176468048627,0.036845938035010996,9,11,1935,0.002231090560744304,0.0019237305096546497,0.7840222805469661,,COMPLETE
2,4.4748869238631235,2026-10-02 06:42:40.607278,2026-10-02 06:43:17.878662,0 days 00:00:37.271384,0.8594109949517064,0.16977763163336626,9,18,236,1.3246974647468452,0.07013219779945795,0.989309171116382,,COMPLETE
3,4.3341037248914125,2026-10-02 06:43:17.878736,2026-10-02 06:43:29.552074,0 days 00:00:11.673338,0.5902633579933665,0.088153780513692,4,19,413,1.2500712230836255,0.011434638743472197,0.7609241608750359,,COMPLETE
4,4.34131452971544,2026-10-02 06:43:29.552147,2026-10-02 06:43:50.712184,0 days 00:00:21.160037,0.7318537978123298,0.06912670683424535,3,13,1021,0.5336803302756715,5.956516018710568,0.8060478613612108,,COMPLETE
5,4.353503543458573,2026-10-02 06:43:50.712252,2026-10-02 06:46:37.289691,0 days 00:02:46.577439,0.7694465087327116,0.04421291893432151,8,2,847,0.0032787264983352763,0.0069427294924301495,0.8333833577228338,,COMPLETE
6,4.3486564094186235,2026-10-02 06:46:37.289762,2026-10-02 06:47:19.740225,0 days 00:00:42.450463,0.3714313675236196,0.03445441737078129,7,9,768,0.004418125737902547,0.006847105576684045,0.9941869190296131,,COMPLETE
7,4.352553495231806,2026-10-02 06:47:19.740314,2026-10-02 06:48:24.346079,0 days 00:01:04.605765,0.37726259881501356,0.023666956347875266,6,5,1376,0.003570522756718293,0.4220057397195018,0.5794847918227599,,COMPLETE
8,4.341713801520906,2026-10-02 06:48:24.346150,2026-10-02 06:50:15.709911,0 days 00:01:51.363761,0.36726888552577414,0.035047075708368194,9,2,554,0.07492121411354245,8.050778165087026,0.918972453749402,,COMPLETE
9,4.465736661525267,2026-10-02 06:50:15.709975,2026-10-02 06:53:20.017712,0 days 00:03:04.307737,0.3841375928492182,0.07824023983213262,8,1,1959,0.002984770033451216,0.015295398277813725,0.6414034812882048,,COMPLETE
10,4.2492997771514895,2026-10-02 06:53:20.017776,2026-10-02 06:53:47.955671,0 days 00:00:27.937895,0.8364372712382113,0.017765350150331927,4,20,755,2.780697429121134,0.008458948044477712,0.7185040678741014,"{""colsample_bytree"": 0.8364372712382113, ""learning_rate"": 0.017765350150331927, ""max_depth"": 4, ""min_child_weight"": 20, ""n_estimators"": 755, ""reg_alpha"": 2.780697429121134, ""reg_lambda"": 0.008458948044477712, ""subsample"": 0.7185040678741014}",COMPLETE
11,4.255044316889584,2026-10-02 06:53:47.955734,2026-10-02 06:54:15.137152,0 days 00:00:27.181418,0.786066804907249,0.02053881887488826,4,15,745,4.081099890568692,0.008794503036386186,0.7651625179194063,"{""colsample_bytree"": 0.786066804907249, ""learning_rate"": 0.02053881887488826, ""max_depth"": 4, ""min_child_weight"": 15, ""n_estimators"": 745, ""reg_alpha"": 4.081099890568692, ""reg_lambda"": 0.008794503036386186, ""subsample"": 0.7651625179194063}",COMPLETE
12,4.254947599388463,2026-10-02 06:54:15.137216,2026-10-02 06:54:26.449155,0 days 00:00:11.311939,0.8706438099494156,0.01710933588338608,3,17,471,0.62161470955068,0.006956393963330056,0.68704209294434,"{""colsample_bytree"": 0.8706438099494156, ""learning_rate"": 0.01710933588338608, ""max_depth"": 3, ""min_child_weight"": 17, ""n_estimators"": 471, ""reg_alpha"": 0.62161470955068, ""reg_lambda"": 0.006956393963330056, ""subsample"": 0.68704209294434}",COMPLETE
13,4.237110422014621,2026-10-02 06:54:26.449223,2026-10-02 06:54:46.716266,0 days 00:00:20.267043,0.9303124713557015,0.023476380272624494,3,19,795,7.870614078029032,0.04657761780700556,0.5660917288303292,"{""colsample_bytree"": 0.9303124713557015, ""learning_rate"": 0.023476380272624494, ""max_depth"": 3, ""min_child_weight"": 19, ""n_estimators"": 795, ""reg_alpha"": 7.870614078029032, ""reg_lambda"": 0.04657761780700556, ""subsample"": 0.5660917288303292}",COMPLETE
14,4.249646916547726,2026-10-02 06:54:46.716327,2026-10-02 06:55:14.404453,0 days 00:00:27.688126,0.8731057185159979,0.020900225923973458,3,15,1158,1.6329406339163544,0.01371263891719262,0.6090153782044603,"{""colsample_bytree"": 0.8731057185159979, ""learning_rate"": 0.020900225923973458, ""max_depth"": 3, ""min_child_weight"": 15, ""n_estimators"": 1158, ""reg_alpha"": 1.6329406339163544, ""reg_lambda"": 0.01371263891719262, ""subsample"": 0.6090153782044603}",COMPLETE
15,4.239843974728067,2026-10-02 06:55:14.404516,2026-10-02 06:55:45.436052,0 days 00:00:31.031536,0.9884551924856828,0.018529564240951694,3,15,1160,8.963484927658126,0.5586271282464557,0.5834964646050509,"{""colsample_bytree"": 0.9884551924856828, ""learning_rate"": 0.018529564240951694, ""max_depth"": 3, ""min_child_weight"": 15, ""n_estimators"": 1160, ""reg_alpha"": 8.963484927658126, ""reg_lambda"": 0.5586271282464557, ""subsample"": 0.5834964646050509}",COMPLETE
16,4.275547584067862,2026-10-02 06:55:45.436113,2026-10-02 06:56:14.251875,0 days 00:00:28.815762,0.814838057799882,0.027329898774680467,3,10,1438,6.10140102863615,0.13691277561714976,0.5120265997588653,"{""colsample_bytree"": 0.814838057799882, ""learning_rate"": 0.027329898774680467, ""max_depth"": 3, ""min_child_weight"": 10, ""n_estimators"": 1438, ""reg_alpha"": 6.10140102863615, ""reg_lambda"": 0.13691277561714976, ""subsample"": 0.5120265997588653}",COMPLETE
17,4.243170519131213,2026-10-02 06:56:14.251942,2026-10-02 06:56:42.811033,0 days 00:00:28.559091,0.8721725023669298,0.01885219748238405,4,19,770,2.4753621098392817,1.7187741521159754,0.5010829063724395,"{""colsample_bytree"": 0.8721725023669298, ""learning_rate"": 0.01885219748238405, ""max_depth"": 4, ""min_child_weight"": 19, ""n_estimators"": 770, ""reg_alpha"": 2.4753621098392817, ""reg_lambda"": 1.7187741521159754, ""subsample"": 0.5010829063724395}",COMPLETE
18,4.259211861512829,2026-10-02 06:56:42.811097,2026-10-02 06:57:03.585473,0 days 00:00:20.774376,0.9872843654811712,0.030111303914854906,3,16,789,0.30492392256801176,0.25045874494451287,0.6228684773236798,"{""colsample_bytree"": 0.9872843654811712, ""learning_rate"": 0.030111303914854906, ""max_depth"": 3, ""min_child_weight"": 16, ""n_estimators"": 789, ""reg_alpha"": 0.30492392256801176, ""reg_lambda"": 0.25045874494451287, ""subsample"": 0.6228684773236798}",COMPLETE
19,4.241035180155253,2026-10-02 06:57:03.585534,2026-10-02 06:57:25.374094,0 days 00:00:21.788560,0.9212210664374003,0.014732760756855996,3,14,834,9.23779809447897,0.12651370514946383,0.5973615453504725,"{""colsample_bytree"": 0.9212210664374003, ""learning_rate"": 0.014732760756855996, ""max_depth"": 3, ""min_child_weight"": 14, ""n_estimators"": 834, ""reg_alpha"": 9.23779809447897, ""reg_lambda"": 0.12651370514946383, ""subsample"": 0.5973615453504725}",COMPLETE
20,4.245550136165186,2026-10-02 06:57:25.374156,2026-10-02 06:58:31.349373,0 days 00:01:05.975217,0.9006527035860916,0.011078107460219817,4,14,1679,6.052338633810497,0.5715179904234365,0.5588520654747494,"{""colsample_bytree"": 0.9006527035860916, ""learning_rate"": 0.011078107460219817, ""max_depth"": 4, ""min_child_weight"": 14, ""n_estimators"": 1679, ""reg_alpha"": 6.052338633810497, ""reg_lambda"": 0.5715179904234365, ""subsample"": 0.5588520654747494}",COMPLETE
21,4.274575535867633,2026-10-02 06:58:31.349454,2026-10-02 06:58:55.594483,0 days 00:00:24.245029,0.9928023499505014,0.0369491901073757,3,10,901,1.8071169260727864,2.1888330670343485,0.5348699587468655,"{""colsample_bytree"": 0.9928023499505014, ""learning_rate"": 0.0369491901073757, ""max_depth"": 3, ""min_child_weight"": 10, ""n_estimators"": 901, ""reg_alpha"": 1.8071169260727864, ""reg_lambda"": 2.1888330670343485, ""subsample"": 0.5348699587468655}",COMPLETE
22,4.262208389830508,2026-10-02 06:58:55.594549,2026-10-02 06:59:07.322553,0 days 00:00:11.728004,0.9287860465458929,0.010154864486111628,3,15,529,9.999140024124207,0.07396053912894586,0.6738955005203714,"{""colsample_bytree"": 0.9287860465458929, ""learning_rate"": 0.010154864486111628, ""max_depth"": 3, ""min_child_weight"": 15, ""n_estimators"": 529, ""reg_alpha"": 9.999140024124207, ""reg_lambda"": 0.07396053912894586, ""subsample"": 0.6738955005203714}",COMPLETE
23,4.249857318187594,2026-10-02 06:59:07.322613,2026-10-02 06:59:23.485119,0 days 00:00:16.162506,0.803745955206609,0.03221929517250149,4,16,495,7.968922546336242,0.1118137778150122,0.5213885508415443,"{""colsample_bytree"": 0.803745955206609, ""learning_rate"": 0.03221929517250149, ""max_depth"": 4, ""min_child_weight"": 16, ""n_estimators"": 495, ""reg_alpha"": 7.968922546336242, ""reg_lambda"": 0.1118137778150122, ""subsample"": 0.5213885508415443}",COMPLETE
24,4.255186362371179,2026-10-02 06:59:23.485181,2026-10-02 06:59:46.131165,0 days 00:00:22.645984,0.8448873051943058,0.021460790011587096,3,18,1168,1.378859702073891,0.18199434935453856,0.5149309298745276,"{""colsample_bytree"": 0.8448873051943058, ""learning_rate"": 0.021460790011587096, ""max_depth"": 3, ""min_child_weight"": 18, ""n_estimators"": 1168, ""reg_alpha"": 1.378859702073891, ""reg_lambda"": 0.18199434935453856, ""subsample"": 0.5149309298745276}",COMPLETE
25,4.245148548058895,2026-10-02 06:59:46.131227,2026-10-02 07:00:30.108956,0 days 00:00:43.977729,0.9840282642404431,0.014449842908269865,4,20,1064,7.154730720896462,0.41618781496159657,0.7173601690047389,"{""colsample_bytree"": 0.9840282642404431, ""learning_rate"": 0.014449842908269865, ""max_depth"": 4, ""min_child_weight"": 20, ""n_estimators"": 1064, ""reg_alpha"": 7.154730720896462, ""reg_lambda"": 0.41618781496159657, ""subsample"": 0.7173601690047389}",COMPLETE
26,4.242410628755938,2026-10-02 07:00:30.109017,2026-10-02 07:00:52.574591,0 days 00:00:22.465574,0.9589532152315192,0.014441658886316752,3,17,1046,5.088069099009264,0.028854831168619217,0.6760398211896911,"{""colsample_bytree"": 0.9589532152315192, ""learning_rate"": 0.014441658886316752, ""max_depth"": 3, ""min_child_weight"": 17, ""n_estimators"": 1046, ""reg_alpha"": 5.088069099009264, ""reg_lambda"": 0.028854831168619217, ""subsample"": 0.6760398211896911}",COMPLETE
27,4.24311955343093,2026-10-02 07:00:52.574649,2026-10-02 07:01:20.078910,0 days 00:00:27.504261,0.9101738554478922,0.014868918193749872,3,20,1118,4.077510861162793,0.05449007294390165,0.5508150124905724,"{""colsample_bytree"": 0.9101738554478922, ""learning_rate"": 0.014868918193749872, ""max_depth"": 3, ""min_child_weight"": 20, ""n_estimators"": 1118, ""reg_alpha"": 4.077510861162793, ""reg_lambda"": 0.05449007294390165, ""subsample"": 0.5508150124905724}",COMPLETE
28,4.320694936846095,2026-10-02 07:01:20.078970,2026-10-02 07:02:14.903994,0 days 00:00:54.825024,0.9639288266619418,0.031501646229389856,4,19,1334,7.257542630932935,0.7484420201221541,0.6189919315180673,"{""colsample_bytree"": 0.9639288266619418, ""learning_rate"": 0.031501646229389856, ""max_depth"": 4, ""min_child_weight"": 19, ""n_estimators"": 1334, ""reg_alpha"": 7.257542630932935, ""reg_lambda"": 0.7484420201221541, ""subsample"": 0.6189919315180673}",COMPLETE
29,4.248360796175109,2026-10-02 07:02:14.904060,2026-10-02 07:02:51.740282,0 days 00:00:36.836222,0.9671193646329592,0.015298105079323887,4,17,932,4.429007658941522,0.11568446964615885,0.5220179520998561,"{""colsample_bytree"": 0.9671193646329592, ""learning_rate"": 0.015298105079323887, ""max_depth"": 4, ""min_child_weight"": 17, ""n_estimators"": 932, ""reg_alpha"": 4.429007658941522, ""reg_lambda"": 0.11568446964615885, ""subsample"": 0.5220179520998561}",COMPLETE
30,4.253870010444967,2026-10-02 07:02:51.740359,2026-10-02 07:03:18.178586,0 days 00:00:26.438227,0.8447993286088354,0.020735540928483117,4,14,824,1.5651736031136296,0.1375924611556122,0.6091186582964139,"{""colsample_bytree"": 0.8447993286088354, ""learning_rate"": 0.020735540928483117, ""max_depth"": 4, ""min_child_weight"": 14, ""n_estimators"": 824, ""reg_alpha"": 1.5651736031136296, ""reg_lambda"": 0.1375924611556122, ""subsample"": 0.6091186582964139}",COMPLETE
31,4.243755356789063,2026-10-02 07:03:18.178646,2026-10-02 07:03:39.714887,0 days 00:00:21.536241,0.9347246210092076,0.016688240616565805,3,11,862,3.0290568568148033,0.15546694995798088,0.5094342727549463,"{""colsample_bytree"": 0.9347246210092076, ""learning_rate"": 0.016688240616565805, ""max_depth"": 3, ""min_child_weight"": 11, ""n_estimators"": 862, ""reg_alpha"": 3.0290568568148033, ""reg_lambda"": 0.15546694995798088, ""subsample"": 0.5094342727549463}",COMPLETE
32,4.247422107769588,2026-10-02 07:03:39.714950,2026-10-02 07:04:04.443192,0 days 00:00:24.728242,0.8735062428908703,0.01145007821320903,3,12,1058,1.8532298939027,0.16525996343930285,0.5974492333470378,"{""colsample_bytree"": 0.8735062428908703, ""learning_rate"": 0.01145007821320903, ""max_depth"": 3, ""min_child_weight"": 12, ""n_estimators"": 1058, ""reg_alpha"": 1.8532298939027, ""reg_lambda"": 0.16525996343930285, ""subsample"": 0.5974492333470378}",COMPLETE
33,4.2802044164901885,2026-10-02 07:04:04.443256,2026-10-02 07:04:32.614217,0 days 00:00:28.170961,0.9065869445599324,0.026985674375299674,4,19,853,2.84718232736429,0.016901908448426803,0.5284778483713295,"{""colsample_bytree"": 0.9065869445599324, ""learning_rate"": 0.026985674375299674, ""max_depth"": 4, ""min_child_weight"": 19, ""n_estimators"": 853, ""reg_alpha"": 2.84718232736429, ""reg_lambda"": 0.016901908448426803, ""subsample"": 0.5284778483713295}",COMPLETE
34,4.25603652738562,2026-10-02 07:04:32.614277,2026-10-02 07:05:04.071926,0 days 00:00:31.457649,0.8688225942073632,0.0244372013646455,4,18,828,6.669013323413822,0.07081662524109204,0.6222528561352638,"{""colsample_bytree"": 0.8688225942073632, ""learning_rate"": 0.0244372013646455, ""max_depth"": 4, ""min_child_weight"": 18, ""n_estimators"": 828, ""reg_alpha"": 6.669013323413822, ""reg_lambda"": 0.07081662524109204, ""subsample"": 0.6222528561352638}",COMPLETE
35,4.240658140343345,2026-10-02 07:05:04.071987,2026-10-02 07:05:32.414582,0 days 00:00:28.342595,0.9404587519267552,0.0192052621740889,3,16,1130,5.399073621109294,0.261451105360256,0.6065366332185961,"{""colsample_bytree"": 0.9404587519267552, ""learning_rate"": 0.0192052621740889, ""max_depth"": 3, ""min_child_weight"": 16, ""n_estimators"": 1130, ""reg_alpha"": 5.399073621109294, ""reg_lambda"": 0.261451105360256, ""subsample"": 0.6065366332185961}",COMPLETE
36,4.24419780837871,2026-10-02 07:05:32.414640,2026-10-02 07:05:43.589209,0 days 00:00:11.174569,0.9732047945184026,0.027581349519929806,3,17,438,7.337622476531465,0.027334379122080428,0.5844627599454701,"{""colsample_bytree"": 0.9732047945184026, ""learning_rate"": 0.027581349519929806, ""max_depth"": 3, ""min_child_weight"": 17, ""n_estimators"": 438, ""reg_alpha"": 7.337622476531465, ""reg_lambda"": 0.027334379122080428, ""subsample"": 0.5844627599454701}",COMPLETE
37,4.260401451669676,2026-10-02 07:05:43.589268,2026-10-02 07:06:10.063851,0 days 00:00:26.474583,0.9563422998301594,0.024026340964325824,3,15,1055,8.615753891956283,0.403035703730338,0.5782709391621704,"{""colsample_bytree"": 0.9563422998301594, ""learning_rate"": 0.024026340964325824, ""max_depth"": 3, ""min_child_weight"": 15, ""n_estimators"": 1055, ""reg_alpha"": 8.615753891956283, ""reg_lambda"": 0.403035703730338, ""subsample"": 0.5782709391621704}",COMPLETE
38,4.246196211605285,2026-10-02 07:06:10.063912,2026-10-02 07:06:29.720323,0 days 00:00:19.656411,0.9816023238517703,0.014946610215745957,3,14,931,1.4271659808275186,0.2992088893968544,0.6872118191946635,"{""colsample_bytree"": 0.9816023238517703, ""learning_rate"": 0.014946610215745957, ""max_depth"": 3, ""min_child_weight"": 14, ""n_estimators"": 931, ""reg_alpha"": 1.4271659808275186, ""reg_lambda"": 0.2992088893968544, ""subsample"": 0.6872118191946635}",COMPLETE
39,4.243891932519735,2026-10-02 07:06:29.720382,2026-10-02 07:06:44.375392,0 days 00:00:14.655010,0.9278119017086736,0.018348866614609518,3,16,707,4.9822719648900895,0.1523788154199756,0.6780819175781524,"{""colsample_bytree"": 0.9278119017086736, ""learning_rate"": 0.018348866614609518, ""max_depth"": 3, ""min_child_weight"": 16, ""n_estimators"": 707, ""reg_alpha"": 4.9822719648900895, ""reg_lambda"": 0.1523788154199756, ""subsample"": 0.6780819175781524}",COMPLETE
40,4.237192363356971,2026-10-02 07:06:44.375473,2026-10-02 07:07:10.351334,0 days 00:00:25.975861,0.9161983993186379,0.011757282352335599,4,19,700,3.1555928420070396,0.10482295818136263,0.5945807356227134,"{""colsample_bytree"": 0.9161983993186379, ""learning_rate"": 0.011757282352335599, ""max_depth"": 4, ""min_child_weight"": 19, ""n_estimators"": 700, ""reg_alpha"": 3.1555928420070396, ""reg_lambda"": 0.10482295818136263, ""subsample"": 0.5945807356227134}",COMPLETE
41,4.245968651169939,2026-10-02 07:07:10.351397,2026-10-02 07:07:29.111313,0 days 00:00:18.759916,0.9411902336802489,0.02235842373395794,3,17,758,6.258244217844182,0.014027238863417276,0.5742770291641005,"{""colsample_bytree"": 0.9411902336802489, ""learning_rate"": 0.02235842373395794, ""max_depth"": 3, ""min_child_weight"": 17, ""n_estimators"": 758, ""reg_alpha"": 6.258244217844182, ""reg_lambda"": 0.014027238863417276, ""subsample"": 0.5742770291641005}",COMPLETE
42,4.232615347622521,2026-10-02 07:07:29.111373,2026-10-02 07:07:57.749349,0 days 00:00:28.637976,0.9360552838827211,0.014953879920963632,4,20,750,5.3290692362892855,0.10596395967310278,0.5927799161289041,"{""colsample_bytree"": 0.9360552838827211, ""learning_rate"": 0.014953879920963632, ""max_depth"": 4, ""min_child_weight"": 20, ""n_estimators"": 750, ""reg_alpha"": 5.3290692362892855, ""reg_lambda"": 0.10596395967310278, ""subsample"": 0.5927799161289041}",COMPLETE
43,4.233048987522422,2026-10-02 07:07:57.749430,2026-10-02 07:08:30.908609,0 days 00:00:33.159179,0.9486262111249526,0.011287586114195825,5,20,666,1.7892579133814652,0.06748977517501972,0.5761300496657081,"{""colsample_bytree"": 0.9486262111249526, ""learning_rate"": 0.011287586114195825, ""max_depth"": 5, ""min_child_weight"": 20, ""n_estimators"": 666, ""reg_alpha"": 1.7892579133814652, ""reg_lambda"": 0.06748977517501972, ""subsample"": 0.5761300496657081}",COMPLETE
44,4.229053873066292,2026-10-02 07:08:30.908670,2026-10-02 07:08:56.772983,0 days 00:00:25.864313,0.8851918934701486,0.010837211260280082,5,20,466,4.28314114825334,0.05033849464365756,0.5939299845162122,"{""colsample_bytree"": 0.8851918934701486, ""learning_rate"": 0.010837211260280082, ""max_depth"": 5, ""min_child_weight"": 20, ""n_estimators"": 466, ""reg_alpha"": 4.28314114825334, ""reg_lambda"": 0.05033849464365756, ""subsample"": 0.5939299845162122}",COMPLETE
45,4.241548263071032,2026-10-02 07:08:56.773045,2026-10-02 07:09:30.891338,0 days 00:00:34.118293,0.9165706719049148,0.014197338722200968,5,18,631,2.1826294209822517,0.1413190508380878,0.6115539178059054,"{""colsample_bytree"": 0.9165706719049148, ""learning_rate"": 0.014197338722200968, ""max_depth"": 5, ""min_child_weight"": 18, ""n_estimators"": 631, ""reg_alpha"": 2.1826294209822517, ""reg_lambda"": 0.1413190508380878, ""subsample"": 0.6115539178059054}",COMPLETE
46,4.238605118483641,2026-10-02 07:09:30.891399,2026-10-02 07:09:53.909811,0 days 00:00:23.018412,0.8874377689830827,0.015161062793796802,6,18,341,0.8464455500663032,0.029025902721554,0.5721092715827998,"{""colsample_bytree"": 0.8874377689830827, ""learning_rate"": 0.015161062793796802, ""max_depth"": 6, ""min_child_weight"": 18, ""n_estimators"": 341, ""reg_alpha"": 0.8464455500663032, ""reg_lambda"": 0.029025902721554, ""subsample"": 0.5721092715827998}",COMPLETE
47,4.235317148972622,2026-10-02 07:09:53.909873,2026-10-02 07:10:21.150777,0 days 00:00:27.240904,0.8907036790119682,0.010188522240689647,5,18,495,3.127185456924249,0.0304703686866819,0.5743254187946638,"{""colsample_bytree"": 0.8907036790119682, ""learning_rate"": 0.010188522240689647, ""max_depth"": 5, ""min_child_weight"": 18, ""n_estimators"": 495, ""reg_alpha"": 3.127185456924249, ""reg_lambda"": 0.0304703686866819, ""subsample"": 0.5743254187946638}",COMPLETE
48,4.231037151609705,2026-10-02 07:10:21.150845,2026-10-02 07:10:43.743785,0 days 00:00:22.592940,0.8338662975820272,0.014633687481679966,4,20,667,8.237722749644645,0.01611530993263785,0.6168930550625327,"{""colsample_bytree"": 0.8338662975820272, ""learning_rate"": 0.014633687481679966, ""max_depth"": 4, ""min_child_weight"": 20, ""n_estimators"": 667, ""reg_alpha"": 8.237722749644645, ""reg_lambda"": 0.01611530993263785, ""subsample"": 0.6168930550625327}",COMPLETE
49,4.23590214297927,2026-10-02 07:10:43.743846,2026-10-02 07:11:01.201352,0 days 00:00:17.457506,0.8340230562518549,0.017317196254662614,4,19,512,9.858227294941276,0.016387419309567323,0.6170819550386273,"{""colsample_bytree"": 0.8340230562518549, ""learning_rate"": 0.017317196254662614, ""max_depth"": 4, ""min_child_weight"": 19, ""n_estimators"": 512, ""reg_alpha"": 9.858227294941276, ""reg_lambda"": 0.016387419309567323, ""subsample"": 0.6170819550386273}",COMPLETE
