number,value,datetime_start,datetime_complete,duration,params_max_depth,params_max_features,params_min_samples_leaf,params_n_estimators,system_attrs_tpe:relative_params:0,state
0,4.0512301314636,2026-10-02 18:06:45.963039,2026-10-02 18:19:18.423250,0 days 00:12:32.460211,40,0.7436704297351775,7,684,,COMPLETE
1,4.046325692876786,2026-10-02 18:19:18.423434,2026-10-02 18:29:44.895678,0 days 00:10:26.472244,20,0.4450973669431999,8,975,,COMPLETE
2,4.06776441602405,2026-10-02 18:29:44.895853,2026-10-02 18:35:18.425109,0 days 00:05:33.529256,10,0.8493578609931441,8,314,,COMPLETE
3,4.070669363490887,2026-10-02 18:35:18.425267,2026-10-02 18:43:26.982530,0 days 00:08:08.557263,0,0.6759289191947714,2,382,,COMPLETE
4,4.08558893025386,2026-10-02 18:43:26.982671,2026-10-02 18:57:03.928279,0 days 00:13:36.945608,30,0.6115905539817836,1,619,,COMPLETE
5,4.043438860342726,2026-10-02 18:57:03.928418,2026-10-02 19:03:43.193732,0 days 00:06:39.265314,20,0.4933287584194074,7,552,,COMPLETE
6,4.060378005631424,2026-10-02 19:03:43.193914,2026-10-02 19:08:31.441495,0 days 00:04:48.247581,10,0.42733969384836035,6,521,,COMPLETE
7,4.050128121041699,2026-10-02 19:08:31.441641,2026-10-02 19:15:07.136116,0 days 00:06:35.694475,30,0.3279624422858039,5,757,,COMPLETE
8,4.04453764732649,2026-10-02 19:15:07.136256,2026-10-02 19:19:32.910554,0 days 00:04:25.774298,30,0.4318526535948677,9,437,,COMPLETE
9,4.047794840126145,2026-10-02 19:19:32.910684,2026-10-02 19:34:40.619237,0 days 00:15:07.708553,30,0.6443609677705414,8,984,,COMPLETE
10,4.0691526798626105,2026-10-02 19:34:40.619381,2026-10-02 19:54:46.674931,0 days 00:20:06.055550,20,0.9850642628725558,4,740,"{""max_depth"": 20, ""max_features"": 0.9850642628725558, ""min_samples_leaf"": 4, ""n_estimators"": 740}",COMPLETE
11,4.045314545295166,2026-10-02 19:54:46.675067,2026-10-02 19:58:52.830142,0 days 00:04:06.155075,30,0.4687308825103441,10,383,"{""max_depth"": 30, ""max_features"": 0.4687308825103441, ""min_samples_leaf"": 10, ""n_estimators"": 383}",COMPLETE
12,4.054893537571776,2026-10-02 19:58:52.830294,2026-10-02 20:01:46.113829,0 days 00:02:53.283535,0,0.19283150334621363,9,645,"{""max_depth"": 0, ""max_features"": 0.19283150334621363, ""min_samples_leaf"": 9, ""n_estimators"": 645}",COMPLETE
13,4.047157072607296,2026-10-02 20:01:46.113968,2026-10-02 20:12:57.964888,0 days 00:11:11.850920,20,0.6702281121288038,10,740,"{""max_depth"": 20, ""max_features"": 0.6702281121288038, ""min_samples_leaf"": 10, ""n_estimators"": 740}",COMPLETE
14,4.061899687175792,2026-10-02 20:12:57.965028,2026-10-02 20:14:22.795819,0 days 00:01:24.830791,20,0.1241312008957951,10,495,"{""max_depth"": 20, ""max_features"": 0.1241312008957951, ""min_samples_leaf"": 10, ""n_estimators"": 495}",COMPLETE
15,4.058114830805596,2026-10-02 20:14:22.795962,2026-10-02 20:16:17.333837,0 days 00:01:54.537875,30,0.22344939241673126,7,342,"{""max_depth"": 30, ""max_features"": 0.22344939241673126, ""min_samples_leaf"": 7, ""n_estimators"": 342}",COMPLETE
16,4.0470036403900025,2026-10-02 20:16:17.333986,2026-10-02 20:19:22.552100,0 days 00:03:05.218114,20,0.2193027505159485,7,559,"{""max_depth"": 20, ""max_features"": 0.2193027505159485, ""min_samples_leaf"": 7, ""n_estimators"": 559}",COMPLETE
17,4.052099825545533,2026-10-02 20:19:22.552242,2026-10-02 20:26:57.344603,0 days 00:07:34.792361,20,0.7471459198130506,8,419,"{""max_depth"": 20, ""max_features"": 0.7471459198130506, ""min_samples_leaf"": 8, ""n_estimators"": 419}",COMPLETE
18,4.052060270352388,2026-10-02 20:26:57.344776,2026-10-02 20:35:21.985503,0 days 00:08:24.640727,20,0.49612039501120436,5,649,"{""max_depth"": 20, ""max_features"": 0.49612039501120436, ""min_samples_leaf"": 5, ""n_estimators"": 649}",COMPLETE
19,4.047230809376802,2026-10-02 20:35:21.985659,2026-10-02 20:41:17.402572,0 days 00:05:55.416913,40,0.4608988432383126,10,562,"{""max_depth"": 40, ""max_features"": 0.4608988432383126, ""min_samples_leaf"": 10, ""n_estimators"": 562}",COMPLETE
20,4.048145380825594,2026-10-02 20:41:17.402698,2026-10-02 20:46:36.985004,0 days 00:05:19.582306,30,0.5977891133891803,8,374,"{""max_depth"": 30, ""max_features"": 0.5977891133891803, ""min_samples_leaf"": 8, ""n_estimators"": 374}",COMPLETE
21,4.044926226456552,2026-10-02 20:46:36.985139,2026-10-02 20:53:36.359839,0 days 00:06:59.374700,30,0.5718245970828812,9,526,"{""max_depth"": 30, ""max_features"": 0.5718245970828812, ""min_samples_leaf"": 9, ""n_estimators"": 526}",COMPLETE
22,4.04847973464472,2026-10-02 20:53:36.359980,2026-10-02 20:57:11.748956,0 days 00:03:35.388976,30,0.31199728622175166,9,492,"{""max_depth"": 30, ""max_features"": 0.31199728622175166, ""min_samples_leaf"": 9, ""n_estimators"": 492}",COMPLETE
23,4.045776287102349,2026-10-02 20:57:11.749086,2026-10-02 21:06:20.832229,0 days 00:09:09.083143,30,0.7058431090451254,8,534,"{""max_depth"": 30, ""max_features"": 0.7058431090451254, ""min_samples_leaf"": 8, ""n_estimators"": 534}",COMPLETE
24,4.047292561334223,2026-10-02 21:06:20.832368,2026-10-02 21:12:47.922622,0 days 00:06:27.090254,30,0.6686244958732912,10,421,"{""max_depth"": 30, ""max_features"": 0.6686244958732912, ""min_samples_leaf"": 10, ""n_estimators"": 421}",COMPLETE
25,4.0556980452543465,2026-10-02 21:12:47.922783,2026-10-02 21:18:18.102500,0 days 00:05:30.179717,10,0.5503927140597916,10,487,"{""max_depth"": 10, ""max_features"": 0.5503927140597916, ""min_samples_leaf"": 10, ""n_estimators"": 487}",COMPLETE
26,4.04609940840043,2026-10-02 21:18:18.102626,2026-10-02 21:26:05.645015,0 days 00:07:47.542389,30,0.5144987100547352,8,639,"{""max_depth"": 30, ""max_features"": 0.5144987100547352, ""min_samples_leaf"": 8, ""n_estimators"": 639}",COMPLETE
27,4.0522986980011035,2026-10-02 21:26:05.645148,2026-10-02 21:37:40.277769,0 days 00:11:34.632621,30,0.6218964184132106,8,774,"{""max_depth"": 30, ""max_features"": 0.6218964184132106, ""min_samples_leaf"": 8, ""n_estimators"": 774}",COMPLETE
28,4.0460945874452,2026-10-02 21:37:40.277906,2026-10-02 21:42:48.250692,0 days 00:05:07.972786,30,0.3506871668680383,10,651,"{""max_depth"": 30, ""max_features"": 0.3506871668680383, ""min_samples_leaf"": 10, ""n_estimators"": 651}",COMPLETE
29,4.048997475687288,2026-10-02 21:42:48.250855,2026-10-02 21:49:10.930484,0 days 00:06:22.679629,20,0.6063065224385928,6,420,"{""max_depth"": 20, ""max_features"": 0.6063065224385928, ""min_samples_leaf"": 6, ""n_estimators"": 420}",COMPLETE
30,4.048874262126322,2026-10-02 21:49:10.930612,2026-10-02 21:51:40.759120,0 days 00:02:29.828508,30,0.2726517945261242,9,402,"{""max_depth"": 30, ""max_features"": 0.2726517945261242, ""min_samples_leaf"": 9, ""n_estimators"": 402}",COMPLETE
31,4.044856389328266,2026-10-02 21:51:40.759246,2026-10-02 21:58:16.295532,0 days 00:06:35.536286,30,0.533878542359242,9,541,"{""max_depth"": 30, ""max_features"": 0.533878542359242, ""min_samples_leaf"": 9, ""n_estimators"": 541}",COMPLETE
32,4.045260647269898,2026-10-02 21:58:16.295658,2026-10-02 22:03:07.400482,0 days 00:04:51.104824,30,0.47140622744596394,9,451,"{""max_depth"": 30, ""max_features"": 0.47140622744596394, ""min_samples_leaf"": 9, ""n_estimators"": 451}",COMPLETE
33,4.054570427998418,2026-10-02 22:03:07.400619,2026-10-02 22:07:36.439896,0 days 00:04:29.039277,30,0.5446490159967982,6,332,"{""max_depth"": 30, ""max_features"": 0.5446490159967982, ""min_samples_leaf"": 6, ""n_estimators"": 332}",COMPLETE
