number,value,datetime_start,datetime_complete,duration,params_max_depth,params_max_features,params_min_samples_leaf,params_n_estimators,system_attrs_tpe:relative_params:0,state
0,4.015982065851195,2026-10-02 06:25:38.695680,2026-10-02 06:25:55.674592,0 days 00:00:16.978912,40,0.7436704297351775,7,684,,COMPLETE
1,4.021180592870597,2026-10-02 06:25:55.674656,2026-10-02 06:26:09.820247,0 days 00:00:14.145591,20,0.4450973669431999,8,975,,COMPLETE
2,4.054469772137545,2026-10-02 06:26:09.820306,2026-10-02 06:26:17.009165,0 days 00:00:07.188859,10,0.8493578609931441,8,314,,COMPLETE
3,4.010793604655321,2026-10-02 06:26:17.009225,2026-10-02 06:26:27.694099,0 days 00:00:10.684874,0,0.6759289191947714,2,382,,COMPLETE
4,4.01438777703865,2026-10-02 06:26:27.694158,2026-10-02 06:26:45.364892,0 days 00:00:17.670734,30,0.6115905539817836,1,619,,COMPLETE
5,4.017567908554429,2026-10-02 06:26:45.364949,2026-10-02 06:26:54.734991,0 days 00:00:09.370042,20,0.4933287584194074,7,552,,COMPLETE
6,4.053468416499933,2026-10-02 06:26:54.735046,2026-10-02 06:27:01.287979,0 days 00:00:06.552933,10,0.42733969384836035,6,521,,COMPLETE
7,4.014777734597608,2026-10-02 06:27:01.288042,2026-10-02 06:27:10.593948,0 days 00:00:09.305906,30,0.3279624422858039,5,757,,COMPLETE
8,4.0265656416956785,2026-10-02 06:27:10.594004,2026-10-02 06:27:16.890885,0 days 00:00:06.296881,30,0.4318526535948677,9,437,,COMPLETE
9,4.020813275255251,2026-10-02 06:27:16.890933,2026-10-02 06:27:37.284745,0 days 00:00:20.393812,30,0.6443609677705414,8,984,,COMPLETE
10,4.010122060985171,2026-10-02 06:27:37.284792,2026-10-02 06:28:10.595471,0 days 00:00:33.310679,0,0.9781521030249687,3,891,"{""max_depth"": 0, ""max_features"": 0.9781521030249687, ""min_samples_leaf"": 3, ""n_estimators"": 891}",COMPLETE
11,4.012435582464973,2026-10-02 06:28:10.595520,2026-10-02 06:28:37.956934,0 days 00:00:27.361414,0,0.8802935222832952,3,815,"{""max_depth"": 0, ""max_features"": 0.8802935222832952, ""min_samples_leaf"": 3, ""n_estimators"": 815}",COMPLETE
12,4.007965704143552,2026-10-02 06:28:37.956983,2026-10-02 06:28:48.834099,0 days 00:00:10.877116,0,0.5940513235199392,4,487,"{""max_depth"": 0, ""max_features"": 0.5940513235199392, ""min_samples_leaf"": 4, ""n_estimators"": 487}",COMPLETE
13,4.009061478470149,2026-10-02 06:28:48.834147,2026-10-02 06:29:06.184110,0 days 00:00:17.349963,0,0.5195960558533479,4,872,"{""max_depth"": 0, ""max_features"": 0.5195960558533479, ""min_samples_leaf"": 4, ""n_estimators"": 872}",COMPLETE
14,4.005965217356673,2026-10-02 06:29:06.184157,2026-10-02 06:29:23.607264,0 days 00:00:17.423107,0,0.4374044708140158,2,949,"{""max_depth"": 0, ""max_features"": 0.4374044708140158, ""min_samples_leaf"": 2, ""n_estimators"": 949}",COMPLETE
15,4.012127122688249,2026-10-02 06:29:23.607312,2026-10-02 06:29:29.406347,0 days 00:00:05.799035,0,0.26633714239250594,3,532,"{""max_depth"": 0, ""max_features"": 0.26633714239250594, ""min_samples_leaf"": 3, ""n_estimators"": 532}",COMPLETE
16,4.009825718030592,2026-10-02 06:29:29.406394,2026-10-02 06:29:38.719353,0 days 00:00:09.312959,40,0.29781919204894614,2,715,"{""max_depth"": 40, ""max_features"": 0.29781919204894614, ""min_samples_leaf"": 2, ""n_estimators"": 715}",COMPLETE
17,4.009819028354495,2026-10-02 06:29:38.719400,2026-10-02 06:29:51.243185,0 days 00:00:12.523785,0,0.5233317579622501,3,599,"{""max_depth"": 0, ""max_features"": 0.5233317579622501, ""min_samples_leaf"": 3, ""n_estimators"": 599}",COMPLETE
18,4.014520784803294,2026-10-02 06:29:51.243231,2026-10-02 06:30:05.068673,0 days 00:00:13.825442,20,0.31929442918881007,1,897,"{""max_depth"": 20, ""max_features"": 0.31929442918881007, ""min_samples_leaf"": 1, ""n_estimators"": 897}",COMPLETE
19,4.013240617139407,2026-10-02 06:30:05.068722,2026-10-02 06:30:17.933015,0 days 00:00:12.864293,0,0.36461757903042824,5,960,"{""max_depth"": 0, ""max_features"": 0.36461757903042824, ""min_samples_leaf"": 5, ""n_estimators"": 960}",COMPLETE
20,4.011679528905579,2026-10-02 06:30:17.933061,2026-10-02 06:30:35.585072,0 days 00:00:17.652011,0,0.43353354704621,1,845,"{""max_depth"": 0, ""max_features"": 0.43353354704621, ""min_samples_leaf"": 1, ""n_estimators"": 845}",COMPLETE
21,4.015182964194629,2026-10-02 06:30:35.585120,2026-10-02 06:30:54.259974,0 days 00:00:18.674854,0,0.6550637698013447,5,827,"{""max_depth"": 0, ""max_features"": 0.6550637698013447, ""min_samples_leaf"": 5, ""n_estimators"": 827}",COMPLETE
22,4.009273489579521,2026-10-02 06:30:54.260019,2026-10-02 06:31:04.896611,0 days 00:00:10.636592,0,0.2971856795292558,3,879,"{""max_depth"": 0, ""max_features"": 0.2971856795292558, ""min_samples_leaf"": 3, ""n_estimators"": 879}",COMPLETE
23,4.009944559345827,2026-10-02 06:31:04.896658,2026-10-02 06:31:21.423431,0 days 00:00:16.526773,0,0.40780647676393866,2,970,"{""max_depth"": 0, ""max_features"": 0.40780647676393866, ""min_samples_leaf"": 2, ""n_estimators"": 970}",COMPLETE
24,4.020387383273149,2026-10-02 06:31:21.423497,2026-10-02 06:31:27.256036,0 days 00:00:05.832539,0,0.12061555408688246,3,978,"{""max_depth"": 0, ""max_features"": 0.12061555408688246, ""min_samples_leaf"": 3, ""n_estimators"": 978}",COMPLETE
25,4.052280619469713,2026-10-02 06:31:27.256082,2026-10-02 06:31:37.929995,0 days 00:00:10.673913,10,0.5096646155213389,4,736,"{""max_depth"": 10, ""max_features"": 0.5096646155213389, ""min_samples_leaf"": 4, ""n_estimators"": 736}",COMPLETE
26,4.013767573797483,2026-10-02 06:31:37.930041,2026-10-02 06:31:55.869703,0 days 00:00:17.939662,0,0.8600489108577322,4,581,"{""max_depth"": 0, ""max_features"": 0.8600489108577322, ""min_samples_leaf"": 4, ""n_estimators"": 581}",COMPLETE
27,4.009359075391371,2026-10-02 06:31:55.869751,2026-10-02 06:32:07.105635,0 days 00:00:11.235884,0,0.3996002476645945,3,702,"{""max_depth"": 0, ""max_features"": 0.3996002476645945, ""min_samples_leaf"": 3, ""n_estimators"": 702}",COMPLETE
28,4.013071854988982,2026-10-02 06:32:07.105684,2026-10-02 06:32:35.502887,0 days 00:00:28.397203,0,0.587038552501212,1,992,"{""max_depth"": 0, ""max_features"": 0.587038552501212, ""min_samples_leaf"": 1, ""n_estimators"": 992}",COMPLETE
29,4.012610432481197,2026-10-02 06:32:35.502940,2026-10-02 06:33:01.791226,0 days 00:00:26.288286,0,0.728649550556406,4,969,"{""max_depth"": 0, ""max_features"": 0.728649550556406, ""min_samples_leaf"": 4, ""n_estimators"": 969}",COMPLETE
30,4.022152008238696,2026-10-02 06:33:01.791272,2026-10-02 06:33:08.371111,0 days 00:00:06.579839,0,0.19553300922885125,5,853,"{""max_depth"": 0, ""max_features"": 0.19553300922885125, ""min_samples_leaf"": 5, ""n_estimators"": 853}",COMPLETE
31,4.009182075183835,2026-10-02 06:33:08.371157,2026-10-02 06:33:18.909548,0 days 00:00:10.538391,0,0.28100841791317294,3,867,"{""max_depth"": 0, ""max_features"": 0.28100841791317294, ""min_samples_leaf"": 3, ""n_estimators"": 867}",COMPLETE
32,4.008602511916178,2026-10-02 06:33:18.909593,2026-10-02 06:33:37.583837,0 days 00:00:18.674244,0,0.5483845731246683,3,893,"{""max_depth"": 0, ""max_features"": 0.5483845731246683, ""min_samples_leaf"": 3, ""n_estimators"": 893}",COMPLETE
33,4.0100669898318815,2026-10-02 06:33:37.583885,2026-10-02 06:33:57.581461,0 days 00:00:19.997576,0,0.5550430932999084,3,903,"{""max_depth"": 0, ""max_features"": 0.5550430932999084, ""min_samples_leaf"": 3, ""n_estimators"": 903}",COMPLETE
34,4.013631473358683,2026-10-02 06:33:57.581510,2026-10-02 06:34:04.369776,0 days 00:00:06.788266,0,0.517299655239357,4,339,"{""max_depth"": 0, ""max_features"": 0.517299655239357, ""min_samples_leaf"": 4, ""n_estimators"": 339}",COMPLETE
35,4.013804011405611,2026-10-02 06:34:04.369821,2026-10-02 06:34:24.815402,0 days 00:00:20.445581,0,0.5336406565222412,1,805,"{""max_depth"": 0, ""max_features"": 0.5336406565222412, ""min_samples_leaf"": 1, ""n_estimators"": 805}",COMPLETE
36,4.0103833113744445,2026-10-02 06:34:24.815472,2026-10-02 06:34:43.880930,0 days 00:00:19.065458,0,0.7238345205822944,5,768,"{""max_depth"": 0, ""max_features"": 0.7238345205822944, ""min_samples_leaf"": 5, ""n_estimators"": 768}",COMPLETE
37,4.0105861380033385,2026-10-02 06:34:43.880976,2026-10-02 06:34:49.126412,0 days 00:00:05.245436,0,0.3990087607935683,4,344,"{""max_depth"": 0, ""max_features"": 0.3990087607935683, ""min_samples_leaf"": 4, ""n_estimators"": 344}",COMPLETE
38,4.0071453597899085,2026-10-02 06:34:49.126483,2026-10-02 06:35:02.549183,0 days 00:00:13.422700,0,0.6202868047634673,3,571,"{""max_depth"": 0, ""max_features"": 0.6202868047634673, ""min_samples_leaf"": 3, ""n_estimators"": 571}",COMPLETE
39,4.007874034236826,2026-10-02 06:35:02.549228,2026-10-02 06:35:16.533767,0 days 00:00:13.984539,0,0.41420325562863086,3,816,"{""max_depth"": 0, ""max_features"": 0.41420325562863086, ""min_samples_leaf"": 3, ""n_estimators"": 816}",COMPLETE
40,4.0087589074168735,2026-10-02 06:35:16.533813,2026-10-02 06:35:29.077991,0 days 00:00:12.544178,0,0.5556165043031065,2,525,"{""max_depth"": 0, ""max_features"": 0.5556165043031065, ""min_samples_leaf"": 2, ""n_estimators"": 525}",COMPLETE
41,4.010131650769579,2026-10-02 06:35:29.078037,2026-10-02 06:35:42.893751,0 days 00:00:13.815714,0,0.7582613829640219,5,529,"{""max_depth"": 0, ""max_features"": 0.7582613829640219, ""min_samples_leaf"": 5, ""n_estimators"": 529}",COMPLETE
42,4.01049853738883,2026-10-02 06:35:42.893796,2026-10-02 06:35:54.315356,0 days 00:00:11.421560,0,0.6784416700630331,4,463,"{""max_depth"": 0, ""max_features"": 0.6784416700630331, ""min_samples_leaf"": 4, ""n_estimators"": 463}",COMPLETE
43,4.012167071535175,2026-10-02 06:35:54.315401,2026-10-02 06:36:14.825366,0 days 00:00:20.509965,0,0.6227320949301619,2,771,"{""max_depth"": 0, ""max_features"": 0.6227320949301619, ""min_samples_leaf"": 2, ""n_estimators"": 771}",COMPLETE
44,4.00741493172561,2026-10-02 06:36:14.825414,2026-10-02 06:36:33.137271,0 days 00:00:18.311857,0,0.47490394276673087,2,931,"{""max_depth"": 0, ""max_features"": 0.47490394276673087, ""min_samples_leaf"": 2, ""n_estimators"": 931}",COMPLETE
45,4.014561280867614,2026-10-02 06:36:33.137318,2026-10-02 06:36:52.483670,0 days 00:00:19.346352,20,0.4703601262772803,1,915,"{""max_depth"": 20, ""max_features"": 0.4703601262772803, ""min_samples_leaf"": 1, ""n_estimators"": 915}",COMPLETE
46,4.0112729264520715,2026-10-02 06:36:52.483716,2026-10-02 06:37:02.055910,0 days 00:00:09.572194,0,0.5104343480790241,4,511,"{""max_depth"": 0, ""max_features"": 0.5104343480790241, ""min_samples_leaf"": 4, ""n_estimators"": 511}",COMPLETE
47,4.014601353562761,2026-10-02 06:37:02.055954,2026-10-02 06:37:11.487807,0 days 00:00:09.431853,0,0.4835051819861822,2,447,"{""max_depth"": 0, ""max_features"": 0.4835051819861822, ""min_samples_leaf"": 2, ""n_estimators"": 447}",COMPLETE
48,4.011240848506558,2026-10-02 06:37:11.487855,2026-10-02 06:37:26.232115,0 days 00:00:14.744260,0,0.628838630128937,3,597,"{""max_depth"": 0, ""max_features"": 0.628838630128937, ""min_samples_leaf"": 3, ""n_estimators"": 597}",COMPLETE
49,4.010525543540667,2026-10-02 06:37:26.232160,2026-10-02 06:37:41.526076,0 days 00:00:15.293916,0,0.46046508882053244,3,833,"{""max_depth"": 0, ""max_features"": 0.46046508882053244, ""min_samples_leaf"": 3, ""n_estimators"": 833}",COMPLETE
