number,value,datetime_start,datetime_complete,duration,params_max_depth,params_max_features,params_min_samples_leaf,params_n_estimators,system_attrs_tpe:relative_params:0,state
0,4.0484120604332,2026-10-02 06:25:06.910114,2026-10-02 06:25:26.939280,0 days 00:00:20.029166,40,0.7436704297351775,7,684,,COMPLETE
1,4.058243560573701,2026-10-02 06:25:26.939341,2026-10-02 06:25:43.825804,0 days 00:00:16.886463,20,0.4450973669431999,8,975,,COMPLETE
2,4.0777955692353425,2026-10-02 06:25:43.825866,2026-10-02 06:25:52.373408,0 days 00:00:08.547542,10,0.8493578609931441,8,314,,COMPLETE
3,4.033668228957019,2026-10-02 06:25:52.373469,2026-10-02 06:26:05.187343,0 days 00:00:12.813874,0,0.6759289191947714,2,382,,COMPLETE
4,4.0334054056680175,2026-10-02 06:26:05.187408,2026-10-02 06:26:26.568383,0 days 00:00:21.380975,30,0.6115905539817836,1,619,,COMPLETE
5,4.051042103919173,2026-10-02 06:26:26.568448,2026-10-02 06:26:37.727591,0 days 00:00:11.159143,20,0.4933287584194074,7,552,,COMPLETE
6,4.077899402841443,2026-10-02 06:26:37.727654,2026-10-02 06:26:45.597249,0 days 00:00:07.869595,10,0.42733969384836035,6,521,,COMPLETE
7,4.048530222243607,2026-10-02 06:26:45.597322,2026-10-02 06:26:56.808946,0 days 00:00:11.211624,30,0.3279624422858039,5,757,,COMPLETE
8,4.064029516641714,2026-10-02 06:26:56.809005,2026-10-02 06:27:04.296147,0 days 00:00:07.487142,30,0.4318526535948677,9,437,,COMPLETE
9,4.052523592822291,2026-10-02 06:27:04.296197,2026-10-02 06:27:28.687014,0 days 00:00:24.390817,30,0.6443609677705414,8,984,,COMPLETE
10,4.032649440963721,2026-10-02 06:27:28.687061,2026-10-02 06:28:01.948562,0 days 00:00:33.261501,30,0.9878282190004959,3,751,"{""max_depth"": 30, ""max_features"": 0.9878282190004959, ""min_samples_leaf"": 3, ""n_estimators"": 751}",COMPLETE
11,4.027707525534994,2026-10-02 06:28:01.948613,2026-10-02 06:28:29.976762,0 days 00:00:28.028149,30,0.797332506640249,2,704,"{""max_depth"": 30, ""max_features"": 0.797332506640249, ""min_samples_leaf"": 2, ""n_estimators"": 704}",COMPLETE
12,4.030306423631201,2026-10-02 06:28:29.976812,2026-10-02 06:28:59.194582,0 days 00:00:29.217770,40,0.9106318051745124,3,702,"{""max_depth"": 40, ""max_features"": 0.9106318051745124, ""min_samples_leaf"": 3, ""n_estimators"": 702}",COMPLETE
13,4.033805986896576,2026-10-02 06:28:59.194630,2026-10-02 06:29:37.078815,0 days 00:00:37.884185,30,0.7121384003042872,1,955,"{""max_depth"": 30, ""max_features"": 0.7121384003042872, ""min_samples_leaf"": 1, ""n_estimators"": 955}",COMPLETE
14,4.0375507539129964,2026-10-02 06:29:37.078869,2026-10-02 06:30:27.417026,0 days 00:00:50.338157,40,0.9289762434273433,1,997,"{""max_depth"": 40, ""max_features"": 0.9289762434273433, ""min_samples_leaf"": 1, ""n_estimators"": 997}",COMPLETE
15,4.030675852650947,2026-10-02 06:30:27.417106,2026-10-02 06:30:50.215916,0 days 00:00:22.798810,40,0.9177209633084678,3,550,"{""max_depth"": 40, ""max_features"": 0.9177209633084678, ""min_samples_leaf"": 3, ""n_estimators"": 550}",COMPLETE
16,4.033369713558553,2026-10-02 06:30:50.215967,2026-10-02 06:31:11.578881,0 days 00:00:21.362914,40,0.669341758590939,3,690,"{""max_depth"": 40, ""max_features"": 0.669341758590939, ""min_samples_leaf"": 3, ""n_estimators"": 690}",COMPLETE
17,4.074120297857609,2026-10-02 06:31:11.578931,2026-10-02 06:31:33.056818,0 days 00:00:21.477887,10,0.8092107903547326,3,783,"{""max_depth"": 10, ""max_features"": 0.8092107903547326, ""min_samples_leaf"": 3, ""n_estimators"": 783}",COMPLETE
18,4.041902708849432,2026-10-02 06:31:33.056868,2026-10-02 06:31:52.798486,0 days 00:00:19.741618,0,0.9959082816097478,5,490,"{""max_depth"": 0, ""max_features"": 0.9959082816097478, ""min_samples_leaf"": 5, ""n_estimators"": 490}",COMPLETE
19,4.037846755899062,2026-10-02 06:31:52.798543,2026-10-02 06:32:20.357327,0 days 00:00:27.558784,40,0.7095466498587788,5,934,"{""max_depth"": 40, ""max_features"": 0.7095466498587788, ""min_samples_leaf"": 5, ""n_estimators"": 934}",COMPLETE
20,4.035331633539364,2026-10-02 06:32:20.357375,2026-10-02 06:32:55.434565,0 days 00:00:35.077190,0,0.8350077838269497,1,747,"{""max_depth"": 0, ""max_features"": 0.8350077838269497, ""min_samples_leaf"": 1, ""n_estimators"": 747}",COMPLETE
21,4.031122381418743,2026-10-02 06:32:55.434614,2026-10-02 06:33:14.031185,0 days 00:00:18.596571,40,0.855686019807468,3,483,"{""max_depth"": 40, ""max_features"": 0.855686019807468, ""min_samples_leaf"": 3, ""n_estimators"": 483}",COMPLETE
22,4.037932830765521,2026-10-02 06:33:14.031234,2026-10-02 06:33:31.001245,0 days 00:00:16.970011,30,0.7157605969181462,4,552,"{""max_depth"": 30, ""max_features"": 0.7157605969181462, ""min_samples_leaf"": 4, ""n_estimators"": 552}",COMPLETE
23,4.038284790357727,2026-10-02 06:33:31.001293,2026-10-02 06:33:53.953452,0 days 00:00:22.952159,40,0.9130431487562504,5,612,"{""max_depth"": 40, ""max_features"": 0.9130431487562504, ""min_samples_leaf"": 5, ""n_estimators"": 612}",COMPLETE
24,4.030350838408251,2026-10-02 06:33:53.953500,2026-10-02 06:34:23.497117,0 days 00:00:29.543617,40,0.938114986284594,3,689,"{""max_depth"": 40, ""max_features"": 0.938114986284594, ""min_samples_leaf"": 3, ""n_estimators"": 689}",COMPLETE
25,4.038952664421262,2026-10-02 06:34:23.497168,2026-10-02 06:35:10.928352,0 days 00:00:47.431184,40,0.9839943256782676,1,878,"{""max_depth"": 40, ""max_features"": 0.9839943256782676, ""min_samples_leaf"": 1, ""n_estimators"": 878}",COMPLETE
26,4.078923722233593,2026-10-02 06:35:10.928405,2026-10-02 06:35:31.890429,0 days 00:00:20.962024,10,0.963154450988619,2,651,"{""max_depth"": 10, ""max_features"": 0.963154450988619, ""min_samples_leaf"": 2, ""n_estimators"": 651}",COMPLETE
27,4.044007097917391,2026-10-02 06:35:31.890476,2026-10-02 06:35:50.201297,0 days 00:00:18.310821,40,0.9243397553421348,1,362,"{""max_depth"": 40, ""max_features"": 0.9243397553421348, ""min_samples_leaf"": 1, ""n_estimators"": 362}",COMPLETE
28,4.043780528668884,2026-10-02 06:35:50.201346,2026-10-02 06:36:19.062428,0 days 00:00:28.861082,40,0.8761085883458974,6,824,"{""max_depth"": 40, ""max_features"": 0.8761085883458974, ""min_samples_leaf"": 6, ""n_estimators"": 824}",COMPLETE
29,4.02858096587932,2026-10-02 06:36:19.062479,2026-10-02 06:36:44.762813,0 days 00:00:25.700334,40,0.8064845354680092,2,646,"{""max_depth"": 40, ""max_features"": 0.8064845354680092, ""min_samples_leaf"": 2, ""n_estimators"": 646}",COMPLETE
30,4.028346831444542,2026-10-02 06:36:44.762863,2026-10-02 06:37:16.461445,0 days 00:00:31.698582,40,0.7980563028458393,2,797,"{""max_depth"": 40, ""max_features"": 0.7980563028458393, ""min_samples_leaf"": 2, ""n_estimators"": 797}",COMPLETE
31,4.03011140507327,2026-10-02 06:37:16.461495,2026-10-02 06:37:49.746885,0 days 00:00:33.285390,40,0.7930024299406953,2,873,"{""max_depth"": 40, ""max_features"": 0.7930024299406953, ""min_samples_leaf"": 2, ""n_estimators"": 873}",COMPLETE
32,4.036546461967791,2026-10-02 06:37:49.746935,2026-10-02 06:38:24.391239,0 days 00:00:34.644304,40,0.7542170872670861,1,835,"{""max_depth"": 40, ""max_features"": 0.7542170872670861, ""min_samples_leaf"": 1, ""n_estimators"": 835}",COMPLETE
33,4.032236443416864,2026-10-02 06:38:24.391290,2026-10-02 06:38:46.456567,0 days 00:00:22.065277,30,0.615058297308072,4,828,"{""max_depth"": 30, ""max_features"": 0.615058297308072, ""min_samples_leaf"": 4, ""n_estimators"": 828}",COMPLETE
34,4.032985151425241,2026-10-02 06:38:46.456621,2026-10-02 06:39:07.124996,0 days 00:00:20.668375,30,0.5809286647342153,2,717,"{""max_depth"": 30, ""max_features"": 0.5809286647342153, ""min_samples_leaf"": 2, ""n_estimators"": 717}",COMPLETE
35,4.038502944953545,2026-10-02 06:39:07.125045,2026-10-02 06:39:36.347164,0 days 00:00:29.222119,30,0.9104652462751461,1,576,"{""max_depth"": 30, ""max_features"": 0.9104652462751461, ""min_samples_leaf"": 1, ""n_estimators"": 576}",COMPLETE
36,4.0280856034713635,2026-10-02 06:39:36.347215,2026-10-02 06:40:12.000257,0 days 00:00:35.653042,40,0.8536034351798045,3,927,"{""max_depth"": 40, ""max_features"": 0.8536034351798045, ""min_samples_leaf"": 3, ""n_estimators"": 927}",COMPLETE
37,4.028643669041404,2026-10-02 06:40:12.000309,2026-10-02 06:40:45.772481,0 days 00:00:33.772172,40,0.7468786230135569,3,992,"{""max_depth"": 40, ""max_features"": 0.7468786230135569, ""min_samples_leaf"": 3, ""n_estimators"": 992}",COMPLETE
38,4.033091679945687,2026-10-02 06:40:45.772530,2026-10-02 06:41:24.071937,0 days 00:00:38.299407,40,0.9595750539591918,4,941,"{""max_depth"": 40, ""max_features"": 0.9595750539591918, ""min_samples_leaf"": 4, ""n_estimators"": 941}",COMPLETE
39,4.029579136154964,2026-10-02 06:41:24.071986,2026-10-02 06:41:51.959026,0 days 00:00:27.887040,40,0.7346792153695727,2,759,"{""max_depth"": 40, ""max_features"": 0.7346792153695727, ""min_samples_leaf"": 2, ""n_estimators"": 759}",COMPLETE
40,4.0318424501283685,2026-10-02 06:41:51.959107,2026-10-02 06:42:19.273837,0 days 00:00:27.314730,40,0.6427674909643113,3,921,"{""max_depth"": 40, ""max_features"": 0.6427674909643113, ""min_samples_leaf"": 3, ""n_estimators"": 921}",COMPLETE
41,4.033469187385562,2026-10-02 06:42:19.273889,2026-10-02 06:42:40.449829,0 days 00:00:21.175940,40,0.8042139521371523,4,604,"{""max_depth"": 40, ""max_features"": 0.8042139521371523, ""min_samples_leaf"": 4, ""n_estimators"": 604}",COMPLETE
42,4.030810107327324,2026-10-02 06:42:40.449877,2026-10-02 06:43:18.385228,0 days 00:00:37.935351,40,0.8688876282060402,4,999,"{""max_depth"": 40, ""max_features"": 0.8688876282060402, ""min_samples_leaf"": 4, ""n_estimators"": 999}",COMPLETE
43,4.02927164318842,2026-10-02 06:43:18.385280,2026-10-02 06:43:59.018371,0 days 00:00:40.633091,0,0.876580899686699,2,940,"{""max_depth"": 0, ""max_features"": 0.876580899686699, ""min_samples_leaf"": 2, ""n_estimators"": 940}",COMPLETE
44,4.039669052425061,2026-10-02 06:43:59.018424,2026-10-02 06:44:23.531368,0 days 00:00:24.512944,40,0.8175430223777573,1,541,"{""max_depth"": 40, ""max_features"": 0.8175430223777573, ""min_samples_leaf"": 1, ""n_estimators"": 541}",COMPLETE
45,4.037774808705185,2026-10-02 06:44:23.531419,2026-10-02 06:44:53.175772,0 days 00:00:29.644353,40,0.8258179363753719,1,653,"{""max_depth"": 40, ""max_features"": 0.8258179363753719, ""min_samples_leaf"": 1, ""n_estimators"": 653}",COMPLETE
46,4.033872955020443,2026-10-02 06:44:53.175836,2026-10-02 06:45:36.090566,0 days 00:00:42.914730,40,0.7673964930285821,1,984,"{""max_depth"": 40, ""max_features"": 0.7673964930285821, ""min_samples_leaf"": 1, ""n_estimators"": 984}",COMPLETE
47,4.028788894821678,2026-10-02 06:45:36.090622,2026-10-02 06:46:10.678925,0 days 00:00:34.588303,40,0.9459584805408588,3,805,"{""max_depth"": 40, ""max_features"": 0.9459584805408588, ""min_samples_leaf"": 3, ""n_estimators"": 805}",COMPLETE
48,4.029752310245999,2026-10-02 06:46:10.678975,2026-10-02 06:46:43.813717,0 days 00:00:33.134742,40,0.8699439053355401,2,767,"{""max_depth"": 40, ""max_features"": 0.8699439053355401, ""min_samples_leaf"": 2, ""n_estimators"": 767}",COMPLETE
49,4.0308952183286495,2026-10-02 06:46:43.813768,2026-10-02 06:47:05.662561,0 days 00:00:21.848793,40,0.7331572372131522,2,594,"{""max_depth"": 40, ""max_features"": 0.7331572372131522, ""min_samples_leaf"": 2, ""n_estimators"": 594}",COMPLETE
