number,value,datetime_start,datetime_complete,duration,params_alpha,system_attrs_tpe:relative_params:0,state
0,4.171748336230781,2026-10-02 06:25:22.265064,2026-10-02 06:25:22.279201,0 days 00:00:00.014137,1.96282248134428,,COMPLETE
1,4.170703875986579,2026-10-02 06:25:22.279244,2026-10-02 06:25:22.286655,0 days 00:00:00.007411,19.549524484259873,,COMPLETE
2,4.171361908086858,2026-10-02 06:25:22.286692,2026-10-02 06:25:22.293977,0 days 00:00:00.007285,4.135997393839888,,COMPLETE
3,4.171774068034829,2026-10-02 06:25:22.294013,2026-10-02 06:25:22.301183,0 days 00:00:00.007170,1.8590843630169627,,COMPLETE
4,4.172224482231301,2026-10-02 06:25:22.301217,2026-10-02 06:25:22.308303,0 days 00:00:00.007086,0.348280208702833,,COMPLETE
5,4.171052066910831,2026-10-02 06:25:22.308352,2026-10-02 06:25:22.315373,0 days 00:00:00.007021,7.505241622349544,,COMPLETE
6,4.172211558804513,2026-10-02 06:25:22.315405,2026-10-02 06:25:22.322456,0 days 00:00:00.007051,0.4222048983149828,,COMPLETE
7,4.1749117882865585,2026-10-02 06:25:22.322499,2026-10-02 06:25:22.329541,0 days 00:00:00.007042,224.2012371372442,,COMPLETE
8,4.183921008775069,2026-10-02 06:25:22.329574,2026-10-02 06:25:22.336688,0 days 00:00:00.007114,605.3082080079017,,COMPLETE
9,4.172201717382782,2026-10-02 06:25:22.336716,2026-10-02 06:25:22.343726,0 days 00:00:00.007010,0.1998246739232945,,COMPLETE
10,4.1712605642909795,2026-10-02 06:25:22.343754,2026-10-02 06:25:22.352123,0 days 00:00:00.008369,0.0013243623620587995,"{""alpha"": 0.0013243623620587995}",COMPLETE
11,4.170740829500485,2026-10-02 06:25:22.352151,2026-10-02 06:25:22.360246,0 days 00:00:00.008095,38.7243731605857,"{""alpha"": 38.7243731605857}",COMPLETE
12,4.170782061708079,2026-10-02 06:25:22.360274,2026-10-02 06:25:22.369391,0 days 00:00:00.009117,42.727075273156025,"{""alpha"": 42.727075273156025}",COMPLETE
13,4.170930544403323,2026-10-02 06:25:22.369423,2026-10-02 06:25:22.377572,0 days 00:00:00.008149,53.843884140190276,"{""alpha"": 53.843884140190276}",COMPLETE
14,4.170683057800805,2026-10-02 06:25:22.377601,2026-10-02 06:25:22.385755,0 days 00:00:00.008154,30.0936999522138,"{""alpha"": 30.0936999522138}",COMPLETE
15,4.171128103720876,2026-10-02 06:25:22.385783,2026-10-02 06:25:22.393864,0 days 00:00:00.008081,0.009544965454188818,"{""alpha"": 0.009544965454188818}",COMPLETE
16,4.170726900611432,2026-10-02 06:25:22.393892,2026-10-02 06:25:22.401864,0 days 00:00:00.007972,17.521325210460155,"{""alpha"": 17.521325210460155}",COMPLETE
17,4.174254205464379,2026-10-02 06:25:22.401892,2026-10-02 06:25:22.409925,0 days 00:00:00.008033,198.32404001835624,"{""alpha"": 198.32404001835624}",COMPLETE
18,4.189778829753974,2026-10-02 06:25:22.409952,2026-10-02 06:25:22.417977,0 days 00:00:00.008025,890.5218748816839,"{""alpha"": 890.5218748816839}",COMPLETE
19,4.17206113966147,2026-10-02 06:25:22.418007,2026-10-02 06:25:22.426122,0 days 00:00:00.008115,0.10479266175080042,"{""alpha"": 0.10479266175080042}",COMPLETE
20,4.171460424119653,2026-10-02 06:25:22.426150,2026-10-02 06:25:22.434152,0 days 00:00:00.008002,0.027207313458974498,"{""alpha"": 0.027207313458974498}",COMPLETE
21,4.1708493748636615,2026-10-02 06:25:22.434179,2026-10-02 06:25:22.442224,0 days 00:00:00.008045,11.88411988159995,"{""alpha"": 11.88411988159995}",COMPLETE
22,4.170768640367704,2026-10-02 06:25:22.442266,2026-10-02 06:25:22.450249,0 days 00:00:00.007983,15.017990491300528,"{""alpha"": 15.017990491300528}",COMPLETE
23,4.1726546271889715,2026-10-02 06:25:22.450276,2026-10-02 06:25:22.458365,0 days 00:00:00.008089,134.58612904330332,"{""alpha"": 134.58612904330332}",COMPLETE
24,4.171913196917647,2026-10-02 06:25:22.458394,2026-10-02 06:25:22.466420,0 days 00:00:00.008026,1.3542615116747279,"{""alpha"": 1.3542615116747279}",COMPLETE
25,4.170678357034048,2026-10-02 06:25:22.466446,2026-10-02 06:25:22.474470,0 days 00:00:00.008024,24.01791007914099,"{""alpha"": 24.01791007914099}",COMPLETE
26,4.171628968897466,2026-10-02 06:25:22.474497,2026-10-02 06:25:22.482503,0 days 00:00:00.008006,90.60256221400115,"{""alpha"": 90.60256221400115}",COMPLETE
27,4.1712788848453615,2026-10-02 06:25:22.482531,2026-10-02 06:25:22.490582,0 days 00:00:00.008051,4.829510955183329,"{""alpha"": 4.829510955183329}",COMPLETE
28,4.1706924564392756,2026-10-02 06:25:22.490609,2026-10-02 06:25:22.498727,0 days 00:00:00.008118,32.19269409068682,"{""alpha"": 32.19269409068682}",COMPLETE
29,4.172011657032883,2026-10-02 06:25:22.498754,2026-10-02 06:25:22.506799,0 days 00:00:00.008045,1.041864732503491,"{""alpha"": 1.041864732503491}",COMPLETE
