number,value,datetime_start,datetime_complete,duration,params_max_depth,params_max_features,params_min_samples_leaf,params_n_estimators,system_attrs_tpe:relative_params:0,state
0,4.075476488246462,2026-10-02 06:24:51.155636,2026-10-02 06:25:04.940789,0 days 00:00:13.785153,40,0.7436704297351775,7,684,,COMPLETE
1,4.0880204101316275,2026-10-02 06:25:04.940845,2026-10-02 06:25:16.473918,0 days 00:00:11.533073,20,0.4450973669431999,8,975,,COMPLETE
2,4.110848919421077,2026-10-02 06:25:16.473971,2026-10-02 06:25:22.349206,0 days 00:00:05.875235,10,0.8493578609931441,8,314,,COMPLETE
3,4.072655600611861,2026-10-02 06:25:22.349260,2026-10-02 06:25:31.304134,0 days 00:00:08.954874,0,0.6759289191947714,2,382,,COMPLETE
4,4.0740351679175655,2026-10-02 06:25:31.304189,2026-10-02 06:25:45.828093,0 days 00:00:14.523904,30,0.6115905539817836,1,619,,COMPLETE
5,4.083645932929464,2026-10-02 06:25:45.828149,2026-10-02 06:25:53.423518,0 days 00:00:07.595369,20,0.4933287584194074,7,552,,COMPLETE
6,4.114754861218796,2026-10-02 06:25:53.423571,2026-10-02 06:25:58.716886,0 days 00:00:05.293315,10,0.42733969384836035,6,521,,COMPLETE
7,4.078699254788444,2026-10-02 06:25:58.716949,2026-10-02 06:26:06.200544,0 days 00:00:07.483595,30,0.3279624422858039,5,757,,COMPLETE
8,4.092760103914558,2026-10-02 06:26:06.200596,2026-10-02 06:26:11.186386,0 days 00:00:04.985790,30,0.4318526535948677,9,437,,COMPLETE
9,4.081947379032234,2026-10-02 06:26:11.186428,2026-10-02 06:26:27.111270,0 days 00:00:15.924842,30,0.6443609677705414,8,984,,COMPLETE
10,4.067678611163175,2026-10-02 06:26:27.111315,2026-10-02 06:26:54.209022,0 days 00:00:27.097707,0,0.9781521030249687,3,891,"{""max_depth"": 0, ""max_features"": 0.9781521030249687, ""min_samples_leaf"": 3, ""n_estimators"": 891}",COMPLETE
11,4.066204253736929,2026-10-02 06:26:54.209086,2026-10-02 06:27:16.361165,0 days 00:00:22.152079,0,0.8802935222832952,3,815,"{""max_depth"": 0, ""max_features"": 0.8802935222832952, ""min_samples_leaf"": 3, ""n_estimators"": 815}",COMPLETE
12,4.080344088908265,2026-10-02 06:27:16.361212,2026-10-02 06:27:45.430970,0 days 00:00:29.069758,0,0.9878126292346906,1,791,"{""max_depth"": 0, ""max_features"": 0.9878126292346906, ""min_samples_leaf"": 1, ""n_estimators"": 791}",COMPLETE
13,4.074695603046476,2026-10-02 06:27:45.431015,2026-10-02 06:28:03.800965,0 days 00:00:18.369950,0,0.8046943644246427,6,832,"{""max_depth"": 0, ""max_features"": 0.8046943644246427, ""min_samples_leaf"": 6, ""n_estimators"": 832}",COMPLETE
14,4.078934837802608,2026-10-02 06:28:03.801009,2026-10-02 06:28:29.182168,0 days 00:00:25.381159,0,0.7220311846441979,1,948,"{""max_depth"": 0, ""max_features"": 0.7220311846441979, ""min_samples_leaf"": 1, ""n_estimators"": 948}",COMPLETE
15,4.068543526547903,2026-10-02 06:28:29.182216,2026-10-02 06:28:55.449568,0 days 00:00:26.267352,0,0.9565295314111082,4,948,"{""max_depth"": 0, ""max_features"": 0.9565295314111082, ""min_samples_leaf"": 4, ""n_estimators"": 948}",COMPLETE
16,4.067318479346445,2026-10-02 06:28:55.449617,2026-10-02 06:29:09.526530,0 days 00:00:14.076913,0,0.5859032695968447,4,824,"{""max_depth"": 0, ""max_features"": 0.5859032695968447, ""min_samples_leaf"": 4, ""n_estimators"": 824}",COMPLETE
17,4.065081687773234,2026-10-02 06:29:09.526575,2026-10-02 06:29:25.090566,0 days 00:00:15.563991,0,0.5735306181306215,3,866,"{""max_depth"": 0, ""max_features"": 0.5735306181306215, ""min_samples_leaf"": 3, ""n_estimators"": 866}",COMPLETE
18,4.075590819308518,2026-10-02 06:29:25.090616,2026-10-02 06:29:31.868165,0 days 00:00:06.777549,0,0.21255898014806462,2,824,"{""max_depth"": 0, ""max_features"": 0.21255898014806462, ""min_samples_leaf"": 2, ""n_estimators"": 824}",COMPLETE
19,4.074213724710973,2026-10-02 06:29:31.868212,2026-10-02 06:29:48.099315,0 days 00:00:16.231103,0,0.45681181386090774,1,902,"{""max_depth"": 0, ""max_features"": 0.45681181386090774, ""min_samples_leaf"": 1, ""n_estimators"": 902}",COMPLETE
20,4.06857308658891,2026-10-02 06:29:48.099365,2026-10-02 06:30:06.943580,0 days 00:00:18.844215,0,0.9889665105921401,3,629,"{""max_depth"": 0, ""max_features"": 0.9889665105921401, ""min_samples_leaf"": 3, ""n_estimators"": 629}",COMPLETE
21,4.066993744946891,2026-10-02 06:30:06.943625,2026-10-02 06:30:27.702394,0 days 00:00:20.758769,0,0.8254457616526193,2,797,"{""max_depth"": 0, ""max_features"": 0.8254457616526193, ""min_samples_leaf"": 2, ""n_estimators"": 797}",COMPLETE
22,4.066903985971713,2026-10-02 06:30:27.702440,2026-10-02 06:30:46.252943,0 days 00:00:18.550503,0,0.824122244351777,2,719,"{""max_depth"": 0, ""max_features"": 0.824122244351777, ""min_samples_leaf"": 2, ""n_estimators"": 719}",COMPLETE
23,4.065586876649687,2026-10-02 06:30:46.252987,2026-10-02 06:30:57.919449,0 days 00:00:11.666462,0,0.5526808540098929,3,681,"{""max_depth"": 0, ""max_features"": 0.5526808540098929, ""min_samples_leaf"": 3, ""n_estimators"": 681}",COMPLETE
24,4.075322598366373,2026-10-02 06:30:57.919495,2026-10-02 06:31:05.521739,0 days 00:00:07.602244,0,0.3855019051868915,4,656,"{""max_depth"": 0, ""max_features"": 0.3855019051868915, ""min_samples_leaf"": 4, ""n_estimators"": 656}",COMPLETE
25,4.07867440263627,2026-10-02 06:31:05.521782,2026-10-02 06:31:15.528462,0 days 00:00:10.006680,0,0.35614554627579564,1,721,"{""max_depth"": 0, ""max_features"": 0.35614554627579564, ""min_samples_leaf"": 1, ""n_estimators"": 721}",COMPLETE
26,4.077312744504684,2026-10-02 06:31:15.528508,2026-10-02 06:31:26.063497,0 days 00:00:10.534989,0,0.3882392450317038,5,943,"{""max_depth"": 0, ""max_features"": 0.3882392450317038, ""min_samples_leaf"": 5, ""n_estimators"": 943}",COMPLETE
27,4.074122495911502,2026-10-02 06:31:26.063541,2026-10-02 06:31:40.915873,0 days 00:00:14.852332,0,0.6654307976532722,2,689,"{""max_depth"": 0, ""max_features"": 0.6654307976532722, ""min_samples_leaf"": 2, ""n_estimators"": 689}",COMPLETE
28,4.0648693079079345,2026-10-02 06:31:40.915919,2026-10-02 06:31:52.561188,0 days 00:00:11.645269,30,0.5742619440013085,3,679,"{""max_depth"": 30, ""max_features"": 0.5742619440013085, ""min_samples_leaf"": 3, ""n_estimators"": 679}",COMPLETE
29,4.067400722742682,2026-10-02 06:31:52.561233,2026-10-02 06:32:01.521083,0 days 00:00:08.959850,30,0.5406890877211948,3,555,"{""max_depth"": 30, ""max_features"": 0.5406890877211948, ""min_samples_leaf"": 3, ""n_estimators"": 555}",COMPLETE
30,4.068600883377125,2026-10-02 06:32:01.521128,2026-10-02 06:32:18.658790,0 days 00:00:17.137662,0,0.6284749304638154,4,943,"{""max_depth"": 0, ""max_features"": 0.6284749304638154, ""min_samples_leaf"": 4, ""n_estimators"": 943}",COMPLETE
31,4.067192383520275,2026-10-02 06:32:18.658837,2026-10-02 06:32:33.031473,0 days 00:00:14.372636,30,0.7328777499152023,4,678,"{""max_depth"": 30, ""max_features"": 0.7328777499152023, ""min_samples_leaf"": 4, ""n_estimators"": 678}",COMPLETE
32,4.066511015558384,2026-10-02 06:32:33.031517,2026-10-02 06:32:50.388265,0 days 00:00:17.356748,0,0.6016878587743343,2,889,"{""max_depth"": 0, ""max_features"": 0.6016878587743343, ""min_samples_leaf"": 2, ""n_estimators"": 889}",COMPLETE
33,4.072813740891306,2026-10-02 06:32:50.388312,2026-10-02 06:33:03.645241,0 days 00:00:13.256929,0,0.5325309757708483,5,899,"{""max_depth"": 0, ""max_features"": 0.5325309757708483, ""min_samples_leaf"": 5, ""n_estimators"": 899}",COMPLETE
34,4.068223427713885,2026-10-02 06:33:03.645288,2026-10-02 06:33:19.153870,0 days 00:00:15.508582,30,0.7996930833041069,2,594,"{""max_depth"": 30, ""max_features"": 0.7996930833041069, ""min_samples_leaf"": 2, ""n_estimators"": 594}",COMPLETE
35,4.067045992999382,2026-10-02 06:33:19.153913,2026-10-02 06:33:31.241733,0 days 00:00:12.087820,0,0.4085062908695535,3,986,"{""max_depth"": 0, ""max_features"": 0.4085062908695535, ""min_samples_leaf"": 3, ""n_estimators"": 986}",COMPLETE
36,4.067127814040053,2026-10-02 06:33:31.241775,2026-10-02 06:33:47.608266,0 days 00:00:16.366491,30,0.7133588998090657,3,771,"{""max_depth"": 30, ""max_features"": 0.7133588998090657, ""min_samples_leaf"": 3, ""n_estimators"": 771}",COMPLETE
37,4.069980853166616,2026-10-02 06:33:47.608313,2026-10-02 06:33:57.333962,0 days 00:00:09.725649,30,0.6886010882322133,5,530,"{""max_depth"": 30, ""max_features"": 0.6886010882322133, ""min_samples_leaf"": 5, ""n_estimators"": 530}",COMPLETE
38,4.1155874448440555,2026-10-02 06:33:57.334004,2026-10-02 06:34:06.227300,0 days 00:00:08.893296,10,0.49708392128708767,3,792,"{""max_depth"": 10, ""max_features"": 0.49708392128708767, ""min_samples_leaf"": 3, ""n_estimators"": 792}",COMPLETE
39,4.069320302390211,2026-10-02 06:34:06.227343,2026-10-02 06:34:19.215812,0 days 00:00:12.988469,30,0.8225533437116344,4,564,"{""max_depth"": 30, ""max_features"": 0.8225533437116344, ""min_samples_leaf"": 4, ""n_estimators"": 564}",COMPLETE
40,4.0664614266816725,2026-10-02 06:34:19.215856,2026-10-02 06:34:30.056083,0 days 00:00:10.840227,0,0.5522061802418707,3,629,"{""max_depth"": 0, ""max_features"": 0.5522061802418707, ""min_samples_leaf"": 3, ""n_estimators"": 629}",COMPLETE
41,4.06647541178805,2026-10-02 06:34:30.056128,2026-10-02 06:34:40.381652,0 days 00:00:10.325524,30,0.5315316195018353,3,639,"{""max_depth"": 30, ""max_features"": 0.5315316195018353, ""min_samples_leaf"": 3, ""n_estimators"": 639}",COMPLETE
42,4.069706491991949,2026-10-02 06:34:40.381694,2026-10-02 06:34:50.642609,0 days 00:00:10.260915,0,0.5320781640786233,2,583,"{""max_depth"": 0, ""max_features"": 0.5320781640786233, ""min_samples_leaf"": 2, ""n_estimators"": 583}",COMPLETE
43,4.066989251120713,2026-10-02 06:34:50.642656,2026-10-02 06:35:10.062133,0 days 00:00:19.419477,0,0.716500416795741,2,833,"{""max_depth"": 0, ""max_features"": 0.716500416795741, ""min_samples_leaf"": 2, ""n_estimators"": 833}",COMPLETE
44,4.068882499610223,2026-10-02 06:35:10.062178,2026-10-02 06:35:22.646197,0 days 00:00:12.584019,0,0.5668527813914552,2,680,"{""max_depth"": 0, ""max_features"": 0.5668527813914552, ""min_samples_leaf"": 2, ""n_estimators"": 680}",COMPLETE
45,4.068605794437608,2026-10-02 06:35:22.646242,2026-10-02 06:35:31.469987,0 days 00:00:08.823745,0,0.6076491983661613,3,483,"{""max_depth"": 0, ""max_features"": 0.6076491983661613, ""min_samples_leaf"": 3, ""n_estimators"": 483}",COMPLETE
46,4.075720064088397,2026-10-02 06:35:31.470047,2026-10-02 06:35:46.976562,0 days 00:00:15.506515,30,0.5773387247108218,1,746,"{""max_depth"": 30, ""max_features"": 0.5773387247108218, ""min_samples_leaf"": 1, ""n_estimators"": 746}",COMPLETE
47,4.066912712333379,2026-10-02 06:35:46.976607,2026-10-02 06:36:04.481018,0 days 00:00:17.504411,0,0.6617641691844603,3,870,"{""max_depth"": 0, ""max_features"": 0.6617641691844603, ""min_samples_leaf"": 3, ""n_estimators"": 870}",COMPLETE
48,4.0750762718107545,2026-10-02 06:36:04.481079,2026-10-02 06:36:15.530727,0 days 00:00:11.049648,0,0.6027791816723669,5,666,"{""max_depth"": 0, ""max_features"": 0.6027791816723669, ""min_samples_leaf"": 5, ""n_estimators"": 666}",COMPLETE
49,4.072433560390831,2026-10-02 06:36:15.530770,2026-10-02 06:36:21.175426,0 days 00:00:05.644656,0,0.47321494212799736,4,418,"{""max_depth"": 0, ""max_features"": 0.47321494212799736, ""min_samples_leaf"": 4, ""n_estimators"": 418}",COMPLETE
