number,value,datetime_start,datetime_complete,duration,params_max_depth,params_max_features,params_min_samples_leaf,params_n_estimators,system_attrs_tpe:relative_params:0,state
0,4.011695180321643,2026-10-02 18:06:56.792044,2026-10-02 18:15:52.982973,0 days 00:08:56.190929,40,0.7436704297351775,7,684,,COMPLETE
1,4.011052297792142,2026-10-02 18:15:52.983134,2026-10-02 18:23:15.105167,0 days 00:07:22.122033,20,0.4450973669431999,8,975,,COMPLETE
2,4.019942219660628,2026-10-02 18:23:15.105285,2026-10-02 18:27:10.684090,0 days 00:03:55.578805,10,0.8493578609931441,8,314,,COMPLETE
3,4.03026822569204,2026-10-02 18:27:10.684226,2026-10-02 18:33:16.417558,0 days 00:06:05.733332,0,0.6759289191947714,2,382,,COMPLETE
4,4.050802079488009,2026-10-02 18:33:16.417695,2026-10-02 18:42:18.355058,0 days 00:09:01.937363,30,0.6115905539817836,1,619,,COMPLETE
5,4.013585787781327,2026-10-02 18:42:18.355180,2026-10-02 18:46:49.176017,0 days 00:04:30.820837,20,0.4933287584194074,7,552,,COMPLETE
6,4.023663281775334,2026-10-02 18:46:49.176127,2026-10-02 18:49:59.534513,0 days 00:03:10.358386,10,0.42733969384836035,6,521,,COMPLETE
7,4.016703241129029,2026-10-02 18:49:59.534627,2026-10-02 18:54:21.875926,0 days 00:04:22.341299,30,0.3279624422858039,5,757,,COMPLETE
8,4.013701403097014,2026-10-02 18:54:21.876042,2026-10-02 18:57:32.979364,0 days 00:03:11.103322,30,0.4318526535948677,9,437,,COMPLETE
9,4.008715137353847,2026-10-02 18:57:32.979490,2026-10-02 19:08:14.600508,0 days 00:10:41.621018,30,0.6443609677705414,8,984,,COMPLETE
10,4.0198368167497,2026-10-02 19:08:14.600619,2026-10-02 19:22:08.190062,0 days 00:13:53.589443,30,0.8318341930301257,4,864,"{""max_depth"": 30, ""max_features"": 0.8318341930301257, ""min_samples_leaf"": 4, ""n_estimators"": 864}",COMPLETE
11,4.012941708864545,2026-10-02 19:22:08.190182,2026-10-02 19:28:00.751793,0 days 00:05:52.561611,30,0.4281475702083001,10,840,"{""max_depth"": 30, ""max_features"": 0.4281475702083001, ""min_samples_leaf"": 10, ""n_estimators"": 840}",COMPLETE
12,4.016285656935321,2026-10-02 19:28:00.751927,2026-10-02 19:32:02.117287,0 days 00:04:01.365360,20,0.23892503228397077,8,968,"{""max_depth"": 20, ""max_features"": 0.23892503228397077, ""min_samples_leaf"": 8, ""n_estimators"": 968}",COMPLETE
13,4.0216501463874605,2026-10-02 19:32:02.117413,2026-10-02 19:40:41.868789,0 days 00:08:39.751376,10,0.592469725971641,7,973,"{""max_depth"": 10, ""max_features"": 0.592469725971641, ""min_samples_leaf"": 7, ""n_estimators"": 973}",COMPLETE
14,4.009559365687647,2026-10-02 19:40:41.868916,2026-10-02 19:51:56.950374,0 days 00:11:15.081458,20,0.7090043161427884,10,979,"{""max_depth"": 20, ""max_features"": 0.7090043161427884, ""min_samples_leaf"": 10, ""n_estimators"": 979}",COMPLETE
15,4.008208503988083,2026-10-02 19:51:56.950487,2026-10-02 20:02:46.637183,0 days 00:10:49.686696,20,0.7925662639725257,9,854,"{""max_depth"": 20, ""max_features"": 0.7925662639725257, ""min_samples_leaf"": 9, ""n_estimators"": 854}",COMPLETE
16,4.0225106665095565,2026-10-02 20:02:46.637295,2026-10-02 20:13:39.610675,0 days 00:10:52.973380,10,0.9058910020281822,10,847,"{""max_depth"": 10, ""max_features"": 0.9058910020281822, ""min_samples_leaf"": 10, ""n_estimators"": 847}",COMPLETE
17,4.020946861080366,2026-10-02 20:13:39.610785,2026-10-02 20:20:28.203808,0 days 00:06:48.593023,10,0.5992322726075772,10,822,"{""max_depth"": 10, ""max_features"": 0.5992322726075772, ""min_samples_leaf"": 10, ""n_estimators"": 822}",COMPLETE
18,4.010970584260503,2026-10-02 20:20:28.203931,2026-10-02 20:35:06.591578,0 days 00:14:38.387647,30,0.9262770333659476,9,987,"{""max_depth"": 30, ""max_features"": 0.9262770333659476, ""min_samples_leaf"": 9, ""n_estimators"": 987}",COMPLETE
19,4.008403454819274,2026-10-02 20:35:06.591687,2026-10-02 20:44:35.814903,0 days 00:09:29.223216,20,0.6557557431428985,8,883,"{""max_depth"": 20, ""max_features"": 0.6557557431428985, ""min_samples_leaf"": 8, ""n_estimators"": 883}",COMPLETE
20,4.01516135831869,2026-10-02 20:44:35.815014,2026-10-02 20:56:55.130192,0 days 00:12:19.315178,20,0.9385039865705933,6,748,"{""max_depth"": 20, ""max_features"": 0.9385039865705933, ""min_samples_leaf"": 6, ""n_estimators"": 748}",COMPLETE
21,4.01050481043191,2026-10-02 20:56:55.130297,2026-10-02 21:07:11.329756,0 days 00:10:16.199459,20,0.7592610612732592,9,852,"{""max_depth"": 20, ""max_features"": 0.7592610612732592, ""min_samples_leaf"": 9, ""n_estimators"": 852}",COMPLETE
22,4.010848184707251,2026-10-02 21:07:11.329858,2026-10-02 21:16:45.459800,0 days 00:09:34.129942,20,0.6373360216372239,7,922,"{""max_depth"": 20, ""max_features"": 0.6373360216372239, ""min_samples_leaf"": 7, ""n_estimators"": 922}",COMPLETE
23,4.008864553766396,2026-10-02 21:16:45.459922,2026-10-02 21:24:28.218335,0 days 00:07:42.758413,20,0.6999647109513814,10,704,"{""max_depth"": 20, ""max_features"": 0.6999647109513814, ""min_samples_leaf"": 10, ""n_estimators"": 704}",COMPLETE
24,4.010516671826947,2026-10-02 21:24:28.218445,2026-10-02 21:36:36.580401,0 days 00:12:08.361956,40,0.7970859518014789,8,936,"{""max_depth"": 40, ""max_features"": 0.7970859518014789, ""min_samples_leaf"": 8, ""n_estimators"": 936}",COMPLETE
25,4.012981031821113,2026-10-02 21:36:36.580518,2026-10-02 21:44:34.991161,0 days 00:07:58.410643,40,0.5700697328063141,8,842,"{""max_depth"": 40, ""max_features"": 0.5700697328063141, ""min_samples_leaf"": 8, ""n_estimators"": 842}",COMPLETE
26,4.011207461914375,2026-10-02 21:44:34.991264,2026-10-02 21:55:31.511200,0 days 00:10:56.519936,20,0.8532990248340868,8,780,"{""max_depth"": 20, ""max_features"": 0.8532990248340868, ""min_samples_leaf"": 8, ""n_estimators"": 780}",COMPLETE
27,4.005634930284249,2026-10-02 21:55:31.511309,2026-10-02 22:03:27.986658,0 days 00:07:56.475349,30,0.6218964184132106,8,774,"{""max_depth"": 30, ""max_features"": 0.6218964184132106, ""min_samples_leaf"": 8, ""n_estimators"": 774}",COMPLETE
28,4.0106006206890585,2026-10-02 22:03:27.986772,2026-10-02 22:10:02.199739,0 days 00:06:34.212967,30,0.5760918390893615,8,705,"{""max_depth"": 30, ""max_features"": 0.5760918390893615, ""min_samples_leaf"": 8, ""n_estimators"": 705}",COMPLETE
29,4.014566883015116,2026-10-02 22:10:02.199846,2026-10-02 22:17:23.090260,0 days 00:07:20.890414,30,0.5123814917495533,6,843,"{""max_depth"": 30, ""max_features"": 0.5123814917495533, ""min_samples_leaf"": 6, ""n_estimators"": 843}",COMPLETE
