number,value,datetime_start,datetime_complete,duration,params_alpha,system_attrs_tpe:relative_params:0,state
0,4.226721435564355,2026-10-02 06:25:02.432334,2026-10-02 06:25:02.443694,0 days 00:00:00.011360,1.96282248134428,,COMPLETE
1,4.22575753657366,2026-10-02 06:25:02.443732,2026-10-02 06:25:02.449710,0 days 00:00:00.005978,19.549524484259873,,COMPLETE
2,4.226552821081138,2026-10-02 06:25:02.449741,2026-10-02 06:25:02.455647,0 days 00:00:00.005906,4.135997393839888,,COMPLETE
3,4.2267294272017635,2026-10-02 06:25:02.455675,2026-10-02 06:25:02.461577,0 days 00:00:00.005902,1.8590843630169627,,COMPLETE
4,4.226622139705701,2026-10-02 06:25:02.461606,2026-10-02 06:25:02.467274,0 days 00:00:00.005668,0.348280208702833,,COMPLETE
5,4.226326934402166,2026-10-02 06:25:02.467297,2026-10-02 06:25:02.472984,0 days 00:00:00.005687,7.505241622349544,,COMPLETE
6,4.226679143849293,2026-10-02 06:25:02.473008,2026-10-02 06:25:02.478723,0 days 00:00:00.005715,0.4222048983149828,,COMPLETE
7,4.2254750453135985,2026-10-02 06:25:02.478757,2026-10-02 06:25:02.484460,0 days 00:00:00.005703,224.2012371372442,,COMPLETE
8,4.230199983223021,2026-10-02 06:25:02.484489,2026-10-02 06:25:02.490109,0 days 00:00:00.005620,605.3082080079017,,COMPLETE
9,4.226360245193234,2026-10-02 06:25:02.490131,2026-10-02 06:25:02.495865,0 days 00:00:00.005734,0.1998246739232945,,COMPLETE
10,4.220644208406799,2026-10-02 06:25:02.495887,2026-10-02 06:25:02.502617,0 days 00:00:00.006730,0.0013243623620587995,"{""alpha"": 0.0013243623620587995}",COMPLETE
11,4.2206786129825264,2026-10-02 06:25:02.502638,2026-10-02 06:25:02.509170,0 days 00:00:00.006532,0.0015652680003743358,"{""alpha"": 0.0015652680003743358}",COMPLETE
12,4.220645355429849,2026-10-02 06:25:02.509192,2026-10-02 06:25:02.516473,0 days 00:00:00.007281,0.0013323336863192534,"{""alpha"": 0.0013323336863192534}",COMPLETE
13,4.220643449552914,2026-10-02 06:25:02.516494,2026-10-02 06:25:02.522905,0 days 00:00:00.006411,0.0013190919167740047,"{""alpha"": 0.0013190919167740047}",COMPLETE
14,4.222333743097997,2026-10-02 06:25:02.522926,2026-10-02 06:25:02.529371,0 days 00:00:00.006445,0.01265850383272266,"{""alpha"": 0.01265850383272266}",COMPLETE
15,4.223050593332998,2026-10-02 06:25:02.529392,2026-10-02 06:25:02.535959,0 days 00:00:00.006567,0.01901724868684707,"{""alpha"": 0.01901724868684707}",COMPLETE
16,4.22272798625071,2026-10-02 06:25:02.535981,2026-10-02 06:25:02.542495,0 days 00:00:00.006514,0.015935725551758203,"{""alpha"": 0.015935725551758203}",COMPLETE
17,4.221145915049316,2026-10-02 06:25:02.542518,2026-10-02 06:25:02.548959,0 days 00:00:00.006441,0.00465523486549615,"{""alpha"": 0.00465523486549615}",COMPLETE
18,4.223996989465646,2026-10-02 06:25:02.548980,2026-10-02 06:25:02.555484,0 days 00:00:00.006504,0.03138162614685407,"{""alpha"": 0.03138162614685407}",COMPLETE
19,4.225125570486187,2026-10-02 06:25:02.555506,2026-10-02 06:25:02.561929,0 days 00:00:00.006423,0.060829480758869854,"{""alpha"": 0.060829480758869854}",COMPLETE
20,4.2210005616787925,2026-10-02 06:25:02.561950,2026-10-02 06:25:02.568419,0 days 00:00:00.006469,0.0037347524932171802,"{""alpha"": 0.0037347524932171802}",COMPLETE
21,4.220656028708661,2026-10-02 06:25:02.568444,2026-10-02 06:25:02.574900,0 days 00:00:00.006456,0.001406760806644703,"{""alpha"": 0.001406760806644703}",COMPLETE
22,4.221140580365951,2026-10-02 06:25:02.574921,2026-10-02 06:25:02.581390,0 days 00:00:00.006469,0.004621740950030415,"{""alpha"": 0.004621740950030415}",COMPLETE
23,4.220632821249186,2026-10-02 06:25:02.581414,2026-10-02 06:25:02.587794,0 days 00:00:00.006380,0.0012455815174715278,"{""alpha"": 0.0012455815174715278}",COMPLETE
24,4.220607648979789,2026-10-02 06:25:02.587815,2026-10-02 06:25:02.594278,0 days 00:00:00.006463,0.0010745157949445052,"{""alpha"": 0.0010745157949445052}",COMPLETE
25,4.221300587868385,2026-10-02 06:25:02.594300,2026-10-02 06:25:02.600722,0 days 00:00:00.006422,0.005623112898885741,"{""alpha"": 0.005623112898885741}",COMPLETE
26,4.225528481002198,2026-10-02 06:25:02.600744,2026-10-02 06:25:02.607203,0 days 00:00:00.006459,0.0814701152166003,"{""alpha"": 0.0814701152166003}",COMPLETE
27,4.221625751767159,2026-10-02 06:25:02.607226,2026-10-02 06:25:02.613746,0 days 00:00:00.006520,0.007683908857802974,"{""alpha"": 0.007683908857802974}",COMPLETE
28,4.220996146827932,2026-10-02 06:25:02.613770,2026-10-02 06:25:02.620295,0 days 00:00:00.006525,0.0037064407410534973,"{""alpha"": 0.0037064407410534973}",COMPLETE
29,4.224446816345162,2026-10-02 06:25:02.620320,2026-10-02 06:25:02.626909,0 days 00:00:00.006589,0.04017626123733051,"{""alpha"": 0.04017626123733051}",COMPLETE
