number,value,datetime_start,datetime_complete,duration,params_colsample_bytree,params_learning_rate,params_max_depth,params_min_child_weight,params_n_estimators,params_reg_alpha,params_reg_lambda,params_subsample,system_attrs_tpe:relative_params:0,state
0,4.187231403635221,2026-10-02 18:06:44.294570,2026-10-02 18:11:24.357520,0 days 00:04:40.062950,0.7521258791466592,0.11387317092169064,7,11,1188,3.6905577292137624,0.0562793204741517,0.7118273996694524,,COMPLETE
1,4.119830508064688,2026-10-02 18:11:24.357800,2026-10-02 18:24:00.875953,0 days 00:12:36.518153,0.9479176468048627,0.036845938035010996,9,11,1935,0.002231090560744304,0.0019237305096546497,0.7840222805469661,,COMPLETE
2,4.229939498152262,2026-10-02 18:24:00.876209,2026-10-02 18:25:50.757284,0 days 00:01:49.881075,0.8594109949517064,0.16977763163336626,9,18,236,1.3246974647468452,0.07013219779945795,0.989309171116382,,COMPLETE
3,4.100864864167492,2026-10-02 18:25:50.757522,2026-10-02 18:26:27.452102,0 days 00:00:36.694580,0.5902633579933665,0.088153780513692,4,19,413,1.2500712230836255,0.011434638743472197,0.7609241608750359,,COMPLETE
4,4.0995050882367785,2026-10-02 18:26:27.452360,2026-10-02 18:27:29.006964,0 days 00:01:01.554604,0.7318537978123298,0.06912670683424535,3,13,1021,0.5336803302756715,5.956516018710568,0.8060478613612108,,COMPLETE
5,4.07902742745338,2026-10-02 18:27:29.007272,2026-10-02 18:35:05.743290,0 days 00:07:36.736018,0.7694465087327116,0.04421291893432151,8,2,847,0.0032787264983352763,0.0069427294924301495,0.8333833577228338,,COMPLETE
6,4.056236995847915,2026-10-02 18:35:05.743535,2026-10-02 18:37:09.870606,0 days 00:02:04.127071,0.3714313675236196,0.03445441737078129,7,9,768,0.004418125737902547,0.006847105576684045,0.9941869190296131,,COMPLETE
7,4.103900171460069,2026-10-02 18:37:09.870849,2026-10-02 18:40:37.077912,0 days 00:03:27.207063,0.37726259881501356,0.023666956347875266,6,5,1376,0.003570522756718293,0.4220057397195018,0.5794847918227599,,COMPLETE
8,4.055573930197468,2026-10-02 18:40:37.078176,2026-10-02 18:45:39.541221,0 days 00:05:02.463045,0.36726888552577414,0.035047075708368194,9,2,554,0.07492121411354245,8.050778165087026,0.918972453749402,,COMPLETE
9,4.164122276903178,2026-10-02 18:45:39.541447,2026-10-02 18:53:23.992826,0 days 00:07:44.451379,0.3841375928492182,0.07824023983213262,8,1,1959,0.002984770033451216,0.015295398277813725,0.6414034812882048,,COMPLETE
10,4.105013563294755,2026-10-02 18:53:23.993050,2026-10-02 19:04:56.486655,0 days 00:11:32.493605,0.6076662739540196,0.03564034261936082,10,7,1366,0.06630900947764848,0.274433689541592,0.9452212598059986,"{""colsample_bytree"": 0.6076662739540196, ""learning_rate"": 0.03564034261936082, ""max_depth"": 10, ""min_child_weight"": 7, ""n_estimators"": 1366, ""reg_alpha"": 0.06630900947764848, ""reg_lambda"": 0.274433689541592, ""subsample"": 0.9452212598059986}",COMPLETE
11,4.039062466535253,2026-10-02 19:04:56.486900,2026-10-02 19:09:57.250238,0 days 00:05:00.763338,0.37023581398948413,0.02769900112326703,9,1,478,1.1262529100504257,3.8638678237427775,0.9445024683717319,"{""colsample_bytree"": 0.37023581398948413, ""learning_rate"": 0.02769900112326703, ""max_depth"": 9, ""min_child_weight"": 1, ""n_estimators"": 478, ""reg_alpha"": 1.1262529100504257, ""reg_lambda"": 3.8638678237427775, ""subsample"": 0.9445024683717319}",COMPLETE
12,4.066397724304336,2026-10-02 19:09:57.250476,2026-10-02 19:14:57.937411,0 days 00:05:00.686935,0.43178213502675256,0.06455649551901527,10,1,498,5.826866950698469,5.589107156388151,0.9149544311486224,"{""colsample_bytree"": 0.43178213502675256, ""learning_rate"": 0.06455649551901527, ""max_depth"": 10, ""min_child_weight"": 1, ""n_estimators"": 498, ""reg_alpha"": 5.826866950698469, ""reg_lambda"": 5.589107156388151, ""subsample"": 0.9149544311486224}",COMPLETE
13,4.006128790113675,2026-10-02 19:14:57.937666,2026-10-02 19:19:07.283047,0 days 00:04:09.345381,0.39318412164058986,0.015179476016142814,8,5,671,0.19375139466922023,8.10551900570838,0.8816337863795115,"{""colsample_bytree"": 0.39318412164058986, ""learning_rate"": 0.015179476016142814, ""max_depth"": 8, ""min_child_weight"": 5, ""n_estimators"": 671, ""reg_alpha"": 0.19375139466922023, ""reg_lambda"": 8.10551900570838, ""subsample"": 0.8816337863795115}",COMPLETE
14,4.094816345502305,2026-10-02 19:19:07.283315,2026-10-02 19:25:13.107635,0 days 00:06:05.824320,0.41789622598373183,0.03037473523656929,9,6,869,1.0519209941894458,2.340233512139886,0.7171580394653593,"{""colsample_bytree"": 0.41789622598373183, ""learning_rate"": 0.03037473523656929, ""max_depth"": 9, ""min_child_weight"": 6, ""n_estimators"": 869, ""reg_alpha"": 1.0519209941894458, ""reg_lambda"": 2.340233512139886, ""subsample"": 0.7171580394653593}",COMPLETE
15,3.9920085090140525,2026-10-02 19:25:13.107881,2026-10-02 19:30:44.226219,0 days 00:05:31.118338,0.4652641850216588,0.013779559043147148,10,2,355,0.20744142635825671,8.322405811229997,0.7171333889045786,"{""colsample_bytree"": 0.4652641850216588, ""learning_rate"": 0.013779559043147148, ""max_depth"": 10, ""min_child_weight"": 2, ""n_estimators"": 355, ""reg_alpha"": 0.20744142635825671, ""reg_lambda"": 8.322405811229997, ""subsample"": 0.7171333889045786}",COMPLETE
16,4.044157429454904,2026-10-02 19:30:44.226465,2026-10-02 19:34:56.552478,0 days 00:04:12.326013,0.5473701022659837,0.028357552513159866,10,3,353,0.17677474263039178,4.898562740513586,0.6825952546463689,"{""colsample_bytree"": 0.5473701022659837, ""learning_rate"": 0.028357552513159866, ""max_depth"": 10, ""min_child_weight"": 3, ""n_estimators"": 353, ""reg_alpha"": 0.17677474263039178, ""reg_lambda"": 4.898562740513586, ""subsample"": 0.6825952546463689}",COMPLETE
17,4.028609359014781,2026-10-02 19:34:56.552702,2026-10-02 19:39:43.150152,0 days 00:04:46.597450,0.34633160176946537,0.011165119153688547,9,7,934,0.2991274399394754,0.4309130553020466,0.7611538911090986,"{""colsample_bytree"": 0.34633160176946537, ""learning_rate"": 0.011165119153688547, ""max_depth"": 9, ""min_child_weight"": 7, ""n_estimators"": 934, ""reg_alpha"": 0.2991274399394754, ""reg_lambda"": 0.4309130553020466, ""subsample"": 0.7611538911090986}",COMPLETE
18,3.990603269844985,2026-10-02 19:39:43.150440,2026-10-02 19:42:22.071633,0 days 00:02:38.921193,0.5196524513122274,0.014015866021456425,8,4,382,0.008849726700622158,2.961515122231477,0.6696813747150185,"{""colsample_bytree"": 0.5196524513122274, ""learning_rate"": 0.014015866021456425, ""max_depth"": 8, ""min_child_weight"": 4, ""n_estimators"": 382, ""reg_alpha"": 0.008849726700622158, ""reg_lambda"": 2.961515122231477, ""subsample"": 0.6696813747150185}",COMPLETE
19,4.030808878515425,2026-10-02 19:42:22.071869,2026-10-02 19:49:00.650987,0 days 00:06:38.579118,0.5894027768354565,0.012109833064771458,9,5,810,0.013406761424442443,2.9061903775791285,0.7090591868308389,"{""colsample_bytree"": 0.5894027768354565, ""learning_rate"": 0.012109833064771458, ""max_depth"": 9, ""min_child_weight"": 5, ""n_estimators"": 810, ""reg_alpha"": 0.013406761424442443, ""reg_lambda"": 2.9061903775791285, ""subsample"": 0.7090591868308389}",COMPLETE
20,3.993873898690753,2026-10-02 19:49:00.651256,2026-10-02 19:56:10.970308,0 days 00:07:10.319052,0.6113088209445364,0.013598061819630927,10,2,437,0.006937697373697814,8.20230178897086,0.6480127373967514,"{""colsample_bytree"": 0.6113088209445364, ""learning_rate"": 0.013598061819630927, ""max_depth"": 10, ""min_child_weight"": 2, ""n_estimators"": 437, ""reg_alpha"": 0.006937697373697814, ""reg_lambda"": 8.20230178897086, ""subsample"": 0.6480127373967514}",COMPLETE
21,3.9828236055281914,2026-10-02 19:56:10.970596,2026-10-02 20:01:36.866828,0 days 00:05:25.896232,0.4959778357965329,0.01045924649327903,9,4,605,0.020870587558358515,9.585217687571024,0.585345951583617,"{""colsample_bytree"": 0.4959778357965329, ""learning_rate"": 0.01045924649327903, ""max_depth"": 9, ""min_child_weight"": 4, ""n_estimators"": 605, ""reg_alpha"": 0.020870587558358515, ""reg_lambda"": 9.585217687571024, ""subsample"": 0.585345951583617}",COMPLETE
22,4.03256327791561,2026-10-02 20:01:36.867080,2026-10-02 20:05:23.452054,0 days 00:03:46.584974,0.5221093763062759,0.014403624383331766,9,6,588,0.06190789376938242,1.5810239866185332,0.5926268147672547,"{""colsample_bytree"": 0.5221093763062759, ""learning_rate"": 0.014403624383331766, ""max_depth"": 9, ""min_child_weight"": 6, ""n_estimators"": 588, ""reg_alpha"": 0.06190789376938242, ""reg_lambda"": 1.5810239866185332, ""subsample"": 0.5926268147672547}",COMPLETE
23,4.041184349437437,2026-10-02 20:05:23.452333,2026-10-02 20:14:16.047764,0 days 00:08:52.595431,0.579877016551036,0.012834210121310226,9,2,896,0.028234343212928864,2.872022280959961,0.5296661075572228,"{""colsample_bytree"": 0.579877016551036, ""learning_rate"": 0.012834210121310226, ""max_depth"": 9, ""min_child_weight"": 2, ""n_estimators"": 896, ""reg_alpha"": 0.028234343212928864, ""reg_lambda"": 2.872022280959961, ""subsample"": 0.5296661075572228}",COMPLETE
24,4.105316846106042,2026-10-02 20:14:16.048024,2026-10-02 20:19:40.604399,0 days 00:05:24.556375,0.47965171119492894,0.028142896928581105,10,5,725,0.004411332456584992,3.774540553715921,0.5650717679462168,"{""colsample_bytree"": 0.47965171119492894, ""learning_rate"": 0.028142896928581105, ""max_depth"": 10, ""min_child_weight"": 5, ""n_estimators"": 725, ""reg_alpha"": 0.004411332456584992, ""reg_lambda"": 3.774540553715921, ""subsample"": 0.5650717679462168}",COMPLETE
25,4.054378539859112,2026-10-02 20:19:40.604656,2026-10-02 20:23:21.825883,0 days 00:03:41.221227,0.33323594085976405,0.027270109549483428,10,3,418,0.05195939643120352,4.6583802420007885,0.6454468044839274,"{""colsample_bytree"": 0.33323594085976405, ""learning_rate"": 0.027270109549483428, ""max_depth"": 10, ""min_child_weight"": 3, ""n_estimators"": 418, ""reg_alpha"": 0.05195939643120352, ""reg_lambda"": 4.6583802420007885, ""subsample"": 0.6454468044839274}",COMPLETE
26,4.002424255718895,2026-10-02 20:23:21.826131,2026-10-02 20:25:58.268328,0 days 00:02:36.442197,0.6308035418665144,0.0180668919663174,9,6,309,0.008078608021837894,2.8090117438868294,0.6369582394819302,"{""colsample_bytree"": 0.6308035418665144, ""learning_rate"": 0.0180668919663174, ""max_depth"": 9, ""min_child_weight"": 6, ""n_estimators"": 309, ""reg_alpha"": 0.008078608021837894, ""reg_lambda"": 2.8090117438868294, ""subsample"": 0.6369582394819302}",COMPLETE
27,3.991932921399662,2026-10-02 20:25:58.268579,2026-10-02 20:31:06.283724,0 days 00:05:08.015145,0.5199510431541624,0.010763806383836427,10,2,301,0.12037740169332821,2.695883614944825,0.8060225075410591,"{""colsample_bytree"": 0.5199510431541624, ""learning_rate"": 0.010763806383836427, ""max_depth"": 10, ""min_child_weight"": 2, ""n_estimators"": 301, ""reg_alpha"": 0.12037740169332821, ""reg_lambda"": 2.695883614944825, ""subsample"": 0.8060225075410591}",COMPLETE
28,3.985622817067238,2026-10-02 20:31:06.283979,2026-10-02 20:36:19.283441,0 days 00:05:12.999462,0.44765044171718904,0.013425134848805519,9,1,427,0.04119708045202587,9.127441803585572,0.6044908025229185,"{""colsample_bytree"": 0.44765044171718904, ""learning_rate"": 0.013425134848805519, ""max_depth"": 9, ""min_child_weight"": 1, ""n_estimators"": 427, ""reg_alpha"": 0.04119708045202587, ""reg_lambda"": 9.127441803585572, ""subsample"": 0.6044908025229185}",COMPLETE
29,4.004903142136013,2026-10-02 20:36:19.283695,2026-10-02 20:40:34.096328,0 days 00:04:14.812633,0.6226888237674906,0.012640149246354315,8,2,515,0.19265045927633784,0.8915267598805883,0.597596860366196,"{""colsample_bytree"": 0.6226888237674906, ""learning_rate"": 0.012640149246354315, ""max_depth"": 8, ""min_child_weight"": 2, ""n_estimators"": 515, ""reg_alpha"": 0.19265045927633784, ""reg_lambda"": 0.8915267598805883, ""subsample"": 0.597596860366196}",COMPLETE
30,3.9737073613847635,2026-10-02 20:40:34.096589,2026-10-02 20:44:13.733808,0 days 00:03:39.637219,0.5908891492886033,0.013979188261846381,8,2,393,0.03817424034701946,8.856827470550709,0.6174256418314448,"{""colsample_bytree"": 0.5908891492886033, ""learning_rate"": 0.013979188261846381, ""max_depth"": 8, ""min_child_weight"": 2, ""n_estimators"": 393, ""reg_alpha"": 0.03817424034701946, ""reg_lambda"": 8.856827470550709, ""subsample"": 0.6174256418314448}",COMPLETE
31,4.010998167850091,2026-10-02 20:44:13.734066,2026-10-02 20:49:02.223270,0 days 00:04:48.489204,0.44778926736837343,0.01772703084008317,9,2,487,0.16578464845401159,8.924835723020605,0.5687953265646091,"{""colsample_bytree"": 0.44778926736837343, ""learning_rate"": 0.01772703084008317, ""max_depth"": 9, ""min_child_weight"": 2, ""n_estimators"": 487, ""reg_alpha"": 0.16578464845401159, ""reg_lambda"": 8.924835723020605, ""subsample"": 0.5687953265646091}",COMPLETE
32,4.027276741652895,2026-10-02 20:49:02.223547,2026-10-02 20:55:21.485035,0 days 00:06:19.261488,0.41168933222285853,0.013929676435365534,10,2,592,0.03999273387989743,2.4888517076193657,0.5961944060229909,"{""colsample_bytree"": 0.41168933222285853, ""learning_rate"": 0.013929676435365534, ""max_depth"": 10, ""min_child_weight"": 2, ""n_estimators"": 592, ""reg_alpha"": 0.03999273387989743, ""reg_lambda"": 2.4888517076193657, ""subsample"": 0.5961944060229909}",COMPLETE
33,4.027776310488104,2026-10-02 20:55:21.485305,2026-10-02 20:58:38.859589,0 days 00:03:17.374284,0.41203467228987267,0.015135529073874629,8,5,639,0.018472687692392836,1.8495725216375747,0.6418294968446883,"{""colsample_bytree"": 0.41203467228987267, ""learning_rate"": 0.015135529073874629, ""max_depth"": 8, ""min_child_weight"": 5, ""n_estimators"": 639, ""reg_alpha"": 0.018472687692392836, ""reg_lambda"": 1.8495725216375747, ""subsample"": 0.6418294968446883}",COMPLETE
34,3.96575040734567,2026-10-02 20:58:38.859860,2026-10-02 21:00:59.540328,0 days 00:02:20.680468,0.4504368657309733,0.01320397426369642,8,5,359,0.001771246139296673,8.849365475657084,0.5921077885677338,"{""colsample_bytree"": 0.4504368657309733, ""learning_rate"": 0.01320397426369642, ""max_depth"": 8, ""min_child_weight"": 5, ""n_estimators"": 359, ""reg_alpha"": 0.001771246139296673, ""reg_lambda"": 8.849365475657084, ""subsample"": 0.5921077885677338}",COMPLETE
35,3.997813556290218,2026-10-02 21:00:59.540584,2026-10-02 21:03:33.035598,0 days 00:02:33.495014,0.4268733009026264,0.011042018502507047,8,6,522,0.007200738878692705,1.6133184634169113,0.5442918507489913,"{""colsample_bytree"": 0.4268733009026264, ""learning_rate"": 0.011042018502507047, ""max_depth"": 8, ""min_child_weight"": 6, ""n_estimators"": 522, ""reg_alpha"": 0.007200738878692705, ""reg_lambda"": 1.6133184634169113, ""subsample"": 0.5442918507489913}",COMPLETE
36,4.0144160424168085,2026-10-02 21:03:33.035862,2026-10-02 21:09:10.892459,0 days 00:05:37.856597,0.5365062479087729,0.014733531041812414,8,3,755,0.0068147351259271426,7.944229745611179,0.6015922044239382,"{""colsample_bytree"": 0.5365062479087729, ""learning_rate"": 0.014733531041812414, ""max_depth"": 8, ""min_child_weight"": 3, ""n_estimators"": 755, ""reg_alpha"": 0.0068147351259271426, ""reg_lambda"": 7.944229745611179, ""subsample"": 0.6015922044239382}",COMPLETE
37,3.9697076104725872,2026-10-02 21:09:10.892735,2026-10-02 21:10:44.011495,0 days 00:01:33.118760,0.4436631581305883,0.0128796387934686,7,3,293,0.030061841577575604,7.964686072843086,0.617871943345882,"{""colsample_bytree"": 0.4436631581305883, ""learning_rate"": 0.0128796387934686, ""max_depth"": 7, ""min_child_weight"": 3, ""n_estimators"": 293, ""reg_alpha"": 0.030061841577575604, ""reg_lambda"": 7.964686072843086, ""subsample"": 0.617871943345882}",COMPLETE
38,3.9808711534126555,2026-10-02 21:10:44.011778,2026-10-02 21:13:03.298893,0 days 00:02:19.287115,0.5191687492874083,0.012716969343954523,9,7,263,0.002526830195704175,8.171014219267366,0.6644963454833868,"{""colsample_bytree"": 0.5191687492874083, ""learning_rate"": 0.012716969343954523, ""max_depth"": 9, ""min_child_weight"": 7, ""n_estimators"": 263, ""reg_alpha"": 0.002526830195704175, ""reg_lambda"": 8.171014219267366, ""subsample"": 0.6644963454833868}",COMPLETE
39,4.030297813707095,2026-10-02 21:13:03.299120,2026-10-02 21:15:40.896481,0 days 00:02:37.597361,0.4113286844228838,0.019230201014635177,8,7,556,0.0017552699072292447,4.267122227290999,0.569956252187417,"{""colsample_bytree"": 0.4113286844228838, ""learning_rate"": 0.019230201014635177, ""max_depth"": 8, ""min_child_weight"": 7, ""n_estimators"": 556, ""reg_alpha"": 0.0017552699072292447, ""reg_lambda"": 4.267122227290999, ""subsample"": 0.569956252187417}",COMPLETE
40,3.972177263195101,2026-10-02 21:15:40.896794,2026-10-02 21:17:06.235880,0 days 00:01:25.339086,0.3913456529040976,0.012642786662258133,7,4,327,0.0022403196307852658,3.908851326129052,0.5937175337530018,"{""colsample_bytree"": 0.3913456529040976, ""learning_rate"": 0.012642786662258133, ""max_depth"": 7, ""min_child_weight"": 4, ""n_estimators"": 327, ""reg_alpha"": 0.0022403196307852658, ""reg_lambda"": 3.908851326129052, ""subsample"": 0.5937175337530018}",COMPLETE
41,3.9643194245775377,2026-10-02 21:17:06.236139,2026-10-02 21:18:26.075910,0 days 00:01:19.839771,0.3178630595816715,0.015071515964557993,7,5,361,0.002063731745858366,5.569400959443654,0.56629707830094,"{""colsample_bytree"": 0.3178630595816715, ""learning_rate"": 0.015071515964557993, ""max_depth"": 7, ""min_child_weight"": 5, ""n_estimators"": 361, ""reg_alpha"": 0.002063731745858366, ""reg_lambda"": 5.569400959443654, ""subsample"": 0.56629707830094}",COMPLETE
42,3.9829068438371658,2026-10-02 21:18:26.076160,2026-10-02 21:20:09.295457,0 days 00:01:43.219297,0.40538752358905616,0.019209533303372193,8,3,270,0.004899745871686617,4.462649215489531,0.5181368914580929,"{""colsample_bytree"": 0.40538752358905616, ""learning_rate"": 0.019209533303372193, ""max_depth"": 8, ""min_child_weight"": 3, ""n_estimators"": 270, ""reg_alpha"": 0.004899745871686617, ""reg_lambda"": 4.462649215489531, ""subsample"": 0.5181368914580929}",COMPLETE
43,3.9847521432977504,2026-10-02 21:20:09.295711,2026-10-02 21:22:40.816751,0 days 00:02:31.521040,0.30482222963479383,0.013701183953160981,8,5,508,0.005193275159846447,8.401396605017112,0.6122179338944326,"{""colsample_bytree"": 0.30482222963479383, ""learning_rate"": 0.013701183953160981, ""max_depth"": 8, ""min_child_weight"": 5, ""n_estimators"": 508, ""reg_alpha"": 0.005193275159846447, ""reg_lambda"": 8.401396605017112, ""subsample"": 0.6122179338944326}",COMPLETE
44,3.9722576255635382,2026-10-02 21:22:40.817023,2026-10-02 21:24:14.472018,0 days 00:01:33.654995,0.412346849576288,0.011582874485495352,7,6,363,0.003409645127478151,5.880712915141217,0.6082998397045631,"{""colsample_bytree"": 0.412346849576288, ""learning_rate"": 0.011582874485495352, ""max_depth"": 7, ""min_child_weight"": 6, ""n_estimators"": 363, ""reg_alpha"": 0.003409645127478151, ""reg_lambda"": 5.880712915141217, ""subsample"": 0.6082998397045631}",COMPLETE
45,3.9723226111076304,2026-10-02 21:24:14.472297,2026-10-02 21:25:13.387559,0 days 00:00:58.915262,0.33481129710016233,0.01646070370220304,7,5,243,0.002659592392331951,8.05737026657982,0.590502935536981,"{""colsample_bytree"": 0.33481129710016233, ""learning_rate"": 0.01646070370220304, ""max_depth"": 7, ""min_child_weight"": 5, ""n_estimators"": 243, ""reg_alpha"": 0.002659592392331951, ""reg_lambda"": 8.05737026657982, ""subsample"": 0.590502935536981}",COMPLETE
46,3.9939550994256163,2026-10-02 21:25:13.387804,2026-10-02 21:27:06.302450,0 days 00:01:52.914646,0.4166969440487903,0.01758679662265061,7,1,364,0.003843475967089723,3.277351348513028,0.5868040342008365,"{""colsample_bytree"": 0.4166969440487903, ""learning_rate"": 0.01758679662265061, ""max_depth"": 7, ""min_child_weight"": 1, ""n_estimators"": 364, ""reg_alpha"": 0.003843475967089723, ""reg_lambda"": 3.277351348513028, ""subsample"": 0.5868040342008365}",COMPLETE
47,3.989626714545327,2026-10-02 21:27:06.302717,2026-10-02 21:29:59.637683,0 days 00:02:53.334966,0.38362452818871173,0.012582731498935223,8,3,457,0.0014597713152482924,8.070518968072971,0.533346018478395,"{""colsample_bytree"": 0.38362452818871173, ""learning_rate"": 0.012582731498935223, ""max_depth"": 8, ""min_child_weight"": 3, ""n_estimators"": 457, ""reg_alpha"": 0.0014597713152482924, ""reg_lambda"": 8.070518968072971, ""subsample"": 0.533346018478395}",COMPLETE
48,4.00087532783284,2026-10-02 21:29:59.637932,2026-10-02 21:31:17.387773,0 days 00:01:17.749841,0.40869104480277746,0.011028767556608863,8,5,201,0.009164308802258478,3.470077989690845,0.6083322673304807,"{""colsample_bytree"": 0.40869104480277746, ""learning_rate"": 0.011028767556608863, ""max_depth"": 8, ""min_child_weight"": 5, ""n_estimators"": 201, ""reg_alpha"": 0.009164308802258478, ""reg_lambda"": 3.470077989690845, ""subsample"": 0.6083322673304807}",COMPLETE
49,3.9897982161692305,2026-10-02 21:31:17.388020,2026-10-02 21:32:21.417527,0 days 00:01:04.029507,0.38079489641391334,0.01619608914956439,7,7,297,0.013341343242004727,3.7608003493932753,0.5000972114270454,"{""colsample_bytree"": 0.38079489641391334, ""learning_rate"": 0.01619608914956439, ""max_depth"": 7, ""min_child_weight"": 7, ""n_estimators"": 297, ""reg_alpha"": 0.013341343242004727, ""reg_lambda"": 3.7608003493932753, ""subsample"": 0.5000972114270454}",COMPLETE
