number,value,datetime_start,datetime_complete,duration,params_alpha,system_attrs_tpe:relative_params:0,state
0,4.249764099208206,2026-10-02 06:25:01.366867,2026-10-02 06:25:01.382465,0 days 00:00:00.015598,1.96282248134428,,COMPLETE
1,4.248600525188931,2026-10-02 06:25:01.382510,2026-10-02 06:25:01.390042,0 days 00:00:00.007532,19.549524484259873,,COMPLETE
2,4.249383181579784,2026-10-02 06:25:01.390079,2026-10-02 06:25:01.397465,0 days 00:00:00.007386,4.135997393839888,,COMPLETE
3,4.249788298006371,2026-10-02 06:25:01.397499,2026-10-02 06:25:01.405053,0 days 00:00:00.007554,1.8590843630169627,,COMPLETE
4,4.250081370532143,2026-10-02 06:25:01.405088,2026-10-02 06:25:01.412737,0 days 00:00:00.007649,0.348280208702833,,COMPLETE
5,4.24904892778324,2026-10-02 06:25:01.412772,2026-10-02 06:25:01.420113,0 days 00:00:00.007341,7.505241622349544,,COMPLETE
6,4.250103974331543,2026-10-02 06:25:01.420145,2026-10-02 06:25:01.427399,0 days 00:00:00.007254,0.4222048983149828,,COMPLETE
7,4.251089490493119,2026-10-02 06:25:01.427440,2026-10-02 06:25:01.434739,0 days 00:00:00.007299,224.2012371372442,,COMPLETE
8,4.257321873955737,2026-10-02 06:25:01.434772,2026-10-02 06:25:01.442083,0 days 00:00:00.007311,605.3082080079017,,COMPLETE
9,4.249908788929999,2026-10-02 06:25:01.442110,2026-10-02 06:25:01.449307,0 days 00:00:00.007197,0.1998246739232945,,COMPLETE
10,4.244938239911389,2026-10-02 06:25:01.449332,2026-10-02 06:25:01.457982,0 days 00:00:00.008650,0.0013243623620587995,"{""alpha"": 0.0013243623620587995}",COMPLETE
11,4.244951871209687,2026-10-02 06:25:01.458010,2026-10-02 06:25:01.468448,0 days 00:00:00.010438,0.001503468500539853,"{""alpha"": 0.001503468500539853}",COMPLETE
12,4.244938807931334,2026-10-02 06:25:01.468480,2026-10-02 06:25:01.478126,0 days 00:00:00.009646,0.0013323336863192534,"{""alpha"": 0.0013323336863192534}",COMPLETE
13,4.244937866485987,2026-10-02 06:25:01.478153,2026-10-02 06:25:01.486513,0 days 00:00:00.008360,0.0013190919167740047,"{""alpha"": 0.0013190919167740047}",COMPLETE
14,4.2463827143605535,2026-10-02 06:25:01.486539,2026-10-02 06:25:01.494851,0 days 00:00:00.008312,0.01265850383272266,"{""alpha"": 0.01265850383272266}",COMPLETE
15,4.247023863085484,2026-10-02 06:25:01.494877,2026-10-02 06:25:01.503260,0 days 00:00:00.008383,0.019017248686847073,"{""alpha"": 0.019017248686847073}",COMPLETE
16,4.24673535855725,2026-10-02 06:25:01.503286,2026-10-02 06:25:01.511655,0 days 00:00:00.008369,0.015935725551758203,"{""alpha"": 0.015935725551758203}",COMPLETE
17,4.245328462329877,2026-10-02 06:25:01.511681,2026-10-02 06:25:01.520074,0 days 00:00:00.008393,0.00465523486549615,"{""alpha"": 0.00465523486549615}",COMPLETE
18,4.2478683862419935,2026-10-02 06:25:01.520101,2026-10-02 06:25:01.528568,0 days 00:00:00.008467,0.03138162614685407,"{""alpha"": 0.03138162614685407}",COMPLETE
19,4.245180323114231,2026-10-02 06:25:01.528618,2026-10-02 06:25:01.537058,0 days 00:00:00.008440,0.003554913346159365,"{""alpha"": 0.003554913346159365}",COMPLETE
20,4.248428561167532,2026-10-02 06:25:01.537084,2026-10-02 06:25:01.545358,0 days 00:00:00.008274,0.044597254790587446,"{""alpha"": 0.044597254790587446}",COMPLETE
21,4.244944292128926,2026-10-02 06:25:01.545384,2026-10-02 06:25:01.553804,0 days 00:00:00.008420,0.001406760806644703,"{""alpha"": 0.001406760806644703}",COMPLETE
22,4.245251156611643,2026-10-02 06:25:01.553830,2026-10-02 06:25:01.562213,0 days 00:00:00.008383,0.004089112761577212,"{""alpha"": 0.004089112761577212}",COMPLETE
23,4.2449328424989625,2026-10-02 06:25:01.562240,2026-10-02 06:25:01.570598,0 days 00:00:00.008358,0.0012455815174715278,"{""alpha"": 0.0012455815174715278}",COMPLETE
24,4.245505986217744,2026-10-02 06:25:01.570626,2026-10-02 06:25:01.579003,0 days 00:00:00.008377,0.005926053034911611,"{""alpha"": 0.005926053034911611}",COMPLETE
25,4.249255488928601,2026-10-02 06:25:01.579029,2026-10-02 06:25:01.587397,0 days 00:00:00.008368,0.08432692770261951,"{""alpha"": 0.08432692770261951}",COMPLETE
26,4.244927570989245,2026-10-02 06:25:01.587423,2026-10-02 06:25:01.595820,0 days 00:00:00.008397,0.0011618015849038732,"{""alpha"": 0.0011618015849038732}",COMPLETE
27,4.245750933486122,2026-10-02 06:25:01.595846,2026-10-02 06:25:01.604151,0 days 00:00:00.008305,0.007683908857802974,"{""alpha"": 0.007683908857802974}",COMPLETE
28,4.245200150609138,2026-10-02 06:25:01.604177,2026-10-02 06:25:01.612674,0 days 00:00:00.008497,0.0037064407410534973,"{""alpha"": 0.0037064407410534973}",COMPLETE
29,4.24900231460573,2026-10-02 06:25:01.612702,2026-10-02 06:25:01.621100,0 days 00:00:00.008398,0.06766663370691736,"{""alpha"": 0.06766663370691736}",COMPLETE
