number,value,datetime_start,datetime_complete,duration,params_colsample_bytree,params_learning_rate,params_max_depth,params_min_child_weight,params_n_estimators,params_reg_alpha,params_reg_lambda,params_subsample,system_attrs_tpe:relative_params:0,state
0,4.195417567894289,2026-10-02 06:27:23.721214,2026-10-02 06:27:31.238912,0 days 00:00:07.517698,0.7521258791466592,0.11387317092169064,7,11,1188,3.6905577292137624,0.0562793204741517,0.7118273996694524,,COMPLETE
1,4.096318887201234,2026-10-02 06:27:31.238990,2026-10-02 06:27:49.226407,0 days 00:00:17.987417,0.9479176468048627,0.036845938035010996,9,11,1935,0.002231090560744304,0.0019237305096546497,0.7840222805469661,,COMPLETE
2,4.20282492216962,2026-10-02 06:27:49.226485,2026-10-02 06:27:51.231657,0 days 00:00:02.005172,0.8594109949517064,0.16977763163336626,9,18,236,1.3246974647468452,0.07013219779945795,0.989309171116382,,COMPLETE
3,4.110847148407455,2026-10-02 06:27:51.231735,2026-10-02 06:27:52.151433,0 days 00:00:00.919698,0.5902633579933665,0.088153780513692,4,19,413,1.2500712230836255,0.011434638743472197,0.7609241608750359,,COMPLETE
4,4.1114813485404165,2026-10-02 06:27:52.151515,2026-10-02 06:27:53.955733,0 days 00:00:01.804218,0.7318537978123298,0.06912670683424535,3,13,1021,0.5336803302756715,5.956516018710568,0.8060478613612108,,COMPLETE
5,4.061770824275367,2026-10-02 06:27:53.955805,2026-10-02 06:28:04.686041,0 days 00:00:10.730236,0.7694465087327116,0.04421291893432151,8,2,847,0.0032787264983352763,0.0069427294924301495,0.8333833577228338,,COMPLETE
6,4.068555190808026,2026-10-02 06:28:04.686116,2026-10-02 06:28:07.408650,0 days 00:00:02.722534,0.3714313675236196,0.03445441737078129,7,9,768,0.004418125737902547,0.006847105576684045,0.9941869190296131,,COMPLETE
7,4.088997633751018,2026-10-02 06:28:07.408736,2026-10-02 06:28:11.740389,0 days 00:00:04.331653,0.37726259881501356,0.023666956347875266,6,5,1376,0.003570522756718293,0.4220057397195018,0.5794847918227599,,COMPLETE
8,4.045069873646973,2026-10-02 06:28:11.740463,2026-10-02 06:28:17.009561,0 days 00:00:05.269098,0.36726888552577414,0.035047075708368194,9,2,554,0.07492121411354245,8.050778165087026,0.918972453749402,,COMPLETE
9,4.182721828361521,2026-10-02 06:28:17.009626,2026-10-02 06:28:28.000030,0 days 00:00:10.990404,0.3841375928492182,0.07824023983213262,8,1,1959,0.002984770033451216,0.015295398277813725,0.6414034812882048,,COMPLETE
10,4.07218039985585,2026-10-02 06:28:28.000097,2026-10-02 06:28:42.056969,0 days 00:00:14.056872,0.6076662739540196,0.03564034261936082,10,7,1366,0.06630900947764848,0.274433689541592,0.9452212598059986,"{""colsample_bytree"": 0.6076662739540196, ""learning_rate"": 0.03564034261936082, ""max_depth"": 10, ""min_child_weight"": 7, ""n_estimators"": 1366, ""reg_alpha"": 0.06630900947764848, ""reg_lambda"": 0.274433689541592, ""subsample"": 0.9452212598059986}",COMPLETE
11,4.024210238665096,2026-10-02 06:28:42.057036,2026-10-02 06:28:48.039132,0 days 00:00:05.982096,0.42397584530363785,0.02769900112326703,9,1,478,1.3002129041880344,3.8668930790901626,0.9445024683717319,"{""colsample_bytree"": 0.42397584530363785, ""learning_rate"": 0.02769900112326703, ""max_depth"": 9, ""min_child_weight"": 1, ""n_estimators"": 478, ""reg_alpha"": 1.3002129041880344, ""reg_lambda"": 3.8668930790901626, ""subsample"": 0.9445024683717319}",COMPLETE
12,4.076921381412042,2026-10-02 06:28:48.039201,2026-10-02 06:28:54.622741,0 days 00:00:06.583540,0.43178213502675256,0.06455649551901527,10,1,498,6.1200367962993925,5.589107156388151,0.9149544311486224,"{""colsample_bytree"": 0.43178213502675256, ""learning_rate"": 0.06455649551901527, ""max_depth"": 10, ""min_child_weight"": 1, ""n_estimators"": 498, ""reg_alpha"": 6.1200367962993925, ""reg_lambda"": 5.589107156388151, ""subsample"": 0.9149544311486224}",COMPLETE
13,4.023772913259665,2026-10-02 06:28:54.622802,2026-10-02 06:28:58.614749,0 days 00:00:03.991947,0.39318412164058986,0.015179476016142814,8,5,671,0.20148341840304723,8.10551900570838,0.8816337863795115,"{""colsample_bytree"": 0.39318412164058986, ""learning_rate"": 0.015179476016142814, ""max_depth"": 8, ""min_child_weight"": 5, ""n_estimators"": 671, ""reg_alpha"": 0.20148341840304723, ""reg_lambda"": 8.10551900570838, ""subsample"": 0.8816337863795115}",COMPLETE
14,4.047128827092728,2026-10-02 06:28:58.614814,2026-10-02 06:29:05.578102,0 days 00:00:06.963288,0.4435320409028984,0.03037473523656929,9,6,869,1.1481730663477019,2.3409846679661537,0.7171580394653593,"{""colsample_bytree"": 0.4435320409028984, ""learning_rate"": 0.03037473523656929, ""max_depth"": 9, ""min_child_weight"": 6, ""n_estimators"": 869, ""reg_alpha"": 1.1481730663477019, ""reg_lambda"": 2.3409846679661537, ""subsample"": 0.7171580394653593}",COMPLETE
15,4.012210174947045,2026-10-02 06:29:05.578167,2026-10-02 06:29:11.016741,0 days 00:00:05.438574,0.49586583663460443,0.013779559043147148,10,2,355,0.2310754524155096,8.3228804011158,0.7171333889045786,"{""colsample_bytree"": 0.49586583663460443, ""learning_rate"": 0.013779559043147148, ""max_depth"": 10, ""min_child_weight"": 2, ""n_estimators"": 355, ""reg_alpha"": 0.2310754524155096, ""reg_lambda"": 8.3228804011158, ""subsample"": 0.7171333889045786}",COMPLETE
16,4.030289620343849,2026-10-02 06:29:11.016803,2026-10-02 06:29:16.079715,0 days 00:00:05.062912,0.5700653320293358,0.028357552513159866,10,3,353,0.19360765708265915,4.8986221564094485,0.6825952546463689,"{""colsample_bytree"": 0.5700653320293358, ""learning_rate"": 0.028357552513159866, ""max_depth"": 10, ""min_child_weight"": 3, ""n_estimators"": 353, ""reg_alpha"": 0.19360765708265915, ""reg_lambda"": 4.8986221564094485, ""subsample"": 0.6825952546463689}",COMPLETE
17,4.013508927991748,2026-10-02 06:29:16.079778,2026-10-02 06:29:21.824699,0 days 00:00:05.744921,0.34633160176946537,0.011165119153688547,9,7,934,0.3089844961101645,0.4309130553020466,0.7611538911090986,"{""colsample_bytree"": 0.34633160176946537, ""learning_rate"": 0.011165119153688547, ""max_depth"": 9, ""min_child_weight"": 7, ""n_estimators"": 934, ""reg_alpha"": 0.3089844961101645, ""reg_lambda"": 0.4309130553020466, ""subsample"": 0.7611538911090986}",COMPLETE
18,4.003929193537566,2026-10-02 06:29:21.824765,2026-10-02 06:29:25.412215,0 days 00:00:03.587450,0.5919789533571587,0.0136304805243016,9,3,318,0.010183035733323445,2.157570769526445,0.5889136093826013,"{""colsample_bytree"": 0.5919789533571587, ""learning_rate"": 0.0136304805243016, ""max_depth"": 9, ""min_child_weight"": 3, ""n_estimators"": 318, ""reg_alpha"": 0.010183035733323445, ""reg_lambda"": 2.157570769526445, ""subsample"": 0.5889136093826013}",COMPLETE
19,4.015563739401081,2026-10-02 06:29:25.412281,2026-10-02 06:29:33.934183,0 days 00:00:08.521902,0.6494933178051466,0.012048574440321052,9,4,771,0.01422756220940593,2.5551030367221834,0.6524407354016131,"{""colsample_bytree"": 0.6494933178051466, ""learning_rate"": 0.012048574440321052, ""max_depth"": 9, ""min_child_weight"": 4, ""n_estimators"": 771, ""reg_alpha"": 0.01422756220940593, ""reg_lambda"": 2.5551030367221834, ""subsample"": 0.6524407354016131}",COMPLETE
20,4.013296587540313,2026-10-02 06:29:33.934244,2026-10-02 06:29:41.679858,0 days 00:00:07.745614,0.6354176051652431,0.013598061819630927,10,2,437,0.0074892286897718435,8.202333327077882,0.6471500521860118,"{""colsample_bytree"": 0.6354176051652431, ""learning_rate"": 0.013598061819630927, ""max_depth"": 10, ""min_child_weight"": 2, ""n_estimators"": 437, ""reg_alpha"": 0.0074892286897718435, ""reg_lambda"": 8.202333327077882, ""subsample"": 0.6471500521860118}",COMPLETE
21,4.030470314211184,2026-10-02 06:29:41.679920,2026-10-02 06:29:45.595113,0 days 00:00:03.915193,0.3894870558096226,0.010792972264189262,9,1,343,0.09417409240780605,7.37314163794129,0.6453450865673522,"{""colsample_bytree"": 0.3894870558096226, ""learning_rate"": 0.010792972264189262, ""max_depth"": 9, ""min_child_weight"": 1, ""n_estimators"": 343, ""reg_alpha"": 0.09417409240780605, ""reg_lambda"": 7.37314163794129, ""subsample"": 0.6453450865673522}",COMPLETE
22,4.008512384530792,2026-10-02 06:29:45.595173,2026-10-02 06:29:51.077430,0 days 00:00:05.482257,0.5768358303430041,0.012845042001379856,10,4,470,0.01602534754541135,0.6685817447135686,0.5670237455580079,"{""colsample_bytree"": 0.5768358303430041, ""learning_rate"": 0.012845042001379856, ""max_depth"": 10, ""min_child_weight"": 4, ""n_estimators"": 470, ""reg_alpha"": 0.01602534754541135, ""reg_lambda"": 0.6685817447135686, ""subsample"": 0.5670237455580079}",COMPLETE
23,4.011676900829685,2026-10-02 06:29:51.077496,2026-10-02 06:29:58.751141,0 days 00:00:07.673645,0.463907990949081,0.010904566557957183,10,2,603,0.0022869507095648178,2.71152823839136,0.5173202687571682,"{""colsample_bytree"": 0.463907990949081, ""learning_rate"": 0.010904566557957183, ""max_depth"": 10, ""min_child_weight"": 2, ""n_estimators"": 603, ""reg_alpha"": 0.0022869507095648178, ""reg_lambda"": 2.71152823839136, ""subsample"": 0.5173202687571682}",COMPLETE
24,4.01329242053231,2026-10-02 06:29:58.751204,2026-10-02 06:30:02.899318,0 days 00:00:04.148114,0.4418972988532918,0.012638536788091044,10,3,399,0.0021916594559800526,2.6638739041163326,0.5543549173665999,"{""colsample_bytree"": 0.4418972988532918, ""learning_rate"": 0.012638536788091044, ""max_depth"": 10, ""min_child_weight"": 3, ""n_estimators"": 399, ""reg_alpha"": 0.0021916594559800526, ""reg_lambda"": 2.6638739041163326, ""subsample"": 0.5543549173665999}",COMPLETE
25,4.035457680134732,2026-10-02 06:30:02.899404,2026-10-02 06:30:17.119845,0 days 00:00:14.220441,0.44296244278060903,0.020599527638905702,10,1,851,0.004932331949265113,1.8160430804068999,0.625854279646984,"{""colsample_bytree"": 0.44296244278060903, ""learning_rate"": 0.020599527638905702, ""max_depth"": 10, ""min_child_weight"": 1, ""n_estimators"": 851, ""reg_alpha"": 0.004932331949265113, ""reg_lambda"": 1.8160430804068999, ""subsample"": 0.625854279646984}",COMPLETE
26,4.010965165440291,2026-10-02 06:30:17.119910,2026-10-02 06:30:20.748278,0 days 00:00:03.628368,0.6839373548624452,0.017307575278796318,10,6,334,0.012678544708599223,1.112189463136866,0.5689520221921224,"{""colsample_bytree"": 0.6839373548624452, ""learning_rate"": 0.017307575278796318, ""max_depth"": 10, ""min_child_weight"": 6, ""n_estimators"": 334, ""reg_alpha"": 0.012678544708599223, ""reg_lambda"": 1.112189463136866, ""subsample"": 0.5689520221921224}",COMPLETE
27,4.003335766481031,2026-10-02 06:30:20.748365,2026-10-02 06:30:24.620136,0 days 00:00:03.871771,0.6624558116839099,0.011616827967840826,10,5,330,0.0050869472064433655,0.1939358691524502,0.5541801438968299,"{""colsample_bytree"": 0.6624558116839099, ""learning_rate"": 0.011616827967840826, ""max_depth"": 10, ""min_child_weight"": 5, ""n_estimators"": 330, ""reg_alpha"": 0.0050869472064433655, ""reg_lambda"": 0.1939358691524502, ""subsample"": 0.5541801438968299}",COMPLETE
28,4.019792223769392,2026-10-02 06:30:24.620200,2026-10-02 06:30:30.576163,0 days 00:00:05.955963,0.722815914874349,0.01268956626227768,9,5,577,0.0013307824340291752,0.43497380115738904,0.6169028704837459,"{""colsample_bytree"": 0.722815914874349, ""learning_rate"": 0.01268956626227768, ""max_depth"": 9, ""min_child_weight"": 5, ""n_estimators"": 577, ""reg_alpha"": 0.0013307824340291752, ""reg_lambda"": 0.43497380115738904, ""subsample"": 0.6169028704837459}",COMPLETE
29,4.011080423490239,2026-10-02 06:30:30.576225,2026-10-02 06:30:33.466220,0 days 00:00:02.889995,0.5063540211873286,0.012636991367474225,10,6,313,0.0012033191939449224,0.2202011104332018,0.600002232565519,"{""colsample_bytree"": 0.5063540211873286, ""learning_rate"": 0.012636991367474225, ""max_depth"": 10, ""min_child_weight"": 6, ""n_estimators"": 313, ""reg_alpha"": 0.0012033191939449224, ""reg_lambda"": 0.2202011104332018, ""subsample"": 0.600002232565519}",COMPLETE
30,4.010179597457136,2026-10-02 06:30:33.466285,2026-10-02 06:30:46.933636,0 days 00:00:13.467351,0.6748507570950321,0.01540880767934679,10,1,612,0.0067589797154819055,0.5835680964040212,0.5152287690932941,"{""colsample_bytree"": 0.6748507570950321, ""learning_rate"": 0.01540880767934679, ""max_depth"": 10, ""min_child_weight"": 1, ""n_estimators"": 612, ""reg_alpha"": 0.0067589797154819055, ""reg_lambda"": 0.5835680964040212, ""subsample"": 0.5152287690932941}",COMPLETE
31,4.028315532506414,2026-10-02 06:30:46.933702,2026-10-02 06:30:52.919378,0 days 00:00:05.985676,0.732801265075611,0.014872788678781003,9,3,475,0.005683292231847741,0.23662965584005613,0.5052036863785533,"{""colsample_bytree"": 0.732801265075611, ""learning_rate"": 0.014872788678781003, ""max_depth"": 9, ""min_child_weight"": 3, ""n_estimators"": 475, ""reg_alpha"": 0.005683292231847741, ""reg_lambda"": 0.23662965584005613, ""subsample"": 0.5052036863785533}",COMPLETE
32,4.013121250942542,2026-10-02 06:30:52.919443,2026-10-02 06:30:58.406528,0 days 00:00:05.487085,0.5179613457870498,0.010734386915959956,9,2,458,0.007593903173859676,0.19573949029125923,0.5867342471575734,"{""colsample_bytree"": 0.5179613457870498, ""learning_rate"": 0.010734386915959956, ""max_depth"": 9, ""min_child_weight"": 2, ""n_estimators"": 458, ""reg_alpha"": 0.007593903173859676, ""reg_lambda"": 0.19573949029125923, ""subsample"": 0.5867342471575734}",COMPLETE
33,4.011618456887093,2026-10-02 06:30:58.406592,2026-10-02 06:31:03.636155,0 days 00:00:05.229563,0.6005097309101242,0.017735333293170147,9,6,623,0.005337021556142837,0.12389310870170667,0.5783453185457841,"{""colsample_bytree"": 0.6005097309101242, ""learning_rate"": 0.017735333293170147, ""max_depth"": 9, ""min_child_weight"": 6, ""n_estimators"": 623, ""reg_alpha"": 0.005337021556142837, ""reg_lambda"": 0.12389310870170667, ""subsample"": 0.5783453185457841}",COMPLETE
34,4.0117396763777355,2026-10-02 06:31:03.636221,2026-10-02 06:31:09.538073,0 days 00:00:05.901852,0.6034486108416028,0.01052857549944616,10,2,357,0.01015709171190615,2.3017234691353807,0.5691618834998737,"{""colsample_bytree"": 0.6034486108416028, ""learning_rate"": 0.01052857549944616, ""max_depth"": 10, ""min_child_weight"": 2, ""n_estimators"": 357, ""reg_alpha"": 0.01015709171190615, ""reg_lambda"": 2.3017234691353807, ""subsample"": 0.5691618834998737}",COMPLETE
35,4.013559863746772,2026-10-02 06:31:09.538139,2026-10-02 06:31:17.504734,0 days 00:00:07.966595,0.6317753893463082,0.011360502992523464,9,3,702,0.008863748890228645,0.2007646851740292,0.5206122120380839,"{""colsample_bytree"": 0.6317753893463082, ""learning_rate"": 0.011360502992523464, ""max_depth"": 9, ""min_child_weight"": 3, ""n_estimators"": 702, ""reg_alpha"": 0.008863748890228645, ""reg_lambda"": 0.2007646851740292, ""subsample"": 0.5206122120380839}",COMPLETE
36,4.01730607860515,2026-10-02 06:31:17.504799,2026-10-02 06:31:22.658633,0 days 00:00:05.153834,0.5100138237261217,0.015530735162429601,9,5,642,0.0282465412501211,0.8769156880444655,0.5220766967237902,"{""colsample_bytree"": 0.5100138237261217, ""learning_rate"": 0.015530735162429601, ""max_depth"": 9, ""min_child_weight"": 5, ""n_estimators"": 642, ""reg_alpha"": 0.0282465412501211, ""reg_lambda"": 0.8769156880444655, ""subsample"": 0.5220766967237902}",COMPLETE
37,4.006308801233477,2026-10-02 06:31:22.658701,2026-10-02 06:31:25.877326,0 days 00:00:03.218625,0.6663205762299932,0.011696146388591675,10,7,307,0.009314914852015847,0.11798614827728733,0.5472542232029421,"{""colsample_bytree"": 0.6663205762299932, ""learning_rate"": 0.011696146388591675, ""max_depth"": 10, ""min_child_weight"": 7, ""n_estimators"": 307, ""reg_alpha"": 0.009314914852015847, ""reg_lambda"": 0.11798614827728733, ""subsample"": 0.5472542232029421}",COMPLETE
38,4.00822692353625,2026-10-02 06:31:25.877418,2026-10-02 06:31:28.941778,0 days 00:00:03.064360,0.7205311626376667,0.01225660833821782,10,7,258,0.0029341901680979346,1.348792288055331,0.6353247522309149,"{""colsample_bytree"": 0.7205311626376667, ""learning_rate"": 0.01225660833821782, ""max_depth"": 10, ""min_child_weight"": 7, ""n_estimators"": 258, ""reg_alpha"": 0.0029341901680979346, ""reg_lambda"": 1.348792288055331, ""subsample"": 0.6353247522309149}",COMPLETE
39,4.032458858295119,2026-10-02 06:31:28.941846,2026-10-02 06:31:34.361042,0 days 00:00:05.419196,0.68736570166393,0.0181234748759218,10,6,473,0.004509330881728379,0.03364715918283919,0.615741767979095,"{""colsample_bytree"": 0.68736570166393, ""learning_rate"": 0.0181234748759218, ""max_depth"": 10, ""min_child_weight"": 6, ""n_estimators"": 473, ""reg_alpha"": 0.004509330881728379, ""reg_lambda"": 0.03364715918283919, ""subsample"": 0.615741767979095}",COMPLETE
40,4.0119425310656425,2026-10-02 06:31:34.361109,2026-10-02 06:31:39.246604,0 days 00:00:04.885495,0.7333084841325619,0.014148063133702002,10,7,452,0.012704546618753216,0.1069637069067205,0.5466703980217981,"{""colsample_bytree"": 0.7333084841325619, ""learning_rate"": 0.014148063133702002, ""max_depth"": 10, ""min_child_weight"": 7, ""n_estimators"": 452, ""reg_alpha"": 0.012704546618753216, ""reg_lambda"": 0.1069637069067205, ""subsample"": 0.5466703980217981}",COMPLETE
41,4.005930705616891,2026-10-02 06:31:39.246669,2026-10-02 06:31:42.502091,0 days 00:00:03.255422,0.5665021285235957,0.014843208035983515,10,7,335,0.0023236296394376233,3.1984174775614225,0.5985667395398946,"{""colsample_bytree"": 0.5665021285235957, ""learning_rate"": 0.014843208035983515, ""max_depth"": 10, ""min_child_weight"": 7, ""n_estimators"": 335, ""reg_alpha"": 0.0023236296394376233, ""reg_lambda"": 3.1984174775614225, ""subsample"": 0.5985667395398946}",COMPLETE
42,4.023786024587292,2026-10-02 06:31:42.502157,2026-10-02 06:31:45.163927,0 days 00:00:02.661770,0.5610651096110947,0.012418100247954868,10,6,250,0.006395224629682816,8.180024406746789,0.5717612366493702,"{""colsample_bytree"": 0.5610651096110947, ""learning_rate"": 0.012418100247954868, ""max_depth"": 10, ""min_child_weight"": 6, ""n_estimators"": 250, ""reg_alpha"": 0.006395224629682816, ""reg_lambda"": 8.180024406746789, ""subsample"": 0.5717612366493702}",COMPLETE
43,3.999474806457488,2026-10-02 06:31:45.163992,2026-10-02 06:31:48.304410,0 days 00:00:03.140418,0.6325480972920212,0.011267452410027108,10,11,369,0.0021804315904238075,1.5751036819736108,0.5803222229541678,"{""colsample_bytree"": 0.6325480972920212, ""learning_rate"": 0.011267452410027108, ""max_depth"": 10, ""min_child_weight"": 11, ""n_estimators"": 369, ""reg_alpha"": 0.0021804315904238075, ""reg_lambda"": 1.5751036819736108, ""subsample"": 0.5803222229541678}",COMPLETE
44,4.0087372322055055,2026-10-02 06:31:48.304479,2026-10-02 06:31:51.129001,0 days 00:00:02.824522,0.6212823076837322,0.011334720367821731,9,9,369,0.0024945873160098185,0.2527660446982681,0.5590960456988023,"{""colsample_bytree"": 0.6212823076837322, ""learning_rate"": 0.011334720367821731, ""max_depth"": 9, ""min_child_weight"": 9, ""n_estimators"": 369, ""reg_alpha"": 0.0024945873160098185, ""reg_lambda"": 0.2527660446982681, ""subsample"": 0.5590960456988023}",COMPLETE
45,4.005046064208723,2026-10-02 06:31:51.129067,2026-10-02 06:31:54.467121,0 days 00:00:03.338054,0.5763710930391991,0.016344926607575312,9,7,399,0.004973167354990557,4.102577383379952,0.6296976582714219,"{""colsample_bytree"": 0.5763710930391991, ""learning_rate"": 0.016344926607575312, ""max_depth"": 9, ""min_child_weight"": 7, ""n_estimators"": 399, ""reg_alpha"": 0.004973167354990557, ""reg_lambda"": 4.102577383379952, ""subsample"": 0.6296976582714219}",COMPLETE
46,4.015306552724116,2026-10-02 06:31:54.467186,2026-10-02 06:31:59.891386,0 days 00:00:05.424200,0.5699744276048523,0.01950267902717272,9,1,367,0.003926278035749235,2.9238378663647806,0.5904805182007469,"{""colsample_bytree"": 0.5699744276048523, ""learning_rate"": 0.01950267902717272, ""max_depth"": 9, ""min_child_weight"": 1, ""n_estimators"": 367, ""reg_alpha"": 0.003926278035749235, ""reg_lambda"": 2.9238378663647806, ""subsample"": 0.5904805182007469}",COMPLETE
47,4.002345879816516,2026-10-02 06:31:59.891449,2026-10-02 06:32:04.389698,0 days 00:00:04.498249,0.6458142267495385,0.011534497817433022,10,8,462,0.0014798321889021816,5.977044186710917,0.5395796925581314,"{""colsample_bytree"": 0.6458142267495385, ""learning_rate"": 0.011534497817433022, ""max_depth"": 10, ""min_child_weight"": 8, ""n_estimators"": 462, ""reg_alpha"": 0.0014798321889021816, ""reg_lambda"": 5.977044186710917, ""subsample"": 0.5395796925581314}",COMPLETE
48,4.004051840509849,2026-10-02 06:32:04.389763,2026-10-02 06:32:07.515265,0 days 00:00:03.125502,0.7546974105655462,0.01293046206380153,9,7,313,0.0032175134429198067,5.289207020883772,0.592637459072083,"{""colsample_bytree"": 0.7546974105655462, ""learning_rate"": 0.01293046206380153, ""max_depth"": 9, ""min_child_weight"": 7, ""n_estimators"": 313, ""reg_alpha"": 0.0032175134429198067, ""reg_lambda"": 5.289207020883772, ""subsample"": 0.592637459072083}",COMPLETE
49,4.011860186410764,2026-10-02 06:32:07.515352,2026-10-02 06:32:13.384641,0 days 00:00:05.869289,0.7810502752317885,0.02018767738555616,9,7,576,0.0016526344583743114,4.842004215958748,0.5791967834537639,"{""colsample_bytree"": 0.7810502752317885, ""learning_rate"": 0.02018767738555616, ""max_depth"": 9, ""min_child_weight"": 7, ""n_estimators"": 576, ""reg_alpha"": 0.0016526344583743114, ""reg_lambda"": 4.842004215958748, ""subsample"": 0.5791967834537639}",COMPLETE
