number,value,datetime_start,datetime_complete,duration,params_alpha,system_attrs_tpe:relative_params:0,state
0,4.183962350357854,2026-10-02 06:25:05.703393,2026-10-02 06:25:05.712199,0 days 00:00:00.008806,1.96282248134428,,COMPLETE
1,4.181495138566965,2026-10-02 06:25:05.712247,2026-10-02 06:25:05.716401,0 days 00:00:00.004154,19.549524484259873,,COMPLETE
2,4.183079842273243,2026-10-02 06:25:05.716440,2026-10-02 06:25:05.720529,0 days 00:00:00.004089,4.135997393839888,,COMPLETE
3,4.184024454258523,2026-10-02 06:25:05.720573,2026-10-02 06:25:05.724559,0 days 00:00:00.003986,1.8590843630169627,,COMPLETE
4,4.185243295353941,2026-10-02 06:25:05.724590,2026-10-02 06:25:05.728627,0 days 00:00:00.004037,0.348280208702833,,COMPLETE
5,4.182407367211533,2026-10-02 06:25:05.728652,2026-10-02 06:25:05.732570,0 days 00:00:00.003918,7.505241622349544,,COMPLETE
6,4.18519304692098,2026-10-02 06:25:05.732594,2026-10-02 06:25:05.736452,0 days 00:00:00.003858,0.4222048983149828,,COMPLETE
7,4.1842166023881875,2026-10-02 06:25:05.736484,2026-10-02 06:25:05.740371,0 days 00:00:00.003887,224.2012371372442,,COMPLETE
8,4.192712711456472,2026-10-02 06:25:05.740395,2026-10-02 06:25:05.744236,0 days 00:00:00.003841,605.3082080079017,,COMPLETE
9,4.185237843974831,2026-10-02 06:25:05.744255,2026-10-02 06:25:05.748145,0 days 00:00:00.003890,0.1998246739232945,,COMPLETE
10,4.180489332170517,2026-10-02 06:25:05.748162,2026-10-02 06:25:05.753023,0 days 00:00:00.004861,0.0013243623620587995,"{""alpha"": 0.0013243623620587995}",COMPLETE
11,4.18052112285661,2026-10-02 06:25:05.753041,2026-10-02 06:25:05.757622,0 days 00:00:00.004581,0.001503468500539853,"{""alpha"": 0.001503468500539853}",COMPLETE
12,4.180490774399612,2026-10-02 06:25:05.757640,2026-10-02 06:25:05.763050,0 days 00:00:00.005410,0.0013323336863192534,"{""alpha"": 0.0013323336863192534}",COMPLETE
13,4.180488377016117,2026-10-02 06:25:05.763070,2026-10-02 06:25:05.767537,0 days 00:00:00.004467,0.0013190919167740047,"{""alpha"": 0.0013190919167740047}",COMPLETE
14,4.182104891879185,2026-10-02 06:25:05.767555,2026-10-02 06:25:05.772002,0 days 00:00:00.004447,0.01265850383272266,"{""alpha"": 0.01265850383272266}",COMPLETE
15,4.182721811914873,2026-10-02 06:25:05.772020,2026-10-02 06:25:05.776481,0 days 00:00:00.004461,0.01901724868684707,"{""alpha"": 0.01901724868684707}",COMPLETE
16,4.182446128456363,2026-10-02 06:25:05.776509,2026-10-02 06:25:05.780916,0 days 00:00:00.004407,0.015935725551758203,"{""alpha"": 0.015935725551758203}",COMPLETE
17,4.181025839884992,2026-10-02 06:25:05.780934,2026-10-02 06:25:05.785338,0 days 00:00:00.004404,0.00465523486549615,"{""alpha"": 0.00465523486549615}",COMPLETE
18,4.183514728492228,2026-10-02 06:25:05.785357,2026-10-02 06:25:05.789857,0 days 00:00:00.004500,0.03138162614685407,"{""alpha"": 0.03138162614685407}",COMPLETE
19,4.180853789413127,2026-10-02 06:25:05.789876,2026-10-02 06:25:05.794288,0 days 00:00:00.004412,0.003554913346159365,"{""alpha"": 0.003554913346159365}",COMPLETE
20,4.184029186454793,2026-10-02 06:25:05.794307,2026-10-02 06:25:05.798693,0 days 00:00:00.004386,0.044597254790587446,"{""alpha"": 0.044597254790587446}",COMPLETE
21,4.180504109073824,2026-10-02 06:25:05.798711,2026-10-02 06:25:05.803228,0 days 00:00:00.004517,0.001406760806644703,"{""alpha"": 0.001406760806644703}",COMPLETE
22,4.180937716659958,2026-10-02 06:25:05.803247,2026-10-02 06:25:05.807652,0 days 00:00:00.004405,0.004089112761577215,"{""alpha"": 0.004089112761577215}",COMPLETE
23,4.180474914590268,2026-10-02 06:25:05.807670,2026-10-02 06:25:05.812001,0 days 00:00:00.004331,0.0012455815174715278,"{""alpha"": 0.0012455815174715278}",COMPLETE
24,4.181219582200039,2026-10-02 06:25:05.812019,2026-10-02 06:25:05.816365,0 days 00:00:00.004346,0.0059260530349116115,"{""alpha"": 0.0059260530349116115}",COMPLETE
25,4.184759435542717,2026-10-02 06:25:05.816382,2026-10-02 06:25:05.820762,0 days 00:00:00.004380,0.08432692770261951,"{""alpha"": 0.08432692770261951}",COMPLETE
26,4.180459212251578,2026-10-02 06:25:05.820780,2026-10-02 06:25:05.825191,0 days 00:00:00.004411,0.0011618015849038732,"{""alpha"": 0.0011618015849038732}",COMPLETE
27,4.181475281539139,2026-10-02 06:25:05.825209,2026-10-02 06:25:05.829594,0 days 00:00:00.004385,0.007683908857802974,"{""alpha"": 0.007683908857802974}",COMPLETE
28,4.180877663721508,2026-10-02 06:25:05.829611,2026-10-02 06:25:05.833980,0 days 00:00:00.004369,0.0037064407410534973,"{""alpha"": 0.0037064407410534973}",COMPLETE
29,4.184541713344097,2026-10-02 06:25:05.833996,2026-10-02 06:25:05.838380,0 days 00:00:00.004384,0.06766663370691745,"{""alpha"": 0.06766663370691745}",COMPLETE
