number,value,datetime_start,datetime_complete,duration,params_alpha,system_attrs_tpe:relative_params:0,state
0,4.165834761542026,2026-10-02 06:25:40.797554,2026-10-02 06:25:40.813314,0 days 00:00:00.015760,1.96282248134428,,COMPLETE
1,4.162914452766359,2026-10-02 06:25:40.813385,2026-10-02 06:25:40.821085,0 days 00:00:00.007700,19.549524484259873,,COMPLETE
2,4.164985068779762,2026-10-02 06:25:40.821122,2026-10-02 06:25:40.828674,0 days 00:00:00.007552,4.135997393839888,,COMPLETE
3,4.165886484331563,2026-10-02 06:25:40.828707,2026-10-02 06:25:40.836239,0 days 00:00:00.007532,1.8590843630169627,,COMPLETE
4,4.166806392047083,2026-10-02 06:25:40.836272,2026-10-02 06:25:40.843732,0 days 00:00:00.007460,0.348280208702833,,COMPLETE
5,4.164166250628959,2026-10-02 06:25:40.843763,2026-10-02 06:25:40.851140,0 days 00:00:00.007377,7.505241622349544,,COMPLETE
6,4.166758880271155,2026-10-02 06:25:40.851172,2026-10-02 06:25:40.858579,0 days 00:00:00.007407,0.4222048983149828,,COMPLETE
7,4.165926294907411,2026-10-02 06:25:40.858618,2026-10-02 06:25:40.865935,0 days 00:00:00.007317,224.2012371372442,,COMPLETE
8,4.173401460006901,2026-10-02 06:25:40.865967,2026-10-02 06:25:40.873313,0 days 00:00:00.007346,605.3082080079017,,COMPLETE
9,4.166880265094606,2026-10-02 06:25:40.873340,2026-10-02 06:25:40.880627,0 days 00:00:00.007287,0.1998246739232945,,COMPLETE
10,4.167651174839918,2026-10-02 06:25:40.880652,2026-10-02 06:25:40.889349,0 days 00:00:00.008697,0.0013243623620587995,"{""alpha"": 0.0013243623620587995}",COMPLETE
11,4.162468784028989,2026-10-02 06:25:40.889398,2026-10-02 06:25:40.897741,0 days 00:00:00.008343,38.7243731605857,"{""alpha"": 38.7243731605857}",COMPLETE
12,4.162460418258625,2026-10-02 06:25:40.897768,2026-10-02 06:25:40.907075,0 days 00:00:00.009307,42.727075273156025,"{""alpha"": 42.727075273156025}",COMPLETE
13,4.162857400230425,2026-10-02 06:25:40.907101,2026-10-02 06:25:40.915580,0 days 00:00:00.008479,79.64640709596456,"{""alpha"": 79.64640709596456}",COMPLETE
14,4.162466112773282,2026-10-02 06:25:40.915607,2026-10-02 06:25:40.924335,0 days 00:00:00.008728,46.21404093975097,"{""alpha"": 46.21404093975097}",COMPLETE
15,4.177176572720999,2026-10-02 06:25:40.924390,2026-10-02 06:25:40.932873,0 days 00:00:00.008483,826.546249739856,"{""alpha"": 826.546249739856}",COMPLETE
16,4.166750829647532,2026-10-02 06:25:40.932900,2026-10-02 06:25:40.941360,0 days 00:00:00.008460,0.04148467842958253,"{""alpha"": 0.04148467842958253}",COMPLETE
17,4.163249876114821,2026-10-02 06:25:40.941411,2026-10-02 06:25:40.949841,0 days 00:00:00.008430,100.72045068927808,"{""alpha"": 100.72045068927808}",COMPLETE
18,4.16356750046124,2026-10-02 06:25:40.949868,2026-10-02 06:25:40.958207,0 days 00:00:00.008339,11.493219046887956,"{""alpha"": 11.493219046887956}",COMPLETE
19,4.166089032095223,2026-10-02 06:25:40.958233,2026-10-02 06:25:40.966581,0 days 00:00:00.008348,231.69231048758778,"{""alpha"": 231.69231048758778}",COMPLETE
20,4.166848162619401,2026-10-02 06:25:40.966607,2026-10-02 06:25:40.974941,0 days 00:00:00.008334,0.0095366887799631,"{""alpha"": 0.0095366887799631}",COMPLETE
21,4.162475736236274,2026-10-02 06:25:40.974967,2026-10-02 06:25:40.983340,0 days 00:00:00.008373,37.391258788149024,"{""alpha"": 37.391258788149024}",COMPLETE
22,4.162533326866234,2026-10-02 06:25:40.983388,2026-10-02 06:25:40.991790,0 days 00:00:00.008402,31.79023086769921,"{""alpha"": 31.79023086769921}",COMPLETE
23,4.163269550996269,2026-10-02 06:25:40.991816,2026-10-02 06:25:41.000180,0 days 00:00:00.008364,101.7084102412166,"{""alpha"": 101.7084102412166}",COMPLETE
24,4.165326992051595,2026-10-02 06:25:41.000206,2026-10-02 06:25:41.008642,0 days 00:00:00.008436,3.1417987143237402,"{""alpha"": 3.1417987143237402}",COMPLETE
25,4.162542551979787,2026-10-02 06:25:41.008669,2026-10-02 06:25:41.017000,0 days 00:00:00.008331,31.19841091769692,"{""alpha"": 31.19841091769692}",COMPLETE
26,4.167493838130141,2026-10-02 06:25:41.017026,2026-10-02 06:25:41.025560,0 days 00:00:00.008534,297.6567030010061,"{""alpha"": 297.6567030010061}",COMPLETE
27,4.163706935112778,2026-10-02 06:25:41.025589,2026-10-02 06:25:41.034166,0 days 00:00:00.008577,10.387282759449272,"{""alpha"": 10.387282759449272}",COMPLETE
28,4.162568013155968,2026-10-02 06:25:41.034194,2026-10-02 06:25:41.042630,0 days 00:00:00.008436,59.66129196272537,"{""alpha"": 59.66129196272537}",COMPLETE
29,4.165956409344931,2026-10-02 06:25:41.042660,2026-10-02 06:25:41.050987,0 days 00:00:00.008327,1.723021758964115,"{""alpha"": 1.723021758964115}",COMPLETE
