number,value,datetime_start,datetime_complete,duration,params_colsample_bytree,params_learning_rate,params_max_depth,params_min_child_weight,params_n_estimators,params_reg_alpha,params_reg_lambda,params_subsample,system_attrs_tpe:relative_params:0,state
0,4.516538849723914,2026-10-02 06:34:56.321584,2026-10-02 06:36:39.757320,0 days 00:01:43.435736,0.7521258791466592,0.11387317092169064,7,11,1188,3.6905577292137624,0.0562793204741517,0.7118273996694524,,COMPLETE
1,4.4423729183964795,2026-10-02 06:36:39.757414,2026-10-02 06:41:18.976598,0 days 00:04:39.219184,0.9479176468048627,0.036845938035010996,9,11,1935,0.002231090560744304,0.0019237305096546497,0.7840222805469661,,COMPLETE
2,4.51635291424788,2026-10-02 06:41:18.976673,2026-10-02 06:41:55.046177,0 days 00:00:36.069504,0.8594109949517064,0.16977763163336626,9,18,236,1.3246974647468452,0.07013219779945795,0.989309171116382,,COMPLETE
3,4.375900784308635,2026-10-02 06:41:55.046252,2026-10-02 06:42:06.460072,0 days 00:00:11.413820,0.5902633579933665,0.088153780513692,4,19,413,1.2500712230836255,0.011434638743472197,0.7609241608750359,,COMPLETE
4,4.3657438779118145,2026-10-02 06:42:06.460141,2026-10-02 06:42:30.410027,0 days 00:00:23.949886,0.7318537978123298,0.06912670683424535,3,13,1021,0.5336803302756715,5.956516018710568,0.8060478613612108,,COMPLETE
5,4.4209345249658005,2026-10-02 06:42:30.410093,2026-10-02 06:45:11.235469,0 days 00:02:40.825376,0.7694465087327116,0.04421291893432151,8,2,847,0.0032787264983352763,0.0069427294924301495,0.8333833577228338,,COMPLETE
6,4.391781740266453,2026-10-02 06:45:11.235535,2026-10-02 06:45:51.493325,0 days 00:00:40.257790,0.3714313675236196,0.03445441737078129,7,9,768,0.004418125737902547,0.006847105576684045,0.9941869190296131,,COMPLETE
7,4.415415948525523,2026-10-02 06:45:51.493424,2026-10-02 06:46:54.776360,0 days 00:01:03.282936,0.37726259881501356,0.023666956347875266,6,5,1376,0.003570522756718293,0.4220057397195018,0.5794847918227599,,COMPLETE
8,4.38302380222006,2026-10-02 06:46:54.776448,2026-10-02 06:48:38.839728,0 days 00:01:44.063280,0.36726888552577414,0.035047075708368194,9,2,554,0.07492121411354245,8.050778165087026,0.918972453749402,,COMPLETE
9,4.518537915955611,2026-10-02 06:48:38.839789,2026-10-02 06:51:34.131483,0 days 00:02:55.291694,0.3841375928492182,0.07824023983213262,8,1,1959,0.002984770033451216,0.015295398277813725,0.6414034812882048,,COMPLETE
10,4.32533003000934,2026-10-02 06:51:34.131545,2026-10-02 06:52:10.038637,0 days 00:00:35.907092,0.7155548038180188,0.0272461312703932,5,13,739,0.38549586868728686,5.641548681187617,0.8532549554258728,"{""colsample_bytree"": 0.7155548038180188, ""learning_rate"": 0.0272461312703932, ""max_depth"": 5, ""min_child_weight"": 13, ""n_estimators"": 739, ""reg_alpha"": 0.38549586868728686, ""reg_lambda"": 5.641548681187617, ""subsample"": 0.8532549554258728}",COMPLETE
11,4.315729690964916,2026-10-02 06:52:10.038695,2026-10-02 06:52:46.793502,0 days 00:00:36.754807,0.7275794701604172,0.021064452440411358,5,10,733,1.6336583596096963,1.1100132604226978,0.8730235860772011,"{""colsample_bytree"": 0.7275794701604172, ""learning_rate"": 0.021064452440411358, ""max_depth"": 5, ""min_child_weight"": 10, ""n_estimators"": 733, ""reg_alpha"": 1.6336583596096963, ""reg_lambda"": 1.1100132604226978, ""subsample"": 0.8730235860772011}",COMPLETE
12,4.264799143689019,2026-10-02 06:52:46.793565,2026-10-02 06:53:00.174534,0 days 00:00:13.380969,0.6157735446956023,0.013375720176892996,4,12,520,0.11714599780574979,1.1395586111699614,0.8018284609024008,"{""colsample_bytree"": 0.6157735446956023, ""learning_rate"": 0.013375720176892996, ""max_depth"": 4, ""min_child_weight"": 12, ""n_estimators"": 520, ""reg_alpha"": 0.11714599780574979, ""reg_lambda"": 1.1395586111699614, ""subsample"": 0.8018284609024008}",COMPLETE
13,4.303386505488452,2026-10-02 06:53:00.174591,2026-10-02 06:53:04.298895,0 days 00:00:04.124304,0.348468768821227,0.013167520844550404,3,10,278,0.23890978146999992,0.6251520165374016,0.751557936916391,"{""colsample_bytree"": 0.348468768821227, ""learning_rate"": 0.013167520844550404, ""max_depth"": 3, ""min_child_weight"": 10, ""n_estimators"": 278, ""reg_alpha"": 0.23890978146999992, ""reg_lambda"": 0.6251520165374016, ""subsample"": 0.751557936916391}",COMPLETE
14,4.266666983937358,2026-10-02 06:53:04.298956,2026-10-02 06:53:17.598646,0 days 00:00:13.299690,0.5276143270342626,0.015897667997091105,3,8,785,0.16629795833896063,0.1201205696520397,0.7268541944417783,"{""colsample_bytree"": 0.5276143270342626, ""learning_rate"": 0.015897667997091105, ""max_depth"": 3, ""min_child_weight"": 8, ""n_estimators"": 785, ""reg_alpha"": 0.16629795833896063, ""reg_lambda"": 0.1201205696520397, ""subsample"": 0.7268541944417783}",COMPLETE
15,4.273459399226192,2026-10-02 06:53:17.598704,2026-10-02 06:53:28.737982,0 days 00:00:11.139278,0.48550004468622265,0.025120406795053486,3,14,701,0.01639568223105514,1.1096525778761712,0.8889818483019268,"{""colsample_bytree"": 0.48550004468622265, ""learning_rate"": 0.025120406795053486, ""max_depth"": 3, ""min_child_weight"": 14, ""n_estimators"": 701, ""reg_alpha"": 0.01639568223105514, ""reg_lambda"": 1.1096525778761712, ""subsample"": 0.8889818483019268}",COMPLETE
16,4.343441258508339,2026-10-02 06:53:28.738039,2026-10-02 06:53:51.135663,0 days 00:00:22.397624,0.5949894996990936,0.030962492849648093,5,6,530,0.14645221829880495,0.5772853197500691,0.6921877184294395,"{""colsample_bytree"": 0.5949894996990936, ""learning_rate"": 0.030962492849648093, ""max_depth"": 5, ""min_child_weight"": 6, ""n_estimators"": 530, ""reg_alpha"": 0.14645221829880495, ""reg_lambda"": 0.5772853197500691, ""subsample"": 0.6921877184294395}",COMPLETE
17,4.290939332795223,2026-10-02 06:53:51.135724,2026-10-02 06:54:28.768754,0 days 00:00:37.633030,0.44681092257664007,0.011013645632953751,6,13,825,0.19553848673229043,0.11220328646073155,0.7301345846561543,"{""colsample_bytree"": 0.44681092257664007, ""learning_rate"": 0.011013645632953751, ""max_depth"": 6, ""min_child_weight"": 13, ""n_estimators"": 825, ""reg_alpha"": 0.19553848673229043, ""reg_lambda"": 0.11220328646073155, ""subsample"": 0.7301345846561543}",COMPLETE
18,4.294128762763538,2026-10-02 06:54:28.768812,2026-10-02 06:54:37.186097,0 days 00:00:08.417285,0.753827342658152,0.011074898345891577,3,12,378,0.022018025282862966,0.562245105431872,0.9055132056646914,"{""colsample_bytree"": 0.753827342658152, ""learning_rate"": 0.011074898345891577, ""max_depth"": 3, ""min_child_weight"": 12, ""n_estimators"": 378, ""reg_alpha"": 0.022018025282862966, ""reg_lambda"": 0.562245105431872, ""subsample"": 0.9055132056646914}",COMPLETE
19,4.3079990444814085,2026-10-02 06:54:37.186156,2026-10-02 06:55:21.715778,0 days 00:00:44.529622,0.5957759821249554,0.012421415699254545,5,7,1107,0.0964949833523907,0.3866103622978783,0.7572317375465154,"{""colsample_bytree"": 0.5957759821249554, ""learning_rate"": 0.012421415699254545, ""max_depth"": 5, ""min_child_weight"": 7, ""n_estimators"": 1107, ""reg_alpha"": 0.0964949833523907, ""reg_lambda"": 0.3866103622978783, ""subsample"": 0.7572317375465154}",COMPLETE
20,4.263271600560546,2026-10-02 06:55:21.715836,2026-10-02 06:55:35.796451,0 days 00:00:14.080615,0.6848635112610163,0.014423560224338527,3,11,688,5.827695973514661,0.34880338325521887,0.7228097183666186,"{""colsample_bytree"": 0.6848635112610163, ""learning_rate"": 0.014423560224338527, ""max_depth"": 3, ""min_child_weight"": 11, ""n_estimators"": 688, ""reg_alpha"": 5.827695973514661, ""reg_lambda"": 0.34880338325521887, ""subsample"": 0.7228097183666186}",COMPLETE
21,4.2790655140934435,2026-10-02 06:55:35.796511,2026-10-02 06:55:44.473267,0 days 00:00:08.676756,0.5662519006941108,0.016385424585268076,3,8,480,0.011763996836951757,0.06095552315036182,0.69423107834799,"{""colsample_bytree"": 0.5662519006941108, ""learning_rate"": 0.016385424585268076, ""max_depth"": 3, ""min_child_weight"": 8, ""n_estimators"": 480, ""reg_alpha"": 0.011763996836951757, ""reg_lambda"": 0.06095552315036182, ""subsample"": 0.69423107834799}",COMPLETE
22,4.28422031897803,2026-10-02 06:55:44.473326,2026-10-02 06:55:54.333647,0 days 00:00:09.860321,0.7677870467207952,0.010149987178659383,3,13,433,9.99820587858905,0.1924101652659102,0.785754016123302,"{""colsample_bytree"": 0.7677870467207952, ""learning_rate"": 0.010149987178659383, ""max_depth"": 3, ""min_child_weight"": 13, ""n_estimators"": 433, ""reg_alpha"": 9.99820587858905, ""reg_lambda"": 0.1924101652659102, ""subsample"": 0.785754016123302}",COMPLETE
23,4.269881014429985,2026-10-02 06:55:54.333704,2026-10-02 06:56:09.140056,0 days 00:00:14.806352,0.5992335438250034,0.015856873316548444,5,10,328,0.04047295881756628,1.9461492515598051,0.8322489672598985,"{""colsample_bytree"": 0.5992335438250034, ""learning_rate"": 0.015856873316548444, ""max_depth"": 5, ""min_child_weight"": 10, ""n_estimators"": 328, ""reg_alpha"": 0.04047295881756628, ""reg_lambda"": 1.9461492515598051, ""subsample"": 0.8322489672598985}",COMPLETE
24,4.268868156416734,2026-10-02 06:56:09.140113,2026-10-02 06:56:22.280531,0 days 00:00:13.140418,0.6338429250635398,0.013700985924501741,4,10,445,0.1293166086587196,0.6433408585637906,0.6927560077669158,"{""colsample_bytree"": 0.6338429250635398, ""learning_rate"": 0.013700985924501741, ""max_depth"": 4, ""min_child_weight"": 10, ""n_estimators"": 445, ""reg_alpha"": 0.1293166086587196, ""reg_lambda"": 0.6433408585637906, ""subsample"": 0.6927560077669158}",COMPLETE
25,4.346043120107287,2026-10-02 06:56:22.280588,2026-10-02 06:57:09.474317,0 days 00:00:47.193729,0.7215016361209108,0.022039012893514752,5,10,1014,0.47695058693482756,0.3370033194195965,0.7116903295628652,"{""colsample_bytree"": 0.7215016361209108, ""learning_rate"": 0.022039012893514752, ""max_depth"": 5, ""min_child_weight"": 10, ""n_estimators"": 1014, ""reg_alpha"": 0.47695058693482756, ""reg_lambda"": 0.3370033194195965, ""subsample"": 0.7116903295628652}",COMPLETE
26,4.259610140928333,2026-10-02 06:57:09.474399,2026-10-02 06:57:24.819300,0 days 00:00:15.344901,0.7630084636966772,0.012227254874141367,3,15,855,2.392913935391079,0.4548941314195346,0.5985991260346383,"{""colsample_bytree"": 0.7630084636966772, ""learning_rate"": 0.012227254874141367, ""max_depth"": 3, ""min_child_weight"": 15, ""n_estimators"": 855, ""reg_alpha"": 2.392913935391079, ""reg_lambda"": 0.4548941314195346, ""subsample"": 0.5985991260346383}",COMPLETE
27,4.277929692183199,2026-10-02 06:57:24.819359,2026-10-02 06:57:33.877185,0 days 00:00:09.057826,0.5374101017219926,0.011322144275924569,3,8,511,6.815894402348144,0.20234169934983376,0.6684649322462108,"{""colsample_bytree"": 0.5374101017219926, ""learning_rate"": 0.011322144275924569, ""max_depth"": 3, ""min_child_weight"": 8, ""n_estimators"": 511, ""reg_alpha"": 6.815894402348144, ""reg_lambda"": 0.20234169934983376, ""subsample"": 0.6684649322462108}",COMPLETE
28,4.262823137041439,2026-10-02 06:57:33.877243,2026-10-02 06:57:48.830552,0 days 00:00:14.953309,0.713052353267737,0.011644146842903134,3,15,730,5.478160858244083,0.5336192504783531,0.5032330478660264,"{""colsample_bytree"": 0.713052353267737, ""learning_rate"": 0.011644146842903134, ""max_depth"": 3, ""min_child_weight"": 15, ""n_estimators"": 730, ""reg_alpha"": 5.478160858244083, ""reg_lambda"": 0.5336192504783531, ""subsample"": 0.5032330478660264}",COMPLETE
29,4.267731969806161,2026-10-02 06:57:48.830610,2026-10-02 06:58:14.699458,0 days 00:00:25.868848,0.8665987888873674,0.014003733450199451,4,17,841,3.7567979290691143,0.43512994817819894,0.5093165304937708,"{""colsample_bytree"": 0.8665987888873674, ""learning_rate"": 0.014003733450199451, ""max_depth"": 4, ""min_child_weight"": 17, ""n_estimators"": 841, ""reg_alpha"": 3.7567979290691143, ""reg_lambda"": 0.43512994817819894, ""subsample"": 0.5093165304937708}",COMPLETE
30,4.25730203058031,2026-10-02 06:58:14.699517,2026-10-02 06:58:37.177171,0 days 00:00:22.477654,0.6702649838211732,0.011370739037907111,3,11,1142,4.417324064196792,1.606040568092081,0.5838832365502875,"{""colsample_bytree"": 0.6702649838211732, ""learning_rate"": 0.011370739037907111, ""max_depth"": 3, ""min_child_weight"": 11, ""n_estimators"": 1142, ""reg_alpha"": 4.417324064196792, ""reg_lambda"": 1.606040568092081, ""subsample"": 0.5838832365502875}",COMPLETE
31,4.263932746923653,2026-10-02 06:58:37.177228,2026-10-02 06:58:51.007616,0 days 00:00:13.830388,0.7752189695308802,0.012515552533398639,3,12,627,3.950012730162455,3.0276121468997292,0.547053727388535,"{""colsample_bytree"": 0.7752189695308802, ""learning_rate"": 0.012515552533398639, ""max_depth"": 3, ""min_child_weight"": 12, ""n_estimators"": 627, ""reg_alpha"": 3.950012730162455, ""reg_lambda"": 3.0276121468997292, ""subsample"": 0.547053727388535}",COMPLETE
32,4.272036264753176,2026-10-02 06:58:51.007675,2026-10-02 06:59:04.233314,0 days 00:00:13.225639,0.6999598499969102,0.010678280427961845,3,12,761,0.7991940217726643,0.1358418765763271,0.6283836696307913,"{""colsample_bytree"": 0.6999598499969102, ""learning_rate"": 0.010678280427961845, ""max_depth"": 3, ""min_child_weight"": 12, ""n_estimators"": 761, ""reg_alpha"": 0.7991940217726643, ""reg_lambda"": 0.1358418765763271, ""subsample"": 0.6283836696307913}",COMPLETE
33,4.285040414728626,2026-10-02 06:59:04.233404,2026-10-02 06:59:27.558634,0 days 00:00:23.325230,0.7074757026147498,0.01881238265585525,4,14,756,2.4695344633484217,0.12170936003064917,0.6052111430764586,"{""colsample_bytree"": 0.7074757026147498, ""learning_rate"": 0.01881238265585525, ""max_depth"": 4, ""min_child_weight"": 14, ""n_estimators"": 756, ""reg_alpha"": 2.4695344633484217, ""reg_lambda"": 0.12170936003064917, ""subsample"": 0.6052111430764586}",COMPLETE
34,4.266040674244274,2026-10-02 06:59:27.558691,2026-10-02 06:59:51.621577,0 days 00:00:24.062886,0.8005499885272923,0.010459825799217106,3,13,1099,0.7096906191867498,0.7665977023836649,0.5750797659539871,"{""colsample_bytree"": 0.8005499885272923, ""learning_rate"": 0.010459825799217106, ""max_depth"": 3, ""min_child_weight"": 13, ""n_estimators"": 1099, ""reg_alpha"": 0.7096906191867498, ""reg_lambda"": 0.7665977023836649, ""subsample"": 0.5750797659539871}",COMPLETE
35,4.271436245743337,2026-10-02 06:59:51.621639,2026-10-02 07:00:29.656685,0 days 00:00:38.035046,0.7231854300336019,0.012971453509713057,4,13,1152,5.558594016254642,1.5215742279219282,0.6689445111731408,"{""colsample_bytree"": 0.7231854300336019, ""learning_rate"": 0.012971453509713057, ""max_depth"": 4, ""min_child_weight"": 13, ""n_estimators"": 1152, ""reg_alpha"": 5.558594016254642, ""reg_lambda"": 1.5215742279219282, ""subsample"": 0.6689445111731408}",COMPLETE
36,4.251900503407305,2026-10-02 07:00:29.656745,2026-10-02 07:00:46.067292,0 days 00:00:16.410547,0.6653345801812696,0.01053008998690926,3,14,811,8.69465048767601,5.061439678133233,0.5800614160677289,"{""colsample_bytree"": 0.6653345801812696, ""learning_rate"": 0.01053008998690926, ""max_depth"": 3, ""min_child_weight"": 14, ""n_estimators"": 811, ""reg_alpha"": 8.69465048767601, ""reg_lambda"": 5.061439678133233, ""subsample"": 0.5800614160677289}",COMPLETE
37,4.256838095430215,2026-10-02 07:00:46.067356,2026-10-02 07:00:58.253093,0 days 00:00:12.185737,0.781365161172298,0.01778897178092722,3,15,645,8.235061286081416,0.38628302449938934,0.5418645291881159,"{""colsample_bytree"": 0.781365161172298, ""learning_rate"": 0.01778897178092722, ""max_depth"": 3, ""min_child_weight"": 15, ""n_estimators"": 645, ""reg_alpha"": 8.235061286081416, ""reg_lambda"": 0.38628302449938934, ""subsample"": 0.5418645291881159}",COMPLETE
38,4.249423499851613,2026-10-02 07:00:58.253147,2026-10-02 07:01:10.129123,0 days 00:00:11.875976,0.6904362045901302,0.017594399025336115,3,17,577,6.786252909048678,8.540106251533418,0.5400138972647212,"{""colsample_bytree"": 0.6904362045901302, ""learning_rate"": 0.017594399025336115, ""max_depth"": 3, ""min_child_weight"": 17, ""n_estimators"": 577, ""reg_alpha"": 6.786252909048678, ""reg_lambda"": 8.540106251533418, ""subsample"": 0.5400138972647212}",COMPLETE
39,4.256845750153901,2026-10-02 07:01:10.129182,2026-10-02 07:01:26.372913,0 days 00:00:16.243731,0.5597349038462176,0.01405453059326429,3,13,914,4.435291372537938,2.8025377449721343,0.6708985891972773,"{""colsample_bytree"": 0.5597349038462176, ""learning_rate"": 0.01405453059326429, ""max_depth"": 3, ""min_child_weight"": 13, ""n_estimators"": 914, ""reg_alpha"": 4.435291372537938, ""reg_lambda"": 2.8025377449721343, ""subsample"": 0.6708985891972773}",COMPLETE
40,4.250378123468933,2026-10-02 07:01:26.372972,2026-10-02 07:01:48.889340,0 days 00:00:22.516368,0.7017148547659479,0.010376020283828202,4,16,715,3.2876954322331438,4.504524336959455,0.6083405568826863,"{""colsample_bytree"": 0.7017148547659479, ""learning_rate"": 0.010376020283828202, ""max_depth"": 4, ""min_child_weight"": 16, ""n_estimators"": 715, ""reg_alpha"": 3.2876954322331438, ""reg_lambda"": 4.504524336959455, ""subsample"": 0.6083405568826863}",COMPLETE
41,4.258356748890056,2026-10-02 07:01:48.889418,2026-10-02 07:02:02.191445,0 days 00:00:13.302027,0.6740800808886942,0.014545517319026851,4,17,427,3.5486839781763457,6.402653815339549,0.5508885009311771,"{""colsample_bytree"": 0.6740800808886942, ""learning_rate"": 0.014545517319026851, ""max_depth"": 4, ""min_child_weight"": 17, ""n_estimators"": 427, ""reg_alpha"": 3.5486839781763457, ""reg_lambda"": 6.402653815339549, ""subsample"": 0.5508885009311771}",COMPLETE
42,4.252638950355546,2026-10-02 07:02:02.191506,2026-10-02 07:02:13.327845,0 days 00:00:11.136339,0.7200702392836138,0.019857334389989486,3,14,616,4.775274478145864,4.211217817043339,0.5964540029982489,"{""colsample_bytree"": 0.7200702392836138, ""learning_rate"": 0.019857334389989486, ""max_depth"": 3, ""min_child_weight"": 14, ""n_estimators"": 616, ""reg_alpha"": 4.775274478145864, ""reg_lambda"": 4.211217817043339, ""subsample"": 0.5964540029982489}",COMPLETE
43,4.245763340947235,2026-10-02 07:02:13.327916,2026-10-02 07:02:34.133166,0 days 00:00:20.805250,0.6526600151987746,0.01051741078802424,4,16,675,8.050872325016785,4.056227469513749,0.6520325096615652,"{""colsample_bytree"": 0.6526600151987746, ""learning_rate"": 0.01051741078802424, ""max_depth"": 4, ""min_child_weight"": 16, ""n_estimators"": 675, ""reg_alpha"": 8.050872325016785, ""reg_lambda"": 4.056227469513749, ""subsample"": 0.6520325096615652}",COMPLETE
44,4.255008628275888,2026-10-02 07:02:34.133227,2026-10-02 07:02:49.203887,0 days 00:00:15.070660,0.662075643585252,0.0126036511476671,3,20,774,5.4194945777701085,4.487713816361179,0.5663657624066039,"{""colsample_bytree"": 0.662075643585252, ""learning_rate"": 0.0126036511476671, ""max_depth"": 3, ""min_child_weight"": 20, ""n_estimators"": 774, ""reg_alpha"": 5.4194945777701085, ""reg_lambda"": 4.487713816361179, ""subsample"": 0.5663657624066039}",COMPLETE
45,4.251702097790441,2026-10-02 07:02:49.203946,2026-10-02 07:03:01.454980,0 days 00:00:12.251034,0.7291469432598863,0.020097925254618614,3,13,588,3.932707418396182,4.658854089858015,0.6279163076871714,"{""colsample_bytree"": 0.7291469432598863, ""learning_rate"": 0.020097925254618614, ""max_depth"": 3, ""min_child_weight"": 13, ""n_estimators"": 588, ""reg_alpha"": 3.932707418396182, ""reg_lambda"": 4.658854089858015, ""subsample"": 0.6279163076871714}",COMPLETE
46,4.252504464423569,2026-10-02 07:03:01.455043,2026-10-02 07:03:16.842136,0 days 00:00:15.387093,0.549471399373493,0.01938297196256993,3,17,864,2.600162517741501,9.938868626282277,0.5734034679721889,"{""colsample_bytree"": 0.549471399373493, ""learning_rate"": 0.01938297196256993, ""max_depth"": 3, ""min_child_weight"": 17, ""n_estimators"": 864, ""reg_alpha"": 2.600162517741501, ""reg_lambda"": 9.938868626282277, ""subsample"": 0.5734034679721889}",COMPLETE
47,4.268640810951779,2026-10-02 07:03:16.842193,2026-10-02 07:03:26.697682,0 days 00:00:09.855489,0.581838255156228,0.011726262181285273,3,16,533,4.070568751552527,3.95694503616331,0.5823215065304755,"{""colsample_bytree"": 0.581838255156228, ""learning_rate"": 0.011726262181285273, ""max_depth"": 3, ""min_child_weight"": 16, ""n_estimators"": 533, ""reg_alpha"": 4.070568751552527, ""reg_lambda"": 3.95694503616331, ""subsample"": 0.5823215065304755}",COMPLETE
48,4.270690328410523,2026-10-02 07:03:26.697743,2026-10-02 07:03:42.087628,0 days 00:00:15.389885,0.6769351651637773,0.02561269152444161,3,13,773,3.530615096918638,4.183383511559985,0.521453420421428,"{""colsample_bytree"": 0.6769351651637773, ""learning_rate"": 0.02561269152444161, ""max_depth"": 3, ""min_child_weight"": 13, ""n_estimators"": 773, ""reg_alpha"": 3.530615096918638, ""reg_lambda"": 4.183383511559985, ""subsample"": 0.521453420421428}",COMPLETE
49,4.258075035584922,2026-10-02 07:03:42.087686,2026-10-02 07:04:08.618756,0 days 00:00:26.531070,0.7107585923666656,0.011312109968768434,4,15,937,4.931707686388625,2.584358556151917,0.673729013007829,"{""colsample_bytree"": 0.7107585923666656, ""learning_rate"": 0.011312109968768434, ""max_depth"": 4, ""min_child_weight"": 15, ""n_estimators"": 937, ""reg_alpha"": 4.931707686388625, ""reg_lambda"": 2.584358556151917, ""subsample"": 0.673729013007829}",COMPLETE
