number,value,datetime_start,datetime_complete,duration,params_colsample_bytree,params_learning_rate,params_max_depth,params_min_child_weight,params_n_estimators,params_reg_alpha,params_reg_lambda,params_subsample,system_attrs_tpe:relative_params:0,state
0,4.482211590341174,2026-10-02 06:35:24.425562,2026-10-02 06:37:09.410182,0 days 00:01:44.984620,0.7521258791466592,0.11387317092169064,7,11,1188,3.6905577292137624,0.0562793204741517,0.7118273996694524,,COMPLETE
1,4.403919750328453,2026-10-02 06:37:09.410263,2026-10-02 06:41:48.766957,0 days 00:04:39.356694,0.9479176468048627,0.036845938035010996,9,11,1935,0.002231090560744304,0.0019237305096546497,0.7840222805469661,,COMPLETE
2,4.50338266189403,2026-10-02 06:41:48.767034,2026-10-02 06:42:25.884153,0 days 00:00:37.117119,0.8594109949517064,0.16977763163336626,9,18,236,1.3246974647468452,0.07013219779945795,0.989309171116382,,COMPLETE
3,4.353879619972824,2026-10-02 06:42:25.884231,2026-10-02 06:42:37.366625,0 days 00:00:11.482394,0.5902633579933665,0.088153780513692,4,19,413,1.2500712230836255,0.011434638743472197,0.7609241608750359,,COMPLETE
4,4.327747270776307,2026-10-02 06:42:37.366699,2026-10-02 06:42:59.268827,0 days 00:00:21.902128,0.7318537978123298,0.06912670683424535,3,13,1021,0.5336803302756715,5.956516018710568,0.8060478613612108,,COMPLETE
5,4.381828023306703,2026-10-02 06:42:59.268900,2026-10-02 06:45:47.011905,0 days 00:02:47.743005,0.7694465087327116,0.04421291893432151,8,2,847,0.0032787264983352763,0.0069427294924301495,0.8333833577228338,,COMPLETE
6,4.365910894652495,2026-10-02 06:45:47.011983,2026-10-02 06:46:30.154047,0 days 00:00:43.142064,0.3714313675236196,0.03445441737078129,7,9,768,0.004418125737902547,0.006847105576684045,0.9941869190296131,,COMPLETE
7,4.347179563692918,2026-10-02 06:46:30.154133,2026-10-02 06:47:38.919066,0 days 00:01:08.764933,0.37726259881501356,0.023666956347875266,6,5,1376,0.003570522756718293,0.4220057397195018,0.5794847918227599,,COMPLETE
8,4.349610463854558,2026-10-02 06:47:38.919140,2026-10-02 06:49:30.601234,0 days 00:01:51.682094,0.36726888552577414,0.035047075708368194,9,2,554,0.07492121411354245,8.050778165087026,0.918972453749402,,COMPLETE
9,4.4526181394704745,2026-10-02 06:49:30.601298,2026-10-02 06:52:35.030142,0 days 00:03:04.428844,0.3841375928492182,0.07824023983213262,8,1,1959,0.002984770033451216,0.015295398277813725,0.6414034812882048,,COMPLETE
10,4.280930289590272,2026-10-02 06:52:35.030208,2026-10-02 06:53:11.439822,0 days 00:00:36.409614,0.7155548038180188,0.0272461312703932,5,13,739,0.38549586868728686,5.641548681187617,0.8532549554258728,"{""colsample_bytree"": 0.7155548038180188, ""learning_rate"": 0.0272461312703932, ""max_depth"": 5, ""min_child_weight"": 13, ""n_estimators"": 739, ""reg_alpha"": 0.38549586868728686, ""reg_lambda"": 5.641548681187617, ""subsample"": 0.8532549554258728}",COMPLETE
11,4.262645143028562,2026-10-02 06:53:11.439888,2026-10-02 06:53:48.805090,0 days 00:00:37.365202,0.7275794701604172,0.021064452440411358,5,10,733,1.6336583596096963,1.1100132604226978,0.8730235860772011,"{""colsample_bytree"": 0.7275794701604172, ""learning_rate"": 0.021064452440411358, ""max_depth"": 5, ""min_child_weight"": 10, ""n_estimators"": 733, ""reg_alpha"": 1.6336583596096963, ""reg_lambda"": 1.1100132604226978, ""subsample"": 0.8730235860772011}",COMPLETE
12,4.21273296907043,2026-10-02 06:53:48.805159,2026-10-02 06:54:03.902097,0 days 00:00:15.096938,0.6157735446956023,0.013375720176892996,4,12,520,0.11714599780574979,1.1395586111699614,0.8018284609024008,"{""colsample_bytree"": 0.6157735446956023, ""learning_rate"": 0.013375720176892996, ""max_depth"": 4, ""min_child_weight"": 12, ""n_estimators"": 520, ""reg_alpha"": 0.11714599780574979, ""reg_lambda"": 1.1395586111699614, ""subsample"": 0.8018284609024008}",COMPLETE
13,4.2539219507279675,2026-10-02 06:54:03.902162,2026-10-02 06:54:08.101130,0 days 00:00:04.198968,0.348468768821227,0.013167520844550404,3,10,278,0.23890978146999992,0.6251520165374016,0.751557936916391,"{""colsample_bytree"": 0.348468768821227, ""learning_rate"": 0.013167520844550404, ""max_depth"": 3, ""min_child_weight"": 10, ""n_estimators"": 278, ""reg_alpha"": 0.23890978146999992, ""reg_lambda"": 0.6251520165374016, ""subsample"": 0.751557936916391}",COMPLETE
14,4.2230738543213375,2026-10-02 06:54:08.101192,2026-10-02 06:54:21.994884,0 days 00:00:13.893692,0.5276143270342626,0.015897667997091105,3,8,785,0.16629795833896063,0.1201205696520397,0.7268541944417783,"{""colsample_bytree"": 0.5276143270342626, ""learning_rate"": 0.015897667997091105, ""max_depth"": 3, ""min_child_weight"": 8, ""n_estimators"": 785, ""reg_alpha"": 0.16629795833896063, ""reg_lambda"": 0.1201205696520397, ""subsample"": 0.7268541944417783}",COMPLETE
15,4.228381386622147,2026-10-02 06:54:21.994947,2026-10-02 06:54:34.087758,0 days 00:00:12.092811,0.48550004468622265,0.025120406795053486,3,14,701,0.01639568223105514,1.1096525778761712,0.8889818483019268,"{""colsample_bytree"": 0.48550004468622265, ""learning_rate"": 0.025120406795053486, ""max_depth"": 3, ""min_child_weight"": 14, ""n_estimators"": 701, ""reg_alpha"": 0.01639568223105514, ""reg_lambda"": 1.1096525778761712, ""subsample"": 0.8889818483019268}",COMPLETE
16,4.29729935061668,2026-10-02 06:54:34.087819,2026-10-02 06:54:56.917330,0 days 00:00:22.829511,0.5949894996990936,0.030962492849648093,5,6,530,0.14645221829880495,0.5772853197500691,0.6921877184294395,"{""colsample_bytree"": 0.5949894996990936, ""learning_rate"": 0.030962492849648093, ""max_depth"": 5, ""min_child_weight"": 6, ""n_estimators"": 530, ""reg_alpha"": 0.14645221829880495, ""reg_lambda"": 0.5772853197500691, ""subsample"": 0.6921877184294395}",COMPLETE
17,4.247399782504783,2026-10-02 06:54:56.917399,2026-10-02 06:55:36.940080,0 days 00:00:40.022681,0.44681092257664007,0.011013645632953751,6,13,825,0.19553848673229043,0.11220328646073155,0.7301345846561543,"{""colsample_bytree"": 0.44681092257664007, ""learning_rate"": 0.011013645632953751, ""max_depth"": 6, ""min_child_weight"": 13, ""n_estimators"": 825, ""reg_alpha"": 0.19553848673229043, ""reg_lambda"": 0.11220328646073155, ""subsample"": 0.7301345846561543}",COMPLETE
18,4.241800500596784,2026-10-02 06:55:36.940146,2026-10-02 06:55:45.584317,0 days 00:00:08.644171,0.753827342658152,0.011074898345891577,3,12,378,0.022018025282862966,0.562245105431872,0.9055132056646914,"{""colsample_bytree"": 0.753827342658152, ""learning_rate"": 0.011074898345891577, ""max_depth"": 3, ""min_child_weight"": 12, ""n_estimators"": 378, ""reg_alpha"": 0.022018025282862966, ""reg_lambda"": 0.562245105431872, ""subsample"": 0.9055132056646914}",COMPLETE
19,4.262721486828167,2026-10-02 06:55:45.584380,2026-10-02 06:56:30.621512,0 days 00:00:45.037132,0.5957759821249554,0.012421415699254545,5,7,1107,0.0964949833523907,0.3866103622978783,0.7572317375465154,"{""colsample_bytree"": 0.5957759821249554, ""learning_rate"": 0.012421415699254545, ""max_depth"": 5, ""min_child_weight"": 7, ""n_estimators"": 1107, ""reg_alpha"": 0.0964949833523907, ""reg_lambda"": 0.3866103622978783, ""subsample"": 0.7572317375465154}",COMPLETE
20,4.215086677852772,2026-10-02 06:56:30.621579,2026-10-02 06:56:44.777338,0 days 00:00:14.155759,0.6848635112610163,0.014423560224338527,3,11,688,5.827695973514661,0.34880338325521887,0.7228097183666186,"{""colsample_bytree"": 0.6848635112610163, ""learning_rate"": 0.014423560224338527, ""max_depth"": 3, ""min_child_weight"": 11, ""n_estimators"": 688, ""reg_alpha"": 5.827695973514661, ""reg_lambda"": 0.34880338325521887, ""subsample"": 0.7228097183666186}",COMPLETE
21,4.222946276890926,2026-10-02 06:56:44.777404,2026-10-02 06:56:53.659908,0 days 00:00:08.882504,0.5662519006941108,0.016385424585268076,3,8,480,0.011763996836951757,0.06095552315036182,0.69423107834799,"{""colsample_bytree"": 0.5662519006941108, ""learning_rate"": 0.016385424585268076, ""max_depth"": 3, ""min_child_weight"": 8, ""n_estimators"": 480, ""reg_alpha"": 0.011763996836951757, ""reg_lambda"": 0.06095552315036182, ""subsample"": 0.69423107834799}",COMPLETE
22,4.220208509968785,2026-10-02 06:56:53.659972,2026-10-02 06:57:03.821472,0 days 00:00:10.161500,0.6653113099604536,0.01625870982424871,3,12,510,1.6048005688164964,0.07026593924160753,0.7618284469501999,"{""colsample_bytree"": 0.6653113099604536, ""learning_rate"": 0.01625870982424871, ""max_depth"": 3, ""min_child_weight"": 12, ""n_estimators"": 510, ""reg_alpha"": 1.6048005688164964, ""reg_lambda"": 0.07026593924160753, ""subsample"": 0.7618284469501999}",COMPLETE
23,4.228235197442775,2026-10-02 06:57:03.821533,2026-10-02 06:57:37.951208,0 days 00:00:34.129675,0.7674426717313397,0.012835114006652595,4,12,1027,0.43253511008369067,0.4226402219741037,0.7066091996028472,"{""colsample_bytree"": 0.7674426717313397, ""learning_rate"": 0.012835114006652595, ""max_depth"": 4, ""min_child_weight"": 12, ""n_estimators"": 1027, ""reg_alpha"": 0.43253511008369067, ""reg_lambda"": 0.4226402219741037, ""subsample"": 0.7066091996028472}",COMPLETE
24,4.225806239094617,2026-10-02 06:57:37.951274,2026-10-02 06:57:47.976303,0 days 00:00:10.025029,0.6151720521104564,0.014333482126861443,4,11,359,0.15585223402984222,0.1454648144232482,0.729799179126019,"{""colsample_bytree"": 0.6151720521104564, ""learning_rate"": 0.014333482126861443, ""max_depth"": 4, ""min_child_weight"": 11, ""n_estimators"": 359, ""reg_alpha"": 0.15585223402984222, ""reg_lambda"": 0.1454648144232482, ""subsample"": 0.729799179126019}",COMPLETE
25,4.222324871748379,2026-10-02 06:57:47.976367,2026-10-02 06:57:59.389054,0 days 00:00:11.412687,0.8607615082825709,0.029380212643348103,3,11,484,0.21793616704561183,0.02635656773958973,0.7101651202718948,"{""colsample_bytree"": 0.8607615082825709, ""learning_rate"": 0.029380212643348103, ""max_depth"": 3, ""min_child_weight"": 11, ""n_estimators"": 484, ""reg_alpha"": 0.21793616704561183, ""reg_lambda"": 0.02635656773958973, ""subsample"": 0.7101651202718948}",COMPLETE
26,4.229192834282945,2026-10-02 06:57:59.389118,2026-10-02 06:58:07.725230,0 days 00:00:08.336112,0.7349030105420902,0.01679944917752244,4,12,233,1.5155987883213016,0.2571263898022887,0.732957413537499,"{""colsample_bytree"": 0.7349030105420902, ""learning_rate"": 0.01679944917752244, ""max_depth"": 4, ""min_child_weight"": 12, ""n_estimators"": 233, ""reg_alpha"": 1.5155987883213016, ""reg_lambda"": 0.2571263898022887, ""subsample"": 0.732957413537499}",COMPLETE
27,4.219577839857883,2026-10-02 06:58:07.725290,2026-10-02 06:58:21.621780,0 days 00:00:13.896490,0.6207816353730072,0.010273302575165363,4,15,440,8.54791589003596,0.12336740288964233,0.7522798981560787,"{""colsample_bytree"": 0.6207816353730072, ""learning_rate"": 0.010273302575165363, ""max_depth"": 4, ""min_child_weight"": 15, ""n_estimators"": 440, ""reg_alpha"": 8.54791589003596, ""reg_lambda"": 0.12336740288964233, ""subsample"": 0.7522798981560787}",COMPLETE
28,4.220496566144296,2026-10-02 06:58:21.621848,2026-10-02 06:58:30.988780,0 days 00:00:09.366932,0.6006331939463272,0.017107517791095813,3,7,477,2.4761992699915822,0.6355339488945775,0.7621806936780395,"{""colsample_bytree"": 0.6006331939463272, ""learning_rate"": 0.017107517791095813, ""max_depth"": 3, ""min_child_weight"": 7, ""n_estimators"": 477, ""reg_alpha"": 2.4761992699915822, ""reg_lambda"": 0.6355339488945775, ""subsample"": 0.7621806936780395}",COMPLETE
29,4.207084769438172,2026-10-02 06:58:30.988847,2026-10-02 06:58:55.147459,0 days 00:00:24.158612,0.7459034776509751,0.011489592191828516,4,11,669,6.850383587515717,0.6189154714029999,0.7991998653994052,"{""colsample_bytree"": 0.7459034776509751, ""learning_rate"": 0.011489592191828516, ""max_depth"": 4, ""min_child_weight"": 11, ""n_estimators"": 669, ""reg_alpha"": 6.850383587515717, ""reg_lambda"": 0.6189154714029999, ""subsample"": 0.7991998653994052}",COMPLETE
30,4.219657850459999,2026-10-02 06:58:55.147524,2026-10-02 06:59:09.062881,0 days 00:00:13.915357,0.7190625498474761,0.010537177508359046,4,13,445,0.38188395881732834,3.053185420539053,0.8324499241853919,"{""colsample_bytree"": 0.7190625498474761, ""learning_rate"": 0.010537177508359046, ""max_depth"": 4, ""min_child_weight"": 13, ""n_estimators"": 445, ""reg_alpha"": 0.38188395881732834, ""reg_lambda"": 3.053185420539053, ""subsample"": 0.8324499241853919}",COMPLETE
31,4.2113181315677,2026-10-02 06:59:09.062946,2026-10-02 06:59:28.066572,0 days 00:00:19.003626,0.6378412644914043,0.013370924938468651,4,16,677,6.571547792430078,0.1878261245350849,0.7011855198251136,"{""colsample_bytree"": 0.6378412644914043, ""learning_rate"": 0.013370924938468651, ""max_depth"": 4, ""min_child_weight"": 16, ""n_estimators"": 677, ""reg_alpha"": 6.571547792430078, ""reg_lambda"": 0.1878261245350849, ""subsample"": 0.7011855198251136}",COMPLETE
32,4.269921231306319,2026-10-02 06:59:28.066661,2026-10-02 06:59:53.057777,0 days 00:00:24.991116,0.6525171486777718,0.02908871844019077,4,15,798,3.23248131410494,0.5074385932892316,0.7062807434202386,"{""colsample_bytree"": 0.6525171486777718, ""learning_rate"": 0.02908871844019077, ""max_depth"": 4, ""min_child_weight"": 15, ""n_estimators"": 798, ""reg_alpha"": 3.23248131410494, ""reg_lambda"": 0.5074385932892316, ""subsample"": 0.7062807434202386}",COMPLETE
33,4.206300049714659,2026-10-02 06:59:53.057846,2026-10-02 07:00:11.369015,0 days 00:00:18.311169,0.696630630143535,0.016859918044204815,3,11,856,6.540836489227924,1.2327950447337934,0.7732947944163006,"{""colsample_bytree"": 0.696630630143535, ""learning_rate"": 0.016859918044204815, ""max_depth"": 3, ""min_child_weight"": 11, ""n_estimators"": 856, ""reg_alpha"": 6.540836489227924, ""reg_lambda"": 1.2327950447337934, ""subsample"": 0.7732947944163006}",COMPLETE
34,4.235241808271023,2026-10-02 07:00:11.369081,2026-10-02 07:00:37.198204,0 days 00:00:25.829123,0.590544162520316,0.016599325314674937,5,12,595,1.312248790676497,1.4240339124378076,0.8398457589231412,"{""colsample_bytree"": 0.590544162520316, ""learning_rate"": 0.016599325314674937, ""max_depth"": 5, ""min_child_weight"": 12, ""n_estimators"": 595, ""reg_alpha"": 1.312248790676497, ""reg_lambda"": 1.4240339124378076, ""subsample"": 0.8398457589231412}",COMPLETE
35,4.219463559135558,2026-10-02 07:00:37.198265,2026-10-02 07:01:12.097804,0 days 00:00:34.899539,0.6491524022497984,0.013609937741100787,4,13,1102,5.837706039798467,0.5859139061070175,0.8423354632893127,"{""colsample_bytree"": 0.6491524022497984, ""learning_rate"": 0.013609937741100787, ""max_depth"": 4, ""min_child_weight"": 13, ""n_estimators"": 1102, ""reg_alpha"": 5.837706039798467, ""reg_lambda"": 0.5859139061070175, ""subsample"": 0.8423354632893127}",COMPLETE
36,4.214770648756548,2026-10-02 07:01:12.097868,2026-10-02 07:01:25.653775,0 days 00:00:13.555907,0.6699693008888931,0.015183929876339725,3,15,651,3.159526218072065,2.6860825903182963,0.8184836588294988,"{""colsample_bytree"": 0.6699693008888931, ""learning_rate"": 0.015183929876339725, ""max_depth"": 3, ""min_child_weight"": 15, ""n_estimators"": 651, ""reg_alpha"": 3.159526218072065, ""reg_lambda"": 2.6860825903182963, ""subsample"": 0.8184836588294988}",COMPLETE
37,4.208316260324988,2026-10-02 07:01:25.653840,2026-10-02 07:01:47.958943,0 days 00:00:22.305103,0.8122606346529357,0.01766631803401798,4,12,594,8.424143713634452,0.44288648192689034,0.7723052641101521,"{""colsample_bytree"": 0.8122606346529357, ""learning_rate"": 0.01766631803401798, ""max_depth"": 4, ""min_child_weight"": 12, ""n_estimators"": 594, ""reg_alpha"": 8.424143713634452, ""reg_lambda"": 0.44288648192689034, ""subsample"": 0.7723052641101521}",COMPLETE
38,4.23119059980379,2026-10-02 07:01:47.959006,2026-10-02 07:02:20.836669,0 days 00:00:32.877663,0.6953211494229133,0.015706905092838726,5,14,646,8.07417869093077,0.043337235949072704,0.7020937429906853,"{""colsample_bytree"": 0.6953211494229133, ""learning_rate"": 0.015706905092838726, ""max_depth"": 5, ""min_child_weight"": 14, ""n_estimators"": 646, ""reg_alpha"": 8.07417869093077, ""reg_lambda"": 0.043337235949072704, ""subsample"": 0.7020937429906853}",COMPLETE
39,4.214020578964003,2026-10-02 07:02:20.836734,2026-10-02 07:02:36.928826,0 days 00:00:16.092092,0.7555855509179096,0.02001214009383996,3,13,727,4.470486342372488,1.2407414676282094,0.8458779897869189,"{""colsample_bytree"": 0.7555855509179096, ""learning_rate"": 0.02001214009383996, ""max_depth"": 3, ""min_child_weight"": 13, ""n_estimators"": 727, ""reg_alpha"": 4.470486342372488, ""reg_lambda"": 1.2407414676282094, ""subsample"": 0.8458779897869189}",COMPLETE
40,4.215144198616108,2026-10-02 07:02:36.928888,2026-10-02 07:03:09.240458,0 days 00:00:32.311570,0.779779519660687,0.010427914166662815,5,13,592,2.970885379932234,1.2434090400163915,0.8054639378674425,"{""colsample_bytree"": 0.779779519660687, ""learning_rate"": 0.010427914166662815, ""max_depth"": 5, ""min_child_weight"": 13, ""n_estimators"": 592, ""reg_alpha"": 2.970885379932234, ""reg_lambda"": 1.2434090400163915, ""subsample"": 0.8054639378674425}",COMPLETE
41,4.225764595538355,2026-10-02 07:03:09.240523,2026-10-02 07:03:29.103513,0 days 00:00:19.862990,0.7515651307650324,0.021071271600209805,4,14,634,4.881181079707394,0.15576418518159843,0.8146154104495419,"{""colsample_bytree"": 0.7515651307650324, ""learning_rate"": 0.021071271600209805, ""max_depth"": 4, ""min_child_weight"": 14, ""n_estimators"": 634, ""reg_alpha"": 4.881181079707394, ""reg_lambda"": 0.15576418518159843, ""subsample"": 0.8146154104495419}",COMPLETE
42,4.214416936165933,2026-10-02 07:03:29.103610,2026-10-02 07:03:50.755008,0 days 00:00:21.651398,0.6130579112021389,0.014493521301711164,4,17,717,7.540760355184246,0.0858075219450435,0.6628819510742872,"{""colsample_bytree"": 0.6130579112021389, ""learning_rate"": 0.014493521301711164, ""max_depth"": 4, ""min_child_weight"": 17, ""n_estimators"": 717, ""reg_alpha"": 7.540760355184246, ""reg_lambda"": 0.0858075219450435, ""subsample"": 0.6628819510742872}",COMPLETE
43,4.2103266446791885,2026-10-02 07:03:50.755071,2026-10-02 07:04:05.012508,0 days 00:00:14.257437,0.6475965816375097,0.011359819279252469,3,12,809,7.211813055522508,1.7650581096257474,0.8129099814284465,"{""colsample_bytree"": 0.6475965816375097, ""learning_rate"": 0.011359819279252469, ""max_depth"": 3, ""min_child_weight"": 12, ""n_estimators"": 809, ""reg_alpha"": 7.211813055522508, ""reg_lambda"": 1.7650581096257474, ""subsample"": 0.8129099814284465}",COMPLETE
44,4.210007247653916,2026-10-02 07:04:05.012576,2026-10-02 07:04:18.235226,0 days 00:00:13.222650,0.7057343805152855,0.01650669297780021,3,9,615,5.744758535465256,3.669698262121716,0.8444520141028327,"{""colsample_bytree"": 0.7057343805152855, ""learning_rate"": 0.01650669297780021, ""max_depth"": 3, ""min_child_weight"": 9, ""n_estimators"": 615, ""reg_alpha"": 5.744758535465256, ""reg_lambda"": 3.669698262121716, ""subsample"": 0.8444520141028327}",COMPLETE
45,4.21210116702832,2026-10-02 07:04:18.235295,2026-10-02 07:04:31.393995,0 days 00:00:13.158700,0.6570191151781999,0.014235908905275875,3,12,765,4.665197557616881,2.8881614480905466,0.8376361617587832,"{""colsample_bytree"": 0.6570191151781999, ""learning_rate"": 0.014235908905275875, ""max_depth"": 3, ""min_child_weight"": 12, ""n_estimators"": 765, ""reg_alpha"": 4.665197557616881, ""reg_lambda"": 2.8881614480905466, ""subsample"": 0.8376361617587832}",COMPLETE
46,4.20675835260575,2026-10-02 07:04:31.394057,2026-10-02 07:04:45.195578,0 days 00:00:13.801521,0.719751493157369,0.01695953319368705,3,12,758,6.991858289380698,1.8543663790553406,0.7497515670975264,"{""colsample_bytree"": 0.719751493157369, ""learning_rate"": 0.01695953319368705, ""max_depth"": 3, ""min_child_weight"": 12, ""n_estimators"": 758, ""reg_alpha"": 6.991858289380698, ""reg_lambda"": 1.8543663790553406, ""subsample"": 0.7497515670975264}",COMPLETE
47,4.208134139400412,2026-10-02 07:04:45.195664,2026-10-02 07:05:04.861164,0 days 00:00:19.665500,0.754685768865929,0.012153733857024545,3,10,895,8.713231940047548,0.515991216264228,0.8115006311250296,"{""colsample_bytree"": 0.754685768865929, ""learning_rate"": 0.012153733857024545, ""max_depth"": 3, ""min_child_weight"": 10, ""n_estimators"": 895, ""reg_alpha"": 8.713231940047548, ""reg_lambda"": 0.515991216264228, ""subsample"": 0.8115006311250296}",COMPLETE
48,4.212422240583558,2026-10-02 07:05:04.861228,2026-10-02 07:05:20.303539,0 days 00:00:15.442311,0.801206280913413,0.024062170052122172,3,11,682,6.262554262260984,0.8464081172580901,0.7682033850899502,"{""colsample_bytree"": 0.801206280913413, ""learning_rate"": 0.024062170052122172, ""max_depth"": 3, ""min_child_weight"": 11, ""n_estimators"": 682, ""reg_alpha"": 6.262554262260984, ""reg_lambda"": 0.8464081172580901, ""subsample"": 0.7682033850899502}",COMPLETE
49,4.203884130437057,2026-10-02 07:05:20.303627,2026-10-02 07:05:36.148762,0 days 00:00:15.845135,0.7602839621517448,0.015567859546805576,3,11,722,9.863180049926878,0.49980040879371573,0.8065454052571679,"{""colsample_bytree"": 0.7602839621517448, ""learning_rate"": 0.015567859546805576, ""max_depth"": 3, ""min_child_weight"": 11, ""n_estimators"": 722, ""reg_alpha"": 9.863180049926878, ""reg_lambda"": 0.49980040879371573, ""subsample"": 0.8065454052571679}",COMPLETE
