number,value,datetime_start,datetime_complete,duration,params_colsample_bytree,params_learning_rate,params_max_depth,params_min_child_weight,params_n_estimators,params_reg_alpha,params_reg_lambda,params_subsample,system_attrs_tpe:relative_params:0,state
0,4.13906059289579,2026-10-02 06:27:47.383122,2026-10-02 06:27:54.423561,0 days 00:00:07.040439,0.7521258791466592,0.11387317092169064,7,11,1188,3.6905577292137624,0.0562793204741517,0.7118273996694524,,COMPLETE
1,4.0668457977120545,2026-10-02 06:27:54.423637,2026-10-02 06:28:12.246762,0 days 00:00:17.823125,0.9479176468048627,0.036845938035010996,9,11,1935,0.002231090560744304,0.0019237305096546497,0.7840222805469661,,COMPLETE
2,4.190635265066289,2026-10-02 06:28:12.246850,2026-10-02 06:28:14.129208,0 days 00:00:01.882358,0.8594109949517064,0.16977763163336626,9,18,236,1.3246974647468452,0.07013219779945795,0.989309171116382,,COMPLETE
3,4.093634995451576,2026-10-02 06:28:14.129280,2026-10-02 06:28:14.951649,0 days 00:00:00.822369,0.5902633579933665,0.088153780513692,4,19,413,1.2500712230836255,0.011434638743472197,0.7609241608750359,,COMPLETE
4,4.113874089842465,2026-10-02 06:28:14.951717,2026-10-02 06:28:16.519837,0 days 00:00:01.568120,0.7318537978123298,0.06912670683424535,3,13,1021,0.5336803302756715,5.956516018710568,0.8060478613612108,,COMPLETE
5,4.080583910646031,2026-10-02 06:28:16.519911,2026-10-02 06:28:27.210520,0 days 00:00:10.690609,0.7694465087327116,0.04421291893432151,8,2,847,0.0032787264983352763,0.0069427294924301495,0.8333833577228338,,COMPLETE
6,4.065722274213631,2026-10-02 06:28:27.210592,2026-10-02 06:28:29.977478,0 days 00:00:02.766886,0.3714313675236196,0.03445441737078129,7,9,768,0.004418125737902547,0.006847105576684045,0.9941869190296131,,COMPLETE
7,4.069273180315417,2026-10-02 06:28:29.977561,2026-10-02 06:28:34.264342,0 days 00:00:04.286781,0.37726259881501356,0.023666956347875266,6,5,1376,0.003570522756718293,0.4220057397195018,0.5794847918227599,,COMPLETE
8,4.050709503728892,2026-10-02 06:28:34.264411,2026-10-02 06:28:40.010605,0 days 00:00:05.746194,0.36726888552577414,0.035047075708368194,9,2,554,0.07492121411354245,8.050778165087026,0.918972453749402,,COMPLETE
9,4.168254146033232,2026-10-02 06:28:40.010663,2026-10-02 06:28:51.533451,0 days 00:00:11.522788,0.3841375928492182,0.07824023983213262,8,1,1959,0.002984770033451216,0.015295398277813725,0.6414034812882048,,COMPLETE
10,4.046887861262953,2026-10-02 06:28:51.533513,2026-10-02 06:29:06.387444,0 days 00:00:14.853931,0.6076662739540196,0.03564034261936082,10,7,1366,0.06630900947764848,0.274433689541592,0.9452212598059986,"{""colsample_bytree"": 0.6076662739540196, ""learning_rate"": 0.03564034261936082, ""max_depth"": 10, ""min_child_weight"": 7, ""n_estimators"": 1366, ""reg_alpha"": 0.06630900947764848, ""reg_lambda"": 0.274433689541592, ""subsample"": 0.9452212598059986}",COMPLETE
11,4.043574281866225,2026-10-02 06:29:06.387510,2026-10-02 06:29:22.956553,0 days 00:00:16.569043,0.4847801536245172,0.028054312477749498,10,2,873,0.7211143857456546,2.7063539521130306,0.9528490781343182,"{""colsample_bytree"": 0.4847801536245172, ""learning_rate"": 0.028054312477749498, ""max_depth"": 10, ""min_child_weight"": 2, ""n_estimators"": 873, ""reg_alpha"": 0.7211143857456546, ""reg_lambda"": 2.7063539521130306, ""subsample"": 0.9528490781343182}",COMPLETE
12,4.031601076465404,2026-10-02 06:29:22.956617,2026-10-02 06:29:51.487062,0 days 00:00:28.530445,0.613336231533042,0.015697131285881516,10,1,1150,0.3648299381459414,2.5026415422030683,0.9511879026257075,"{""colsample_bytree"": 0.613336231533042, ""learning_rate"": 0.015697131285881516, ""max_depth"": 10, ""min_child_weight"": 1, ""n_estimators"": 1150, ""reg_alpha"": 0.3648299381459414, ""reg_lambda"": 2.5026415422030683, ""subsample"": 0.9511879026257075}",COMPLETE
13,4.050465218842984,2026-10-02 06:29:51.487124,2026-10-02 06:30:11.297707,0 days 00:00:19.810583,0.6002204075459563,0.016063007664171364,9,2,1336,6.699691424605782,1.8362367710869762,0.9828778395376179,"{""colsample_bytree"": 0.6002204075459563, ""learning_rate"": 0.016063007664171364, ""max_depth"": 9, ""min_child_weight"": 2, ""n_estimators"": 1336, ""reg_alpha"": 6.699691424605782, ""reg_lambda"": 1.8362367710869762, ""subsample"": 0.9828778395376179}",COMPLETE
14,4.075322620932696,2026-10-02 06:30:11.297772,2026-10-02 06:30:17.596968,0 days 00:00:06.299196,0.5835561254788768,0.055187460718777635,8,2,599,1.203204094531935,2.9503975571192838,0.9924843647815278,"{""colsample_bytree"": 0.5835561254788768, ""learning_rate"": 0.055187460718777635, ""max_depth"": 8, ""min_child_weight"": 2, ""n_estimators"": 599, ""reg_alpha"": 1.203204094531935, ""reg_lambda"": 2.9503975571192838, ""subsample"": 0.9924843647815278}",COMPLETE
15,4.0255730012966096,2026-10-02 06:30:17.597030,2026-10-02 06:30:26.714581,0 days 00:00:09.117551,0.5926350040598873,0.016729500974005787,10,10,971,0.42385672707637384,8.044146269916258,0.8442364813830774,"{""colsample_bytree"": 0.5926350040598873, ""learning_rate"": 0.016729500974005787, ""max_depth"": 10, ""min_child_weight"": 10, ""n_estimators"": 971, ""reg_alpha"": 0.42385672707637384, ""reg_lambda"": 8.044146269916258, ""subsample"": 0.8442364813830774}",COMPLETE
16,4.028804869800973,2026-10-02 06:30:26.714644,2026-10-02 06:30:34.258057,0 days 00:00:07.543413,0.649249101134282,0.03200240024667829,10,7,656,0.3179224543189234,4.863005563326306,0.7914590800113986,"{""colsample_bytree"": 0.649249101134282, ""learning_rate"": 0.03200240024667829, ""max_depth"": 10, ""min_child_weight"": 7, ""n_estimators"": 656, ""reg_alpha"": 0.3179224543189234, ""reg_lambda"": 4.863005563326306, ""subsample"": 0.7914590800113986}",COMPLETE
17,4.031639603042319,2026-10-02 06:30:34.258120,2026-10-02 06:30:42.280692,0 days 00:00:08.022572,0.43094643991308434,0.011304526333395872,10,11,1181,0.557266368872758,0.4290300133549301,0.7657240661841931,"{""colsample_bytree"": 0.43094643991308434, ""learning_rate"": 0.011304526333395872, ""max_depth"": 10, ""min_child_weight"": 11, ""n_estimators"": 1181, ""reg_alpha"": 0.557266368872758, ""reg_lambda"": 0.4290300133549301, ""subsample"": 0.7657240661841931}",COMPLETE
18,4.044187376490724,2026-10-02 06:30:42.280756,2026-10-02 06:30:53.442410,0 days 00:00:11.161654,0.6523577001565659,0.028096524939335434,9,6,940,1.976738565619903,1.0782373701315635,0.8684841136461777,"{""colsample_bytree"": 0.6523577001565659, ""learning_rate"": 0.028096524939335434, ""max_depth"": 9, ""min_child_weight"": 6, ""n_estimators"": 940, ""reg_alpha"": 1.976738565619903, ""reg_lambda"": 1.0782373701315635, ""subsample"": 0.8684841136461777}",COMPLETE
19,4.0223881983608205,2026-10-02 06:30:53.442474,2026-10-02 06:31:06.494178,0 days 00:00:13.051704,0.6988344320966513,0.01590303305900594,10,6,1003,0.167348888537077,3.4569944895897735,0.8122997834385802,"{""colsample_bytree"": 0.6988344320966513, ""learning_rate"": 0.01590303305900594, ""max_depth"": 10, ""min_child_weight"": 6, ""n_estimators"": 1003, ""reg_alpha"": 0.167348888537077, ""reg_lambda"": 3.4569944895897735, ""subsample"": 0.8122997834385802}",COMPLETE
20,4.016448404230238,2026-10-02 06:31:06.494240,2026-10-02 06:31:17.313493,0 days 00:00:10.819253,0.7167328047992423,0.014421980878278645,10,6,800,0.024251662825591377,8.183350038179972,0.754778681381397,"{""colsample_bytree"": 0.7167328047992423, ""learning_rate"": 0.014421980878278645, ""max_depth"": 10, ""min_child_weight"": 6, ""n_estimators"": 800, ""reg_alpha"": 0.024251662825591377, ""reg_lambda"": 8.183350038179972, ""subsample"": 0.754778681381397}",COMPLETE
21,4.018792947132863,2026-10-02 06:31:17.313556,2026-10-02 06:31:26.638118,0 days 00:00:09.324562,0.7991496149357762,0.015122575349209442,9,6,779,0.3563513568624617,9.48307033822724,0.7901045599831815,"{""colsample_bytree"": 0.7991496149357762, ""learning_rate"": 0.015122575349209442, ""max_depth"": 9, ""min_child_weight"": 6, ""n_estimators"": 779, ""reg_alpha"": 0.3563513568624617, ""reg_lambda"": 9.48307033822724, ""subsample"": 0.7901045599831815}",COMPLETE
22,4.014834182451226,2026-10-02 06:31:26.638179,2026-10-02 06:31:36.232385,0 days 00:00:09.594206,0.6951279366555363,0.013061159111730163,10,6,791,0.020159880360004573,1.5026868396881488,0.6966142416614358,"{""colsample_bytree"": 0.6951279366555363, ""learning_rate"": 0.013061159111730163, ""max_depth"": 10, ""min_child_weight"": 6, ""n_estimators"": 791, ""reg_alpha"": 0.020159880360004573, ""reg_lambda"": 1.5026868396881488, ""subsample"": 0.6966142416614358}",COMPLETE
23,4.019595481402554,2026-10-02 06:31:36.232447,2026-10-02 06:31:42.821393,0 days 00:00:06.588946,0.6951886030229951,0.01640407728475048,10,5,466,0.009379909424973982,4.637448544650465,0.7883866175599837,"{""colsample_bytree"": 0.6951886030229951, ""learning_rate"": 0.01640407728475048, ""max_depth"": 10, ""min_child_weight"": 5, ""n_estimators"": 466, ""reg_alpha"": 0.009379909424973982, ""reg_lambda"": 4.637448544650465, ""subsample"": 0.7883866175599837}",COMPLETE
24,4.008605294905571,2026-10-02 06:31:42.821452,2026-10-02 06:31:49.230668,0 days 00:00:06.409216,0.6436211534910741,0.013266075526414444,10,5,512,0.006986870894410678,1.9232532524880666,0.6686282833879518,"{""colsample_bytree"": 0.6436211534910741, ""learning_rate"": 0.013266075526414444, ""max_depth"": 10, ""min_child_weight"": 5, ""n_estimators"": 512, ""reg_alpha"": 0.006986870894410678, ""reg_lambda"": 1.9232532524880666, ""subsample"": 0.6686282833879518}",COMPLETE
25,4.0259141117003585,2026-10-02 06:31:49.230725,2026-10-02 06:32:04.452762,0 days 00:00:15.222037,0.5957377108710009,0.022963149025778187,10,2,780,0.0097041732019315,1.4782938426543635,0.7414179600953545,"{""colsample_bytree"": 0.5957377108710009, ""learning_rate"": 0.022963149025778187, ""max_depth"": 10, ""min_child_weight"": 2, ""n_estimators"": 780, ""reg_alpha"": 0.0097041732019315, ""reg_lambda"": 1.4782938426543635, ""subsample"": 0.7414179600953545}",COMPLETE
26,4.009362194727697,2026-10-02 06:32:04.452836,2026-10-02 06:32:10.509978,0 days 00:00:06.057142,0.7951654405788484,0.01744543288142211,10,7,495,0.015320626659110076,1.9463100567865477,0.6602860127531723,"{""colsample_bytree"": 0.7951654405788484, ""learning_rate"": 0.01744543288142211, ""max_depth"": 10, ""min_child_weight"": 7, ""n_estimators"": 495, ""reg_alpha"": 0.015320626659110076, ""reg_lambda"": 1.9463100567865477, ""subsample"": 0.6602860127531723}",COMPLETE
27,4.021549951610004,2026-10-02 06:32:10.510038,2026-10-02 06:32:14.545205,0 days 00:00:04.035167,0.7045013111395245,0.023150983274287447,10,7,356,0.04784575874169221,1.0242008048887652,0.7324815861726324,"{""colsample_bytree"": 0.7045013111395245, ""learning_rate"": 0.023150983274287447, ""max_depth"": 10, ""min_child_weight"": 7, ""n_estimators"": 356, ""reg_alpha"": 0.04784575874169221, ""reg_lambda"": 1.0242008048887652, ""subsample"": 0.7324815861726324}",COMPLETE
28,4.009087925470332,2026-10-02 06:32:14.545264,2026-10-02 06:32:22.300337,0 days 00:00:07.755073,0.8388676370156528,0.014535355384256796,9,6,679,0.0017675260161582333,2.482960941683196,0.697352567979503,"{""colsample_bytree"": 0.8388676370156528, ""learning_rate"": 0.014535355384256796, ""max_depth"": 9, ""min_child_weight"": 6, ""n_estimators"": 679, ""reg_alpha"": 0.0017675260161582333, ""reg_lambda"": 2.482960941683196, ""subsample"": 0.697352567979503}",COMPLETE
29,4.0098324999935135,2026-10-02 06:32:22.300396,2026-10-02 06:32:27.391079,0 days 00:00:05.090683,0.669489625358769,0.01348045889308894,10,7,452,0.0011098690321501754,1.6709841842758988,0.7105179670255313,"{""colsample_bytree"": 0.669489625358769, ""learning_rate"": 0.01348045889308894, ""max_depth"": 10, ""min_child_weight"": 7, ""n_estimators"": 452, ""reg_alpha"": 0.0011098690321501754, ""reg_lambda"": 1.6709841842758988, ""subsample"": 0.7105179670255313}",COMPLETE
30,4.023081622037991,2026-10-02 06:32:27.391139,2026-10-02 06:32:31.869711,0 days 00:00:04.478572,0.7529769818849603,0.01053107361608741,9,7,441,0.019922071413310444,3.926037294786286,0.7075258415484633,"{""colsample_bytree"": 0.7529769818849603, ""learning_rate"": 0.01053107361608741, ""max_depth"": 9, ""min_child_weight"": 7, ""n_estimators"": 441, ""reg_alpha"": 0.019922071413310444, ""reg_lambda"": 3.926037294786286, ""subsample"": 0.7075258415484633}",COMPLETE
31,4.021606276604028,2026-10-02 06:32:31.869769,2026-10-02 06:32:37.627338,0 days 00:00:05.757569,0.6573420287395108,0.014069709353152772,9,5,546,0.001139115111706076,1.1279531221544834,0.6853641189061938,"{""colsample_bytree"": 0.6573420287395108, ""learning_rate"": 0.014069709353152772, ""max_depth"": 9, ""min_child_weight"": 5, ""n_estimators"": 546, ""reg_alpha"": 0.001139115111706076, ""reg_lambda"": 1.1279531221544834, ""subsample"": 0.6853641189061938}",COMPLETE
32,4.020999987334075,2026-10-02 06:32:37.627399,2026-10-02 06:32:41.111158,0 days 00:00:03.483759,0.5770172325011949,0.010163422697616716,9,8,446,0.0011954670708483053,4.066098837174603,0.6462221045195682,"{""colsample_bytree"": 0.5770172325011949, ""learning_rate"": 0.010163422697616716, ""max_depth"": 9, ""min_child_weight"": 8, ""n_estimators"": 446, ""reg_alpha"": 0.0011954670708483053, ""reg_lambda"": 4.066098837174603, ""subsample"": 0.6462221045195682}",COMPLETE
33,4.022428395571635,2026-10-02 06:32:41.111218,2026-10-02 06:32:50.001681,0 days 00:00:08.890463,0.7683366420580875,0.020196686333338952,9,7,898,0.0029722760293799883,1.193058487054718,0.6941396452411578,"{""colsample_bytree"": 0.7683366420580875, ""learning_rate"": 0.020196686333338952, ""max_depth"": 9, ""min_child_weight"": 7, ""n_estimators"": 898, ""reg_alpha"": 0.0029722760293799883, ""reg_lambda"": 1.193058487054718, ""subsample"": 0.6941396452411578}",COMPLETE
34,4.004362979701063,2026-10-02 06:32:50.001743,2026-10-02 06:32:57.101180,0 days 00:00:07.099437,0.6543307174555757,0.010504385914920446,10,3,449,0.007527609823645266,2.138361908514656,0.630154230454412,"{""colsample_bytree"": 0.6543307174555757, ""learning_rate"": 0.010504385914920446, ""max_depth"": 10, ""min_child_weight"": 3, ""n_estimators"": 449, ""reg_alpha"": 0.007527609823645266, ""reg_lambda"": 2.138361908514656, ""subsample"": 0.630154230454412}",COMPLETE
35,4.001211241067819,2026-10-02 06:32:57.101243,2026-10-02 06:33:09.401845,0 days 00:00:12.300602,0.7294955677454373,0.01365460839421915,10,2,598,0.004287226695799473,3.8374790636373217,0.6516265676161836,"{""colsample_bytree"": 0.7294955677454373, ""learning_rate"": 0.01365460839421915, ""max_depth"": 10, ""min_child_weight"": 2, ""n_estimators"": 598, ""reg_alpha"": 0.004287226695799473, ""reg_lambda"": 3.8374790636373217, ""subsample"": 0.6516265676161836}",COMPLETE
36,4.012282941439672,2026-10-02 06:33:09.401907,2026-10-02 06:33:30.557345,0 days 00:00:21.155438,0.8034384814179968,0.01495974061028691,10,2,950,0.006094802442989165,6.968191954479064,0.6501040155163231,"{""colsample_bytree"": 0.8034384814179968, ""learning_rate"": 0.01495974061028691, ""max_depth"": 10, ""min_child_weight"": 2, ""n_estimators"": 950, ""reg_alpha"": 0.006094802442989165, ""reg_lambda"": 6.968191954479064, ""subsample"": 0.6501040155163231}",COMPLETE
37,4.016415738001116,2026-10-02 06:33:30.557410,2026-10-02 06:33:40.345719,0 days 00:00:09.788309,0.6742396776845619,0.010606565541030436,9,2,667,0.0048333010565931814,7.810993644363728,0.6761338535371675,"{""colsample_bytree"": 0.6742396776845619, ""learning_rate"": 0.010606565541030436, ""max_depth"": 9, ""min_child_weight"": 2, ""n_estimators"": 667, ""reg_alpha"": 0.0048333010565931814, ""reg_lambda"": 7.810993644363728, ""subsample"": 0.6761338535371675}",COMPLETE
38,4.0157986248179895,2026-10-02 06:33:40.345780,2026-10-02 06:33:45.576371,0 days 00:00:05.230591,0.6177026225211917,0.018998723702707693,10,3,343,0.007300034004637394,3.0730619474760625,0.628193460212669,"{""colsample_bytree"": 0.6177026225211917, ""learning_rate"": 0.018998723702707693, ""max_depth"": 10, ""min_child_weight"": 3, ""n_estimators"": 343, ""reg_alpha"": 0.007300034004637394, ""reg_lambda"": 3.0730619474760625, ""subsample"": 0.628193460212669}",COMPLETE
39,4.022717798062748,2026-10-02 06:33:45.576430,2026-10-02 06:33:55.150384,0 days 00:00:09.573954,0.6755212367956082,0.017168654988030153,10,3,555,0.0038949884589937153,0.5063169849423267,0.6810589557043093,"{""colsample_bytree"": 0.6755212367956082, ""learning_rate"": 0.017168654988030153, ""max_depth"": 10, ""min_child_weight"": 3, ""n_estimators"": 555, ""reg_alpha"": 0.0038949884589937153, ""reg_lambda"": 0.5063169849423267, ""subsample"": 0.6810589557043093}",COMPLETE
40,4.014975358540036,2026-10-02 06:33:55.150443,2026-10-02 06:34:01.332894,0 days 00:00:06.182451,0.6814353710532693,0.013912871942564992,10,3,377,0.021604033990409437,5.550198051920586,0.6158895739444469,"{""colsample_bytree"": 0.6814353710532693, ""learning_rate"": 0.013912871942564992, ""max_depth"": 10, ""min_child_weight"": 3, ""n_estimators"": 377, ""reg_alpha"": 0.021604033990409437, ""reg_lambda"": 5.550198051920586, ""subsample"": 0.6158895739444469}",COMPLETE
41,4.023202267648083,2026-10-02 06:34:01.332955,2026-10-02 06:34:06.188169,0 days 00:00:04.855214,0.5790265973437574,0.017142169147420824,10,4,354,0.0094215520682801,3.36693630274676,0.7253747786687439,"{""colsample_bytree"": 0.5790265973437574, ""learning_rate"": 0.017142169147420824, ""max_depth"": 10, ""min_child_weight"": 4, ""n_estimators"": 354, ""reg_alpha"": 0.0094215520682801, ""reg_lambda"": 3.36693630274676, ""subsample"": 0.7253747786687439}",COMPLETE
42,4.016410120891087,2026-10-02 06:34:06.188228,2026-10-02 06:34:13.444968,0 days 00:00:07.256740,0.8084364108079443,0.015139928004602116,9,7,719,0.010384942217928872,0.9642694815404227,0.6591129961153256,"{""colsample_bytree"": 0.8084364108079443, ""learning_rate"": 0.015139928004602116, ""max_depth"": 9, ""min_child_weight"": 7, ""n_estimators"": 719, ""reg_alpha"": 0.010384942217928872, ""reg_lambda"": 0.9642694815404227, ""subsample"": 0.6591129961153256}",COMPLETE
43,4.00834688550241,2026-10-02 06:34:13.445028,2026-10-02 06:34:20.556376,0 days 00:00:07.111348,0.7944486955607019,0.011067250120949475,10,6,533,0.002987378323129277,1.7856160687739704,0.6251261730476725,"{""colsample_bytree"": 0.7944486955607019, ""learning_rate"": 0.011067250120949475, ""max_depth"": 10, ""min_child_weight"": 6, ""n_estimators"": 533, ""reg_alpha"": 0.002987378323129277, ""reg_lambda"": 1.7856160687739704, ""subsample"": 0.6251261730476725}",COMPLETE
44,4.025170753898471,2026-10-02 06:34:20.556439,2026-10-02 06:34:29.730985,0 days 00:00:09.174546,0.6924224584190142,0.022219488838084427,10,5,685,0.004469802264293882,9.473448417524722,0.6315768020475825,"{""colsample_bytree"": 0.6924224584190142, ""learning_rate"": 0.022219488838084427, ""max_depth"": 10, ""min_child_weight"": 5, ""n_estimators"": 685, ""reg_alpha"": 0.004469802264293882, ""reg_lambda"": 9.473448417524722, ""subsample"": 0.6315768020475825}",COMPLETE
45,4.01339069068235,2026-10-02 06:34:29.731047,2026-10-02 06:34:37.717068,0 days 00:00:07.986021,0.7384561946363811,0.015572261320659692,9,3,573,0.007655989720469206,4.47356220523441,0.6780554122829622,"{""colsample_bytree"": 0.7384561946363811, ""learning_rate"": 0.015572261320659692, ""max_depth"": 9, ""min_child_weight"": 3, ""n_estimators"": 573, ""reg_alpha"": 0.007655989720469206, ""reg_lambda"": 4.47356220523441, ""subsample"": 0.6780554122829622}",COMPLETE
46,4.006489018989085,2026-10-02 06:34:37.717131,2026-10-02 06:34:50.030632,0 days 00:00:12.313501,0.7013809234798682,0.014753450073162129,10,1,519,0.00467006155748226,3.2139225373445597,0.5686104009687984,"{""colsample_bytree"": 0.7013809234798682, ""learning_rate"": 0.014753450073162129, ""max_depth"": 10, ""min_child_weight"": 1, ""n_estimators"": 519, ""reg_alpha"": 0.00467006155748226, ""reg_lambda"": 3.2139225373445597, ""subsample"": 0.5686104009687984}",COMPLETE
47,4.0069233614168684,2026-10-02 06:34:50.030690,2026-10-02 06:34:57.985374,0 days 00:00:07.954684,0.7256903803064514,0.01035098549252137,9,2,533,0.006570212115477619,1.506922841914968,0.5581241809391303,"{""colsample_bytree"": 0.7256903803064514, ""learning_rate"": 0.01035098549252137, ""max_depth"": 9, ""min_child_weight"": 2, ""n_estimators"": 533, ""reg_alpha"": 0.006570212115477619, ""reg_lambda"": 1.506922841914968, ""subsample"": 0.5581241809391303}",COMPLETE
48,4.022131220416572,2026-10-02 06:34:57.985436,2026-10-02 06:35:03.525183,0 days 00:00:05.539747,0.6796231924269034,0.011625452830765722,10,3,350,0.005351329833404923,3.1286125465712895,0.5526079397494903,"{""colsample_bytree"": 0.6796231924269034, ""learning_rate"": 0.011625452830765722, ""max_depth"": 10, ""min_child_weight"": 3, ""n_estimators"": 350, ""reg_alpha"": 0.005351329833404923, ""reg_lambda"": 3.1286125465712895, ""subsample"": 0.5526079397494903}",COMPLETE
49,4.009012219009388,2026-10-02 06:35:03.525243,2026-10-02 06:35:13.598888,0 days 00:00:10.073645,0.7526822528830952,0.017680908711894285,9,3,743,0.0022903666308491505,2.399393341650001,0.5573647408000959,"{""colsample_bytree"": 0.7526822528830952, ""learning_rate"": 0.017680908711894285, ""max_depth"": 9, ""min_child_weight"": 3, ""n_estimators"": 743, ""reg_alpha"": 0.0022903666308491505, ""reg_lambda"": 2.399393341650001, ""subsample"": 0.5573647408000959}",COMPLETE
