number,value,datetime_start,datetime_complete,duration,params_max_depth,params_max_features,params_min_samples_leaf,params_n_estimators,system_attrs_tpe:relative_params:0,state
0,4.080320077275309,2026-10-02 18:06:46.940314,2026-10-02 18:15:16.366340,0 days 00:08:29.426026,40,0.7436704297351775,7,684,,COMPLETE
1,4.080195918914747,2026-10-02 18:15:16.366487,2026-10-02 18:22:37.177111,0 days 00:07:20.810624,20,0.4450973669431999,8,975,,COMPLETE
2,4.094256679865368,2026-10-02 18:22:37.177231,2026-10-02 18:26:32.706486,0 days 00:03:55.529255,10,0.8493578609931441,8,314,,COMPLETE
3,4.0971007457489605,2026-10-02 18:26:32.706600,2026-10-02 18:32:01.687033,0 days 00:05:28.980433,0,0.6759289191947714,2,382,,COMPLETE
4,4.111024324407586,2026-10-02 18:32:01.687148,2026-10-02 18:40:44.049237,0 days 00:08:42.362089,30,0.6115905539817836,1,619,,COMPLETE
5,4.082236774292263,2026-10-02 18:40:44.049352,2026-10-02 18:45:12.216955,0 days 00:04:28.167603,20,0.4933287584194074,7,552,,COMPLETE
6,4.093599360766363,2026-10-02 18:45:12.217080,2026-10-02 18:48:19.351735,0 days 00:03:07.134655,10,0.42733969384836035,6,521,,COMPLETE
7,4.084195525883146,2026-10-02 18:48:19.351847,2026-10-02 18:52:36.037486,0 days 00:04:16.685639,30,0.3279624422858039,5,757,,COMPLETE
8,4.080833089218768,2026-10-02 18:52:36.037596,2026-10-02 18:55:32.676035,0 days 00:02:56.638439,30,0.4318526535948677,9,437,,COMPLETE
9,4.080425723976206,2026-10-02 18:55:32.676132,2026-10-02 19:05:50.086895,0 days 00:10:17.410763,30,0.6443609677705414,8,984,,COMPLETE
10,4.089836011983377,2026-10-02 19:05:50.087015,2026-10-02 19:20:35.119928,0 days 00:14:45.032913,20,0.9848925793680965,4,804,"{""max_depth"": 20, ""max_features"": 0.9848925793680965, ""min_samples_leaf"": 4, ""n_estimators"": 804}",COMPLETE
11,4.084880129993148,2026-10-02 19:20:35.120050,2026-10-02 19:23:31.770782,0 days 00:02:56.650732,20,0.2610712558604621,10,742,"{""max_depth"": 20, ""max_features"": 0.2610712558604621, ""min_samples_leaf"": 10, ""n_estimators"": 742}",COMPLETE
12,4.08288416803846,2026-10-02 19:23:31.770893,2026-10-02 19:31:45.444006,0 days 00:08:13.673113,40,0.8377455512659289,8,606,"{""max_depth"": 40, ""max_features"": 0.8377455512659289, ""min_samples_leaf"": 8, ""n_estimators"": 606}",COMPLETE
13,4.083608018450854,2026-10-02 19:31:45.444115,2026-10-02 19:37:41.103790,0 days 00:05:55.659675,20,0.3439970441207535,5,988,"{""max_depth"": 20, ""max_features"": 0.3439970441207535, ""min_samples_leaf"": 5, ""n_estimators"": 988}",COMPLETE
14,4.080052412165817,2026-10-02 19:37:41.103891,2026-10-02 19:45:58.965287,0 days 00:08:17.861396,20,0.5768420309545932,10,965,"{""max_depth"": 20, ""max_features"": 0.5768420309545932, ""min_samples_leaf"": 10, ""n_estimators"": 965}",COMPLETE
15,4.080021828037149,2026-10-02 19:45:58.965394,2026-10-02 19:52:15.269920,0 days 00:06:16.304526,20,0.4427000758610302,9,885,"{""max_depth"": 20, ""max_features"": 0.4427000758610302, ""min_samples_leaf"": 9, ""n_estimators"": 885}",COMPLETE
16,4.091003554593344,2026-10-02 19:52:15.270047,2026-10-02 20:00:08.387248,0 days 00:07:53.117201,10,0.6733129670253685,10,864,"{""max_depth"": 10, ""max_features"": 0.6733129670253685, ""min_samples_leaf"": 10, ""n_estimators"": 864}",COMPLETE
17,4.091995998244214,2026-10-02 20:00:08.387346,2026-10-02 20:02:37.184178,0 days 00:02:28.796832,20,0.17461784872175784,10,959,"{""max_depth"": 20, ""max_features"": 0.17461784872175784, ""min_samples_leaf"": 10, ""n_estimators"": 959}",COMPLETE
18,4.0815211760314005,2026-10-02 20:02:37.184277,2026-10-02 20:16:04.557648,0 days 00:13:27.373371,20,0.8944345668914011,10,985,"{""max_depth"": 20, ""max_features"": 0.8944345668914011, ""min_samples_leaf"": 10, ""n_estimators"": 985}",COMPLETE
19,4.0783053883928835,2026-10-02 20:16:04.557753,2026-10-02 20:22:32.668591,0 days 00:06:28.110838,0,0.46219068093992366,8,849,"{""max_depth"": 0, ""max_features"": 0.46219068093992366, ""min_samples_leaf"": 8, ""n_estimators"": 849}",COMPLETE
20,4.0773251638533585,2026-10-02 20:22:32.668697,2026-10-02 20:29:19.719079,0 days 00:06:47.050382,0,0.5278931157693021,9,782,"{""max_depth"": 0, ""max_features"": 0.5278931157693021, ""min_samples_leaf"": 9, ""n_estimators"": 782}",COMPLETE
21,4.075296191847624,2026-10-02 20:29:19.719186,2026-10-02 20:38:23.047870,0 days 00:09:03.328684,0,0.6004368469472564,8,881,"{""max_depth"": 0, ""max_features"": 0.6004368469472564, ""min_samples_leaf"": 8, ""n_estimators"": 881}",COMPLETE
22,4.0821761777067245,2026-10-02 20:38:23.047976,2026-10-02 20:42:08.551794,0 days 00:03:45.503818,0,0.23799258001119883,8,937,"{""max_depth"": 0, ""max_features"": 0.23799258001119883, ""min_samples_leaf"": 8, ""n_estimators"": 937}",COMPLETE
23,4.080205070152378,2026-10-02 20:42:08.551901,2026-10-02 20:51:06.385421,0 days 00:08:57.833520,0,0.525159771190736,5,908,"{""max_depth"": 0, ""max_features"": 0.525159771190736, ""min_samples_leaf"": 5, ""n_estimators"": 908}",COMPLETE
24,4.082290513623881,2026-10-02 20:51:06.385524,2026-10-02 20:55:04.047872,0 days 00:03:57.662348,0,0.3500915816400879,8,691,"{""max_depth"": 0, ""max_features"": 0.3500915816400879, ""min_samples_leaf"": 8, ""n_estimators"": 691}",COMPLETE
25,4.080397099344084,2026-10-02 20:55:04.047975,2026-10-02 21:03:00.009123,0 days 00:07:55.961148,0,0.5778465986680313,9,846,"{""max_depth"": 0, ""max_features"": 0.5778465986680313, ""min_samples_leaf"": 9, ""n_estimators"": 846}",COMPLETE
26,4.079950349665203,2026-10-02 21:03:00.009227,2026-10-02 21:13:21.083720,0 days 00:10:21.074493,0,0.7442019049374294,7,817,"{""max_depth"": 0, ""max_features"": 0.7442019049374294, ""min_samples_leaf"": 7, ""n_estimators"": 817}",COMPLETE
27,4.07959719597302,2026-10-02 21:13:21.083825,2026-10-02 21:18:28.628189,0 days 00:05:07.544364,0,0.3540926116594134,7,836,"{""max_depth"": 0, ""max_features"": 0.3540926116594134, ""min_samples_leaf"": 7, ""n_estimators"": 836}",COMPLETE
28,4.081188164534325,2026-10-02 21:18:28.628306,2026-10-02 21:25:47.132242,0 days 00:07:18.503936,0,0.5849764418355647,7,695,"{""max_depth"": 0, ""max_features"": 0.5849764418355647, ""min_samples_leaf"": 7, ""n_estimators"": 695}",COMPLETE
29,4.07916685529828,2026-10-02 21:25:47.132350,2026-10-02 21:31:46.685249,0 days 00:05:59.552899,0,0.4423792957796431,10,836,"{""max_depth"": 0, ""max_features"": 0.4423792957796431, ""min_samples_leaf"": 10, ""n_estimators"": 836}",COMPLETE
30,4.078107649241299,2026-10-02 21:31:46.685363,2026-10-02 21:44:49.709839,0 days 00:13:03.024476,0,0.7920670613738868,7,948,"{""max_depth"": 0, ""max_features"": 0.7920670613738868, ""min_samples_leaf"": 7, ""n_estimators"": 948}",COMPLETE
31,4.07829150477716,2026-10-02 21:44:49.709945,2026-10-02 21:55:48.145144,0 days 00:10:58.435199,0,0.7568859875971821,9,916,"{""max_depth"": 0, ""max_features"": 0.7568859875971821, ""min_samples_leaf"": 9, ""n_estimators"": 916}",COMPLETE
32,4.079251642648364,2026-10-02 21:55:48.145246,2026-10-02 22:04:46.211443,0 days 00:08:58.066197,0,0.6825325731878077,9,799,"{""max_depth"": 0, ""max_features"": 0.6825325731878077, ""min_samples_leaf"": 9, ""n_estimators"": 799}",COMPLETE
33,4.079088177820801,2026-10-02 22:04:46.211557,2026-10-02 22:16:51.664212,0 days 00:12:05.452655,0,0.7401278912831973,7,932,"{""max_depth"": 0, ""max_features"": 0.7401278912831973, ""min_samples_leaf"": 7, ""n_estimators"": 932}",COMPLETE
