number,value,datetime_start,datetime_complete,duration,params_colsample_bytree,params_learning_rate,params_max_depth,params_min_child_weight,params_n_estimators,params_reg_alpha,params_reg_lambda,params_subsample,system_attrs_tpe:relative_params:0,state
0,4.279432016929128,2026-10-02 18:07:17.166071,2026-10-02 18:11:49.413159,0 days 00:04:32.247088,0.7521258791466592,0.11387317092169064,7,11,1188,3.6905577292137624,0.0562793204741517,0.7118273996694524,,COMPLETE
1,4.18612743102921,2026-10-02 18:11:49.413421,2026-10-02 18:24:07.990204,0 days 00:12:18.576783,0.9479176468048627,0.036845938035010996,9,11,1935,0.002231090560744304,0.0019237305096546497,0.7840222805469661,,COMPLETE
2,4.2670688279632145,2026-10-02 18:24:07.990431,2026-10-02 18:25:51.950902,0 days 00:01:43.960471,0.8594109949517064,0.16977763163336626,9,18,236,1.3246974647468452,0.07013219779945795,0.989309171116382,,COMPLETE
3,4.1453507306102155,2026-10-02 18:25:51.951155,2026-10-02 18:26:24.703217,0 days 00:00:32.752062,0.5902633579933665,0.088153780513692,4,19,413,1.2500712230836255,0.011434638743472197,0.7609241608750359,,COMPLETE
4,4.155092980393953,2026-10-02 18:26:24.703460,2026-10-02 18:27:19.583053,0 days 00:00:54.879593,0.7318537978123298,0.06912670683424535,3,13,1021,0.5336803302756715,5.956516018710568,0.8060478613612108,,COMPLETE
5,4.133767459028551,2026-10-02 18:27:19.583317,2026-10-02 18:34:54.140289,0 days 00:07:34.556972,0.7694465087327116,0.04421291893432151,8,2,847,0.0032787264983352763,0.0069427294924301495,0.8333833577228338,,COMPLETE
6,4.112067148523175,2026-10-02 18:34:54.140514,2026-10-02 18:36:50.326205,0 days 00:01:56.185691,0.3714313675236196,0.03445441737078129,7,9,768,0.004418125737902547,0.006847105576684045,0.9941869190296131,,COMPLETE
7,4.155859235847751,2026-10-02 18:36:50.326441,2026-10-02 18:40:02.232512,0 days 00:03:11.906071,0.37726259881501356,0.023666956347875266,6,5,1376,0.003570522756718293,0.4220057397195018,0.5794847918227599,,COMPLETE
8,4.097727699222754,2026-10-02 18:40:02.232741,2026-10-02 18:44:31.659484,0 days 00:04:29.426743,0.36726888552577414,0.035047075708368194,9,2,554,0.07492121411354245,8.050778165087026,0.918972453749402,,COMPLETE
9,4.227795076035897,2026-10-02 18:44:31.659683,2026-10-02 18:51:42.205187,0 days 00:07:10.545504,0.3841375928492182,0.07824023983213262,8,1,1959,0.002984770033451216,0.015295398277813725,0.6414034812882048,,COMPLETE
10,4.130329144692235,2026-10-02 18:51:42.205403,2026-10-02 19:02:16.182432,0 days 00:10:33.977029,0.6076662739540196,0.03564034261936082,10,7,1366,0.06630900947764848,0.274433689541592,0.9452212598059986,"{""colsample_bytree"": 0.6076662739540196, ""learning_rate"": 0.03564034261936082, ""max_depth"": 10, ""min_child_weight"": 7, ""n_estimators"": 1366, ""reg_alpha"": 0.06630900947764848, ""reg_lambda"": 0.274433689541592, ""subsample"": 0.9452212598059986}",COMPLETE
11,4.0836114770604794,2026-10-02 19:02:16.182665,2026-10-02 19:07:06.748468,0 days 00:04:50.565803,0.37023581398948413,0.02769900112326703,9,1,478,1.1262529100504257,3.8638678237427775,0.9445024683717319,"{""colsample_bytree"": 0.37023581398948413, ""learning_rate"": 0.02769900112326703, ""max_depth"": 9, ""min_child_weight"": 1, ""n_estimators"": 478, ""reg_alpha"": 1.1262529100504257, ""reg_lambda"": 3.8638678237427775, ""subsample"": 0.9445024683717319}",COMPLETE
12,4.122566753723187,2026-10-02 19:07:06.748690,2026-10-02 19:11:46.664768,0 days 00:04:39.916078,0.43178213502675256,0.06455649551901527,10,1,498,5.826866950698469,5.589107156388151,0.9149544311486224,"{""colsample_bytree"": 0.43178213502675256, ""learning_rate"": 0.06455649551901527, ""max_depth"": 10, ""min_child_weight"": 1, ""n_estimators"": 498, ""reg_alpha"": 5.826866950698469, ""reg_lambda"": 5.589107156388151, ""subsample"": 0.9149544311486224}",COMPLETE
13,4.046167210078269,2026-10-02 19:11:46.665008,2026-10-02 19:15:34.668281,0 days 00:03:48.003273,0.39318412164058986,0.015179476016142814,8,5,671,0.19375139466922023,8.10551900570838,0.8816337863795115,"{""colsample_bytree"": 0.39318412164058986, ""learning_rate"": 0.015179476016142814, ""max_depth"": 8, ""min_child_weight"": 5, ""n_estimators"": 671, ""reg_alpha"": 0.19375139466922023, ""reg_lambda"": 8.10551900570838, ""subsample"": 0.8816337863795115}",COMPLETE
14,4.118949255459708,2026-10-02 19:15:34.668506,2026-10-02 19:21:17.969188,0 days 00:05:43.300682,0.41789622598373183,0.03037473523656929,9,6,869,1.0519209941894458,2.340233512139886,0.7171580394653593,"{""colsample_bytree"": 0.41789622598373183, ""learning_rate"": 0.03037473523656929, ""max_depth"": 9, ""min_child_weight"": 6, ""n_estimators"": 869, ""reg_alpha"": 1.0519209941894458, ""reg_lambda"": 2.340233512139886, ""subsample"": 0.7171580394653593}",COMPLETE
15,4.0173540366076885,2026-10-02 19:21:17.969426,2026-10-02 19:26:33.197032,0 days 00:05:15.227606,0.4652641850216588,0.013779559043147148,10,2,355,0.20744142635825671,8.322405811229997,0.7171333889045786,"{""colsample_bytree"": 0.4652641850216588, ""learning_rate"": 0.013779559043147148, ""max_depth"": 10, ""min_child_weight"": 2, ""n_estimators"": 355, ""reg_alpha"": 0.20744142635825671, ""reg_lambda"": 8.322405811229997, ""subsample"": 0.7171333889045786}",COMPLETE
16,4.092422128637664,2026-10-02 19:26:33.197269,2026-10-02 19:30:40.852733,0 days 00:04:07.655464,0.5473701022659837,0.028357552513159866,10,3,353,0.17677474263039178,4.898562740513586,0.6825952546463689,"{""colsample_bytree"": 0.5473701022659837, ""learning_rate"": 0.028357552513159866, ""max_depth"": 10, ""min_child_weight"": 3, ""n_estimators"": 353, ""reg_alpha"": 0.17677474263039178, ""reg_lambda"": 4.898562740513586, ""subsample"": 0.6825952546463689}",COMPLETE
17,4.069895996392322,2026-10-02 19:30:40.852989,2026-10-02 19:35:13.248833,0 days 00:04:32.395844,0.34633160176946537,0.011165119153688547,9,7,934,0.2991274399394754,0.4309130553020466,0.7611538911090986,"{""colsample_bytree"": 0.34633160176946537, ""learning_rate"": 0.011165119153688547, ""max_depth"": 9, ""min_child_weight"": 7, ""n_estimators"": 934, ""reg_alpha"": 0.2991274399394754, ""reg_lambda"": 0.4309130553020466, ""subsample"": 0.7611538911090986}",COMPLETE
18,4.013580243079769,2026-10-02 19:35:13.249087,2026-10-02 19:37:48.179383,0 days 00:02:34.930296,0.5196524513122274,0.014015866021456425,8,4,382,0.008849726700622158,2.961515122231477,0.6696813747150185,"{""colsample_bytree"": 0.5196524513122274, ""learning_rate"": 0.014015866021456425, ""max_depth"": 8, ""min_child_weight"": 4, ""n_estimators"": 382, ""reg_alpha"": 0.008849726700622158, ""reg_lambda"": 2.961515122231477, ""subsample"": 0.6696813747150185}",COMPLETE
19,4.069526801046521,2026-10-02 19:37:48.179619,2026-10-02 19:44:12.889828,0 days 00:06:24.710209,0.5894027768354565,0.012109833064771458,9,5,810,0.013406761424442443,2.9061903775791285,0.7090591868308389,"{""colsample_bytree"": 0.5894027768354565, ""learning_rate"": 0.012109833064771458, ""max_depth"": 9, ""min_child_weight"": 5, ""n_estimators"": 810, ""reg_alpha"": 0.013406761424442443, ""reg_lambda"": 2.9061903775791285, ""subsample"": 0.7090591868308389}",COMPLETE
20,4.0229230186408484,2026-10-02 19:44:12.890089,2026-10-02 19:51:18.362110,0 days 00:07:05.472021,0.6113088209445364,0.013598061819630927,10,2,437,0.006937697373697814,8.20230178897086,0.6480127373967514,"{""colsample_bytree"": 0.6113088209445364, ""learning_rate"": 0.013598061819630927, ""max_depth"": 10, ""min_child_weight"": 2, ""n_estimators"": 437, ""reg_alpha"": 0.006937697373697814, ""reg_lambda"": 8.20230178897086, ""subsample"": 0.6480127373967514}",COMPLETE
21,4.020400936764638,2026-10-02 19:51:18.362362,2026-10-02 19:56:42.647058,0 days 00:05:24.284696,0.4959778357965329,0.01045924649327903,9,4,605,0.020870587558358515,9.585217687571024,0.585345951583617,"{""colsample_bytree"": 0.4959778357965329, ""learning_rate"": 0.01045924649327903, ""max_depth"": 9, ""min_child_weight"": 4, ""n_estimators"": 605, ""reg_alpha"": 0.020870587558358515, ""reg_lambda"": 9.585217687571024, ""subsample"": 0.585345951583617}",COMPLETE
22,4.068283465364096,2026-10-02 19:56:42.647323,2026-10-02 20:00:24.652424,0 days 00:03:42.005101,0.5221093763062759,0.014403624383331766,9,6,588,0.06190789376938242,1.5810239866185332,0.5926268147672547,"{""colsample_bytree"": 0.5221093763062759, ""learning_rate"": 0.014403624383331766, ""max_depth"": 9, ""min_child_weight"": 6, ""n_estimators"": 588, ""reg_alpha"": 0.06190789376938242, ""reg_lambda"": 1.5810239866185332, ""subsample"": 0.5926268147672547}",COMPLETE
23,4.081677725803563,2026-10-02 20:00:24.652675,2026-10-02 20:09:12.789818,0 days 00:08:48.137143,0.579877016551036,0.012834210121310226,9,2,896,0.028234343212928864,2.872022280959961,0.5296661075572228,"{""colsample_bytree"": 0.579877016551036, ""learning_rate"": 0.012834210121310226, ""max_depth"": 9, ""min_child_weight"": 2, ""n_estimators"": 896, ""reg_alpha"": 0.028234343212928864, ""reg_lambda"": 2.872022280959961, ""subsample"": 0.5296661075572228}",COMPLETE
24,4.151756161111153,2026-10-02 20:09:12.790069,2026-10-02 20:14:33.962822,0 days 00:05:21.172753,0.47965171119492894,0.028142896928581105,10,5,725,0.004411332456584992,3.774540553715921,0.5650717679462168,"{""colsample_bytree"": 0.47965171119492894, ""learning_rate"": 0.028142896928581105, ""max_depth"": 10, ""min_child_weight"": 5, ""n_estimators"": 725, ""reg_alpha"": 0.004411332456584992, ""reg_lambda"": 3.774540553715921, ""subsample"": 0.5650717679462168}",COMPLETE
25,4.10705877222085,2026-10-02 20:14:33.963094,2026-10-02 20:18:05.669536,0 days 00:03:31.706442,0.33323594085976405,0.027270109549483428,10,3,418,0.05195939643120352,4.6583802420007885,0.6454468044839274,"{""colsample_bytree"": 0.33323594085976405, ""learning_rate"": 0.027270109549483428, ""max_depth"": 10, ""min_child_weight"": 3, ""n_estimators"": 418, ""reg_alpha"": 0.05195939643120352, ""reg_lambda"": 4.6583802420007885, ""subsample"": 0.6454468044839274}",COMPLETE
26,4.027923637118807,2026-10-02 20:18:05.669784,2026-10-02 20:20:41.270758,0 days 00:02:35.600974,0.6308035418665144,0.0180668919663174,9,6,309,0.008078608021837894,2.8090117438868294,0.6369582394819302,"{""colsample_bytree"": 0.6308035418665144, ""learning_rate"": 0.0180668919663174, ""max_depth"": 9, ""min_child_weight"": 6, ""n_estimators"": 309, ""reg_alpha"": 0.008078608021837894, ""reg_lambda"": 2.8090117438868294, ""subsample"": 0.6369582394819302}",COMPLETE
27,4.018944980558639,2026-10-02 20:20:41.271042,2026-10-02 20:25:53.783479,0 days 00:05:12.512437,0.5199510431541624,0.010763806383836427,10,2,301,0.12037740169332821,2.695883614944825,0.8060225075410591,"{""colsample_bytree"": 0.5199510431541624, ""learning_rate"": 0.010763806383836427, ""max_depth"": 10, ""min_child_weight"": 2, ""n_estimators"": 301, ""reg_alpha"": 0.12037740169332821, ""reg_lambda"": 2.695883614944825, ""subsample"": 0.8060225075410591}",COMPLETE
28,4.036050090940394,2026-10-02 20:25:53.783726,2026-10-02 20:36:20.484903,0 days 00:10:26.701177,0.5192493950631303,0.01036682252717878,10,1,610,0.07884184855622935,6.732746008316496,0.7391925497153214,"{""colsample_bytree"": 0.5192493950631303, ""learning_rate"": 0.01036682252717878, ""max_depth"": 10, ""min_child_weight"": 1, ""n_estimators"": 610, ""reg_alpha"": 0.07884184855622935, ""reg_lambda"": 6.732746008316496, ""subsample"": 0.7391925497153214}",COMPLETE
29,4.061537848743537,2026-10-02 20:36:20.485165,2026-10-02 20:42:35.937846,0 days 00:06:15.452681,0.493295137701266,0.016153645153785878,10,3,547,0.08917187405134853,4.206056067285894,0.8365599326523657,"{""colsample_bytree"": 0.493295137701266, ""learning_rate"": 0.016153645153785878, ""max_depth"": 10, ""min_child_weight"": 3, ""n_estimators"": 547, ""reg_alpha"": 0.08917187405134853, ""reg_lambda"": 4.206056067285894, ""subsample"": 0.8365599326523657}",COMPLETE
30,4.00816778092614,2026-10-02 20:42:35.938116,2026-10-02 20:46:31.388133,0 days 00:03:55.450017,0.5814071372567604,0.01056010821476362,9,5,375,0.43376330899178966,6.046613890410049,0.7526782406757643,"{""colsample_bytree"": 0.5814071372567604, ""learning_rate"": 0.01056010821476362, ""max_depth"": 9, ""min_child_weight"": 5, ""n_estimators"": 375, ""reg_alpha"": 0.43376330899178966, ""reg_lambda"": 6.046613890410049, ""subsample"": 0.7526782406757643}",COMPLETE
31,4.013090198765037,2026-10-02 20:46:31.388387,2026-10-02 20:53:02.343723,0 days 00:06:30.955336,0.6376155975601696,0.015335459251355169,10,1,283,0.406408695986498,9.843970964066973,0.7496259804120781,"{""colsample_bytree"": 0.6376155975601696, ""learning_rate"": 0.015335459251355169, ""max_depth"": 10, ""min_child_weight"": 1, ""n_estimators"": 283, ""reg_alpha"": 0.406408695986498, ""reg_lambda"": 9.843970964066973, ""subsample"": 0.7496259804120781}",COMPLETE
32,4.0671108693611,2026-10-02 20:53:02.343990,2026-10-02 21:00:32.638339,0 days 00:07:30.294349,0.4542940116504527,0.01451549593633926,10,1,526,0.40401535864795785,2.610449624063783,0.7170842131374376,"{""colsample_bytree"": 0.4542940116504527, ""learning_rate"": 0.01451549593633926, ""max_depth"": 10, ""min_child_weight"": 1, ""n_estimators"": 526, ""reg_alpha"": 0.40401535864795785, ""reg_lambda"": 2.610449624063783, ""subsample"": 0.7170842131374376}",COMPLETE
33,4.029082661303797,2026-10-02 21:00:32.638598,2026-10-02 21:03:34.619226,0 days 00:03:01.980628,0.5148546312201641,0.018406294189603156,9,3,294,1.14060607584222,3.9514134022482237,0.7486533067720834,"{""colsample_bytree"": 0.5148546312201641, ""learning_rate"": 0.018406294189603156, ""max_depth"": 9, ""min_child_weight"": 3, ""n_estimators"": 294, ""reg_alpha"": 1.14060607584222, ""reg_lambda"": 3.9514134022482237, ""subsample"": 0.7486533067720834}",COMPLETE
34,4.0260458648553685,2026-10-02 21:03:34.619472,2026-10-02 21:10:26.190669,0 days 00:06:51.571197,0.7054236778017801,0.011343320315466419,10,3,431,0.08255917022935892,6.602347489134365,0.6589431150983683,"{""colsample_bytree"": 0.7054236778017801, ""learning_rate"": 0.011343320315466419, ""max_depth"": 10, ""min_child_weight"": 3, ""n_estimators"": 431, ""reg_alpha"": 0.08255917022935892, ""reg_lambda"": 6.602347489134365, ""subsample"": 0.6589431150983683}",COMPLETE
35,4.054536618190103,2026-10-02 21:10:26.190921,2026-10-02 21:18:44.764857,0 days 00:08:18.573936,0.7009400913997408,0.016088461385212378,10,2,498,0.16967204853239579,6.358537734744295,0.7656914218764463,"{""colsample_bytree"": 0.7009400913997408, ""learning_rate"": 0.016088461385212378, ""max_depth"": 10, ""min_child_weight"": 2, ""n_estimators"": 498, ""reg_alpha"": 0.16967204853239579, ""reg_lambda"": 6.358537734744295, ""subsample"": 0.7656914218764463}",COMPLETE
36,3.997346569808849,2026-10-02 21:18:44.765100,2026-10-02 21:21:53.034922,0 days 00:03:08.269822,0.6330581750302564,0.010877798536076348,9,5,262,4.227008533856464,7.838095460851457,0.7253633527932004,"{""colsample_bytree"": 0.6330581750302564, ""learning_rate"": 0.010877798536076348, ""max_depth"": 9, ""min_child_weight"": 5, ""n_estimators"": 262, ""reg_alpha"": 4.227008533856464, ""reg_lambda"": 7.838095460851457, ""subsample"": 0.7253633527932004}",COMPLETE
37,4.029176142106954,2026-10-02 21:21:53.035188,2026-10-02 21:25:58.279304,0 days 00:04:05.244116,0.6417606630294036,0.012613045062115543,10,4,295,0.40064721749797044,2.542548242150188,0.7016291519329098,"{""colsample_bytree"": 0.6417606630294036, ""learning_rate"": 0.012613045062115543, ""max_depth"": 10, ""min_child_weight"": 4, ""n_estimators"": 295, ""reg_alpha"": 0.40064721749797044, ""reg_lambda"": 2.542548242150188, ""subsample"": 0.7016291519329098}",COMPLETE
38,4.002018070252186,2026-10-02 21:25:58.279556,2026-10-02 21:28:31.437982,0 days 00:02:33.158426,0.5132639679268229,0.010810763035289246,9,8,284,3.898259930870129,7.084036721320638,0.7788845548483153,"{""colsample_bytree"": 0.5132639679268229, ""learning_rate"": 0.010810763035289246, ""max_depth"": 9, ""min_child_weight"": 8, ""n_estimators"": 284, ""reg_alpha"": 3.898259930870129, ""reg_lambda"": 7.084036721320638, ""subsample"": 0.7788845548483153}",COMPLETE
39,4.047865357350541,2026-10-02 21:28:31.438223,2026-10-02 21:31:16.346578,0 days 00:02:44.908355,0.531977781023962,0.019998452669251706,8,7,414,3.4507268447665234,5.1747486212972635,0.7799071514480153,"{""colsample_bytree"": 0.531977781023962, ""learning_rate"": 0.019998452669251706, ""max_depth"": 8, ""min_child_weight"": 7, ""n_estimators"": 414, ""reg_alpha"": 3.4507268447665234, ""reg_lambda"": 5.1747486212972635, ""subsample"": 0.7799071514480153}",COMPLETE
40,4.009109365535546,2026-10-02 21:31:16.346848,2026-10-02 21:34:59.023544,0 days 00:03:42.676696,0.6189684884648704,0.01037756009218753,9,8,405,0.3377760552783216,4.7907389346931515,0.7597706890137381,"{""colsample_bytree"": 0.6189684884648704, ""learning_rate"": 0.01037756009218753, ""max_depth"": 9, ""min_child_weight"": 8, ""n_estimators"": 405, ""reg_alpha"": 0.3377760552783216, ""reg_lambda"": 4.7907389346931515, ""subsample"": 0.7597706890137381}",COMPLETE
41,4.0091136059144885,2026-10-02 21:34:59.023831,2026-10-02 21:38:21.406734,0 days 00:03:22.382903,0.616852581120601,0.01195755867981812,9,5,286,2.7853571424020496,6.272227535463746,0.7041959380478221,"{""colsample_bytree"": 0.616852581120601, ""learning_rate"": 0.01195755867981812, ""max_depth"": 9, ""min_child_weight"": 5, ""n_estimators"": 286, ""reg_alpha"": 2.7853571424020496, ""reg_lambda"": 6.272227535463746, ""subsample"": 0.7041959380478221}",COMPLETE
42,4.011058011945742,2026-10-02 21:38:21.407040,2026-10-02 21:42:56.388955,0 days 00:04:34.981915,0.6613990299018857,0.013758534785436462,10,5,307,2.5512266165657684,8.850038359727787,0.7875476109674456,"{""colsample_bytree"": 0.6613990299018857, ""learning_rate"": 0.013758534785436462, ""max_depth"": 10, ""min_child_weight"": 5, ""n_estimators"": 307, ""reg_alpha"": 2.5512266165657684, ""reg_lambda"": 8.850038359727787, ""subsample"": 0.7875476109674456}",COMPLETE
43,4.005691503156801,2026-10-02 21:42:56.389224,2026-10-02 21:46:01.690800,0 days 00:03:05.301576,0.5012482515144858,0.011105426426422945,9,4,281,9.078949182118487,2.8021205763328028,0.7251551548211708,"{""colsample_bytree"": 0.5012482515144858, ""learning_rate"": 0.011105426426422945, ""max_depth"": 9, ""min_child_weight"": 4, ""n_estimators"": 281, ""reg_alpha"": 9.078949182118487, ""reg_lambda"": 2.8021205763328028, ""subsample"": 0.7251551548211708}",COMPLETE
44,4.019001337352148,2026-10-02 21:46:01.691090,2026-10-02 21:49:02.553492,0 days 00:03:00.862402,0.5759670861957478,0.021708404826813084,9,4,274,5.585003319252305,8.248817211056375,0.6887910706694167,"{""colsample_bytree"": 0.5759670861957478, ""learning_rate"": 0.021708404826813084, ""max_depth"": 9, ""min_child_weight"": 4, ""n_estimators"": 274, ""reg_alpha"": 5.585003319252305, ""reg_lambda"": 8.248817211056375, ""subsample"": 0.6887910706694167}",COMPLETE
45,4.015226145960533,2026-10-02 21:49:02.553753,2026-10-02 21:51:23.535681,0 days 00:02:20.981928,0.5147132429996321,0.010114571189188239,9,5,231,8.733146730135807,2.949675048345421,0.6668078615016705,"{""colsample_bytree"": 0.5147132429996321, ""learning_rate"": 0.010114571189188239, ""max_depth"": 9, ""min_child_weight"": 5, ""n_estimators"": 231, ""reg_alpha"": 8.733146730135807, ""reg_lambda"": 2.949675048345421, ""subsample"": 0.6668078615016705}",COMPLETE
46,4.045990583349506,2026-10-02 21:51:23.535956,2026-10-02 21:56:41.145912,0 days 00:05:17.609956,0.4923796518009944,0.014444100650401248,9,5,615,1.9731308340428608,9.935383117133092,0.7345146500647737,"{""colsample_bytree"": 0.4923796518009944, ""learning_rate"": 0.014444100650401248, ""max_depth"": 9, ""min_child_weight"": 5, ""n_estimators"": 615, ""reg_alpha"": 1.9731308340428608, ""reg_lambda"": 9.935383117133092, ""subsample"": 0.7345146500647737}",COMPLETE
47,4.009330682989384,2026-10-02 21:56:41.146183,2026-10-02 21:59:41.598345,0 days 00:03:00.452162,0.5280787624806615,0.010196829356814908,8,4,391,4.381929357911317,1.3633948128936935,0.6935564171700985,"{""colsample_bytree"": 0.5280787624806615, ""learning_rate"": 0.010196829356814908, ""max_depth"": 8, ""min_child_weight"": 4, ""n_estimators"": 391, ""reg_alpha"": 4.381929357911317, ""reg_lambda"": 1.3633948128936935, ""subsample"": 0.6935564171700985}",COMPLETE
48,3.997753602180707,2026-10-02 21:59:41.598596,2026-10-02 22:02:06.928068,0 days 00:02:25.329472,0.6115852184747906,0.012765962706896013,8,4,261,4.404832403546093,3.7996131539180404,0.7581796697757885,"{""colsample_bytree"": 0.6115852184747906, ""learning_rate"": 0.012765962706896013, ""max_depth"": 8, ""min_child_weight"": 4, ""n_estimators"": 261, ""reg_alpha"": 4.404832403546093, ""reg_lambda"": 3.7996131539180404, ""subsample"": 0.7581796697757885}",COMPLETE
49,4.01166992074367,2026-10-02 22:02:06.928324,2026-10-02 22:05:49.692477,0 days 00:03:42.764153,0.46643892165335593,0.010139049734587211,9,2,307,5.732719646516108,1.2646536112476108,0.7241627683447387,"{""colsample_bytree"": 0.46643892165335593, ""learning_rate"": 0.010139049734587211, ""max_depth"": 9, ""min_child_weight"": 2, ""n_estimators"": 307, ""reg_alpha"": 5.732719646516108, ""reg_lambda"": 1.2646536112476108, ""subsample"": 0.7241627683447387}",COMPLETE
