number,value,datetime_start,datetime_complete,duration,params_max_depth,params_max_features,params_min_samples_leaf,params_n_estimators,system_attrs_tpe:relative_params:0,state
0,3.988965035431498,2026-10-02 18:06:40.703435,2026-10-02 18:17:13.168989,0 days 00:10:32.465554,40,0.7436704297351775,7,684,,COMPLETE
1,3.988277241644792,2026-10-02 18:17:13.169161,2026-10-02 18:25:53.370495,0 days 00:08:40.201334,20,0.4450973669431999,8,975,,COMPLETE
2,4.002711717538534,2026-10-02 18:25:53.370620,2026-10-02 18:30:35.180859,0 days 00:04:41.810239,10,0.8493578609931441,8,314,,COMPLETE
3,4.007075775885738,2026-10-02 18:30:35.180981,2026-10-02 18:37:20.358946,0 days 00:06:45.177965,0,0.6759289191947714,2,382,,COMPLETE
4,4.021421380304666,2026-10-02 18:37:20.359094,2026-10-02 18:48:13.126202,0 days 00:10:52.767108,30,0.6115905539817836,1,619,,COMPLETE
5,3.9879032367198444,2026-10-02 18:48:13.126325,2026-10-02 18:53:47.042484,0 days 00:05:33.916159,20,0.4933287584194074,7,552,,COMPLETE
6,4.001790200486872,2026-10-02 18:53:47.042604,2026-10-02 18:57:47.159294,0 days 00:04:00.116690,10,0.42733969384836035,6,521,,COMPLETE
7,3.9905590192332188,2026-10-02 18:57:47.159421,2026-10-02 19:03:13.249325,0 days 00:05:26.089904,30,0.3279624422858039,5,757,,COMPLETE
8,3.9891055472198027,2026-10-02 19:03:13.249446,2026-10-02 19:06:54.520367,0 days 00:03:41.270921,30,0.4318526535948677,9,437,,COMPLETE
9,3.989675507685842,2026-10-02 19:06:54.520479,2026-10-02 19:19:31.696023,0 days 00:12:37.175544,30,0.6443609677705414,8,984,,COMPLETE
10,4.00639067036643,2026-10-02 19:19:31.696134,2026-10-02 19:36:03.093901,0 days 00:16:31.397767,20,0.9850642628725558,4,740,"{""max_depth"": 20, ""max_features"": 0.9850642628725558, ""min_samples_leaf"": 4, ""n_estimators"": 740}",COMPLETE
11,3.990727302662728,2026-10-02 19:36:03.094036,2026-10-02 19:46:20.765464,0 days 00:10:17.671428,20,0.5262978863826686,4,865,"{""max_depth"": 20, ""max_features"": 0.5262978863826686, ""min_samples_leaf"": 4, ""n_estimators"": 865}",COMPLETE
12,3.9870424661568378,2026-10-02 19:46:20.765578,2026-10-02 19:50:53.007157,0 days 00:04:32.241579,20,0.23892503228397077,8,968,"{""max_depth"": 20, ""max_features"": 0.23892503228397077, ""min_samples_leaf"": 8, ""n_estimators"": 968}",COMPLETE
13,3.992338698913123,2026-10-02 19:50:53.007274,2026-10-02 19:55:58.557693,0 days 00:05:05.550419,20,0.2364669445359496,5,985,"{""max_depth"": 20, ""max_features"": 0.2364669445359496, ""min_samples_leaf"": 5, ""n_estimators"": 985}",COMPLETE
14,4.005287636530561,2026-10-02 19:55:58.557808,2026-10-02 19:57:32.944583,0 days 00:01:34.386775,20,0.1087378210921596,10,757,"{""max_depth"": 20, ""max_features"": 0.1087378210921596, ""min_samples_leaf"": 10, ""n_estimators"": 757}",COMPLETE
15,3.9893010087038028,2026-10-02 19:57:32.944699,2026-10-02 19:59:34.956478,0 days 00:02:02.011779,20,0.24904723990873104,8,411,"{""max_depth"": 20, ""max_features"": 0.24904723990873104, ""min_samples_leaf"": 8, ""n_estimators"": 411}",COMPLETE
16,3.9938739387811935,2026-10-02 19:59:34.956593,2026-10-02 20:02:08.730870,0 days 00:02:33.774277,20,0.20683389225629567,7,608,"{""max_depth"": 20, ""max_features"": 0.20683389225629567, ""min_samples_leaf"": 7, ""n_estimators"": 608}",COMPLETE
17,3.9969023375691743,2026-10-02 20:02:08.730982,2026-10-02 20:07:14.110726,0 days 00:05:05.379744,10,0.33303023909325935,6,853,"{""max_depth"": 10, ""max_features"": 0.33303023909325935, ""min_samples_leaf"": 6, ""n_estimators"": 853}",COMPLETE
18,3.9865928145509066,2026-10-02 20:07:14.110837,2026-10-02 20:09:55.645481,0 days 00:02:41.534644,20,0.3262897033546108,4,362,"{""max_depth"": 20, ""max_features"": 0.3262897033546108, ""min_samples_leaf"": 4, ""n_estimators"": 362}",COMPLETE
19,4.002520367448831,2026-10-02 20:09:55.645596,2026-10-02 20:11:47.418068,0 days 00:01:51.772472,20,0.10102874421962618,9,968,"{""max_depth"": 20, ""max_features"": 0.10102874421962618, ""min_samples_leaf"": 9, ""n_estimators"": 968}",COMPLETE
20,3.9865914576880797,2026-10-02 20:11:47.418180,2026-10-02 20:19:06.958488,0 days 00:07:19.540308,20,0.44732904972951304,10,864,"{""max_depth"": 20, ""max_features"": 0.44732904972951304, ""min_samples_leaf"": 10, ""n_estimators"": 864}",COMPLETE
21,3.9874605206390363,2026-10-02 20:19:06.958601,2026-10-02 20:25:36.813686,0 days 00:06:29.855085,20,0.3968953615782515,9,844,"{""max_depth"": 20, ""max_features"": 0.3968953615782515, ""min_samples_leaf"": 9, ""n_estimators"": 844}",COMPLETE
22,4.007851920366254,2026-10-02 20:25:36.813798,2026-10-02 20:30:21.265925,0 days 00:04:44.452127,20,0.2334493534316926,2,804,"{""max_depth"": 20, ""max_features"": 0.2334493534316926, ""min_samples_leaf"": 2, ""n_estimators"": 804}",COMPLETE
23,3.9878011925020935,2026-10-02 20:30:21.266061,2026-10-02 20:35:47.777650,0 days 00:05:26.511589,40,0.291620971684223,9,969,"{""max_depth"": 40, ""max_features"": 0.291620971684223, ""min_samples_leaf"": 9, ""n_estimators"": 969}",COMPLETE
24,4.011934942955332,2026-10-02 20:35:47.777761,2026-10-02 20:37:37.392293,0 days 00:01:49.614532,20,0.20451825187963069,2,355,"{""max_depth"": 20, ""max_features"": 0.20451825187963069, ""min_samples_leaf"": 2, ""n_estimators"": 355}",COMPLETE
25,3.997881147248966,2026-10-02 20:37:37.392408,2026-10-02 20:42:45.814672,0 days 00:05:08.422264,10,0.4332085445752342,10,696,"{""max_depth"": 10, ""max_features"": 0.4332085445752342, ""min_samples_leaf"": 10, ""n_estimators"": 696}",COMPLETE
26,3.9875331499492153,2026-10-02 20:42:45.814787,2026-10-02 20:51:35.045674,0 days 00:08:49.230887,20,0.5052752692724494,7,860,"{""max_depth"": 20, ""max_features"": 0.5052752692724494, ""min_samples_leaf"": 7, ""n_estimators"": 860}",COMPLETE
27,4.000536896742017,2026-10-02 20:51:35.045790,2026-10-02 20:54:52.340704,0 days 00:03:17.294914,20,0.24443582885724918,3,567,"{""max_depth"": 20, ""max_features"": 0.24443582885724918, ""min_samples_leaf"": 3, ""n_estimators"": 567}",COMPLETE
28,3.9914210515591875,2026-10-02 20:54:52.340819,2026-10-02 20:56:48.417056,0 days 00:01:56.076237,20,0.23147203333153396,6,399,"{""max_depth"": 20, ""max_features"": 0.23147203333153396, ""min_samples_leaf"": 6, ""n_estimators"": 399}",COMPLETE
29,3.991434963762869,2026-10-02 20:56:48.417169,2026-10-02 21:00:39.277983,0 days 00:03:50.860814,20,0.30328263759603064,10,673,"{""max_depth"": 20, ""max_features"": 0.30328263759603064, ""min_samples_leaf"": 10, ""n_estimators"": 673}",COMPLETE
30,3.987891816137966,2026-10-02 21:00:39.278119,2026-10-02 21:10:36.576820,0 days 00:09:57.298701,20,0.5597171220658304,10,931,"{""max_depth"": 20, ""max_features"": 0.5597171220658304, ""min_samples_leaf"": 10, ""n_estimators"": 931}",COMPLETE
31,3.991050562877213,2026-10-02 21:10:36.576936,2026-10-02 21:14:47.676522,0 days 00:04:11.099586,20,0.2431650501914015,10,899,"{""max_depth"": 20, ""max_features"": 0.2431650501914015, ""min_samples_leaf"": 10, ""n_estimators"": 899}",COMPLETE
32,3.984683761601147,2026-10-02 21:14:47.676636,2026-10-02 21:21:02.068481,0 days 00:06:14.391845,20,0.3549214256844769,9,890,"{""max_depth"": 20, ""max_features"": 0.3549214256844769, ""min_samples_leaf"": 9, ""n_estimators"": 890}",COMPLETE
33,3.9952800341305044,2026-10-02 21:21:02.068602,2026-10-02 21:25:50.085283,0 days 00:04:48.016681,20,0.41501717198385957,3,475,"{""max_depth"": 20, ""max_features"": 0.41501717198385957, ""min_samples_leaf"": 3, ""n_estimators"": 475}",COMPLETE
34,3.99774112330686,2026-10-02 21:25:50.085398,2026-10-02 21:28:24.961431,0 days 00:02:34.876033,20,0.1351237101001749,6,918,"{""max_depth"": 20, ""max_features"": 0.1351237101001749, ""min_samples_leaf"": 6, ""n_estimators"": 918}",COMPLETE
35,3.989425387418842,2026-10-02 21:28:24.961546,2026-10-02 21:33:58.866833,0 days 00:05:33.905287,20,0.5660397901512987,10,517,"{""max_depth"": 20, ""max_features"": 0.5660397901512987, ""min_samples_leaf"": 10, ""n_estimators"": 517}",COMPLETE
36,3.9884133553596186,2026-10-02 21:33:58.866946,2026-10-02 21:40:02.625196,0 days 00:06:03.758250,40,0.3845426370518706,10,830,"{""max_depth"": 40, ""max_features"": 0.3845426370518706, ""min_samples_leaf"": 10, ""n_estimators"": 830}",COMPLETE
37,3.987118799468997,2026-10-02 21:40:02.625315,2026-10-02 21:45:34.741888,0 days 00:05:32.116573,20,0.3236296120540696,8,861,"{""max_depth"": 20, ""max_features"": 0.3236296120540696, ""min_samples_leaf"": 8, ""n_estimators"": 861}",COMPLETE
38,3.988391209188053,2026-10-02 21:45:34.742018,2026-10-02 21:57:54.413571,0 days 00:12:19.671553,20,0.7021813984299123,9,889,"{""max_depth"": 20, ""max_features"": 0.7021813984299123, ""min_samples_leaf"": 9, ""n_estimators"": 889}",COMPLETE
39,3.9898638223969365,2026-10-02 21:57:54.413691,2026-10-02 22:05:35.631387,0 days 00:07:41.217696,20,0.5163106323220195,9,761,"{""max_depth"": 20, ""max_features"": 0.5163106323220195, ""min_samples_leaf"": 9, ""n_estimators"": 761}",COMPLETE
40,3.987092850214809,2026-10-02 22:05:35.631507,2026-10-02 22:08:10.877725,0 days 00:02:35.246218,20,0.38918065242674,10,345,"{""max_depth"": 20, ""max_features"": 0.38918065242674, ""min_samples_leaf"": 10, ""n_estimators"": 345}",COMPLETE
41,3.9878218233223883,2026-10-02 22:08:10.877837,2026-10-02 22:11:43.242551,0 days 00:03:32.364714,20,0.5005114079032448,8,351,"{""max_depth"": 20, ""max_features"": 0.5005114079032448, ""min_samples_leaf"": 8, ""n_estimators"": 351}",COMPLETE
