number,value,datetime_start,datetime_complete,duration,params_colsample_bytree,params_learning_rate,params_max_depth,params_min_child_weight,params_n_estimators,params_reg_alpha,params_reg_lambda,params_subsample,system_attrs_tpe:relative_params:0,state
0,4.32578533047016,2026-10-02 18:07:06.223826,2026-10-02 18:11:38.126083,0 days 00:04:31.902257,0.7521258791466592,0.11387317092169064,7,11,1188,3.6905577292137624,0.0562793204741517,0.7118273996694524,,COMPLETE
1,4.237642797359558,2026-10-02 18:11:38.126341,2026-10-02 18:23:54.894102,0 days 00:12:16.767761,0.9479176468048627,0.036845938035010996,9,11,1935,0.002231090560744304,0.0019237305096546497,0.7840222805469661,,COMPLETE
2,4.312181424173537,2026-10-02 18:23:54.894336,2026-10-02 18:25:39.013419,0 days 00:01:44.119083,0.8594109949517064,0.16977763163336626,9,18,236,1.3246974647468452,0.07013219779945795,0.989309171116382,,COMPLETE
3,4.1955102628009255,2026-10-02 18:25:39.013675,2026-10-02 18:26:13.047092,0 days 00:00:34.033417,0.5902633579933665,0.088153780513692,4,19,413,1.2500712230836255,0.011434638743472197,0.7609241608750359,,COMPLETE
4,4.215993250142681,2026-10-02 18:26:13.047315,2026-10-02 18:27:11.963850,0 days 00:00:58.916535,0.7318537978123298,0.06912670683424535,3,13,1021,0.5336803302756715,5.956516018710568,0.8060478613612108,,COMPLETE
5,4.170078310225659,2026-10-02 18:27:11.964095,2026-10-02 18:34:42.707792,0 days 00:07:30.743697,0.7694465087327116,0.04421291893432151,8,2,847,0.0032787264983352763,0.0069427294924301495,0.8333833577228338,,COMPLETE
6,4.17598458087015,2026-10-02 18:34:42.708030,2026-10-02 18:36:41.060686,0 days 00:01:58.352656,0.3714313675236196,0.03445441737078129,7,9,768,0.004418125737902547,0.006847105576684045,0.9941869190296131,,COMPLETE
7,4.207563677531959,2026-10-02 18:36:41.060920,2026-10-02 18:39:58.067178,0 days 00:03:17.006258,0.37726259881501356,0.023666956347875266,6,5,1376,0.003570522756718293,0.4220057397195018,0.5794847918227599,,COMPLETE
8,4.1590363819411875,2026-10-02 18:39:58.067426,2026-10-02 18:44:43.773779,0 days 00:04:45.706353,0.36726888552577414,0.035047075708368194,9,2,554,0.07492121411354245,8.050778165087026,0.918972453749402,,COMPLETE
9,4.280056813309801,2026-10-02 18:44:43.773990,2026-10-02 18:52:08.361195,0 days 00:07:24.587205,0.3841375928492182,0.07824023983213262,8,1,1959,0.002984770033451216,0.015295398277813725,0.6414034812882048,,COMPLETE
10,4.198426586354479,2026-10-02 18:52:08.361410,2026-10-02 19:03:32.167882,0 days 00:11:23.806472,0.6076662739540196,0.03564034261936082,10,7,1366,0.06630900947764848,0.274433689541592,0.9452212598059986,"{""colsample_bytree"": 0.6076662739540196, ""learning_rate"": 0.03564034261936082, ""max_depth"": 10, ""min_child_weight"": 7, ""n_estimators"": 1366, ""reg_alpha"": 0.06630900947764848, ""reg_lambda"": 0.274433689541592, ""subsample"": 0.9452212598059986}",COMPLETE
11,4.141378311799991,2026-10-02 19:03:32.168105,2026-10-02 19:08:45.746031,0 days 00:05:13.577926,0.42397584530363785,0.02769900112326703,9,1,478,1.3002129041880344,3.8668930790901626,0.9445024683717319,"{""colsample_bytree"": 0.42397584530363785, ""learning_rate"": 0.02769900112326703, ""max_depth"": 9, ""min_child_weight"": 1, ""n_estimators"": 478, ""reg_alpha"": 1.3002129041880344, ""reg_lambda"": 3.8668930790901626, ""subsample"": 0.9445024683717319}",COMPLETE
12,4.182626745013773,2026-10-02 19:08:45.746268,2026-10-02 19:13:28.674705,0 days 00:04:42.928437,0.43178213502675256,0.06455649551901527,10,1,498,6.1200367962993925,5.589107156388151,0.9149544311486224,"{""colsample_bytree"": 0.43178213502675256, ""learning_rate"": 0.06455649551901527, ""max_depth"": 10, ""min_child_weight"": 1, ""n_estimators"": 498, ""reg_alpha"": 6.1200367962993925, ""reg_lambda"": 5.589107156388151, ""subsample"": 0.9149544311486224}",COMPLETE
13,4.113835189690137,2026-10-02 19:13:28.674927,2026-10-02 19:17:14.191977,0 days 00:03:45.517050,0.39318412164058986,0.015179476016142814,8,5,671,0.20148341840304723,8.10551900570838,0.8816337863795115,"{""colsample_bytree"": 0.39318412164058986, ""learning_rate"": 0.015179476016142814, ""max_depth"": 8, ""min_child_weight"": 5, ""n_estimators"": 671, ""reg_alpha"": 0.20148341840304723, ""reg_lambda"": 8.10551900570838, ""subsample"": 0.8816337863795115}",COMPLETE
14,4.179388499718701,2026-10-02 19:17:14.192214,2026-10-02 19:23:20.281442,0 days 00:06:06.089228,0.4435320409028984,0.03037473523656929,9,6,869,1.1481730663477019,2.3409846679661537,0.7171580394653593,"{""colsample_bytree"": 0.4435320409028984, ""learning_rate"": 0.03037473523656929, ""max_depth"": 9, ""min_child_weight"": 6, ""n_estimators"": 869, ""reg_alpha"": 1.1481730663477019, ""reg_lambda"": 2.3409846679661537, ""subsample"": 0.7171580394653593}",COMPLETE
15,4.089795537025653,2026-10-02 19:23:20.281726,2026-10-02 19:28:43.693615,0 days 00:05:23.411889,0.49586583663460443,0.013779559043147148,10,2,355,0.2310754524155096,8.3228804011158,0.7171333889045786,"{""colsample_bytree"": 0.49586583663460443, ""learning_rate"": 0.013779559043147148, ""max_depth"": 10, ""min_child_weight"": 2, ""n_estimators"": 355, ""reg_alpha"": 0.2310754524155096, ""reg_lambda"": 8.3228804011158, ""subsample"": 0.7171333889045786}",COMPLETE
16,4.139327963469373,2026-10-02 19:28:43.693849,2026-10-02 19:32:50.538252,0 days 00:04:06.844403,0.5700653320293358,0.028357552513159866,10,3,353,0.19360765708265915,4.8986221564094485,0.6825952546463689,"{""colsample_bytree"": 0.5700653320293358, ""learning_rate"": 0.028357552513159866, ""max_depth"": 10, ""min_child_weight"": 3, ""n_estimators"": 353, ""reg_alpha"": 0.19360765708265915, ""reg_lambda"": 4.8986221564094485, ""subsample"": 0.6825952546463689}",COMPLETE
17,4.131034095898463,2026-10-02 19:32:50.538470,2026-10-02 19:37:17.815250,0 days 00:04:27.276780,0.34633160176946537,0.011165119153688547,9,7,934,0.3089844961101645,0.4309130553020466,0.7611538911090986,"{""colsample_bytree"": 0.34633160176946537, ""learning_rate"": 0.011165119153688547, ""max_depth"": 9, ""min_child_weight"": 7, ""n_estimators"": 934, ""reg_alpha"": 0.3089844961101645, ""reg_lambda"": 0.4309130553020466, ""subsample"": 0.7611538911090986}",COMPLETE
18,4.079445643681996,2026-10-02 19:37:17.815487,2026-10-02 19:39:50.251485,0 days 00:02:32.435998,0.5196524513122274,0.014015866021456425,8,4,382,0.009127629121268912,2.961515122231477,0.6696813747150185,"{""colsample_bytree"": 0.5196524513122274, ""learning_rate"": 0.014015866021456425, ""max_depth"": 8, ""min_child_weight"": 4, ""n_estimators"": 382, ""reg_alpha"": 0.009127629121268912, ""reg_lambda"": 2.961515122231477, ""subsample"": 0.6696813747150185}",COMPLETE
19,4.128401118375095,2026-10-02 19:39:50.251741,2026-10-02 19:46:07.424882,0 days 00:06:17.173141,0.5894027768354565,0.012109833064771458,9,5,810,0.014008010431078058,2.9061903775791285,0.7090591868308389,"{""colsample_bytree"": 0.5894027768354565, ""learning_rate"": 0.012109833064771458, ""max_depth"": 9, ""min_child_weight"": 5, ""n_estimators"": 810, ""reg_alpha"": 0.014008010431078058, ""reg_lambda"": 2.9061903775791285, ""subsample"": 0.7090591868308389}",COMPLETE
20,4.0894195301886365,2026-10-02 19:46:07.425130,2026-10-02 19:53:03.429362,0 days 00:06:56.004232,0.6354176051652431,0.013598061819630927,10,2,437,0.007032248228566229,8.202333327077882,0.6480127373967514,"{""colsample_bytree"": 0.6354176051652431, ""learning_rate"": 0.013598061819630927, ""max_depth"": 10, ""min_child_weight"": 2, ""n_estimators"": 437, ""reg_alpha"": 0.007032248228566229, ""reg_lambda"": 8.202333327077882, ""subsample"": 0.6480127373967514}",COMPLETE
21,4.081553800745387,2026-10-02 19:53:03.429624,2026-10-02 19:58:26.159936,0 days 00:05:22.730312,0.520185267133315,0.01045924649327903,9,4,605,0.021475456646227783,9.585228031430825,0.585345951583617,"{""colsample_bytree"": 0.520185267133315, ""learning_rate"": 0.01045924649327903, ""max_depth"": 9, ""min_child_weight"": 4, ""n_estimators"": 605, ""reg_alpha"": 0.021475456646227783, ""reg_lambda"": 9.585228031430825, ""subsample"": 0.585345951583617}",COMPLETE
22,4.126141236466929,2026-10-02 19:58:26.160180,2026-10-02 20:03:44.906260,0 days 00:05:18.746080,0.61783333966665,0.012836384607905635,10,4,529,0.007580397618130024,1.50443011699495,0.6036060904171286,"{""colsample_bytree"": 0.61783333966665, ""learning_rate"": 0.012836384607905635, ""max_depth"": 10, ""min_child_weight"": 4, ""n_estimators"": 529, ""reg_alpha"": 0.007580397618130024, ""reg_lambda"": 1.50443011699495, ""subsample"": 0.6036060904171286}",COMPLETE
23,4.080831317891177,2026-10-02 20:03:44.906505,2026-10-02 20:05:57.261828,0 days 00:02:12.355323,0.5125468915948626,0.01618907406964172,8,3,291,0.004795500396667622,3.2475783664093196,0.7082743342691478,"{""colsample_bytree"": 0.5125468915948626, ""learning_rate"": 0.01618907406964172, ""max_depth"": 8, ""min_child_weight"": 3, ""n_estimators"": 291, ""reg_alpha"": 0.004795500396667622, ""reg_lambda"": 3.2475783664093196, ""subsample"": 0.7082743342691478}",COMPLETE
24,4.080910327076995,2026-10-02 20:05:57.262077,2026-10-02 20:08:11.354410,0 days 00:02:14.092333,0.4775895733325547,0.014308518527938288,8,3,297,0.0029079249575224655,2.902169408871329,0.6792539114513806,"{""colsample_bytree"": 0.4775895733325547, ""learning_rate"": 0.014308518527938288, ""max_depth"": 8, ""min_child_weight"": 3, ""n_estimators"": 297, ""reg_alpha"": 0.0029079249575224655, ""reg_lambda"": 2.902169408871329, ""subsample"": 0.6792539114513806}",COMPLETE
25,4.1554268913890615,2026-10-02 20:08:11.354692,2026-10-02 20:17:08.301409,0 days 00:08:56.946717,0.45244436100462815,0.024053581868419435,10,1,638,0.005596537180944897,1.886486924764569,0.7512485254226807,"{""colsample_bytree"": 0.45244436100462815, ""learning_rate"": 0.024053581868419435, ""max_depth"": 10, ""min_child_weight"": 1, ""n_estimators"": 638, ""reg_alpha"": 0.005596537180944897, ""reg_lambda"": 1.886486924764569, ""subsample"": 0.7512485254226807}",COMPLETE
26,4.078039379651614,2026-10-02 20:17:08.301679,2026-10-02 20:18:36.314887,0 days 00:01:28.013208,0.5737779626850248,0.017821807879814824,8,5,209,0.004805597298319577,1.4267143643004923,0.7192267559890603,"{""colsample_bytree"": 0.5737779626850248, ""learning_rate"": 0.017821807879814824, ""max_depth"": 8, ""min_child_weight"": 5, ""n_estimators"": 209, ""reg_alpha"": 0.004805597298319577, ""reg_lambda"": 1.4267143643004923, ""subsample"": 0.7192267559890603}",COMPLETE
27,4.076408962102906,2026-10-02 20:18:36.315116,2026-10-02 20:19:45.355543,0 days 00:01:09.040427,0.5039794020398374,0.013593549806099253,7,7,228,0.009608583141718398,6.161041924902434,0.7445791112278888,"{""colsample_bytree"": 0.5039794020398374, ""learning_rate"": 0.013593549806099253, ""max_depth"": 7, ""min_child_weight"": 7, ""n_estimators"": 228, ""reg_alpha"": 0.009608583141718398, ""reg_lambda"": 6.161041924902434, ""subsample"": 0.7445791112278888}",COMPLETE
28,4.083727309302885,2026-10-02 20:19:45.355812,2026-10-02 20:22:15.846627,0 days 00:02:30.490815,0.5751246733586053,0.013256456714862778,7,6,526,0.0015238126087013667,4.059067043567615,0.7760985450297901,"{""colsample_bytree"": 0.5751246733586053, ""learning_rate"": 0.013256456714862778, ""max_depth"": 7, ""min_child_weight"": 6, ""n_estimators"": 526, ""reg_alpha"": 0.0015238126087013667, ""reg_lambda"": 4.059067043567615, ""subsample"": 0.7760985450297901}",COMPLETE
29,4.079791372060318,2026-10-02 20:22:15.846862,2026-10-02 20:23:44.677165,0 days 00:01:28.830303,0.530262556128704,0.014089302070497595,8,10,301,0.019558892007993368,0.9624757280744204,0.6298379131793083,"{""colsample_bytree"": 0.530262556128704, ""learning_rate"": 0.014089302070497595, ""max_depth"": 8, ""min_child_weight"": 10, ""n_estimators"": 301, ""reg_alpha"": 0.019558892007993368, ""reg_lambda"": 0.9624757280744204, ""subsample"": 0.6298379131793083}",COMPLETE
30,4.100675934252381,2026-10-02 20:23:44.677409,2026-10-02 20:25:28.877249,0 days 00:01:44.199840,0.4874297402471246,0.01981192904256746,7,7,435,0.005972215729754593,2.5282607048539605,0.7341996269338376,"{""colsample_bytree"": 0.4874297402471246, ""learning_rate"": 0.01981192904256746, ""max_depth"": 7, ""min_child_weight"": 7, ""n_estimators"": 435, ""reg_alpha"": 0.005972215729754593, ""reg_lambda"": 2.5282607048539605, ""subsample"": 0.7341996269338376}",COMPLETE
31,4.087982303714686,2026-10-02 20:25:28.877486,2026-10-02 20:27:43.605652,0 days 00:02:14.728166,0.5260207108446221,0.014879443476276401,7,8,543,0.037628102463587866,3.8517082564907072,0.6935910696466537,"{""colsample_bytree"": 0.5260207108446221, ""learning_rate"": 0.014879443476276401, ""max_depth"": 7, ""min_child_weight"": 8, ""n_estimators"": 543, ""reg_alpha"": 0.037628102463587866, ""reg_lambda"": 3.8517082564907072, ""subsample"": 0.6935910696466537}",COMPLETE
32,4.076531052459168,2026-10-02 20:27:43.605894,2026-10-02 20:30:07.382499,0 days 00:02:23.776605,0.5150548509945566,0.01133911319055261,8,3,346,0.0032214200637926925,0.38733357960125847,0.7165184969116829,"{""colsample_bytree"": 0.5150548509945566, ""learning_rate"": 0.01133911319055261, ""max_depth"": 8, ""min_child_weight"": 3, ""n_estimators"": 346, ""reg_alpha"": 0.0032214200637926925, ""reg_lambda"": 0.38733357960125847, ""subsample"": 0.7165184969116829}",COMPLETE
33,4.085046014588559,2026-10-02 20:30:07.382796,2026-10-02 20:31:49.483476,0 days 00:01:42.100680,0.44530520669060186,0.021286245585989936,8,4,264,0.029636439836761133,3.980087346591076,0.7406448055883923,"{""colsample_bytree"": 0.44530520669060186, ""learning_rate"": 0.021286245585989936, ""max_depth"": 8, ""min_child_weight"": 4, ""n_estimators"": 264, ""reg_alpha"": 0.029636439836761133, ""reg_lambda"": 3.980087346591076, ""subsample"": 0.7406448055883923}",COMPLETE
34,4.119755291019584,2026-10-02 20:31:49.483756,2026-10-02 20:35:31.337054,0 days 00:03:41.853298,0.4991171073235993,0.017021725672846225,9,5,505,0.03883326546346295,2.697526730865152,0.7106202687843194,"{""colsample_bytree"": 0.4991171073235993, ""learning_rate"": 0.017021725672846225, ""max_depth"": 9, ""min_child_weight"": 5, ""n_estimators"": 505, ""reg_alpha"": 0.03883326546346295, ""reg_lambda"": 2.697526730865152, ""subsample"": 0.7106202687843194}",COMPLETE
35,4.106078753635777,2026-10-02 20:35:31.337294,2026-10-02 20:39:44.994535,0 days 00:04:13.657241,0.5816853638003732,0.014025976714309881,8,2,533,0.0026391094027350113,1.1254358398174138,0.7330049988162837,"{""colsample_bytree"": 0.5816853638003732, ""learning_rate"": 0.014025976714309881, ""max_depth"": 8, ""min_child_weight"": 2, ""n_estimators"": 533, ""reg_alpha"": 0.0026391094027350113, ""reg_lambda"": 1.1254358398174138, ""subsample"": 0.7330049988162837}",COMPLETE
36,4.085653243503324,2026-10-02 20:39:44.994809,2026-10-02 20:41:33.604070,0 days 00:01:48.609261,0.5152696556118219,0.010527868079562607,8,6,274,0.05129056413055467,2.03231959090531,0.6927831952090474,"{""colsample_bytree"": 0.5152696556118219, ""learning_rate"": 0.010527868079562607, ""max_depth"": 8, ""min_child_weight"": 6, ""n_estimators"": 274, ""reg_alpha"": 0.05129056413055467, ""reg_lambda"": 2.03231959090531, ""subsample"": 0.6927831952090474}",COMPLETE
37,4.08869554998694,2026-10-02 20:41:33.604336,2026-10-02 20:43:03.168243,0 days 00:01:29.563907,0.5375707380422861,0.019829383724985567,8,6,229,0.002041725571821548,1.8868699977376313,0.8007545628021104,"{""colsample_bytree"": 0.5375707380422861, ""learning_rate"": 0.019829383724985567, ""max_depth"": 8, ""min_child_weight"": 6, ""n_estimators"": 229, ""reg_alpha"": 0.002041725571821548, ""reg_lambda"": 1.8868699977376313, ""subsample"": 0.8007545628021104}",COMPLETE
38,4.068679474105479,2026-10-02 20:43:03.168496,2026-10-02 20:44:44.421273,0 days 00:01:41.252777,0.40749318640470317,0.010861294793374143,8,7,304,0.01212587103802125,1.6456972083682027,0.770154029330495,"{""colsample_bytree"": 0.40749318640470317, ""learning_rate"": 0.010861294793374143, ""max_depth"": 8, ""min_child_weight"": 7, ""n_estimators"": 304, ""reg_alpha"": 0.01212587103802125, ""reg_lambda"": 1.6456972083682027, ""subsample"": 0.770154029330495}",COMPLETE
39,4.084195120507708,2026-10-02 20:44:44.421535,2026-10-02 20:46:25.092128,0 days 00:01:40.670593,0.5783837287337551,0.01597553254691337,7,6,373,0.008490160497961443,0.4513961490033113,0.7900710823416102,"{""colsample_bytree"": 0.5783837287337551, ""learning_rate"": 0.01597553254691337, ""max_depth"": 7, ""min_child_weight"": 6, ""n_estimators"": 373, ""reg_alpha"": 0.008490160497961443, ""reg_lambda"": 0.4513961490033113, ""subsample"": 0.7900710823416102}",COMPLETE
40,4.079528598415468,2026-10-02 20:46:25.092392,2026-10-02 20:49:23.913952,0 days 00:02:58.821560,0.6115251178659061,0.010945917376270478,9,7,343,0.006270114989729763,2.356434872773824,0.7267424911420219,"{""colsample_bytree"": 0.6115251178659061, ""learning_rate"": 0.010945917376270478, ""max_depth"": 9, ""min_child_weight"": 7, ""n_estimators"": 343, ""reg_alpha"": 0.006270114989729763, ""reg_lambda"": 2.356434872773824, ""subsample"": 0.7267424911420219}",COMPLETE
41,4.074276373829913,2026-10-02 20:49:23.914209,2026-10-02 20:51:02.376042,0 days 00:01:38.461833,0.32129779980598133,0.014069757132866059,8,7,352,0.006125385414211735,3.646645986085056,0.7290359124247098,"{""colsample_bytree"": 0.32129779980598133, ""learning_rate"": 0.014069757132866059, ""max_depth"": 8, ""min_child_weight"": 7, ""n_estimators"": 352, ""reg_alpha"": 0.006125385414211735, ""reg_lambda"": 3.646645986085056, ""subsample"": 0.7290359124247098}",COMPLETE
42,4.0817434936815475,2026-10-02 20:51:02.376284,2026-10-02 20:52:15.216784,0 days 00:01:12.840500,0.4023214274205051,0.011742359117876716,8,7,224,0.012678696131349344,0.3038193498404893,0.7355783788735941,"{""colsample_bytree"": 0.4023214274205051, ""learning_rate"": 0.011742359117876716, ""max_depth"": 8, ""min_child_weight"": 7, ""n_estimators"": 224, ""reg_alpha"": 0.012678696131349344, ""reg_lambda"": 0.3038193498404893, ""subsample"": 0.7355783788735941}",COMPLETE
43,4.078624859024324,2026-10-02 20:52:15.217039,2026-10-02 20:53:47.382664,0 days 00:01:32.165625,0.338946107364577,0.011432768229505291,7,8,469,0.005656634890876006,1.926843283737982,0.7027522493224337,"{""colsample_bytree"": 0.338946107364577, ""learning_rate"": 0.011432768229505291, ""max_depth"": 7, ""min_child_weight"": 8, ""n_estimators"": 469, ""reg_alpha"": 0.005656634890876006, ""reg_lambda"": 1.926843283737982, ""subsample"": 0.7027522493224337}",COMPLETE
44,4.078906948151151,2026-10-02 20:53:47.382933,2026-10-02 20:55:56.096874,0 days 00:02:08.713941,0.4729573403511093,0.011266458862107686,8,6,386,0.0015168484995489993,0.8150414618398473,0.7018428810857682,"{""colsample_bytree"": 0.4729573403511093, ""learning_rate"": 0.011266458862107686, ""max_depth"": 8, ""min_child_weight"": 6, ""n_estimators"": 386, ""reg_alpha"": 0.0015168484995489993, ""reg_lambda"": 0.8150414618398473, ""subsample"": 0.7018428810857682}",COMPLETE
45,4.0861043074399825,2026-10-02 20:55:56.097135,2026-10-02 20:58:00.567230,0 days 00:02:04.470095,0.43356192946344235,0.013974157653705174,8,7,384,0.018775143058523246,2.7520326400395163,0.795341869981008,"{""colsample_bytree"": 0.43356192946344235, ""learning_rate"": 0.013974157653705174, ""max_depth"": 8, ""min_child_weight"": 7, ""n_estimators"": 384, ""reg_alpha"": 0.018775143058523246, ""reg_lambda"": 2.7520326400395163, ""subsample"": 0.795341869981008}",COMPLETE
46,4.103622019509422,2026-10-02 20:58:00.567483,2026-10-02 21:01:08.391343,0 days 00:03:07.823860,0.5199858561333318,0.016548264231654602,8,1,372,0.004822763128152859,0.5086679759020201,0.6994900955541137,"{""colsample_bytree"": 0.5199858561333318, ""learning_rate"": 0.016548264231654602, ""max_depth"": 8, ""min_child_weight"": 1, ""n_estimators"": 372, ""reg_alpha"": 0.004822763128152859, ""reg_lambda"": 0.5086679759020201, ""subsample"": 0.6994900955541137}",COMPLETE
47,4.086102195695026,2026-10-02 21:01:08.391615,2026-10-02 21:02:39.815595,0 days 00:01:31.423980,0.34680182299245843,0.0154688791878602,8,8,364,0.006628929791888947,1.2209107801378978,0.7639800100068814,"{""colsample_bytree"": 0.34680182299245843, ""learning_rate"": 0.0154688791878602, ""max_depth"": 8, ""min_child_weight"": 8, ""n_estimators"": 364, ""reg_alpha"": 0.006628929791888947, ""reg_lambda"": 1.2209107801378978, ""subsample"": 0.7639800100068814}",COMPLETE
48,4.070771899239092,2026-10-02 21:02:39.815853,2026-10-02 21:03:42.222490,0 days 00:01:02.406637,0.5010808208835983,0.014470879204375519,7,9,219,0.0025514229443482635,8.248769161353502,0.7580940473746739,"{""colsample_bytree"": 0.5010808208835983, ""learning_rate"": 0.014470879204375519, ""max_depth"": 7, ""min_child_weight"": 9, ""n_estimators"": 219, ""reg_alpha"": 0.0025514229443482635, ""reg_lambda"": 8.248769161353502, ""subsample"": 0.7580940473746739}",COMPLETE
49,4.117913724283315,2026-10-02 21:03:42.222741,2026-10-02 21:05:48.648979,0 days 00:02:06.426238,0.5308214558461738,0.021827086602596562,7,9,519,0.0015360382826081346,5.617368341917813,0.733134437162306,"{""colsample_bytree"": 0.5308214558461738, ""learning_rate"": 0.021827086602596562, ""max_depth"": 7, ""min_child_weight"": 9, ""n_estimators"": 519, ""reg_alpha"": 0.0015360382826081346, ""reg_lambda"": 5.617368341917813, ""subsample"": 0.733134437162306}",COMPLETE
