number,value,datetime_start,datetime_complete,duration,params_max_depth,params_max_features,params_min_samples_leaf,params_n_estimators,system_attrs_tpe:relative_params:0,state
0,4.249722031835188,2026-10-02 06:26:54.992498,2026-10-02 06:30:53.218688,0 days 00:03:58.226190,40,0.7436704297351775,7,684,,COMPLETE
1,4.253242701930346,2026-10-02 06:30:53.218745,2026-10-02 06:34:07.354204,0 days 00:03:14.135459,20,0.4450973669431999,8,975,,COMPLETE
2,4.261169365358325,2026-10-02 06:34:07.354262,2026-10-02 06:35:53.426088,0 days 00:01:46.071826,10,0.8493578609931441,8,314,,COMPLETE
3,4.279689897643998,2026-10-02 06:35:53.426147,2026-10-02 06:38:27.957003,0 days 00:02:34.530856,0,0.6759289191947714,2,382,,COMPLETE
4,4.284061695805003,2026-10-02 06:38:27.957063,2026-10-02 06:42:36.354833,0 days 00:04:08.397770,30,0.6115905539817836,1,619,,COMPLETE
5,4.254111757958873,2026-10-02 06:42:36.354889,2026-10-02 06:44:42.418398,0 days 00:02:06.063509,20,0.4933287584194074,7,552,,COMPLETE
6,4.266092365179233,2026-10-02 06:44:42.418453,2026-10-02 06:46:13.915919,0 days 00:01:31.497466,10,0.42733969384836035,6,521,,COMPLETE
7,4.2612555976905515,2026-10-02 06:46:13.915985,2026-10-02 06:48:17.965643,0 days 00:02:04.049658,30,0.3279624422858039,5,757,,COMPLETE
8,4.25215566191339,2026-10-02 06:48:17.965699,2026-10-02 06:49:40.588748,0 days 00:01:22.623049,30,0.4318526535948677,9,437,,COMPLETE
9,4.246550782441138,2026-10-02 06:49:40.588795,2026-10-02 06:54:29.236911,0 days 00:04:48.648116,30,0.6443609677705414,8,984,,COMPLETE
10,4.258366955662939,2026-10-02 06:54:29.236961,2026-10-02 07:00:47.429906,0 days 00:06:18.192945,30,0.8318341930301257,4,864,"{""max_depth"": 30, ""max_features"": 0.8318341930301257, ""min_samples_leaf"": 4, ""n_estimators"": 864}",COMPLETE
11,4.249522639983088,2026-10-02 07:00:47.429954,2026-10-02 07:03:44.171925,0 days 00:02:56.741971,30,0.6492797748811232,10,627,"{""max_depth"": 30, ""max_features"": 0.6492797748811232, ""min_samples_leaf"": 10, ""n_estimators"": 627}",COMPLETE
12,4.245871177582813,2026-10-02 07:03:44.171979,2026-10-02 07:06:34.680158,0 days 00:02:50.508179,40,0.6405120332362539,10,617,"{""max_depth"": 40, ""max_features"": 0.6405120332362539, ""min_samples_leaf"": 10, ""n_estimators"": 617}",COMPLETE
13,4.254695009835771,2026-10-02 07:06:34.680205,2026-10-02 07:08:20.710768,0 days 00:01:46.030563,40,0.3073216120975821,10,797,"{""max_depth"": 40, ""max_features"": 0.3073216120975821, ""min_samples_leaf"": 10, ""n_estimators"": 797}",COMPLETE
14,4.24490573209205,2026-10-02 07:08:20.710816,2026-10-02 07:13:05.939801,0 days 00:04:45.228985,40,0.6774100573743173,10,955,"{""max_depth"": 40, ""max_features"": 0.6774100573743173, ""min_samples_leaf"": 10, ""n_estimators"": 955}",COMPLETE
15,4.2472471078253635,2026-10-02 07:13:05.939849,2026-10-02 07:17:00.335136,0 days 00:03:54.395287,40,0.606451566874481,10,899,"{""max_depth"": 40, ""max_features"": 0.606451566874481, ""min_samples_leaf"": 10, ""n_estimators"": 899}",COMPLETE
16,4.245406944435225,2026-10-02 07:17:00.335182,2026-10-02 07:23:03.332112,0 days 00:06:02.996930,40,0.8519312807218219,8,937,"{""max_depth"": 40, ""max_features"": 0.8519312807218219, ""min_samples_leaf"": 8, ""n_estimators"": 937}",COMPLETE
17,4.2449875109137984,2026-10-02 07:23:03.332159,2026-10-02 07:29:24.241647,0 days 00:06:20.909488,40,0.894016460921047,9,961,"{""max_depth"": 40, ""max_features"": 0.894016460921047, ""min_samples_leaf"": 9, ""n_estimators"": 961}",COMPLETE
18,4.253423383178903,2026-10-02 07:29:24.241696,2026-10-02 07:33:17.962721,0 days 00:03:53.721025,40,0.5675508798187051,7,883,"{""max_depth"": 40, ""max_features"": 0.5675508798187051, ""min_samples_leaf"": 7, ""n_estimators"": 883}",COMPLETE
19,4.242824196189377,2026-10-02 07:33:17.962768,2026-10-02 07:38:35.945408,0 days 00:05:17.982640,20,0.8172013229200348,10,907,"{""max_depth"": 20, ""max_features"": 0.8172013229200348, ""min_samples_leaf"": 10, ""n_estimators"": 907}",COMPLETE
20,4.247980737367175,2026-10-02 07:38:35.945464,2026-10-02 07:44:12.702613,0 days 00:05:36.757149,20,0.9735983181510062,8,764,"{""max_depth"": 20, ""max_features"": 0.9735983181510062, ""min_samples_leaf"": 8, ""n_estimators"": 764}",COMPLETE
21,4.243173413277344,2026-10-02 07:44:12.702659,2026-10-02 07:48:55.941545,0 days 00:04:43.238886,20,0.7870668458000637,10,836,"{""max_depth"": 20, ""max_features"": 0.7870668458000637, ""min_samples_leaf"": 10, ""n_estimators"": 836}",COMPLETE
22,4.2405841420830335,2026-10-02 07:48:55.941617,2026-10-02 07:53:24.937404,0 days 00:04:28.995787,20,0.7247644775353338,10,861,"{""max_depth"": 20, ""max_features"": 0.7247644775353338, ""min_samples_leaf"": 10, ""n_estimators"": 861}",COMPLETE
23,4.242542071543879,2026-10-02 07:53:24.937453,2026-10-02 07:58:36.919470,0 days 00:05:11.982017,20,0.8164641561358591,10,888,"{""max_depth"": 20, ""max_features"": 0.8164641561358591, ""min_samples_leaf"": 10, ""n_estimators"": 888}",COMPLETE
24,4.2582233965594405,2026-10-02 07:58:36.919518,2026-10-02 08:01:22.695309,0 days 00:02:45.775791,10,0.5488701237538409,9,770,"{""max_depth"": 10, ""max_features"": 0.5488701237538409, ""min_samples_leaf"": 9, ""n_estimators"": 770}",COMPLETE
25,4.250678393749795,2026-10-02 08:01:22.695356,2026-10-02 08:06:17.886459,0 days 00:04:55.191103,20,0.6869045692697522,7,907,"{""max_depth"": 20, ""max_features"": 0.6869045692697522, ""min_samples_leaf"": 7, ""n_estimators"": 907}",COMPLETE
26,4.244462870867422,2026-10-02 08:06:17.886515,2026-10-02 08:12:25.316841,0 days 00:06:07.430326,0,0.965877126269927,9,855,"{""max_depth"": 0, ""max_features"": 0.965877126269927, ""min_samples_leaf"": 9, ""n_estimators"": 855}",COMPLETE
27,4.244705819541149,2026-10-02 08:12:25.316893,2026-10-02 08:16:53.647513,0 days 00:04:28.330620,20,0.9800243665072179,10,632,"{""max_depth"": 20, ""max_features"": 0.9800243665072179, ""min_samples_leaf"": 10, ""n_estimators"": 632}",COMPLETE
28,4.251677111084082,2026-10-02 08:16:53.647579,2026-10-02 08:19:29.352359,0 days 00:02:35.704780,20,0.4239882643393685,9,838,"{""max_depth"": 20, ""max_features"": 0.4239882643393685, ""min_samples_leaf"": 9, ""n_estimators"": 838}",COMPLETE
29,4.246348539230461,2026-10-02 08:19:29.352408,2026-10-02 08:23:43.305841,0 days 00:04:13.953433,20,0.7527463213179157,8,742,"{""max_depth"": 20, ""max_features"": 0.7527463213179157, ""min_samples_leaf"": 8, ""n_estimators"": 742}",COMPLETE
30,4.244458623941937,2026-10-02 08:23:43.305893,2026-10-02 08:30:05.154113,0 days 00:06:21.848220,20,0.9716769315815796,10,907,"{""max_depth"": 20, ""max_features"": 0.9716769315815796, ""min_samples_leaf"": 10, ""n_estimators"": 907}",COMPLETE
31,4.2453967175023175,2026-10-02 08:30:05.154163,2026-10-02 08:35:32.483011,0 days 00:05:27.328848,20,0.8406517752601405,10,905,"{""max_depth"": 20, ""max_features"": 0.8406517752601405, ""min_samples_leaf"": 10, ""n_estimators"": 905}",COMPLETE
32,4.2429067268615395,2026-10-02 08:35:32.483060,2026-10-02 08:39:32.602343,0 days 00:04:00.119283,20,0.8030392120060306,10,696,"{""max_depth"": 20, ""max_features"": 0.8030392120060306, ""min_samples_leaf"": 10, ""n_estimators"": 696}",COMPLETE
33,4.246445964716466,2026-10-02 08:39:32.602390,2026-10-02 08:43:06.387798,0 days 00:03:33.785408,20,0.7175533811772142,10,694,"{""max_depth"": 20, ""max_features"": 0.7175533811772142, ""min_samples_leaf"": 10, ""n_estimators"": 694}",COMPLETE
34,4.247707844696797,2026-10-02 08:43:06.387847,2026-10-02 08:47:01.848319,0 days 00:03:55.460472,20,0.9035039274102317,8,576,"{""max_depth"": 20, ""max_features"": 0.9035039274102317, ""min_samples_leaf"": 8, ""n_estimators"": 576}",COMPLETE
35,4.2453679580004655,2026-10-02 08:47:01.848366,2026-10-02 08:52:28.906324,0 days 00:05:27.057958,20,0.7635974553155582,10,1000,"{""max_depth"": 20, ""max_features"": 0.7635974553155582, ""min_samples_leaf"": 10, ""n_estimators"": 1000}",COMPLETE
36,4.242579915060596,2026-10-02 08:52:28.906370,2026-10-02 08:56:27.547703,0 days 00:03:58.641333,30,0.8276845414617969,10,668,"{""max_depth"": 30, ""max_features"": 0.8276845414617969, ""min_samples_leaf"": 10, ""n_estimators"": 668}",COMPLETE
37,4.245814453171417,2026-10-02 08:56:27.547756,2026-10-02 08:59:15.476221,0 days 00:02:47.928465,30,0.8644857545960848,10,443,"{""max_depth"": 30, ""max_features"": 0.8644857545960848, ""min_samples_leaf"": 10, ""n_estimators"": 443}",COMPLETE
38,4.244202324493192,2026-10-02 08:59:15.476274,2026-10-02 09:04:27.483588,0 days 00:05:12.007314,20,0.9042576692438982,10,790,"{""max_depth"": 20, ""max_features"": 0.9042576692438982, ""min_samples_leaf"": 10, ""n_estimators"": 790}",COMPLETE
39,4.2495975094265885,2026-10-02 09:04:27.483642,2026-10-02 09:06:16.333753,0 days 00:01:48.850111,30,0.7480645062485669,8,313,"{""max_depth"": 30, ""max_features"": 0.7480645062485669, ""min_samples_leaf"": 8, ""n_estimators"": 313}",COMPLETE
40,4.2446542457085075,2026-10-02 09:06:16.333801,2026-10-02 09:10:13.684406,0 days 00:03:57.350605,30,0.8529175279984389,9,627,"{""max_depth"": 30, ""max_features"": 0.8529175279984389, ""min_samples_leaf"": 9, ""n_estimators"": 627}",COMPLETE
41,4.245296844637732,2026-10-02 09:10:13.684462,2026-10-02 09:13:06.094648,0 days 00:02:52.410186,30,0.7399638898642175,10,543,"{""max_depth"": 30, ""max_features"": 0.7399638898642175, ""min_samples_leaf"": 10, ""n_estimators"": 543}",COMPLETE
42,4.248826429634409,2026-10-02 09:13:06.094695,2026-10-02 09:15:52.932248,0 days 00:02:46.837553,20,0.5655500265581197,10,691,"{""max_depth"": 20, ""max_features"": 0.5655500265581197, ""min_samples_leaf"": 10, ""n_estimators"": 691}",COMPLETE
43,4.246052365658456,2026-10-02 09:15:52.932297,2026-10-02 09:20:17.094527,0 days 00:04:24.162230,20,0.8739794495598278,10,705,"{""max_depth"": 20, ""max_features"": 0.8739794495598278, ""min_samples_leaf"": 10, ""n_estimators"": 705}",COMPLETE
44,4.247960670106407,2026-10-02 09:20:17.094594,2026-10-02 09:24:58.006465,0 days 00:04:40.911871,30,0.9367465065309136,9,673,"{""max_depth"": 30, ""max_features"": 0.9367465065309136, ""min_samples_leaf"": 9, ""n_estimators"": 673}",COMPLETE
45,4.246277200416511,2026-10-02 09:24:58.006512,2026-10-02 09:32:04.359221,0 days 00:07:06.352709,20,0.9417249017244359,8,999,"{""max_depth"": 20, ""max_features"": 0.9417249017244359, ""min_samples_leaf"": 8, ""n_estimators"": 999}",COMPLETE
46,4.2465325401165686,2026-10-02 09:32:04.359271,2026-10-02 09:35:28.515318,0 days 00:03:24.156047,20,0.763374538914193,10,624,"{""max_depth"": 20, ""max_features"": 0.763374538914193, ""min_samples_leaf"": 10, ""n_estimators"": 624}",COMPLETE
47,4.246137146686408,2026-10-02 09:35:28.515368,2026-10-02 09:41:43.120376,0 days 00:06:14.605008,20,0.894871790970294,10,976,"{""max_depth"": 20, ""max_features"": 0.894871790970294, ""min_samples_leaf"": 10, ""n_estimators"": 976}",COMPLETE
48,4.24830396007733,2026-10-02 09:41:43.120423,2026-10-02 09:44:57.732666,0 days 00:03:14.612243,20,0.8327455902612995,9,528,"{""max_depth"": 20, ""max_features"": 0.8327455902612995, ""min_samples_leaf"": 9, ""n_estimators"": 528}",COMPLETE
49,4.249555697932394,2026-10-02 09:44:57.732715,2026-10-02 09:47:32.923365,0 days 00:02:35.190650,20,0.7777538725049085,10,464,"{""max_depth"": 20, ""max_features"": 0.7777538725049085, ""min_samples_leaf"": 10, ""n_estimators"": 464}",COMPLETE
