number,value,datetime_start,datetime_complete,duration,params_alpha,system_attrs_tpe:relative_params:0,state
0,4.025898779515599,2026-10-02 06:25:25.372216,2026-10-02 06:25:26.192113,0 days 00:00:00.819897,1.96282248134428,,COMPLETE
1,3.9937968658530267,2026-10-02 06:25:26.192213,2026-10-02 06:25:27.044215,0 days 00:00:00.852002,19.549524484259873,,COMPLETE
2,4.012276083513693,2026-10-02 06:25:27.044284,2026-10-02 06:25:27.876040,0 days 00:00:00.831756,4.135997393839888,,COMPLETE
3,4.0271802896696185,2026-10-02 06:25:27.876105,2026-10-02 06:25:28.836318,0 days 00:00:00.960213,1.8590843630169627,,COMPLETE
4,4.125771787790135,2026-10-02 06:25:28.836383,2026-10-02 06:25:29.568526,0 days 00:00:00.732143,0.348280208702833,,COMPLETE
5,4.0043092937491656,2026-10-02 06:25:29.568589,2026-10-02 06:25:30.343057,0 days 00:00:00.774468,7.505241622349544,,COMPLETE
6,4.104456469946075,2026-10-02 06:25:30.343118,2026-10-02 06:25:31.252951,0 days 00:00:00.909833,0.4222048983149828,,COMPLETE
7,3.9920253379270485,2026-10-02 06:25:31.253023,2026-10-02 06:25:32.244944,0 days 00:00:00.991921,224.2012371372442,,COMPLETE
8,4.00659491703851,2026-10-02 06:25:32.245006,2026-10-02 06:25:33.102943,0 days 00:00:00.857937,605.3082080079017,,COMPLETE
9,4.214590751107285,2026-10-02 06:25:33.102994,2026-10-02 06:25:33.922359,0 days 00:00:00.819365,0.1998246739232945,,COMPLETE
10,5.523429878746818,2026-10-02 06:25:33.922412,2026-10-02 06:25:34.831078,0 days 00:00:00.908666,0.0013243623620587995,"{""alpha"": 0.0013243623620587995}",COMPLETE
11,3.9914380142783252,2026-10-02 06:25:34.831171,2026-10-02 06:25:35.540309,0 days 00:00:00.709138,211.88710852788316,"{""alpha"": 211.88710852788316}",COMPLETE
12,4.003890679454148,2026-10-02 06:25:35.540363,2026-10-02 06:25:36.184543,0 days 00:00:00.644180,520.7983086710348,"{""alpha"": 520.7983086710348}",COMPLETE
13,3.986176447987454,2026-10-02 06:25:36.184596,2026-10-02 06:25:36.983028,0 days 00:00:00.798432,79.8609630959515,"{""alpha"": 79.8609630959515}",COMPLETE
14,3.988272058376458,2026-10-02 06:25:36.983081,2026-10-02 06:25:37.859011,0 days 00:00:00.875930,39.079098131662256,"{""alpha"": 39.079098131662256}",COMPLETE
15,3.9868950948746105,2026-10-02 06:25:37.859062,2026-10-02 06:25:38.578047,0 days 00:00:00.718985,51.96700153542389,"{""alpha"": 51.96700153542389}",COMPLETE
16,3.9861739142453096,2026-10-02 06:25:38.578109,2026-10-02 06:25:39.324927,0 days 00:00:00.746818,73.92233769179356,"{""alpha"": 73.92233769179356}",COMPLETE
17,3.986633032970738,2026-10-02 06:25:39.324976,2026-10-02 06:25:40.077056,0 days 00:00:00.752080,103.57291759650245,"{""alpha"": 103.57291759650245}",COMPLETE
18,5.586077508541025,2026-10-02 06:25:40.077110,2026-10-02 06:25:40.993902,0 days 00:00:00.916792,0.002624910794281689,"{""alpha"": 0.002624910794281689}",COMPLETE
19,5.296429437865862,2026-10-02 06:25:40.993955,2026-10-02 06:25:41.888126,0 days 00:00:00.894171,0.011961536864755732,"{""alpha"": 0.011961536864755732}",COMPLETE
20,3.994174284005106,2026-10-02 06:25:41.888210,2026-10-02 06:25:42.777034,0 days 00:00:00.888824,18.801639173914932,"{""alpha"": 18.801639173914932}",COMPLETE
21,3.9864667128690088,2026-10-02 06:25:42.777086,2026-10-02 06:25:43.573848,0 days 00:00:00.796762,97.58164624807794,"{""alpha"": 97.58164624807794}",COMPLETE
22,4.016805883217998,2026-10-02 06:25:43.573901,2026-10-02 06:25:44.273049,0 days 00:00:00.699148,989.2115343867363,"{""alpha"": 989.2115343867363}",COMPLETE
23,3.986388637345106,2026-10-02 06:25:44.273103,2026-10-02 06:25:45.176350,0 days 00:00:00.903247,94.33416485866789,"{""alpha"": 94.33416485866789}",COMPLETE
24,4.001848882885486,2026-10-02 06:25:45.176405,2026-10-02 06:25:45.884836,0 days 00:00:00.708431,9.220137842208635,"{""alpha"": 9.220137842208635}",COMPLETE
25,3.9885588941507955,2026-10-02 06:25:45.884889,2026-10-02 06:25:46.522029,0 days 00:00:00.637140,37.283005405241084,"{""alpha"": 37.283005405241084}",COMPLETE
26,3.990945027775839,2026-10-02 06:25:46.522079,2026-10-02 06:25:47.208948,0 days 00:00:00.686869,201.61705443445638,"{""alpha"": 201.61705443445638}",COMPLETE
27,3.9875709479166708,2026-10-02 06:25:47.209004,2026-10-02 06:25:48.165970,0 days 00:00:00.956966,129.19062696962584,"{""alpha"": 129.19062696962584}",COMPLETE
28,3.9959419046424784,2026-10-02 06:25:48.166023,2026-10-02 06:25:49.162035,0 days 00:00:00.996012,15.764722913551214,"{""alpha"": 15.764722913551214}",COMPLETE
29,4.019143715703208,2026-10-02 06:25:49.162089,2026-10-02 06:25:50.044037,0 days 00:00:00.881948,2.724626403572309,"{""alpha"": 2.724626403572309}",COMPLETE
