number,value,datetime_start,datetime_complete,duration,params_colsample_bytree,params_learning_rate,params_max_depth,params_min_child_weight,params_n_estimators,params_reg_alpha,params_reg_lambda,params_subsample,system_attrs_tpe:relative_params:0,state
0,4.517889921246778,2026-10-02 06:34:15.228577,2026-10-02 06:35:59.279904,0 days 00:01:44.051327,0.7521258791466592,0.11387317092169064,7,11,1188,3.6905577292137624,0.0562793204741517,0.7118273996694524,,COMPLETE
1,4.463740491538374,2026-10-02 06:35:59.279980,2026-10-02 06:40:38.250037,0 days 00:04:38.970057,0.9479176468048627,0.036845938035010996,9,11,1935,0.002231090560744304,0.0019237305096546497,0.7840222805469661,,COMPLETE
2,4.532489489368611,2026-10-02 06:40:38.250112,2026-10-02 06:41:13.699717,0 days 00:00:35.449605,0.8594109949517064,0.16977763163336626,9,18,236,1.3246974647468452,0.07013219779945795,0.989309171116382,,COMPLETE
3,4.378212265808038,2026-10-02 06:41:13.699787,2026-10-02 06:41:24.861041,0 days 00:00:11.161254,0.5902633579933665,0.088153780513692,4,19,413,1.2500712230836255,0.011434638743472197,0.7609241608750359,,COMPLETE
4,4.366117800456333,2026-10-02 06:41:24.861113,2026-10-02 06:41:46.034995,0 days 00:00:21.173882,0.7318537978123298,0.06912670683424535,3,13,1021,0.5336803302756715,5.956516018710568,0.8060478613612108,,COMPLETE
5,4.433467404848084,2026-10-02 06:41:46.035064,2026-10-02 06:44:27.835374,0 days 00:02:41.800310,0.7694465087327116,0.04421291893432151,8,2,847,0.0032787264983352763,0.0069427294924301495,0.8333833577228338,,COMPLETE
6,4.401377963279152,2026-10-02 06:44:27.835438,2026-10-02 06:45:08.231809,0 days 00:00:40.396371,0.3714313675236196,0.03445441737078129,7,9,768,0.004418125737902547,0.006847105576684045,0.9941869190296131,,COMPLETE
7,4.407634555097983,2026-10-02 06:45:08.231899,2026-10-02 06:46:11.833126,0 days 00:01:03.601227,0.37726259881501356,0.023666956347875266,6,5,1376,0.003570522756718293,0.4220057397195018,0.5794847918227599,,COMPLETE
8,4.38848402707801,2026-10-02 06:46:11.833196,2026-10-02 06:47:56.859295,0 days 00:01:45.026099,0.36726888552577414,0.035047075708368194,9,2,554,0.07492121411354245,8.050778165087026,0.918972453749402,,COMPLETE
9,4.5243065756186445,2026-10-02 06:47:56.859357,2026-10-02 06:50:53.179332,0 days 00:02:56.319975,0.3841375928492182,0.07824023983213262,8,1,1959,0.002984770033451216,0.015295398277813725,0.6414034812882048,,COMPLETE
10,4.324398341130281,2026-10-02 06:50:53.179388,2026-10-02 06:51:29.218772,0 days 00:00:36.039384,0.7155548038180188,0.0272461312703932,5,13,739,0.38549586868728686,5.641548681187617,0.8532549554258728,"{""colsample_bytree"": 0.7155548038180188, ""learning_rate"": 0.0272461312703932, ""max_depth"": 5, ""min_child_weight"": 13, ""n_estimators"": 739, ""reg_alpha"": 0.38549586868728686, ""reg_lambda"": 5.641548681187617, ""subsample"": 0.8532549554258728}",COMPLETE
11,4.311899950219051,2026-10-02 06:51:29.218835,2026-10-02 06:52:06.016715,0 days 00:00:36.797880,0.7275794701604172,0.021064452440411358,5,10,733,1.6336583596096963,1.1100132604226978,0.8730235860772011,"{""colsample_bytree"": 0.7275794701604172, ""learning_rate"": 0.021064452440411358, ""max_depth"": 5, ""min_child_weight"": 10, ""n_estimators"": 733, ""reg_alpha"": 1.6336583596096963, ""reg_lambda"": 1.1100132604226978, ""subsample"": 0.8730235860772011}",COMPLETE
12,4.286270424408779,2026-10-02 06:52:06.016775,2026-10-02 06:52:19.555006,0 days 00:00:13.538231,0.6157735446956023,0.013375720176892996,4,12,520,0.11714599780574979,1.1395586111699614,0.8018284609024008,"{""colsample_bytree"": 0.6157735446956023, ""learning_rate"": 0.013375720176892996, ""max_depth"": 4, ""min_child_weight"": 12, ""n_estimators"": 520, ""reg_alpha"": 0.11714599780574979, ""reg_lambda"": 1.1395586111699614, ""subsample"": 0.8018284609024008}",COMPLETE
13,4.341625128557104,2026-10-02 06:52:19.555067,2026-10-02 06:52:23.579929,0 days 00:00:04.024862,0.348468768821227,0.013167520844550404,3,10,278,0.23890978146999992,0.6251520165374016,0.751557936916391,"{""colsample_bytree"": 0.348468768821227, ""learning_rate"": 0.013167520844550404, ""max_depth"": 3, ""min_child_weight"": 10, ""n_estimators"": 278, ""reg_alpha"": 0.23890978146999992, ""reg_lambda"": 0.6251520165374016, ""subsample"": 0.751557936916391}",COMPLETE
14,4.2720997946866195,2026-10-02 06:52:23.579989,2026-10-02 06:53:07.542337,0 days 00:00:43.962348,0.9011637361247824,0.014167429621578739,4,13,1087,6.32231305571869,7.059977733690251,0.8916391456396674,"{""colsample_bytree"": 0.9011637361247824, ""learning_rate"": 0.014167429621578739, ""max_depth"": 4, ""min_child_weight"": 13, ""n_estimators"": 1087, ""reg_alpha"": 6.32231305571869, ""reg_lambda"": 7.059977733690251, ""subsample"": 0.8916391456396674}",COMPLETE
15,4.266927717772417,2026-10-02 06:53:07.542398,2026-10-02 06:53:45.041843,0 days 00:00:37.499445,0.9930400056408161,0.012072334969195636,4,11,842,7.195231899919507,9.120445939572592,0.9303796526344572,"{""colsample_bytree"": 0.9930400056408161, ""learning_rate"": 0.012072334969195636, ""max_depth"": 4, ""min_child_weight"": 11, ""n_estimators"": 842, ""reg_alpha"": 7.195231899919507, ""reg_lambda"": 9.120445939572592, ""subsample"": 0.9303796526344572}",COMPLETE
16,4.357178052377659,2026-10-02 06:53:45.041903,2026-10-02 06:55:21.087594,0 days 00:01:36.045691,0.7800358071358633,0.017096361656390485,6,14,1296,3.695707266307507,0.41945871416421404,0.901421621609626,"{""colsample_bytree"": 0.7800358071358633, ""learning_rate"": 0.017096361656390485, ""max_depth"": 6, ""min_child_weight"": 14, ""n_estimators"": 1296, ""reg_alpha"": 3.695707266307507, ""reg_lambda"": 0.41945871416421404, ""subsample"": 0.901421621609626}",COMPLETE
17,4.329777247183759,2026-10-02 06:55:21.087654,2026-10-02 06:55:31.238815,0 days 00:00:10.151161,0.9996274761966746,0.010535202118984913,3,13,372,4.776239424001324,3.976319334155659,0.9515606253984124,"{""colsample_bytree"": 0.9996274761966746, ""learning_rate"": 0.010535202118984913, ""max_depth"": 3, ""min_child_weight"": 13, ""n_estimators"": 372, ""reg_alpha"": 4.776239424001324, ""reg_lambda"": 3.976319334155659, ""subsample"": 0.9515606253984124}",COMPLETE
18,4.300522239235515,2026-10-02 06:55:31.238876,2026-10-02 06:55:45.871565,0 days 00:00:14.632689,0.928888807725832,0.011143798028134177,3,13,704,0.47420259651950214,1.5661435056356188,0.9502313777939373,"{""colsample_bytree"": 0.928888807725832, ""learning_rate"": 0.011143798028134177, ""max_depth"": 3, ""min_child_weight"": 13, ""n_estimators"": 704, ""reg_alpha"": 0.47420259651950214, ""reg_lambda"": 1.5661435056356188, ""subsample"": 0.9502313777939373}",COMPLETE
19,4.26733537421928,2026-10-02 06:55:45.871627,2026-10-02 06:56:12.863745,0 days 00:00:26.992118,0.9110807731980555,0.01262480404338188,3,9,1076,9.177415157416029,3.1109071404874173,0.8421382794884664,"{""colsample_bytree"": 0.9110807731980555, ""learning_rate"": 0.01262480404338188, ""max_depth"": 3, ""min_child_weight"": 9, ""n_estimators"": 1076, ""reg_alpha"": 9.177415157416029, ""reg_lambda"": 3.1109071404874173, ""subsample"": 0.8421382794884664}",COMPLETE
20,4.274659321138046,2026-10-02 06:56:12.863806,2026-10-02 06:56:32.426113,0 days 00:00:19.562307,0.9186691374404733,0.014002039163076376,3,10,919,9.402201062311898,1.1971172223930155,0.8227558897393683,"{""colsample_bytree"": 0.9186691374404733, ""learning_rate"": 0.014002039163076376, ""max_depth"": 3, ""min_child_weight"": 10, ""n_estimators"": 919, ""reg_alpha"": 9.402201062311898, ""reg_lambda"": 1.1971172223930155, ""subsample"": 0.8227558897393683}",COMPLETE
21,4.2973467651724055,2026-10-02 06:56:32.426176,2026-10-02 06:57:04.284411,0 days 00:00:31.858235,0.9511553573733108,0.02556607672193002,3,9,1289,0.8565947413523952,2.508847607076458,0.8123751123349838,"{""colsample_bytree"": 0.9511553573733108, ""learning_rate"": 0.02556607672193002, ""max_depth"": 3, ""min_child_weight"": 9, ""n_estimators"": 1289, ""reg_alpha"": 0.8565947413523952, ""reg_lambda"": 2.508847607076458, ""subsample"": 0.8123751123349838}",COMPLETE
22,4.270299005736484,2026-10-02 06:57:04.284494,2026-10-02 06:57:33.546907,0 days 00:00:29.262413,0.9362323725061067,0.014090039605550605,4,17,750,2.490510678653037,4.270508616171135,0.81929560817047,"{""colsample_bytree"": 0.9362323725061067, ""learning_rate"": 0.014090039605550605, ""max_depth"": 4, ""min_child_weight"": 17, ""n_estimators"": 750, ""reg_alpha"": 2.490510678653037, ""reg_lambda"": 4.270508616171135, ""subsample"": 0.81929560817047}",COMPLETE
23,4.2934063090629255,2026-10-02 06:57:33.546973,2026-10-02 06:58:00.604578,0 days 00:00:27.057605,0.9057494861806547,0.025034236036690485,4,16,717,2.6738682235436353,1.510468330180162,0.8143266277018094,"{""colsample_bytree"": 0.9057494861806547, ""learning_rate"": 0.025034236036690485, ""max_depth"": 4, ""min_child_weight"": 16, ""n_estimators"": 717, ""reg_alpha"": 2.6738682235436353, ""reg_lambda"": 1.510468330180162, ""subsample"": 0.8143266277018094}",COMPLETE
24,4.2773600188404615,2026-10-02 06:58:00.604640,2026-10-02 06:58:28.542655,0 days 00:00:27.938015,0.9359849973433434,0.015968427572841802,3,7,1136,2.6053842354097676,2.203515102643773,0.9438389211322157,"{""colsample_bytree"": 0.9359849973433434, ""learning_rate"": 0.015968427572841802, ""max_depth"": 3, ""min_child_weight"": 7, ""n_estimators"": 1136, ""reg_alpha"": 2.6053842354097676, ""reg_lambda"": 2.203515102643773, ""subsample"": 0.9438389211322157}",COMPLETE
25,4.278748650150614,2026-10-02 06:58:28.542716,2026-10-02 06:59:08.977201,0 days 00:00:40.434485,0.9855542811657295,0.014206190501593515,4,20,988,5.499350063106221,4.392062315602401,0.9154227239628506,"{""colsample_bytree"": 0.9855542811657295, ""learning_rate"": 0.014206190501593515, ""max_depth"": 4, ""min_child_weight"": 20, ""n_estimators"": 988, ""reg_alpha"": 5.499350063106221, ""reg_lambda"": 4.392062315602401, ""subsample"": 0.9154227239628506}",COMPLETE
26,4.305144443328384,2026-10-02 06:59:08.977260,2026-10-02 06:59:49.549525,0 days 00:00:40.572265,0.9955708329948897,0.020984900660690673,4,14,1008,1.0411270903603616,6.643224794188614,0.9633229002328279,"{""colsample_bytree"": 0.9955708329948897, ""learning_rate"": 0.020984900660690673, ""max_depth"": 4, ""min_child_weight"": 14, ""n_estimators"": 1008, ""reg_alpha"": 1.0411270903603616, ""reg_lambda"": 6.643224794188614, ""subsample"": 0.9633229002328279}",COMPLETE
27,4.27212069751526,2026-10-02 06:59:49.549585,2026-10-02 07:00:16.803807,0 days 00:00:27.254222,0.81221001822899,0.010226132319449565,4,13,744,8.79720654953955,0.7411440520955671,0.8617287607065852,"{""colsample_bytree"": 0.81221001822899, ""learning_rate"": 0.010226132319449565, ""max_depth"": 4, ""min_child_weight"": 13, ""n_estimators"": 744, ""reg_alpha"": 8.79720654953955, ""reg_lambda"": 0.7411440520955671, ""subsample"": 0.8617287607065852}",COMPLETE
28,4.27108839133028,2026-10-02 07:00:16.803867,2026-10-02 07:00:34.458626,0 days 00:00:17.654759,0.7945932986627958,0.01609109711253349,3,6,791,5.303627957855519,2.820075323135601,0.8709288346975046,"{""colsample_bytree"": 0.7945932986627958, ""learning_rate"": 0.01609109711253349, ""max_depth"": 3, ""min_child_weight"": 6, ""n_estimators"": 791, ""reg_alpha"": 5.303627957855519, ""reg_lambda"": 2.820075323135601, ""subsample"": 0.8709288346975046}",COMPLETE
29,4.2764243259452295,2026-10-02 07:00:34.458685,2026-10-02 07:00:54.517939,0 days 00:00:20.059254,0.903217597864942,0.013411786514718475,4,18,517,3.5720091127125504,1.7965730346434718,0.8591285563591008,"{""colsample_bytree"": 0.903217597864942, ""learning_rate"": 0.013411786514718475, ""max_depth"": 4, ""min_child_weight"": 18, ""n_estimators"": 517, ""reg_alpha"": 3.5720091127125504, ""reg_lambda"": 1.7965730346434718, ""subsample"": 0.8591285563591008}",COMPLETE
30,4.268089518993982,2026-10-02 07:00:54.517999,2026-10-02 07:01:27.789884,0 days 00:00:33.271885,0.924355739640012,0.014908379849000092,4,4,740,3.798424055943707,8.12526220401362,0.8430872889533794,"{""colsample_bytree"": 0.924355739640012, ""learning_rate"": 0.014908379849000092, ""max_depth"": 4, ""min_child_weight"": 4, ""n_estimators"": 740, ""reg_alpha"": 3.798424055943707, ""reg_lambda"": 8.12526220401362, ""subsample"": 0.8430872889533794}",COMPLETE
31,4.273948022367961,2026-10-02 07:01:27.789953,2026-10-02 07:02:04.044205,0 days 00:00:36.254252,0.8283056471585681,0.019619824488914004,4,4,905,8.333701108734518,8.03124409268564,0.8002589028919679,"{""colsample_bytree"": 0.8283056471585681, ""learning_rate"": 0.019619824488914004, ""max_depth"": 4, ""min_child_weight"": 4, ""n_estimators"": 905, ""reg_alpha"": 8.333701108734518, ""reg_lambda"": 8.03124409268564, ""subsample"": 0.8002589028919679}",COMPLETE
32,4.268883913904021,2026-10-02 07:02:04.044263,2026-10-02 07:02:49.969811,0 days 00:00:45.925548,0.9207533596108877,0.01085951015760167,4,7,1111,2.2213239775276516,5.49271510553288,0.7550465551441621,"{""colsample_bytree"": 0.9207533596108877, ""learning_rate"": 0.01085951015760167, ""max_depth"": 4, ""min_child_weight"": 7, ""n_estimators"": 1111, ""reg_alpha"": 2.2213239775276516, ""reg_lambda"": 5.49271510553288, ""subsample"": 0.7550465551441621}",COMPLETE
33,4.268281759491027,2026-10-02 07:02:49.969873,2026-10-02 07:03:21.835005,0 days 00:00:31.865132,0.926820182595612,0.015276387679988342,3,4,1274,4.683268085951298,7.571881273706143,0.8294452248552986,"{""colsample_bytree"": 0.926820182595612, ""learning_rate"": 0.015276387679988342, ""max_depth"": 3, ""min_child_weight"": 4, ""n_estimators"": 1274, ""reg_alpha"": 4.683268085951298, ""reg_lambda"": 7.571881273706143, ""subsample"": 0.8294452248552986}",COMPLETE
34,4.2802491769463415,2026-10-02 07:03:21.835067,2026-10-02 07:03:49.472188,0 days 00:00:27.637121,0.947175121327704,0.010699259330378137,3,4,1109,0.546222310856522,4.2788207898432855,0.8653323698094023,"{""colsample_bytree"": 0.947175121327704, ""learning_rate"": 0.010699259330378137, ""max_depth"": 3, ""min_child_weight"": 4, ""n_estimators"": 1109, ""reg_alpha"": 0.546222310856522, ""reg_lambda"": 4.2788207898432855, ""subsample"": 0.8653323698094023}",COMPLETE
35,4.275910708249961,2026-10-02 07:03:49.472246,2026-10-02 07:04:34.994192,0 days 00:00:45.521946,0.9593395664554164,0.013326901237848366,4,9,1176,5.26649405697364,7.673539689184636,0.92451130536283,"{""colsample_bytree"": 0.9593395664554164, ""learning_rate"": 0.013326901237848366, ""max_depth"": 4, ""min_child_weight"": 9, ""n_estimators"": 1176, ""reg_alpha"": 5.26649405697364, ""reg_lambda"": 7.673539689184636, ""subsample"": 0.92451130536283}",COMPLETE
36,4.280344835385449,2026-10-02 07:04:34.994249,2026-10-02 07:05:27.753432,0 days 00:00:52.759183,0.9895702221818701,0.010939567688586223,5,11,805,2.860138752860244,3.7505076778441175,0.8656204796533196,"{""colsample_bytree"": 0.9895702221818701, ""learning_rate"": 0.010939567688586223, ""max_depth"": 5, ""min_child_weight"": 11, ""n_estimators"": 805, ""reg_alpha"": 2.860138752860244, ""reg_lambda"": 3.7505076778441175, ""subsample"": 0.8656204796533196}",COMPLETE
37,4.268582834853093,2026-10-02 07:05:27.753515,2026-10-02 07:06:07.756444,0 days 00:00:40.002929,0.9372098126153245,0.010519606389395298,4,7,957,1.9460496310393938,9.120252427847158,0.9114037171265826,"{""colsample_bytree"": 0.9372098126153245, ""learning_rate"": 0.010519606389395298, ""max_depth"": 4, ""min_child_weight"": 7, ""n_estimators"": 957, ""reg_alpha"": 1.9460496310393938, ""reg_lambda"": 9.120252427847158, ""subsample"": 0.9114037171265826}",COMPLETE
38,4.282395486087235,2026-10-02 07:06:07.756524,2026-10-02 07:06:28.346716,0 days 00:00:20.590192,0.8935439456094408,0.012050298933277167,3,6,862,2.2707141240406785,0.9443834525313709,0.8994244233293344,"{""colsample_bytree"": 0.8935439456094408, ""learning_rate"": 0.012050298933277167, ""max_depth"": 3, ""min_child_weight"": 6, ""n_estimators"": 862, ""reg_alpha"": 2.2707141240406785, ""reg_lambda"": 0.9443834525313709, ""subsample"": 0.8994244233293344}",COMPLETE
39,4.278150396495324,2026-10-02 07:06:28.346774,2026-10-02 07:06:51.641236,0 days 00:00:23.294462,0.9291906473113251,0.018481449013363314,4,8,623,3.5978135422461768,3.698462650193345,0.9109044104799664,"{""colsample_bytree"": 0.9291906473113251, ""learning_rate"": 0.018481449013363314, ""max_depth"": 4, ""min_child_weight"": 8, ""n_estimators"": 623, ""reg_alpha"": 3.5978135422461768, ""reg_lambda"": 3.698462650193345, ""subsample"": 0.9109044104799664}",COMPLETE
40,4.271217468704573,2026-10-02 07:06:51.641297,2026-10-02 07:07:22.418066,0 days 00:00:30.776769,0.9088423722022736,0.012979665062019613,4,8,845,0.5721459237021262,7.740456928329036,0.816870336948151,"{""colsample_bytree"": 0.9088423722022736, ""learning_rate"": 0.012979665062019613, ""max_depth"": 4, ""min_child_weight"": 8, ""n_estimators"": 845, ""reg_alpha"": 0.5721459237021262, ""reg_lambda"": 7.740456928329036, ""subsample"": 0.816870336948151}",COMPLETE
41,4.276033643454453,2026-10-02 07:07:22.418124,2026-10-02 07:07:43.006209,0 days 00:00:20.588085,0.9621608807441911,0.014259630529207389,3,11,804,6.115991993127,1.622361844657145,0.907398353526435,"{""colsample_bytree"": 0.9621608807441911, ""learning_rate"": 0.014259630529207389, ""max_depth"": 3, ""min_child_weight"": 11, ""n_estimators"": 804, ""reg_alpha"": 6.115991993127, ""reg_lambda"": 1.622361844657145, ""subsample"": 0.907398353526435}",COMPLETE
42,4.273328504190318,2026-10-02 07:07:43.006268,2026-10-02 07:08:26.979812,0 days 00:00:43.973544,0.9717385760896604,0.01455460461747448,5,10,628,7.700147752985207,9.103056790513637,0.943720790413285,"{""colsample_bytree"": 0.9717385760896604, ""learning_rate"": 0.01455460461747448, ""max_depth"": 5, ""min_child_weight"": 10, ""n_estimators"": 628, ""reg_alpha"": 7.700147752985207, ""reg_lambda"": 9.103056790513637, ""subsample"": 0.943720790413285}",COMPLETE
43,4.2665456788848255,2026-10-02 07:08:26.979875,2026-10-02 07:08:51.745850,0 days 00:00:24.765975,0.8561255057577757,0.011086326581863237,3,5,1224,8.473092292249996,4.988389863167724,0.8679151008410693,"{""colsample_bytree"": 0.8561255057577757, ""learning_rate"": 0.011086326581863237, ""max_depth"": 3, ""min_child_weight"": 5, ""n_estimators"": 1224, ""reg_alpha"": 8.473092292249996, ""reg_lambda"": 4.988389863167724, ""subsample"": 0.8679151008410693}",COMPLETE
44,4.270414707647681,2026-10-02 07:08:51.745911,2026-10-02 07:09:11.111521,0 days 00:00:19.365610,0.9024627163833016,0.01695671501498218,3,9,777,5.827036218864432,8.819906498433188,0.9516107988823621,"{""colsample_bytree"": 0.9024627163833016, ""learning_rate"": 0.01695671501498218, ""max_depth"": 3, ""min_child_weight"": 9, ""n_estimators"": 777, ""reg_alpha"": 5.827036218864432, ""reg_lambda"": 8.819906498433188, ""subsample"": 0.9516107988823621}",COMPLETE
45,4.273503613721519,2026-10-02 07:09:11.111578,2026-10-02 07:09:41.587828,0 days 00:00:30.476250,0.9047714288509713,0.0166391661880526,3,4,1226,3.89706321830118,5.7278078660989475,0.85367799966333,"{""colsample_bytree"": 0.9047714288509713, ""learning_rate"": 0.0166391661880526, ""max_depth"": 3, ""min_child_weight"": 4, ""n_estimators"": 1226, ""reg_alpha"": 3.89706321830118, ""reg_lambda"": 5.7278078660989475, ""subsample"": 0.85367799966333}",COMPLETE
46,4.276483916592167,2026-10-02 07:09:41.587886,2026-10-02 07:10:08.336558,0 days 00:00:26.748672,0.9488723977395049,0.020446503624024785,3,4,1219,6.2936491866147515,4.27035273107811,0.7660819995796988,"{""colsample_bytree"": 0.9488723977395049, ""learning_rate"": 0.020446503624024785, ""max_depth"": 3, ""min_child_weight"": 4, ""n_estimators"": 1219, ""reg_alpha"": 6.2936491866147515, ""reg_lambda"": 4.27035273107811, ""subsample"": 0.7660819995796988}",COMPLETE
47,4.273564613670782,2026-10-02 07:10:08.336619,2026-10-02 07:10:36.662327,0 days 00:00:28.325708,0.8692055810801357,0.01019622646139403,3,5,1201,4.271246499839877,2.0184486972123645,0.834107348281626,"{""colsample_bytree"": 0.8692055810801357, ""learning_rate"": 0.01019622646139403, ""max_depth"": 3, ""min_child_weight"": 5, ""n_estimators"": 1201, ""reg_alpha"": 4.271246499839877, ""reg_lambda"": 2.0184486972123645, ""subsample"": 0.834107348281626}",COMPLETE
48,4.2699271548105,2026-10-02 07:10:36.662389,2026-10-02 07:10:57.174243,0 days 00:00:20.511854,0.9393172384838953,0.012758794015732874,3,5,957,4.294043852335312,4.955232090193477,0.8966034339571316,"{""colsample_bytree"": 0.9393172384838953, ""learning_rate"": 0.012758794015732874, ""max_depth"": 3, ""min_child_weight"": 5, ""n_estimators"": 957, ""reg_alpha"": 4.294043852335312, ""reg_lambda"": 4.955232090193477, ""subsample"": 0.8966034339571316}",COMPLETE
49,4.266381338586775,2026-10-02 07:10:57.174303,2026-10-02 07:11:21.795593,0 days 00:00:24.621290,0.8527492853275539,0.014893482492037575,3,7,1049,9.860747444886243,2.985029977902753,0.860567555328497,"{""colsample_bytree"": 0.8527492853275539, ""learning_rate"": 0.014893482492037575, ""max_depth"": 3, ""min_child_weight"": 7, ""n_estimators"": 1049, ""reg_alpha"": 9.860747444886243, ""reg_lambda"": 2.985029977902753, ""subsample"": 0.860567555328497}",COMPLETE
