number,value,datetime_start,datetime_complete,duration,params_colsample_bytree,params_learning_rate,params_max_depth,params_min_child_weight,params_n_estimators,params_reg_alpha,params_reg_lambda,params_subsample,system_attrs_tpe:relative_params:0,state
0,4.204798238811461,2026-10-02 18:07:11.276020,2026-10-02 18:11:52.382908,0 days 00:04:41.106888,0.7521258791466592,0.11387317092169064,7,11,1188,3.6905577292137624,0.0562793204741517,0.7118273996694524,,COMPLETE
1,4.148581327635788,2026-10-02 18:11:52.383156,2026-10-02 18:23:32.123221,0 days 00:11:39.740065,0.9479176468048627,0.036845938035010996,9,11,1935,0.002231090560744304,0.0019237305096546497,0.7840222805469661,,COMPLETE
2,4.224512648420212,2026-10-02 18:23:32.123439,2026-10-02 18:25:13.988675,0 days 00:01:41.865236,0.8594109949517064,0.16977763163336626,9,18,236,1.3246974647468452,0.07013219779945795,0.989309171116382,,COMPLETE
3,4.120545592086073,2026-10-02 18:25:13.988913,2026-10-02 18:25:50.248356,0 days 00:00:36.259443,0.5902633579933665,0.088153780513692,4,19,413,1.2500712230836255,0.011434638743472197,0.7609241608750359,,COMPLETE
4,4.125283828039385,2026-10-02 18:25:50.248592,2026-10-02 18:26:50.931453,0 days 00:01:00.682861,0.7318537978123298,0.06912670683424535,3,13,1021,0.5336803302756715,5.956516018710568,0.8060478613612108,,COMPLETE
5,4.1212348031549695,2026-10-02 18:26:50.931795,2026-10-02 18:34:01.490737,0 days 00:07:10.558942,0.7694465087327116,0.04421291893432151,8,2,847,0.0032787264983352763,0.0069427294924301495,0.8333833577228338,,COMPLETE
6,4.089308673474075,2026-10-02 18:34:01.490967,2026-10-02 18:36:11.660758,0 days 00:02:10.169791,0.3714313675236196,0.03445441737078129,7,9,768,0.004418125737902547,0.006847105576684045,0.9941869190296131,,COMPLETE
7,4.123847704964521,2026-10-02 18:36:11.661009,2026-10-02 18:39:46.248750,0 days 00:03:34.587741,0.37726259881501356,0.023666956347875266,6,5,1376,0.003570522756718293,0.4220057397195018,0.5794847918227599,,COMPLETE
8,4.0750698706265895,2026-10-02 18:39:46.249007,2026-10-02 18:44:37.591712,0 days 00:04:51.342705,0.36726888552577414,0.035047075708368194,9,2,554,0.07492121411354245,8.050778165087026,0.918972453749402,,COMPLETE
9,4.1945554458182555,2026-10-02 18:44:37.591929,2026-10-02 18:52:22.091233,0 days 00:07:44.499304,0.3841375928492182,0.07824023983213262,8,1,1959,0.002984770033451216,0.015295398277813725,0.6414034812882048,,COMPLETE
10,4.1166389325046415,2026-10-02 18:52:22.091460,2026-10-02 19:03:23.239309,0 days 00:11:01.147849,0.6076662739540196,0.03564034261936082,10,7,1366,0.06630900947764848,0.274433689541592,0.9452212598059986,"{""colsample_bytree"": 0.6076662739540196, ""learning_rate"": 0.03564034261936082, ""max_depth"": 10, ""min_child_weight"": 7, ""n_estimators"": 1366, ""reg_alpha"": 0.06630900947764848, ""reg_lambda"": 0.274433689541592, ""subsample"": 0.9452212598059986}",COMPLETE
11,4.071029192024545,2026-10-02 19:03:23.239540,2026-10-02 19:08:17.739369,0 days 00:04:54.499829,0.37023581398948413,0.02769900112326703,9,1,478,1.1262529100504257,3.8638678237427775,0.9445024683717319,"{""colsample_bytree"": 0.37023581398948413, ""learning_rate"": 0.02769900112326703, ""max_depth"": 9, ""min_child_weight"": 1, ""n_estimators"": 478, ""reg_alpha"": 1.1262529100504257, ""reg_lambda"": 3.8638678237427775, ""subsample"": 0.9445024683717319}",COMPLETE
12,4.113988464104039,2026-10-02 19:08:17.739587,2026-10-02 19:13:09.486145,0 days 00:04:51.746558,0.43178213502675256,0.06455649551901527,10,1,498,5.826866950698469,5.589107156388151,0.9149544311486224,"{""colsample_bytree"": 0.43178213502675256, ""learning_rate"": 0.06455649551901527, ""max_depth"": 10, ""min_child_weight"": 1, ""n_estimators"": 498, ""reg_alpha"": 5.826866950698469, ""reg_lambda"": 5.589107156388151, ""subsample"": 0.9149544311486224}",COMPLETE
13,4.03151974108994,2026-10-02 19:13:09.486364,2026-10-02 19:17:03.984340,0 days 00:03:54.497976,0.39318412164058986,0.015179476016142814,8,5,671,0.19375139466922014,8.10551900570838,0.8816337863795115,"{""colsample_bytree"": 0.39318412164058986, ""learning_rate"": 0.015179476016142814, ""max_depth"": 8, ""min_child_weight"": 5, ""n_estimators"": 671, ""reg_alpha"": 0.19375139466922014, ""reg_lambda"": 8.10551900570838, ""subsample"": 0.8816337863795115}",COMPLETE
14,4.117871734317419,2026-10-02 19:17:03.984567,2026-10-02 19:23:02.873528,0 days 00:05:58.888961,0.41789622598373183,0.03037473523656929,9,6,869,1.0519209941894458,2.340233512139886,0.7171580394653593,"{""colsample_bytree"": 0.41789622598373183, ""learning_rate"": 0.03037473523656929, ""max_depth"": 9, ""min_child_weight"": 6, ""n_estimators"": 869, ""reg_alpha"": 1.0519209941894458, ""reg_lambda"": 2.340233512139886, ""subsample"": 0.7171580394653593}",COMPLETE
15,4.019352264678687,2026-10-02 19:23:02.873759,2026-10-02 19:28:23.794568,0 days 00:05:20.920809,0.4652641850216588,0.013779559043147148,10,2,355,0.2074414263582567,8.322405811229993,0.7171333889045786,"{""colsample_bytree"": 0.4652641850216588, ""learning_rate"": 0.013779559043147148, ""max_depth"": 10, ""min_child_weight"": 2, ""n_estimators"": 355, ""reg_alpha"": 0.2074414263582567, ""reg_lambda"": 8.322405811229993, ""subsample"": 0.7171333889045786}",COMPLETE
16,4.062568410331475,2026-10-02 19:28:23.794786,2026-10-02 19:32:29.743504,0 days 00:04:05.948718,0.5473701022659837,0.028357552513159866,10,3,353,0.17677474263039178,4.8985627405135865,0.6825952546463689,"{""colsample_bytree"": 0.5473701022659837, ""learning_rate"": 0.028357552513159866, ""max_depth"": 10, ""min_child_weight"": 3, ""n_estimators"": 353, ""reg_alpha"": 0.17677474263039178, ""reg_lambda"": 4.8985627405135865, ""subsample"": 0.6825952546463689}",COMPLETE
17,4.061901070514115,2026-10-02 19:32:29.743724,2026-10-02 19:37:19.007362,0 days 00:04:49.263638,0.34633160176946537,0.011165119153688547,9,7,934,0.29912743993947527,0.43091305530204654,0.7611538911090986,"{""colsample_bytree"": 0.34633160176946537, ""learning_rate"": 0.011165119153688547, ""max_depth"": 9, ""min_child_weight"": 7, ""n_estimators"": 934, ""reg_alpha"": 0.29912743993947527, ""reg_lambda"": 0.43091305530204654, ""subsample"": 0.7611538911090986}",COMPLETE
18,4.014966215219175,2026-10-02 19:37:19.007604,2026-10-02 19:39:57.200067,0 days 00:02:38.192463,0.5196524513122274,0.014015866021456425,8,4,382,0.008849726700622158,2.961515122231477,0.6696813747150185,"{""colsample_bytree"": 0.5196524513122274, ""learning_rate"": 0.014015866021456425, ""max_depth"": 8, ""min_child_weight"": 4, ""n_estimators"": 382, ""reg_alpha"": 0.008849726700622158, ""reg_lambda"": 2.961515122231477, ""subsample"": 0.6696813747150185}",COMPLETE
19,4.04973696243394,2026-10-02 19:39:57.200298,2026-10-02 19:46:31.193108,0 days 00:06:33.992810,0.5894027768354565,0.012109833064771458,9,5,810,0.013406761424442443,2.9061903775791285,0.7090591868308389,"{""colsample_bytree"": 0.5894027768354565, ""learning_rate"": 0.012109833064771458, ""max_depth"": 9, ""min_child_weight"": 5, ""n_estimators"": 810, ""reg_alpha"": 0.013406761424442443, ""reg_lambda"": 2.9061903775791285, ""subsample"": 0.7090591868308389}",COMPLETE
20,4.022830237813436,2026-10-02 19:46:31.193330,2026-10-02 19:53:24.339852,0 days 00:06:53.146522,0.6113088209445364,0.013598061819630927,10,2,437,0.006937697373697814,8.20230178897086,0.6480127373967514,"{""colsample_bytree"": 0.6113088209445364, ""learning_rate"": 0.013598061819630927, ""max_depth"": 10, ""min_child_weight"": 2, ""n_estimators"": 437, ""reg_alpha"": 0.006937697373697814, ""reg_lambda"": 8.20230178897086, ""subsample"": 0.6480127373967514}",COMPLETE
21,4.02246467768265,2026-10-02 19:53:24.340075,2026-10-02 19:58:47.512403,0 days 00:05:23.172328,0.4959778357965329,0.01045924649327903,9,4,605,0.020870587558358515,9.585217687571024,0.585345951583617,"{""colsample_bytree"": 0.4959778357965329, ""learning_rate"": 0.01045924649327903, ""max_depth"": 9, ""min_child_weight"": 4, ""n_estimators"": 605, ""reg_alpha"": 0.020870587558358515, ""reg_lambda"": 9.585217687571024, ""subsample"": 0.585345951583617}",COMPLETE
22,4.054701324281952,2026-10-02 19:58:47.512643,2026-10-02 20:02:31.085126,0 days 00:03:43.572483,0.5221093763062759,0.014403624383331766,9,6,588,0.06190789376938242,1.581023986618532,0.5926268147672547,"{""colsample_bytree"": 0.5221093763062759, ""learning_rate"": 0.014403624383331766, ""max_depth"": 9, ""min_child_weight"": 6, ""n_estimators"": 588, ""reg_alpha"": 0.06190789376938242, ""reg_lambda"": 1.581023986618532, ""subsample"": 0.5926268147672547}",COMPLETE
23,4.0627484246145675,2026-10-02 20:02:31.085358,2026-10-02 20:10:56.066463,0 days 00:08:24.981105,0.579877016551036,0.012834210121310226,9,2,896,0.028234343212928864,2.872022280959961,0.5296661075572228,"{""colsample_bytree"": 0.579877016551036, ""learning_rate"": 0.012834210121310226, ""max_depth"": 9, ""min_child_weight"": 2, ""n_estimators"": 896, ""reg_alpha"": 0.028234343212928864, ""reg_lambda"": 2.872022280959961, ""subsample"": 0.5296661075572228}",COMPLETE
24,4.120520792691219,2026-10-02 20:10:56.066714,2026-10-02 20:16:16.338184,0 days 00:05:20.271470,0.47965171119492894,0.028142896928581105,10,5,725,0.004411332456584992,3.774540553715921,0.5650717679462168,"{""colsample_bytree"": 0.47965171119492894, ""learning_rate"": 0.028142896928581105, ""max_depth"": 10, ""min_child_weight"": 5, ""n_estimators"": 725, ""reg_alpha"": 0.004411332456584992, ""reg_lambda"": 3.774540553715921, ""subsample"": 0.5650717679462168}",COMPLETE
25,4.079883163223397,2026-10-02 20:16:16.338423,2026-10-02 20:19:58.598142,0 days 00:03:42.259719,0.33323594085976405,0.027270109549483428,10,3,418,0.05195939643120352,4.6583802420007885,0.6454468044839274,"{""colsample_bytree"": 0.33323594085976405, ""learning_rate"": 0.027270109549483428, ""max_depth"": 10, ""min_child_weight"": 3, ""n_estimators"": 418, ""reg_alpha"": 0.05195939643120352, ""reg_lambda"": 4.6583802420007885, ""subsample"": 0.6454468044839274}",COMPLETE
26,4.0225879727458755,2026-10-02 20:19:58.598356,2026-10-02 20:22:29.065915,0 days 00:02:30.467559,0.6308035418665144,0.0180668919663174,9,6,309,0.008078608021837894,2.8090117438868294,0.6369582394819302,"{""colsample_bytree"": 0.6308035418665144, ""learning_rate"": 0.0180668919663174, ""max_depth"": 9, ""min_child_weight"": 6, ""n_estimators"": 309, ""reg_alpha"": 0.008078608021837894, ""reg_lambda"": 2.8090117438868294, ""subsample"": 0.6369582394819302}",COMPLETE
27,4.024823563966881,2026-10-02 20:22:29.066158,2026-10-02 20:27:33.307325,0 days 00:05:04.241167,0.5199510431541624,0.010763806383836427,10,2,301,0.12037740169332821,2.6958836149448238,0.8060225075410591,"{""colsample_bytree"": 0.5199510431541624, ""learning_rate"": 0.010763806383836427, ""max_depth"": 10, ""min_child_weight"": 2, ""n_estimators"": 301, ""reg_alpha"": 0.12037740169332821, ""reg_lambda"": 2.6958836149448238, ""subsample"": 0.8060225075410591}",COMPLETE
28,4.013366144671847,2026-10-02 20:27:33.307548,2026-10-02 20:31:49.651763,0 days 00:04:16.344215,0.4654889738586243,0.014805477344498818,9,1,337,0.01989395607889617,8.50694155616088,0.6685627367675862,"{""colsample_bytree"": 0.4654889738586243, ""learning_rate"": 0.014805477344498818, ""max_depth"": 9, ""min_child_weight"": 1, ""n_estimators"": 337, ""reg_alpha"": 0.01989395607889617, ""reg_lambda"": 8.50694155616088, ""subsample"": 0.6685627367675862}",COMPLETE
29,4.040430137407214,2026-10-02 20:31:49.652005,2026-10-02 20:34:34.047936,0 days 00:02:44.395931,0.5292918182776265,0.02130446677314747,9,3,283,0.05687484916571965,1.6959246210431285,0.7845733816704757,"{""colsample_bytree"": 0.5292918182776265, ""learning_rate"": 0.02130446677314747, ""max_depth"": 9, ""min_child_weight"": 3, ""n_estimators"": 283, ""reg_alpha"": 0.05687484916571965, ""reg_lambda"": 1.6959246210431285, ""subsample"": 0.7845733816704757}",COMPLETE
30,4.006274296689573,2026-10-02 20:34:34.048172,2026-10-02 20:37:30.511565,0 days 00:02:56.463393,0.6118526770246125,0.015554574360418431,8,2,313,0.018499183311951776,8.080028149657087,0.6834730079472175,"{""colsample_bytree"": 0.6118526770246125, ""learning_rate"": 0.015554574360418431, ""max_depth"": 8, ""min_child_weight"": 2, ""n_estimators"": 313, ""reg_alpha"": 0.018499183311951776, ""reg_lambda"": 8.080028149657087, ""subsample"": 0.6834730079472175}",COMPLETE
31,4.006901428679522,2026-10-02 20:37:30.511793,2026-10-02 20:40:11.636002,0 days 00:02:41.124209,0.6014307729944244,0.015024248119816737,7,2,466,0.0023848009961638036,2.90069188287836,0.6594309431523847,"{""colsample_bytree"": 0.6014307729944244, ""learning_rate"": 0.015024248119816737, ""max_depth"": 7, ""min_child_weight"": 2, ""n_estimators"": 466, ""reg_alpha"": 0.0023848009961638036, ""reg_lambda"": 2.90069188287836, ""subsample"": 0.6594309431523847}",COMPLETE
32,4.010348644172183,2026-10-02 20:40:11.636241,2026-10-02 20:43:12.267030,0 days 00:03:00.630789,0.42221086413222125,0.010938275481889172,8,1,392,0.009148967436122469,1.3949679479343968,0.6677493910450754,"{""colsample_bytree"": 0.42221086413222125, ""learning_rate"": 0.010938275481889172, ""max_depth"": 8, ""min_child_weight"": 1, ""n_estimators"": 392, ""reg_alpha"": 0.009148967436122469, ""reg_lambda"": 1.3949679479343968, ""subsample"": 0.6677493910450754}",COMPLETE
33,4.046287970733267,2026-10-02 20:43:12.267265,2026-10-02 20:50:08.469321,0 days 00:06:56.202056,0.42927570775434976,0.011680504593647459,10,1,489,0.0335360350764837,1.7458104669360202,0.708958313139365,"{""colsample_bytree"": 0.42927570775434976, ""learning_rate"": 0.011680504593647459, ""max_depth"": 10, ""min_child_weight"": 1, ""n_estimators"": 489, ""reg_alpha"": 0.0335360350764837, ""reg_lambda"": 1.7458104669360202, ""subsample"": 0.708958313139365}",COMPLETE
34,3.9963447200371234,2026-10-02 20:50:08.469567,2026-10-02 20:51:33.080811,0 days 00:01:24.611244,0.5877150979029835,0.013800715122478298,6,5,376,0.0010411031847538188,7.863713362464947,0.6367585475739289,"{""colsample_bytree"": 0.5877150979029835, ""learning_rate"": 0.013800715122478298, ""max_depth"": 6, ""min_child_weight"": 5, ""n_estimators"": 376, ""reg_alpha"": 0.0010411031847538188, ""reg_lambda"": 7.863713362464947, ""subsample"": 0.6367585475739289}",COMPLETE
35,4.000905075482284,2026-10-02 20:51:33.081065,2026-10-02 20:53:45.243015,0 days 00:02:12.161950,0.6812561459015194,0.01524224081166044,6,4,551,0.0017870190274102023,6.0610419479702164,0.6574295217291714,"{""colsample_bytree"": 0.6812561459015194, ""learning_rate"": 0.01524224081166044, ""max_depth"": 6, ""min_child_weight"": 4, ""n_estimators"": 551, ""reg_alpha"": 0.0017870190274102023, ""reg_lambda"": 6.0610419479702164, ""subsample"": 0.6574295217291714}",COMPLETE
36,4.042412292673381,2026-10-02 20:53:45.243246,2026-10-02 20:57:44.936042,0 days 00:03:59.692796,0.7571274182312017,0.01580180245914847,6,3,908,0.0036659505527956004,7.561928672671707,0.6553597572436312,"{""colsample_bytree"": 0.7571274182312017, ""learning_rate"": 0.01580180245914847, ""max_depth"": 6, ""min_child_weight"": 3, ""n_estimators"": 908, ""reg_alpha"": 0.0036659505527956004, ""reg_lambda"": 7.561928672671707, ""subsample"": 0.6553597572436312}",COMPLETE
37,4.00693823094117,2026-10-02 20:57:44.936352,2026-10-02 21:03:26.019183,0 days 00:05:41.082831,0.6428544299768507,0.010807650042422144,8,1,534,0.010321242161562147,9.065500529837523,0.6902122484638348,"{""colsample_bytree"": 0.6428544299768507, ""learning_rate"": 0.010807650042422144, ""max_depth"": 8, ""min_child_weight"": 1, ""n_estimators"": 534, ""reg_alpha"": 0.010321242161562147, ""reg_lambda"": 9.065500529837523, ""subsample"": 0.6902122484638348}",COMPLETE
38,4.0172194491651325,2026-10-02 21:03:26.019421,2026-10-02 21:04:29.624963,0 days 00:01:03.605542,0.641838596893765,0.010534787159154547,6,2,242,0.001048242885925689,4.530763896617145,0.6706480562525665,"{""colsample_bytree"": 0.641838596893765, ""learning_rate"": 0.010534787159154547, ""max_depth"": 6, ""min_child_weight"": 2, ""n_estimators"": 242, ""reg_alpha"": 0.001048242885925689, ""reg_lambda"": 4.530763896617145, ""subsample"": 0.6706480562525665}",COMPLETE
39,4.042820360068549,2026-10-02 21:04:29.625197,2026-10-02 21:06:58.420357,0 days 00:02:28.795160,0.6098471087135886,0.019935346335263986,7,4,510,0.0016950562173539169,1.2565294487601644,0.6870290638114839,"{""colsample_bytree"": 0.6098471087135886, ""learning_rate"": 0.019935346335263986, ""max_depth"": 7, ""min_child_weight"": 4, ""n_estimators"": 510, ""reg_alpha"": 0.0016950562173539169, ""reg_lambda"": 1.2565294487601644, ""subsample"": 0.6870290638114839}",COMPLETE
40,3.998305358090697,2026-10-02 21:06:58.420614,2026-10-02 21:09:00.200579,0 days 00:02:01.779965,0.6340560370144559,0.014607155185706135,7,4,353,0.011360992960500721,6.278961284501966,0.6209038810992452,"{""colsample_bytree"": 0.6340560370144559, ""learning_rate"": 0.014607155185706135, ""max_depth"": 7, ""min_child_weight"": 4, ""n_estimators"": 353, ""reg_alpha"": 0.011360992960500721, ""reg_lambda"": 6.278961284501966, ""subsample"": 0.6209038810992452}",COMPLETE
41,4.000596719458517,2026-10-02 21:09:00.200806,2026-10-02 21:10:12.713554,0 days 00:01:12.512748,0.5717463899637084,0.012906971793493635,6,5,321,0.0024928412882329622,6.277287998033554,0.6186892970968348,"{""colsample_bytree"": 0.5717463899637084, ""learning_rate"": 0.012906971793493635, ""max_depth"": 6, ""min_child_weight"": 5, ""n_estimators"": 321, ""reg_alpha"": 0.0024928412882329622, ""reg_lambda"": 6.277287998033554, ""subsample"": 0.6186892970968348}",COMPLETE
42,4.017990246204421,2026-10-02 21:10:12.713793,2026-10-02 21:12:21.837343,0 days 00:02:09.123550,0.6563677020731254,0.01555598369057765,6,5,607,0.010464995041000675,1.8082609288089861,0.6207706537314646,"{""colsample_bytree"": 0.6563677020731254, ""learning_rate"": 0.01555598369057765, ""max_depth"": 6, ""min_child_weight"": 5, ""n_estimators"": 607, ""reg_alpha"": 0.010464995041000675, ""reg_lambda"": 1.8082609288089861, ""subsample"": 0.6207706537314646}",COMPLETE
43,4.025745716144373,2026-10-02 21:12:21.837617,2026-10-02 21:15:24.182056,0 days 00:03:02.344439,0.6456451450767243,0.01803749348756099,7,5,585,0.013416003456866683,9.090301371572798,0.5845734330751061,"{""colsample_bytree"": 0.6456451450767243, ""learning_rate"": 0.01803749348756099, ""max_depth"": 7, ""min_child_weight"": 5, ""n_estimators"": 585, ""reg_alpha"": 0.013416003456866683, ""reg_lambda"": 9.090301371572798, ""subsample"": 0.5845734330751061}",COMPLETE
44,3.9985380514559328,2026-10-02 21:15:24.182299,2026-10-02 21:17:13.881989,0 days 00:01:49.699690,0.6361808442954785,0.01218644776684487,6,7,513,0.0013207797582563683,5.418139072949642,0.6440893351812149,"{""colsample_bytree"": 0.6361808442954785, ""learning_rate"": 0.01218644776684487, ""max_depth"": 6, ""min_child_weight"": 7, ""n_estimators"": 513, ""reg_alpha"": 0.0013207797582563683, ""reg_lambda"": 5.418139072949642, ""subsample"": 0.6440893351812149}",COMPLETE
45,4.004264667459947,2026-10-02 21:17:13.882261,2026-10-02 21:18:36.832862,0 days 00:01:22.950601,0.5815498635307009,0.015113675322689417,6,5,392,0.006125095594014637,5.408055895479748,0.6473094240714142,"{""colsample_bytree"": 0.5815498635307009, ""learning_rate"": 0.015113675322689417, ""max_depth"": 6, ""min_child_weight"": 5, ""n_estimators"": 392, ""reg_alpha"": 0.006125095594014637, ""reg_lambda"": 5.408055895479748, ""subsample"": 0.6473094240714142}",COMPLETE
46,4.026513306223611,2026-10-02 21:18:36.833099,2026-10-02 21:21:42.048969,0 days 00:03:05.215870,0.6960517819147957,0.01552599354354893,6,6,784,0.0011667118025521167,9.563757574186708,0.6308848786966088,"{""colsample_bytree"": 0.6960517819147957, ""learning_rate"": 0.01552599354354893, ""max_depth"": 6, ""min_child_weight"": 6, ""n_estimators"": 784, ""reg_alpha"": 0.0011667118025521167, ""reg_lambda"": 9.563757574186708, ""subsample"": 0.6308848786966088}",COMPLETE
47,3.9920867860006606,2026-10-02 21:21:42.049264,2026-10-02 21:23:39.550795,0 days 00:01:57.501531,0.6607240468385197,0.010233989334377379,6,6,529,0.0030300664389159046,2.1218088047412587,0.6152585229609218,"{""colsample_bytree"": 0.6607240468385197, ""learning_rate"": 0.010233989334377379, ""max_depth"": 6, ""min_child_weight"": 6, ""n_estimators"": 529, ""reg_alpha"": 0.0030300664389159046, ""reg_lambda"": 2.1218088047412587, ""subsample"": 0.6152585229609218}",COMPLETE
48,4.0026925633221815,2026-10-02 21:23:39.551066,2026-10-02 21:25:13.598673,0 days 00:01:34.047607,0.554790281531267,0.014685108563647848,7,8,388,0.003279521164787181,1.8066249329426416,0.6095333017396396,"{""colsample_bytree"": 0.554790281531267, ""learning_rate"": 0.014685108563647848, ""max_depth"": 7, ""min_child_weight"": 8, ""n_estimators"": 388, ""reg_alpha"": 0.003279521164787181, ""reg_lambda"": 1.8066249329426416, ""subsample"": 0.6095333017396396}",COMPLETE
49,3.9998952862940853,2026-10-02 21:25:13.598927,2026-10-02 21:27:21.583090,0 days 00:02:07.984163,0.5813619877867159,0.011889128735390065,6,5,605,0.008750276761182433,3.089918226892012,0.6832248246189476,"{""colsample_bytree"": 0.5813619877867159, ""learning_rate"": 0.011889128735390065, ""max_depth"": 6, ""min_child_weight"": 5, ""n_estimators"": 605, ""reg_alpha"": 0.008750276761182433, ""reg_lambda"": 3.089918226892012, ""subsample"": 0.6832248246189476}",COMPLETE
