number,value,datetime_start,datetime_complete,duration,params_max_depth,params_max_features,params_min_samples_leaf,params_n_estimators,system_attrs_tpe:relative_params:0,state
0,4.294124274337531,2026-10-02 06:27:01.001192,2026-10-02 06:31:52.201303,0 days 00:04:51.200111,40,0.7436704297351775,7,684,,COMPLETE
1,4.29036243601739,2026-10-02 06:31:52.201361,2026-10-02 06:35:50.205728,0 days 00:03:58.004367,20,0.4450973669431999,8,975,,COMPLETE
2,4.29620452465297,2026-10-02 06:35:50.205785,2026-10-02 06:37:58.986108,0 days 00:02:08.780323,10,0.8493578609931441,8,314,,COMPLETE
3,4.324781822779584,2026-10-02 06:37:58.986168,2026-10-02 06:41:11.705073,0 days 00:03:12.718905,0,0.6759289191947714,2,382,,COMPLETE
4,4.338467499573629,2026-10-02 06:41:11.705135,2026-10-02 06:46:22.503184,0 days 00:05:10.798049,30,0.6115905539817836,1,619,,COMPLETE
5,4.292827019840466,2026-10-02 06:46:22.503244,2026-10-02 06:48:56.991780,0 days 00:02:34.488536,20,0.4933287584194074,7,552,,COMPLETE
6,4.3032797431065175,2026-10-02 06:48:56.991839,2026-10-02 06:50:46.889700,0 days 00:01:49.897861,10,0.42733969384836035,6,521,,COMPLETE
7,4.30289706512028,2026-10-02 06:50:46.889762,2026-10-02 06:53:17.842343,0 days 00:02:30.952581,30,0.3279624422858039,5,757,,COMPLETE
8,4.291634896086094,2026-10-02 06:53:17.842398,2026-10-02 06:54:58.339142,0 days 00:01:40.496744,30,0.4318526535948677,9,437,,COMPLETE
9,4.291836321486644,2026-10-02 06:54:58.339189,2026-10-02 07:00:50.063898,0 days 00:05:51.724709,30,0.6443609677705414,8,984,,COMPLETE
10,4.304062258013072,2026-10-02 07:00:50.063945,2026-10-02 07:09:18.361151,0 days 00:08:28.297206,20,0.9848925793680965,4,804,"{""max_depth"": 20, ""max_features"": 0.9848925793680965, ""min_samples_leaf"": 4, ""n_estimators"": 804}",COMPLETE
11,4.292680772722936,2026-10-02 07:09:18.361201,2026-10-02 07:11:02.817113,0 days 00:01:44.455912,30,0.4687308825103441,10,428,"{""max_depth"": 30, ""max_features"": 0.4687308825103441, ""min_samples_leaf"": 10, ""n_estimators"": 428}",COMPLETE
12,4.297473670203954,2026-10-02 07:11:02.817169,2026-10-02 07:13:08.430442,0 days 00:02:05.613273,20,0.23892503228397066,8,968,"{""max_depth"": 20, ""max_features"": 0.23892503228397066, ""min_samples_leaf"": 8, ""n_estimators"": 968}",COMPLETE
13,4.284002801665903,2026-10-02 07:13:08.430489,2026-10-02 07:17:28.274065,0 days 00:04:19.843576,20,0.6702281121288038,10,740,"{""max_depth"": 20, ""max_features"": 0.6702281121288038, ""min_samples_leaf"": 10, ""n_estimators"": 740}",COMPLETE
14,4.286369177764139,2026-10-02 07:17:28.274116,2026-10-02 07:22:47.347402,0 days 00:05:19.073286,20,0.7040630123136595,9,830,"{""max_depth"": 20, ""max_features"": 0.7040630123136595, ""min_samples_leaf"": 9, ""n_estimators"": 830}",COMPLETE
15,4.289840721783372,2026-10-02 07:22:47.347449,2026-10-02 07:26:48.087512,0 days 00:04:00.740063,20,0.5511273428518781,9,816,"{""max_depth"": 20, ""max_features"": 0.5511273428518781, ""min_samples_leaf"": 9, ""n_estimators"": 816}",COMPLETE
16,4.297853925468737,2026-10-02 07:26:48.087560,2026-10-02 07:32:23.934670,0 days 00:05:35.847110,10,0.8659048239699426,10,833,"{""max_depth"": 10, ""max_features"": 0.8659048239699426, ""min_samples_leaf"": 10, ""n_estimators"": 833}",COMPLETE
17,4.284566610403226,2026-10-02 07:32:23.934716,2026-10-02 07:36:41.128746,0 days 00:04:17.194030,20,0.8712627578242056,10,563,"{""max_depth"": 20, ""max_features"": 0.8712627578242056, ""min_samples_leaf"": 10, ""n_estimators"": 563}",COMPLETE
18,4.287558748675976,2026-10-02 07:36:41.128794,2026-10-02 07:40:38.898640,0 days 00:03:57.769846,20,0.903874137023911,9,483,"{""max_depth"": 20, ""max_features"": 0.903874137023911, ""min_samples_leaf"": 9, ""n_estimators"": 483}",COMPLETE
19,4.2920390444529035,2026-10-02 07:40:38.898684,2026-10-02 07:42:44.202980,0 days 00:02:05.304296,20,0.38212285657987616,10,627,"{""max_depth"": 20, ""max_features"": 0.38212285657987616, ""min_samples_leaf"": 10, ""n_estimators"": 627}",COMPLETE
20,4.2863890259103075,2026-10-02 07:42:44.203061,2026-10-02 07:50:06.278867,0 days 00:07:22.075806,20,0.801973885233909,8,998,"{""max_depth"": 20, ""max_features"": 0.801973885233909, ""min_samples_leaf"": 8, ""n_estimators"": 998}",COMPLETE
21,4.282747246980971,2026-10-02 07:50:06.278912,2026-10-02 07:54:29.528836,0 days 00:04:23.249924,20,0.7811670499719601,10,646,"{""max_depth"": 20, ""max_features"": 0.7811670499719601, ""min_samples_leaf"": 10, ""n_estimators"": 646}",COMPLETE
22,4.28759058615504,2026-10-02 07:54:29.528881,2026-10-02 07:58:09.165932,0 days 00:03:39.637051,20,0.7021398492866446,10,598,"{""max_depth"": 20, ""max_features"": 0.7021398492866446, ""min_samples_leaf"": 10, ""n_estimators"": 598}",COMPLETE
23,4.291662344661495,2026-10-02 07:58:09.165979,2026-10-02 08:00:31.748898,0 days 00:02:22.582919,20,0.682744520661677,10,398,"{""max_depth"": 20, ""max_features"": 0.682744520661677, ""min_samples_leaf"": 10, ""n_estimators"": 398}",COMPLETE
24,4.285133016594588,2026-10-02 08:00:31.748946,2026-10-02 08:04:48.238542,0 days 00:04:16.489596,30,0.8261239818170869,10,589,"{""max_depth"": 30, ""max_features"": 0.8261239818170869, ""min_samples_leaf"": 10, ""n_estimators"": 589}",COMPLETE
25,4.285563983913224,2026-10-02 08:04:48.238588,2026-10-02 08:10:21.051884,0 days 00:05:32.813296,20,0.9500354215620409,9,650,"{""max_depth"": 20, ""max_features"": 0.9500354215620409, ""min_samples_leaf"": 9, ""n_estimators"": 650}",COMPLETE
26,4.295330470907383,2026-10-02 08:10:21.051931,2026-10-02 08:14:11.359452,0 days 00:03:50.307521,10,0.6713224723157791,9,729,"{""max_depth"": 10, ""max_features"": 0.6713224723157791, ""min_samples_leaf"": 9, ""n_estimators"": 729}",COMPLETE
27,4.289950280545014,2026-10-02 08:14:11.359500,2026-10-02 08:17:51.298084,0 days 00:03:39.938584,20,0.7116690060508541,8,556,"{""max_depth"": 20, ""max_features"": 0.7116690060508541, ""min_samples_leaf"": 8, ""n_estimators"": 556}",COMPLETE
28,4.285214879590136,2026-10-02 08:17:51.298131,2026-10-02 08:22:59.724770,0 days 00:05:08.426639,20,0.8017692561457727,9,717,"{""max_depth"": 20, ""max_features"": 0.8017692561457727, ""min_samples_leaf"": 9, ""n_estimators"": 717}",COMPLETE
29,4.288933976173099,2026-10-02 08:22:59.724818,2026-10-02 08:26:23.055927,0 days 00:03:23.331109,20,0.5922824149044117,9,637,"{""max_depth"": 20, ""max_features"": 0.5922824149044117, ""min_samples_leaf"": 9, ""n_estimators"": 637}",COMPLETE
30,4.285223178208041,2026-10-02 08:26:23.055974,2026-10-02 08:33:03.949886,0 days 00:06:40.893912,0,0.9143880182855708,8,790,"{""max_depth"": 0, ""max_features"": 0.9143880182855708, ""min_samples_leaf"": 8, ""n_estimators"": 790}",COMPLETE
31,4.288890959404921,2026-10-02 08:33:03.949933,2026-10-02 08:37:12.882627,0 days 00:04:08.932694,30,0.7687997889248185,9,601,"{""max_depth"": 30, ""max_features"": 0.7687997889248185, ""min_samples_leaf"": 9, ""n_estimators"": 601}",COMPLETE
32,4.286572123433161,2026-10-02 08:37:12.882674,2026-10-02 08:40:31.428764,0 days 00:03:18.546090,30,0.7457304721314995,9,495,"{""max_depth"": 30, ""max_features"": 0.7457304721314995, ""min_samples_leaf"": 9, ""n_estimators"": 495}",COMPLETE
33,4.285022645107364,2026-10-02 08:40:31.428810,2026-10-02 08:45:36.343299,0 days 00:05:04.914489,30,0.9918615063385191,10,583,"{""max_depth"": 30, ""max_features"": 0.9918615063385191, ""min_samples_leaf"": 10, ""n_estimators"": 583}",COMPLETE
34,4.289255657556739,2026-10-02 08:45:36.343347,2026-10-02 08:50:05.645253,0 days 00:04:29.301906,30,0.9658736435291921,8,501,"{""max_depth"": 30, ""max_features"": 0.9658736435291921, ""min_samples_leaf"": 8, ""n_estimators"": 501}",COMPLETE
35,4.285016606662981,2026-10-02 08:50:05.645301,2026-10-02 08:54:36.155367,0 days 00:04:30.510066,30,0.7395844338978289,10,693,"{""max_depth"": 30, ""max_features"": 0.7395844338978289, ""min_samples_leaf"": 10, ""n_estimators"": 693}",COMPLETE
36,4.287339715734135,2026-10-02 08:54:36.155414,2026-10-02 08:59:41.200730,0 days 00:05:05.045316,20,0.6288478074773783,9,901,"{""max_depth"": 20, ""max_features"": 0.6288478074773783, ""min_samples_leaf"": 9, ""n_estimators"": 901}",COMPLETE
37,4.2868344282527255,2026-10-02 08:59:41.200778,2026-10-02 09:03:57.951357,0 days 00:04:16.750579,20,0.725268459582183,10,676,"{""max_depth"": 20, ""max_features"": 0.725268459582183, ""min_samples_leaf"": 10, ""n_estimators"": 676}",COMPLETE
38,4.282699448697348,2026-10-02 09:03:57.951404,2026-10-02 09:09:03.435738,0 days 00:05:05.484334,30,0.8251028808416839,10,693,"{""max_depth"": 30, ""max_features"": 0.8251028808416839, ""min_samples_leaf"": 10, ""n_estimators"": 693}",COMPLETE
39,4.289757771978176,2026-10-02 09:09:03.435786,2026-10-02 09:13:54.507670,0 days 00:04:51.071884,30,0.6910484756126396,8,758,"{""max_depth"": 30, ""max_features"": 0.6910484756126396, ""min_samples_leaf"": 8, ""n_estimators"": 758}",COMPLETE
40,4.289773511027974,2026-10-02 09:13:54.507716,2026-10-02 09:18:46.687230,0 days 00:04:52.179514,20,0.8452647152250076,7,607,"{""max_depth"": 20, ""max_features"": 0.8452647152250076, ""min_samples_leaf"": 7, ""n_estimators"": 607}",COMPLETE
41,4.294270605910942,2026-10-02 09:18:46.687278,2026-10-02 09:22:29.468796,0 days 00:03:42.781518,30,0.5615967517922922,8,719,"{""max_depth"": 30, ""max_features"": 0.5615967517922922, ""min_samples_leaf"": 8, ""n_estimators"": 719}",COMPLETE
42,4.290198571112579,2026-10-02 09:22:29.468841,2026-10-02 09:25:25.675549,0 days 00:02:56.206708,20,0.6060922002850743,9,543,"{""max_depth"": 20, ""max_features"": 0.6060922002850743, ""min_samples_leaf"": 9, ""n_estimators"": 543}",COMPLETE
43,4.291768946956258,2026-10-02 09:25:25.675596,2026-10-02 09:30:47.084193,0 days 00:05:21.408597,20,0.8099986561591354,7,693,"{""max_depth"": 20, ""max_features"": 0.8099986561591354, ""min_samples_leaf"": 7, ""n_estimators"": 693}",COMPLETE
44,4.289430297609202,2026-10-02 09:30:47.084242,2026-10-02 09:35:32.152250,0 days 00:04:45.068008,30,0.6846626812116092,10,795,"{""max_depth"": 30, ""max_features"": 0.6846626812116092, ""min_samples_leaf"": 10, ""n_estimators"": 795}",COMPLETE
45,4.286431160049157,2026-10-02 09:35:32.152297,2026-10-02 09:39:26.139612,0 days 00:03:53.987315,30,0.6168669216848016,10,725,"{""max_depth"": 30, ""max_features"": 0.6168669216848016, ""min_samples_leaf"": 10, ""n_estimators"": 725}",COMPLETE
46,4.288525777440863,2026-10-02 09:39:26.139659,2026-10-02 09:42:21.090443,0 days 00:02:54.950784,30,0.6516328851430425,10,515,"{""max_depth"": 30, ""max_features"": 0.6516328851430425, ""min_samples_leaf"": 10, ""n_estimators"": 515}",COMPLETE
47,4.285581600413536,2026-10-02 09:42:21.090493,2026-10-02 09:47:57.310468,0 days 00:05:36.219975,30,0.7871212944822311,10,812,"{""max_depth"": 30, ""max_features"": 0.7871212944822311, ""min_samples_leaf"": 10, ""n_estimators"": 812}",COMPLETE
48,4.28463159400933,2026-10-02 09:47:57.310515,2026-10-02 09:51:25.470062,0 days 00:03:28.159547,20,0.5729083437451872,10,698,"{""max_depth"": 20, ""max_features"": 0.5729083437451872, ""min_samples_leaf"": 10, ""n_estimators"": 698}",COMPLETE
49,4.293223613880267,2026-10-02 09:51:25.470111,2026-10-02 09:54:16.157929,0 days 00:02:50.687818,20,0.466655293865945,10,699,"{""max_depth"": 20, ""max_features"": 0.466655293865945, ""min_samples_leaf"": 10, ""n_estimators"": 699}",COMPLETE
