number,value,datetime_start,datetime_complete,duration,params_max_depth,params_max_features,params_min_samples_leaf,params_n_estimators,system_attrs_tpe:relative_params:0,state
0,4.213101336048225,2026-10-02 06:26:50.426551,2026-10-02 06:31:30.038183,0 days 00:04:39.611632,40,0.7436704297351775,7,684,,COMPLETE
1,4.2077555881546305,2026-10-02 06:31:30.038250,2026-10-02 06:35:14.780606,0 days 00:03:44.742356,20,0.4450973669431999,8,975,,COMPLETE
2,4.215496826826044,2026-10-02 06:35:14.780675,2026-10-02 06:37:20.819752,0 days 00:02:06.039077,10,0.8493578609931441,8,314,,COMPLETE
3,4.225539511397329,2026-10-02 06:37:20.819822,2026-10-02 06:40:20.838235,0 days 00:03:00.018413,0,0.6759289191947714,2,382,,COMPLETE
4,4.242030660242222,2026-10-02 06:40:20.838303,2026-10-02 06:45:20.265120,0 days 00:04:59.426817,30,0.6115905539817836,1,619,,COMPLETE
5,4.210103983020709,2026-10-02 06:45:20.265188,2026-10-02 06:47:46.725938,0 days 00:02:26.460750,20,0.4933287584194074,7,552,,COMPLETE
6,4.214137190073813,2026-10-02 06:47:46.726013,2026-10-02 06:49:32.159194,0 days 00:01:45.433181,10,0.42733969384836035,6,521,,COMPLETE
7,4.216869365045652,2026-10-02 06:49:32.159270,2026-10-02 06:51:48.785915,0 days 00:02:16.626645,30,0.3279624422858039,5,757,,COMPLETE
8,4.210766594972113,2026-10-02 06:51:48.785984,2026-10-02 06:53:20.459235,0 days 00:01:31.673251,30,0.4318526535948677,9,437,,COMPLETE
9,4.206737817610036,2026-10-02 06:53:20.459285,2026-10-02 06:58:51.690799,0 days 00:05:31.231514,30,0.6443609677705414,8,984,,COMPLETE
10,4.2145163434148225,2026-10-02 06:58:51.690870,2026-10-02 07:05:53.569291,0 days 00:07:01.878421,30,0.8318341930301257,4,864,"{""max_depth"": 30, ""max_features"": 0.8318341930301257, ""min_samples_leaf"": 4, ""n_estimators"": 864}",COMPLETE
11,4.208936992949735,2026-10-02 07:05:53.569349,2026-10-02 07:08:49.379162,0 days 00:02:55.809813,30,0.4281475702083001,10,840,"{""max_depth"": 30, ""max_features"": 0.4281475702083001, ""min_samples_leaf"": 10, ""n_estimators"": 840}",COMPLETE
12,4.217643537427611,2026-10-02 07:08:49.379219,2026-10-02 07:10:45.339021,0 days 00:01:55.959802,20,0.23892503228397077,8,968,"{""max_depth"": 20, ""max_features"": 0.23892503228397077, ""min_samples_leaf"": 8, ""n_estimators"": 968}",COMPLETE
13,4.214896828326892,2026-10-02 07:10:45.339074,2026-10-02 07:15:09.420899,0 days 00:04:24.081825,10,0.592469725971641,7,973,"{""max_depth"": 10, ""max_features"": 0.592469725971641, ""min_samples_leaf"": 7, ""n_estimators"": 973}",COMPLETE
14,4.204567370226397,2026-10-02 07:15:09.420957,2026-10-02 07:20:52.168215,0 days 00:05:42.747258,20,0.7090043161427884,10,979,"{""max_depth"": 20, ""max_features"": 0.7090043161427884, ""min_samples_leaf"": 10, ""n_estimators"": 979}",COMPLETE
15,4.206826003915462,2026-10-02 07:20:52.168270,2026-10-02 07:26:23.509543,0 days 00:05:31.341273,20,0.7925662639725257,9,854,"{""max_depth"": 20, ""max_features"": 0.7925662639725257, ""min_samples_leaf"": 9, ""n_estimators"": 854}",COMPLETE
16,4.208102206073723,2026-10-02 07:26:23.509598,2026-10-02 07:32:07.727419,0 days 00:05:44.217821,20,0.6791913308090256,9,984,"{""max_depth"": 20, ""max_features"": 0.6791913308090256, ""min_samples_leaf"": 9, ""n_estimators"": 984}",COMPLETE
17,4.2135882148614625,2026-10-02 07:32:07.727474,2026-10-02 07:35:53.638038,0 days 00:03:45.910564,10,0.5992322726075772,10,822,"{""max_depth"": 10, ""max_features"": 0.5992322726075772, ""min_samples_leaf"": 10, ""n_estimators"": 822}",COMPLETE
18,4.204869988728352,2026-10-02 07:35:53.638097,2026-10-02 07:43:31.527477,0 days 00:07:37.889380,20,0.9525005770583875,10,950,"{""max_depth"": 20, ""max_features"": 0.9525005770583875, ""min_samples_leaf"": 10, ""n_estimators"": 950}",COMPLETE
19,4.215812812602992,2026-10-02 07:43:31.527534,2026-10-02 07:49:28.857930,0 days 00:05:57.330396,10,0.9037657043466527,7,818,"{""max_depth"": 10, ""max_features"": 0.9037657043466527, ""min_samples_leaf"": 7, ""n_estimators"": 818}",COMPLETE
20,4.203119269326165,2026-10-02 07:49:28.857985,2026-10-02 07:56:50.584138,0 days 00:07:21.726153,40,0.9711680195771386,10,917,"{""max_depth"": 40, ""max_features"": 0.9711680195771386, ""min_samples_leaf"": 10, ""n_estimators"": 917}",COMPLETE
21,4.205832909449173,2026-10-02 07:56:50.584193,2026-10-02 08:04:03.389278,0 days 00:07:12.805085,20,0.9203115558090295,9,929,"{""max_depth"": 20, ""max_features"": 0.9203115558090295, ""min_samples_leaf"": 9, ""n_estimators"": 929}",COMPLETE
22,4.204519073538158,2026-10-02 08:04:03.389332,2026-10-02 08:10:49.061564,0 days 00:06:45.672232,40,0.8373977187387212,10,964,"{""max_depth"": 40, ""max_features"": 0.8373977187387212, ""min_samples_leaf"": 10, ""n_estimators"": 964}",COMPLETE
23,4.203850429714689,2026-10-02 08:10:49.061618,2026-10-02 08:17:06.423723,0 days 00:06:17.362105,40,0.9314392768176061,10,801,"{""max_depth"": 40, ""max_features"": 0.9314392768176061, ""min_samples_leaf"": 10, ""n_estimators"": 801}",COMPLETE
24,4.20315867829137,2026-10-02 08:17:06.423776,2026-10-02 08:23:04.951982,0 days 00:05:58.528206,40,0.9577993240488526,10,741,"{""max_depth"": 40, ""max_features"": 0.9577993240488526, ""min_samples_leaf"": 10, ""n_estimators"": 741}",COMPLETE
25,4.203678199842481,2026-10-02 08:23:04.952071,2026-10-02 08:28:40.954307,0 days 00:05:36.002236,30,0.9565249079062641,10,703,"{""max_depth"": 30, ""max_features"": 0.9565249079062641, ""min_samples_leaf"": 10, ""n_estimators"": 703}",COMPLETE
26,4.205257745552156,2026-10-02 08:28:40.954362,2026-10-02 08:33:52.051461,0 days 00:05:11.097099,40,0.925103298599588,9,663,"{""max_depth"": 40, ""max_features"": 0.925103298599588, ""min_samples_leaf"": 9, ""n_estimators"": 663}",COMPLETE
27,4.207117828959379,2026-10-02 08:33:52.051516,2026-10-02 08:37:53.443429,0 days 00:04:01.391913,30,0.8273739349100695,10,572,"{""max_depth"": 30, ""max_features"": 0.8273739349100695, ""min_samples_leaf"": 10, ""n_estimators"": 572}",COMPLETE
28,4.208110493428104,2026-10-02 08:37:53.443486,2026-10-02 08:43:23.370993,0 days 00:05:29.927507,30,0.9530330254191466,7,619,"{""max_depth"": 30, ""max_features"": 0.9530330254191466, ""min_samples_leaf"": 7, ""n_estimators"": 619}",COMPLETE
29,4.202980041084917,2026-10-02 08:43:23.371049,2026-10-02 08:48:02.049461,0 days 00:04:38.678412,30,0.997387599004694,9,537,"{""max_depth"": 30, ""max_features"": 0.997387599004694, ""min_samples_leaf"": 9, ""n_estimators"": 537}",COMPLETE
30,4.205713454532021,2026-10-02 08:48:02.049514,2026-10-02 08:53:04.965490,0 days 00:05:02.915976,40,0.7792112095556702,9,754,"{""max_depth"": 40, ""max_features"": 0.7792112095556702, ""min_samples_leaf"": 9, ""n_estimators"": 754}",COMPLETE
31,4.204318687195135,2026-10-02 08:53:04.965546,2026-10-02 08:57:32.673085,0 days 00:04:27.707539,30,0.9503168461514877,10,552,"{""max_depth"": 30, ""max_features"": 0.9503168461514877, ""min_samples_leaf"": 10, ""n_estimators"": 552}",COMPLETE
32,4.209003204237933,2026-10-02 08:57:32.673138,2026-10-02 09:00:22.874976,0 days 00:02:50.201838,30,0.7323151978548686,9,469,"{""max_depth"": 30, ""max_features"": 0.7323151978548686, ""min_samples_leaf"": 9, ""n_estimators"": 469}",COMPLETE
33,4.20421071309391,2026-10-02 09:00:22.875032,2026-10-02 09:04:06.231253,0 days 00:03:43.356221,30,0.9602161830920942,9,450,"{""max_depth"": 30, ""max_features"": 0.9602161830920942, ""min_samples_leaf"": 9, ""n_estimators"": 450}",COMPLETE
34,4.202673709874568,2026-10-02 09:04:06.231313,2026-10-02 09:11:33.486331,0 days 00:07:27.255018,30,0.9980490795978284,9,852,"{""max_depth"": 30, ""max_features"": 0.9980490795978284, ""min_samples_leaf"": 9, ""n_estimators"": 852}",COMPLETE
35,4.203626014758578,2026-10-02 09:11:33.486384,2026-10-02 09:18:28.653618,0 days 00:06:55.167234,40,0.8991960871316496,8,888,"{""max_depth"": 40, ""max_features"": 0.8991960871316496, ""min_samples_leaf"": 8, ""n_estimators"": 888}",COMPLETE
36,4.208454904415965,2026-10-02 09:18:28.653673,2026-10-02 09:20:57.358696,0 days 00:02:28.705023,30,0.9195774415419966,10,328,"{""max_depth"": 30, ""max_features"": 0.9195774415419966, ""min_samples_leaf"": 10, ""n_estimators"": 328}",COMPLETE
37,4.202806128763442,2026-10-02 09:20:57.358748,2026-10-02 09:29:11.284362,0 days 00:08:13.925614,40,0.9834811186454783,9,988,"{""max_depth"": 40, ""max_features"": 0.9834811186454783, ""min_samples_leaf"": 9, ""n_estimators"": 988}",COMPLETE
38,4.201929505788979,2026-10-02 09:29:11.284416,2026-10-02 09:36:30.144899,0 days 00:07:18.860483,30,0.9914478852818492,9,903,"{""max_depth"": 30, ""max_features"": 0.9914478852818492, ""min_samples_leaf"": 9, ""n_estimators"": 903}",COMPLETE
39,4.204972779647255,2026-10-02 09:36:30.144955,2026-10-02 09:43:25.781621,0 days 00:06:55.636666,40,0.8290127261346989,8,995,"{""max_depth"": 40, ""max_features"": 0.8290127261346989, ""min_samples_leaf"": 8, ""n_estimators"": 995}",COMPLETE
40,4.207805753331215,2026-10-02 09:43:25.781672,2026-10-02 09:49:00.850171,0 days 00:05:35.068499,30,0.841919670020892,7,757,"{""max_depth"": 30, ""max_features"": 0.841919670020892, ""min_samples_leaf"": 7, ""n_estimators"": 757}",COMPLETE
41,4.204452943709224,2026-10-02 09:49:00.850227,2026-10-02 09:55:55.067725,0 days 00:06:54.217498,30,0.9666385917082597,8,835,"{""max_depth"": 30, ""max_features"": 0.9666385917082597, ""min_samples_leaf"": 8, ""n_estimators"": 835}",COMPLETE
42,4.203381483913841,2026-10-02 09:55:55.067778,2026-10-02 10:04:04.286503,0 days 00:08:09.218725,30,0.9744036305220691,9,996,"{""max_depth"": 30, ""max_features"": 0.9744036305220691, ""min_samples_leaf"": 9, ""n_estimators"": 996}",COMPLETE
43,4.202029606917185,2026-10-02 10:04:04.286558,2026-10-02 10:11:32.911535,0 days 00:07:28.624977,40,0.9898494624652693,9,890,"{""max_depth"": 40, ""max_features"": 0.9898494624652693, ""min_samples_leaf"": 9, ""n_estimators"": 890}",COMPLETE
44,4.207107301153699,2026-10-02 10:11:32.911588,2026-10-02 10:17:04.074552,0 days 00:05:31.162964,30,0.6870281891977026,9,922,"{""max_depth"": 30, ""max_features"": 0.6870281891977026, ""min_samples_leaf"": 9, ""n_estimators"": 922}",COMPLETE
45,4.206521650746442,2026-10-02 10:17:04.074607,2026-10-02 10:22:48.892339,0 days 00:05:44.817732,40,0.7492465723317355,10,901,"{""max_depth"": 40, ""max_features"": 0.7492465723317355, ""min_samples_leaf"": 10, ""n_estimators"": 901}",COMPLETE
46,4.206767005802383,2026-10-02 10:22:48.892397,2026-10-02 10:31:17.676868,0 days 00:08:28.784471,40,0.9249802852092933,6,961,"{""max_depth"": 40, ""max_features"": 0.9249802852092933, ""min_samples_leaf"": 6, ""n_estimators"": 961}",COMPLETE
47,4.201929505788979,2026-10-02 10:31:17.676928,2026-10-02 10:39:02.615861,0 days 00:07:44.938933,30,0.991577910683099,9,903,"{""max_depth"": 30, ""max_features"": 0.991577910683099, ""min_samples_leaf"": 9, ""n_estimators"": 903}",COMPLETE
48,4.201786691453383,2026-10-02 10:39:02.615919,2026-10-02 10:45:48.069481,0 days 00:06:45.453562,30,0.9156114400273943,9,881,"{""max_depth"": 30, ""max_features"": 0.9156114400273943, ""min_samples_leaf"": 9, ""n_estimators"": 881}",COMPLETE
49,4.202917245392412,2026-10-02 10:45:48.069536,2026-10-02 10:53:42.964102,0 days 00:07:54.894566,30,0.9737867683495816,8,946,"{""max_depth"": 30, ""max_features"": 0.9737867683495816, ""min_samples_leaf"": 8, ""n_estimators"": 946}",COMPLETE
