number,value,datetime_start,datetime_complete,duration,params_max_depth,params_max_features,params_min_samples_leaf,params_n_estimators,system_attrs_tpe:relative_params:0,state
0,4.120827278987728,2026-10-02 06:25:16.639381,2026-10-02 06:25:30.136896,0 days 00:00:13.497515,40,0.7436704297351775,7,684,,COMPLETE
1,4.125088526285924,2026-10-02 06:25:30.136959,2026-10-02 06:25:41.288394,0 days 00:00:11.151435,20,0.4450973669431999,8,975,,COMPLETE
2,4.1558663308742565,2026-10-02 06:25:41.288447,2026-10-02 06:25:47.176257,0 days 00:00:05.887810,10,0.8493578609931441,8,314,,COMPLETE
3,4.117426284358834,2026-10-02 06:25:47.176314,2026-10-02 06:25:55.936587,0 days 00:00:08.760273,0,0.6759289191947714,2,382,,COMPLETE
4,4.127873867470491,2026-10-02 06:25:55.936646,2026-10-02 06:26:09.903478,0 days 00:00:13.966832,30,0.6115905539817836,1,619,,COMPLETE
5,4.121696135041426,2026-10-02 06:26:09.903534,2026-10-02 06:26:17.185340,0 days 00:00:07.281806,20,0.4933287584194074,7,552,,COMPLETE
6,4.150891355050101,2026-10-02 06:26:17.185394,2026-10-02 06:26:22.283117,0 days 00:00:05.097723,10,0.42733969384836035,6,521,,COMPLETE
7,4.112953424230539,2026-10-02 06:26:22.283180,2026-10-02 06:26:29.451133,0 days 00:00:07.167953,30,0.3279624422858039,5,757,,COMPLETE
8,4.128203926375701,2026-10-02 06:26:29.451188,2026-10-02 06:26:34.327319,0 days 00:00:04.876131,30,0.4318526535948677,9,437,,COMPLETE
9,4.123690496150182,2026-10-02 06:26:34.327366,2026-10-02 06:26:50.457356,0 days 00:00:16.129990,30,0.6443609677705414,8,984,,COMPLETE
10,4.110949438141215,2026-10-02 06:26:50.457404,2026-10-02 06:26:56.712848,0 days 00:00:06.255444,30,0.2051617391694765,3,965,"{""max_depth"": 30, ""max_features"": 0.2051617391694765, ""min_samples_leaf"": 3, ""n_estimators"": 965}",COMPLETE
11,4.111827093919062,2026-10-02 06:26:56.712897,2026-10-02 06:27:02.901409,0 days 00:00:06.188512,30,0.18032176757861268,2,889,"{""max_depth"": 30, ""max_features"": 0.18032176757861268, ""min_samples_leaf"": 2, ""n_estimators"": 889}",COMPLETE
12,4.1120833366490155,2026-10-02 06:27:02.901455,2026-10-02 06:27:08.388155,0 days 00:00:05.486700,20,0.14032754289245947,2,949,"{""max_depth"": 20, ""max_features"": 0.14032754289245947, ""min_samples_leaf"": 2, ""n_estimators"": 949}",COMPLETE
13,4.1147078335367775,2026-10-02 06:27:08.388202,2026-10-02 06:27:16.483048,0 days 00:00:08.094846,30,0.20571484090476394,1,988,"{""max_depth"": 30, ""max_features"": 0.20571484090476394, ""min_samples_leaf"": 1, ""n_estimators"": 988}",COMPLETE
14,4.125303884357581,2026-10-02 06:27:16.483096,2026-10-02 06:27:20.069087,0 days 00:00:03.585991,30,0.11028866565777488,5,852,"{""max_depth"": 30, ""max_features"": 0.11028866565777488, ""min_samples_leaf"": 5, ""n_estimators"": 852}",COMPLETE
15,4.109382590769013,2026-10-02 06:27:20.069132,2026-10-02 06:27:34.320626,0 days 00:00:14.251494,0,0.4969870062966029,4,964,"{""max_depth"": 0, ""max_features"": 0.4969870062966029, ""min_samples_leaf"": 4, ""n_estimators"": 964}",COMPLETE
16,4.111367528150761,2026-10-02 06:27:34.320671,2026-10-02 06:27:49.965892,0 days 00:00:15.645221,0,0.7073102965585207,4,763,"{""max_depth"": 0, ""max_features"": 0.7073102965585207, ""min_samples_leaf"": 4, ""n_estimators"": 763}",COMPLETE
17,4.110526536022651,2026-10-02 06:27:49.965937,2026-10-02 06:28:04.194254,0 days 00:00:14.228317,0,0.5121010077054752,3,925,"{""max_depth"": 0, ""max_features"": 0.5121010077054752, ""min_samples_leaf"": 3, ""n_estimators"": 925}",COMPLETE
18,4.110614650449114,2026-10-02 06:28:04.194298,2026-10-02 06:28:18.131490,0 days 00:00:13.937192,0,0.4992350794697139,3,921,"{""max_depth"": 0, ""max_features"": 0.4992350794697139, ""min_samples_leaf"": 3, ""n_estimators"": 921}",COMPLETE
19,4.1098670485732365,2026-10-02 06:28:18.131533,2026-10-02 06:28:28.707862,0 days 00:00:10.576329,40,0.3919837069698387,2,809,"{""max_depth"": 40, ""max_features"": 0.3919837069698387, ""min_samples_leaf"": 2, ""n_estimators"": 809}",COMPLETE
20,4.123316300463277,2026-10-02 06:28:28.707907,2026-10-02 06:28:43.503640,0 days 00:00:14.795733,20,0.48948106445061873,1,837,"{""max_depth"": 20, ""max_features"": 0.48948106445061873, ""min_samples_leaf"": 1, ""n_estimators"": 837}",COMPLETE
21,4.106694832156458,2026-10-02 06:28:43.503685,2026-10-02 06:28:53.367247,0 days 00:00:09.863562,40,0.42096059121364954,3,723,"{""max_depth"": 40, ""max_features"": 0.42096059121364954, ""min_samples_leaf"": 3, ""n_estimators"": 723}",COMPLETE
22,4.107503946128124,2026-10-02 06:28:53.367291,2026-10-02 06:29:04.045811,0 days 00:00:10.678520,40,0.3496585658556099,2,872,"{""max_depth"": 40, ""max_features"": 0.3496585658556099, ""min_samples_leaf"": 2, ""n_estimators"": 872}",COMPLETE
23,4.115336587044151,2026-10-02 06:29:04.045884,2026-10-02 06:29:09.643500,0 days 00:00:05.597616,40,0.2874248105541487,3,603,"{""max_depth"": 40, ""max_features"": 0.2874248105541487, ""min_samples_leaf"": 3, ""n_estimators"": 603}",COMPLETE
24,4.112383280953803,2026-10-02 06:29:09.643546,2026-10-02 06:29:19.582069,0 days 00:00:09.938523,0,0.37433064834941177,5,966,"{""max_depth"": 0, ""max_features"": 0.37433064834941177, ""min_samples_leaf"": 5, ""n_estimators"": 966}",COMPLETE
25,4.122072585285914,2026-10-02 06:29:19.582111,2026-10-02 06:29:42.584516,0 days 00:00:23.002405,40,0.6471988890027311,1,970,"{""max_depth"": 40, ""max_features"": 0.6471988890027311, ""min_samples_leaf"": 1, ""n_estimators"": 970}",COMPLETE
26,4.11225668426121,2026-10-02 06:29:42.584564,2026-10-02 06:29:57.190511,0 days 00:00:14.605947,0,0.5916074366457352,4,825,"{""max_depth"": 0, ""max_features"": 0.5916074366457352, ""min_samples_leaf"": 4, ""n_estimators"": 825}",COMPLETE
27,4.116292482018335,2026-10-02 06:29:57.190558,2026-10-02 06:30:02.218197,0 days 00:00:05.027639,40,0.14079231809175305,1,747,"{""max_depth"": 40, ""max_features"": 0.14079231809175305, ""min_samples_leaf"": 1, ""n_estimators"": 747}",COMPLETE
28,4.115561560902273,2026-10-02 06:30:02.218244,2026-10-02 06:30:20.490731,0 days 00:00:18.272487,40,0.5067436748423758,1,985,"{""max_depth"": 40, ""max_features"": 0.5067436748423758, ""min_samples_leaf"": 1, ""n_estimators"": 985}",COMPLETE
29,4.111051201512599,2026-10-02 06:30:20.490778,2026-10-02 06:30:40.898595,0 days 00:00:20.407817,0,0.719487491638913,4,989,"{""max_depth"": 0, ""max_features"": 0.719487491638913, ""min_samples_leaf"": 4, ""n_estimators"": 989}",COMPLETE
30,4.11471067490239,2026-10-02 06:30:40.898642,2026-10-02 06:30:56.495636,0 days 00:00:15.596994,0,0.5554841016138452,5,971,"{""max_depth"": 0, ""max_features"": 0.5554841016138452, ""min_samples_leaf"": 5, ""n_estimators"": 971}",COMPLETE
31,4.106385572017614,2026-10-02 06:30:56.495679,2026-10-02 06:31:05.623495,0 days 00:00:09.127816,40,0.32293254475899424,3,862,"{""max_depth"": 40, ""max_features"": 0.32293254475899424, ""min_samples_leaf"": 3, ""n_estimators"": 862}",COMPLETE
32,4.113576015092096,2026-10-02 06:31:05.623542,2026-10-02 06:31:10.005050,0 days 00:00:04.381508,40,0.16056848562877574,3,764,"{""max_depth"": 40, ""max_features"": 0.16056848562877574, ""min_samples_leaf"": 3, ""n_estimators"": 764}",COMPLETE
33,4.112380229437896,2026-10-02 06:31:10.005095,2026-10-02 06:31:20.772166,0 days 00:00:10.767071,40,0.5031769350489834,2,651,"{""max_depth"": 40, ""max_features"": 0.5031769350489834, ""min_samples_leaf"": 2, ""n_estimators"": 651}",COMPLETE
34,4.113483574717105,2026-10-02 06:31:20.772214,2026-10-02 06:31:29.305668,0 days 00:00:08.533454,0,0.2916139313641746,3,916,"{""max_depth"": 0, ""max_features"": 0.2916139313641746, ""min_samples_leaf"": 3, ""n_estimators"": 916}",COMPLETE
35,4.114524867730355,2026-10-02 06:31:29.305714,2026-10-02 06:31:39.390059,0 days 00:00:10.084345,40,0.47266144915699065,5,777,"{""max_depth"": 40, ""max_features"": 0.47266144915699065, ""min_samples_leaf"": 5, ""n_estimators"": 777}",COMPLETE
36,4.116717663429921,2026-10-02 06:31:39.390103,2026-10-02 06:31:43.399858,0 days 00:00:04.009755,40,0.11761836385344002,3,861,"{""max_depth"": 40, ""max_features"": 0.11761836385344002, ""min_samples_leaf"": 3, ""n_estimators"": 861}",COMPLETE
37,4.111642170962301,2026-10-02 06:31:43.399907,2026-10-02 06:32:02.709547,0 days 00:00:19.309640,40,0.6312273850265391,2,882,"{""max_depth"": 40, ""max_features"": 0.6312273850265391, ""min_samples_leaf"": 2, ""n_estimators"": 882}",COMPLETE
38,4.1118561304280545,2026-10-02 06:32:02.709610,2026-10-02 06:32:10.880757,0 days 00:00:08.171147,40,0.3514347051919628,4,727,"{""max_depth"": 40, ""max_features"": 0.3514347051919628, ""min_samples_leaf"": 4, ""n_estimators"": 727}",COMPLETE
39,4.109821097589323,2026-10-02 06:32:10.880805,2026-10-02 06:32:21.108161,0 days 00:00:10.227356,40,0.546299512775144,4,662,"{""max_depth"": 40, ""max_features"": 0.546299512775144, ""min_samples_leaf"": 4, ""n_estimators"": 662}",COMPLETE
40,4.162371078710178,2026-10-02 06:32:21.108207,2026-10-02 06:32:28.159356,0 days 00:00:07.051149,10,0.3310872358381819,1,886,"{""max_depth"": 10, ""max_features"": 0.3310872358381819, ""min_samples_leaf"": 1, ""n_estimators"": 886}",COMPLETE
41,4.1094873354594705,2026-10-02 06:32:28.159401,2026-10-02 06:32:38.514431,0 days 00:00:10.355030,40,0.5256380903291176,4,672,"{""max_depth"": 40, ""max_features"": 0.5256380903291176, ""min_samples_leaf"": 4, ""n_estimators"": 672}",COMPLETE
42,4.1079403002484645,2026-10-02 06:32:38.514476,2026-10-02 06:32:45.141244,0 days 00:00:06.626768,40,0.2146459047635882,2,840,"{""max_depth"": 40, ""max_features"": 0.2146459047635882, ""min_samples_leaf"": 2, ""n_estimators"": 840}",COMPLETE
43,4.111820377708589,2026-10-02 06:32:45.141293,2026-10-02 06:32:59.208354,0 days 00:00:14.067061,40,0.6116186723582251,2,720,"{""max_depth"": 40, ""max_features"": 0.6116186723582251, ""min_samples_leaf"": 2, ""n_estimators"": 720}",COMPLETE
44,4.109113176010216,2026-10-02 06:32:59.208399,2026-10-02 06:33:06.393374,0 days 00:00:07.184975,40,0.24162152784495408,2,809,"{""max_depth"": 40, ""max_features"": 0.24162152784495408, ""min_samples_leaf"": 2, ""n_estimators"": 809}",COMPLETE
45,4.111443868248894,2026-10-02 06:33:06.393421,2026-10-02 06:33:13.888438,0 days 00:00:07.495017,40,0.27538418438165757,4,950,"{""max_depth"": 40, ""max_features"": 0.27538418438165757, ""min_samples_leaf"": 4, ""n_estimators"": 950}",COMPLETE
46,4.113171201671366,2026-10-02 06:33:13.888484,2026-10-02 06:33:22.241550,0 days 00:00:08.353066,40,0.24503510543932425,1,820,"{""max_depth"": 40, ""max_features"": 0.24503510543932425, ""min_samples_leaf"": 1, ""n_estimators"": 820}",COMPLETE
47,4.111367235135553,2026-10-02 06:33:22.241634,2026-10-02 06:33:28.930476,0 days 00:00:06.688842,40,0.2727875738913737,4,852,"{""max_depth"": 40, ""max_features"": 0.2727875738913737, ""min_samples_leaf"": 4, ""n_estimators"": 852}",COMPLETE
48,4.107160239035979,2026-10-02 06:33:28.930518,2026-10-02 06:33:38.150464,0 days 00:00:09.219946,40,0.4293472757890814,3,698,"{""max_depth"": 40, ""max_features"": 0.4293472757890814, ""min_samples_leaf"": 3, ""n_estimators"": 698}",COMPLETE
49,4.115177596314434,2026-10-02 06:33:38.150507,2026-10-02 06:33:49.263796,0 days 00:00:11.113289,40,0.38229082407819415,1,740,"{""max_depth"": 40, ""max_features"": 0.38229082407819415, ""min_samples_leaf"": 1, ""n_estimators"": 740}",COMPLETE
