number,value,datetime_start,datetime_complete,duration,params_alpha,system_attrs_tpe:relative_params:0,state
0,4.115196785909762,2026-10-02 06:25:22.153797,2026-10-02 06:25:22.509527,0 days 00:00:00.355730,1.96282248134428,,COMPLETE
1,4.104341833634134,2026-10-02 06:25:22.509606,2026-10-02 06:25:22.973478,0 days 00:00:00.463872,19.549524484259873,,COMPLETE
2,4.105450105032887,2026-10-02 06:25:22.973553,2026-10-02 06:25:23.616532,0 days 00:00:00.642979,4.135997393839888,,COMPLETE
3,4.116103825000169,2026-10-02 06:25:23.616610,2026-10-02 06:25:24.153478,0 days 00:00:00.536868,1.8590843630169627,,COMPLETE
4,4.153680410422503,2026-10-02 06:25:24.153555,2026-10-02 06:25:24.675709,0 days 00:00:00.522154,0.348280208702833,,COMPLETE
5,4.10170187263064,2026-10-02 06:25:24.675779,2026-10-02 06:25:25.422541,0 days 00:00:00.746762,7.505241622349544,,COMPLETE
6,4.148721381126852,2026-10-02 06:25:25.422616,2026-10-02 06:25:25.994811,0 days 00:00:00.572195,0.4222048983149828,,COMPLETE
7,4.168813095542659,2026-10-02 06:25:25.994897,2026-10-02 06:25:26.558293,0 days 00:00:00.563396,224.2012371372442,,COMPLETE
8,4.212341013461843,2026-10-02 06:25:26.558366,2026-10-02 06:25:27.035696,0 days 00:00:00.477330,605.3082080079017,,COMPLETE
9,4.1680162429523095,2026-10-02 06:25:27.035757,2026-10-02 06:25:27.202743,0 days 00:00:00.166986,0.1998246739232945,,COMPLETE
10,4.2186152033517095,2026-10-02 06:25:27.202801,2026-10-02 06:25:27.787465,0 days 00:00:00.584664,0.00243777399563589,"{""alpha"": 0.00243777399563589}",COMPLETE
11,4.113792703047865,2026-10-02 06:25:27.787528,2026-10-02 06:25:28.514529,0 days 00:00:00.727001,38.7243731605857,"{""alpha"": 38.7243731605857}",COMPLETE
12,4.11132354649235,2026-10-02 06:25:28.514592,2026-10-02 06:25:28.802358,0 days 00:00:00.287766,33.736441805934916,"{""alpha"": 33.736441805934916}",COMPLETE
13,4.105340700146436,2026-10-02 06:25:28.802421,2026-10-02 06:25:29.413472,0 days 00:00:00.611051,21.69007573711376,"{""alpha"": 21.69007573711376}",COMPLETE
14,4.209614081790897,2026-10-02 06:25:29.413535,2026-10-02 06:25:30.196474,0 days 00:00:00.782939,0.019611938573593016,"{""alpha"": 0.019611938573593016}",COMPLETE
15,4.1013108845007915,2026-10-02 06:25:30.196537,2026-10-02 06:25:30.520654,0 days 00:00:00.324117,9.614926540692217,"{""alpha"": 9.614926540692217}",COMPLETE
16,4.151871047936926,2026-10-02 06:25:30.520716,2026-10-02 06:25:30.752515,0 days 00:00:00.231799,145.42959459716076,"{""alpha"": 145.42959459716076}",COMPLETE
17,4.1025610640815575,2026-10-02 06:25:30.752576,2026-10-02 06:25:31.092501,0 days 00:00:00.339925,6.1070355699153005,"{""alpha"": 6.1070355699153005}",COMPLETE
18,4.197032070121062,2026-10-02 06:25:31.092563,2026-10-02 06:25:31.661518,0 days 00:00:00.568955,0.05246168561641169,"{""alpha"": 0.05246168561641169}",COMPLETE
19,4.129321657760723,2026-10-02 06:25:31.661580,2026-10-02 06:25:31.988496,0 days 00:00:00.326916,0.945813816842651,"{""alpha"": 0.945813816842651}",COMPLETE
20,4.101427245241504,2026-10-02 06:25:31.988555,2026-10-02 06:25:32.362477,0 days 00:00:00.373922,8.442840343527704,"{""alpha"": 8.442840343527704}",COMPLETE
21,4.1013188857192455,2026-10-02 06:25:32.362541,2026-10-02 06:25:32.786500,0 days 00:00:00.423959,9.355237395310382,"{""alpha"": 9.355237395310382}",COMPLETE
22,4.126843982767909,2026-10-02 06:25:32.786561,2026-10-02 06:25:33.224513,0 days 00:00:00.437952,67.7536672098911,"{""alpha"": 67.7536672098911}",COMPLETE
23,4.101310624491638,2026-10-02 06:25:33.224575,2026-10-02 06:25:33.791890,0 days 00:00:00.567315,9.80639356954125,"{""alpha"": 9.80639356954125}",COMPLETE
24,4.144310909696029,2026-10-02 06:25:33.791953,2026-10-02 06:25:34.228526,0 days 00:00:00.436573,117.99306516815159,"{""alpha"": 117.99306516815159}",COMPLETE
25,4.226370711672602,2026-10-02 06:25:34.228587,2026-10-02 06:25:34.671950,0 days 00:00:00.443363,813.3882605415594,"{""alpha"": 813.3882605415594}",COMPLETE
26,4.1166031796579565,2026-10-02 06:25:34.672009,2026-10-02 06:25:35.001491,0 days 00:00:00.329482,1.8054424249919454,"{""alpha"": 1.8054424249919454}",COMPLETE
27,4.101711799408523,2026-10-02 06:25:35.001551,2026-10-02 06:25:35.313530,0 days 00:00:00.311979,7.480659312318921,"{""alpha"": 7.480659312318921}",COMPLETE
28,4.18233355944225,2026-10-02 06:25:35.313593,2026-10-02 06:25:35.877469,0 days 00:00:00.563876,0.11032421493351248,"{""alpha"": 0.11032421493351248}",COMPLETE
29,4.127393846397225,2026-10-02 06:25:35.877532,2026-10-02 06:25:36.662470,0 days 00:00:00.784938,1.033799038545709,"{""alpha"": 1.033799038545709}",COMPLETE
