number,value,datetime_start,datetime_complete,duration,params_colsample_bytree,params_learning_rate,params_max_depth,params_min_child_weight,params_n_estimators,params_reg_alpha,params_reg_lambda,params_subsample,system_attrs_tpe:relative_params:0,state
0,4.323997509516389,2026-10-02 18:07:00.686026,2026-10-02 18:11:34.826909,0 days 00:04:34.140883,0.7521258791466592,0.11387317092169064,7,11,1188,3.6905577292137624,0.0562793204741517,0.7118273996694524,,COMPLETE
1,4.213088974991247,2026-10-02 18:11:34.827167,2026-10-02 18:23:19.380729,0 days 00:11:44.553562,0.9479176468048627,0.036845938035010996,9,11,1935,0.002231090560744304,0.0019237305096546497,0.7840222805469661,,COMPLETE
2,4.310186648166339,2026-10-02 18:23:19.380987,2026-10-02 18:24:58.047065,0 days 00:01:38.666078,0.8594109949517064,0.16977763163336626,9,18,236,1.3246974647468452,0.07013219779945795,0.989309171116382,,COMPLETE
3,4.19977358735331,2026-10-02 18:24:58.047265,2026-10-02 18:25:29.175348,0 days 00:00:31.128083,0.5902633579933665,0.088153780513692,4,19,413,1.2500712230836255,0.011434638743472197,0.7609241608750359,,COMPLETE
4,4.194191323202955,2026-10-02 18:25:29.175575,2026-10-02 18:26:22.596191,0 days 00:00:53.420616,0.7318537978123298,0.06912670683424535,3,13,1021,0.5336803302756715,5.956516018710568,0.8060478613612108,,COMPLETE
5,4.186248478281357,2026-10-02 18:26:22.596465,2026-10-02 18:33:14.182043,0 days 00:06:51.585578,0.7694465087327116,0.04421291893432151,8,2,847,0.0032787264983352763,0.0069427294924301495,0.8333833577228338,,COMPLETE
6,4.147537002029895,2026-10-02 18:33:14.182253,2026-10-02 18:35:15.965992,0 days 00:02:01.783739,0.3714313675236196,0.03445441737078129,7,9,768,0.004418125737902547,0.006847105576684045,0.9941869190296131,,COMPLETE
7,4.20796830616727,2026-10-02 18:35:15.966209,2026-10-02 18:38:38.707756,0 days 00:03:22.741547,0.37726259881501356,0.023666956347875266,6,5,1376,0.003570522756718293,0.4220057397195018,0.5794847918227599,,COMPLETE
8,4.1336020286931445,2026-10-02 18:38:38.707963,2026-10-02 18:43:14.536550,0 days 00:04:35.828587,0.36726888552577414,0.035047075708368194,9,2,554,0.07492121411354245,8.050778165087026,0.918972453749402,,COMPLETE
9,4.234196513148048,2026-10-02 18:43:14.536730,2026-10-02 18:50:34.683120,0 days 00:07:20.146390,0.3841375928492182,0.07824023983213262,8,1,1959,0.002984770033451216,0.015295398277813725,0.6414034812882048,,COMPLETE
10,4.1745465032231825,2026-10-02 18:50:34.683333,2026-10-02 19:01:39.003747,0 days 00:11:04.320414,0.6076662739540196,0.03564034261936082,10,7,1366,0.06630900947764848,0.274433689541592,0.9452212598059986,"{""colsample_bytree"": 0.6076662739540196, ""learning_rate"": 0.03564034261936082, ""max_depth"": 10, ""min_child_weight"": 7, ""n_estimators"": 1366, ""reg_alpha"": 0.06630900947764848, ""reg_lambda"": 0.274433689541592, ""subsample"": 0.9452212598059986}",COMPLETE
11,4.112611816213385,2026-10-02 19:01:39.003971,2026-10-02 19:06:16.654062,0 days 00:04:37.650091,0.37023581398948413,0.02769900112326703,9,1,478,1.1262529100504257,3.8638678237427775,0.9445024683717319,"{""colsample_bytree"": 0.37023581398948413, ""learning_rate"": 0.02769900112326703, ""max_depth"": 9, ""min_child_weight"": 1, ""n_estimators"": 478, ""reg_alpha"": 1.1262529100504257, ""reg_lambda"": 3.8638678237427775, ""subsample"": 0.9445024683717319}",COMPLETE
12,4.156826576134527,2026-10-02 19:06:16.654262,2026-10-02 19:10:57.692853,0 days 00:04:41.038591,0.43178213502675256,0.06455649551901527,10,1,498,5.826866950698469,5.589107156388151,0.9149544311486224,"{""colsample_bytree"": 0.43178213502675256, ""learning_rate"": 0.06455649551901527, ""max_depth"": 10, ""min_child_weight"": 1, ""n_estimators"": 498, ""reg_alpha"": 5.826866950698469, ""reg_lambda"": 5.589107156388151, ""subsample"": 0.9149544311486224}",COMPLETE
13,4.085592338615373,2026-10-02 19:10:57.693058,2026-10-02 19:14:39.143791,0 days 00:03:41.450733,0.39318412164058986,0.015179476016142814,8,5,671,0.19375139466922014,8.10551900570838,0.8816337863795115,"{""colsample_bytree"": 0.39318412164058986, ""learning_rate"": 0.015179476016142814, ""max_depth"": 8, ""min_child_weight"": 5, ""n_estimators"": 671, ""reg_alpha"": 0.19375139466922014, ""reg_lambda"": 8.10551900570838, ""subsample"": 0.8816337863795115}",COMPLETE
14,4.173433602334993,2026-10-02 19:14:39.143997,2026-10-02 19:20:29.366939,0 days 00:05:50.222942,0.41789622598373183,0.03037473523656929,9,6,869,1.0519209941894458,2.340233512139886,0.7171580394653593,"{""colsample_bytree"": 0.41789622598373183, ""learning_rate"": 0.03037473523656929, ""max_depth"": 9, ""min_child_weight"": 6, ""n_estimators"": 869, ""reg_alpha"": 1.0519209941894458, ""reg_lambda"": 2.340233512139886, ""subsample"": 0.7171580394653593}",COMPLETE
15,4.0589545295210785,2026-10-02 19:20:29.367150,2026-10-02 19:25:25.958038,0 days 00:04:56.590888,0.4652641850216588,0.013779559043147148,10,2,355,0.2074414263582567,8.322405811229993,0.7171333889045786,"{""colsample_bytree"": 0.4652641850216588, ""learning_rate"": 0.013779559043147148, ""max_depth"": 10, ""min_child_weight"": 2, ""n_estimators"": 355, ""reg_alpha"": 0.2074414263582567, ""reg_lambda"": 8.322405811229993, ""subsample"": 0.7171333889045786}",COMPLETE
16,4.114463050719847,2026-10-02 19:25:25.958244,2026-10-02 19:29:13.209315,0 days 00:03:47.251071,0.5473701022659837,0.028357552513159866,10,3,353,0.17677474263039178,4.8985627405135865,0.6825952546463689,"{""colsample_bytree"": 0.5473701022659837, ""learning_rate"": 0.028357552513159866, ""max_depth"": 10, ""min_child_weight"": 3, ""n_estimators"": 353, ""reg_alpha"": 0.17677474263039178, ""reg_lambda"": 4.8985627405135865, ""subsample"": 0.6825952546463689}",COMPLETE
17,4.116237223809707,2026-10-02 19:29:13.209540,2026-10-02 19:33:46.038607,0 days 00:04:32.829067,0.34633160176946537,0.011165119153688547,9,7,934,0.29912743993947527,0.43091305530204654,0.7611538911090986,"{""colsample_bytree"": 0.34633160176946537, ""learning_rate"": 0.011165119153688547, ""max_depth"": 9, ""min_child_weight"": 7, ""n_estimators"": 934, ""reg_alpha"": 0.29912743993947527, ""reg_lambda"": 0.43091305530204654, ""subsample"": 0.7611538911090986}",COMPLETE
18,4.056362104061484,2026-10-02 19:33:46.038839,2026-10-02 19:36:13.251692,0 days 00:02:27.212853,0.5196524513122274,0.014015866021456425,8,4,382,0.008849726700622158,2.961515122231477,0.6696813747150185,"{""colsample_bytree"": 0.5196524513122274, ""learning_rate"": 0.014015866021456425, ""max_depth"": 8, ""min_child_weight"": 4, ""n_estimators"": 382, ""reg_alpha"": 0.008849726700622158, ""reg_lambda"": 2.961515122231477, ""subsample"": 0.6696813747150185}",COMPLETE
19,4.105285232980666,2026-10-02 19:36:13.251905,2026-10-02 19:42:18.651695,0 days 00:06:05.399790,0.5894027768354565,0.012109833064771458,9,5,810,0.013406761424442443,2.9061903775791285,0.7090591868308389,"{""colsample_bytree"": 0.5894027768354565, ""learning_rate"": 0.012109833064771458, ""max_depth"": 9, ""min_child_weight"": 5, ""n_estimators"": 810, ""reg_alpha"": 0.013406761424442443, ""reg_lambda"": 2.9061903775791285, ""subsample"": 0.7090591868308389}",COMPLETE
20,4.065587154947504,2026-10-02 19:42:18.651939,2026-10-02 19:48:43.301585,0 days 00:06:24.649646,0.6113088209445364,0.013598061819630927,10,2,437,0.006937697373697814,8.20230178897086,0.6480127373967514,"{""colsample_bytree"": 0.6113088209445364, ""learning_rate"": 0.013598061819630927, ""max_depth"": 10, ""min_child_weight"": 2, ""n_estimators"": 437, ""reg_alpha"": 0.006937697373697814, ""reg_lambda"": 8.20230178897086, ""subsample"": 0.6480127373967514}",COMPLETE
21,4.053684728987579,2026-10-02 19:48:43.301796,2026-10-02 19:53:44.586796,0 days 00:05:01.285000,0.4959778357965329,0.01045924649327903,9,4,605,0.020870587558358515,9.585217687571024,0.585345951583617,"{""colsample_bytree"": 0.4959778357965329, ""learning_rate"": 0.01045924649327903, ""max_depth"": 9, ""min_child_weight"": 4, ""n_estimators"": 605, ""reg_alpha"": 0.020870587558358515, ""reg_lambda"": 9.585217687571024, ""subsample"": 0.585345951583617}",COMPLETE
22,4.10461625640218,2026-10-02 19:53:44.587034,2026-10-02 19:57:13.724104,0 days 00:03:29.137070,0.5221093763062759,0.014403624383331766,9,6,588,0.06190789376938242,1.581023986618532,0.5926268147672547,"{""colsample_bytree"": 0.5221093763062759, ""learning_rate"": 0.014403624383331766, ""max_depth"": 9, ""min_child_weight"": 6, ""n_estimators"": 588, ""reg_alpha"": 0.06190789376938242, ""reg_lambda"": 1.581023986618532, ""subsample"": 0.5926268147672547}",COMPLETE
23,4.119555703264715,2026-10-02 19:57:13.724313,2026-10-02 20:05:20.491039,0 days 00:08:06.766726,0.579877016551036,0.012834210121310226,9,2,896,0.028234343212928864,2.872022280959961,0.5296661075572228,"{""colsample_bytree"": 0.579877016551036, ""learning_rate"": 0.012834210121310226, ""max_depth"": 9, ""min_child_weight"": 2, ""n_estimators"": 896, ""reg_alpha"": 0.028234343212928864, ""reg_lambda"": 2.872022280959961, ""subsample"": 0.5296661075572228}",COMPLETE
24,4.184874087621011,2026-10-02 20:05:20.491266,2026-10-02 20:10:18.781994,0 days 00:04:58.290728,0.47965171119492894,0.028142896928581105,10,5,725,0.004411332456584992,3.774540553715921,0.5650717679462168,"{""colsample_bytree"": 0.47965171119492894, ""learning_rate"": 0.028142896928581105, ""max_depth"": 10, ""min_child_weight"": 5, ""n_estimators"": 725, ""reg_alpha"": 0.004411332456584992, ""reg_lambda"": 3.774540553715921, ""subsample"": 0.5650717679462168}",COMPLETE
25,4.12497981891589,2026-10-02 20:10:18.782225,2026-10-02 20:13:45.807084,0 days 00:03:27.024859,0.33323594085976405,0.027270109549483428,10,3,418,0.05195939643120352,4.6583802420007885,0.6454468044839274,"{""colsample_bytree"": 0.33323594085976405, ""learning_rate"": 0.027270109549483428, ""max_depth"": 10, ""min_child_weight"": 3, ""n_estimators"": 418, ""reg_alpha"": 0.05195939643120352, ""reg_lambda"": 4.6583802420007885, ""subsample"": 0.6454468044839274}",COMPLETE
26,4.06245492088521,2026-10-02 20:13:45.807290,2026-10-02 20:16:09.372061,0 days 00:02:23.564771,0.6308035418665144,0.0180668919663174,9,6,309,0.008078608021837894,2.8090117438868294,0.6369582394819302,"{""colsample_bytree"": 0.6308035418665144, ""learning_rate"": 0.0180668919663174, ""max_depth"": 9, ""min_child_weight"": 6, ""n_estimators"": 309, ""reg_alpha"": 0.008078608021837894, ""reg_lambda"": 2.8090117438868294, ""subsample"": 0.6369582394819302}",COMPLETE
27,4.058598208122773,2026-10-02 20:16:09.372283,2026-10-02 20:20:55.259122,0 days 00:04:45.886839,0.5199510431541624,0.010763806383836427,10,2,301,0.12037740169332821,2.6958836149448238,0.8060225075410591,"{""colsample_bytree"": 0.5199510431541624, ""learning_rate"": 0.010763806383836427, ""max_depth"": 10, ""min_child_weight"": 2, ""n_estimators"": 301, ""reg_alpha"": 0.12037740169332821, ""reg_lambda"": 2.6958836149448238, ""subsample"": 0.8060225075410591}",COMPLETE
28,4.063308493571703,2026-10-02 20:20:55.259340,2026-10-02 20:25:39.613674,0 days 00:04:44.354334,0.447650441717189,0.013425134848805517,9,1,427,0.04119708045202587,9.127441803585572,0.6044908025229185,"{""colsample_bytree"": 0.447650441717189, ""learning_rate"": 0.013425134848805517, ""max_depth"": 9, ""min_child_weight"": 1, ""n_estimators"": 427, ""reg_alpha"": 0.04119708045202587, ""reg_lambda"": 9.127441803585572, ""subsample"": 0.6044908025229185}",COMPLETE
29,4.096736907007884,2026-10-02 20:25:39.613888,2026-10-02 20:30:19.700868,0 days 00:04:40.086980,0.5373528117817465,0.016278800574890007,9,4,562,0.005747177610486848,2.842625208070012,0.8366852802582807,"{""colsample_bytree"": 0.5373528117817465, ""learning_rate"": 0.016278800574890007, ""max_depth"": 9, ""min_child_weight"": 4, ""n_estimators"": 562, ""reg_alpha"": 0.005747177610486848, ""reg_lambda"": 2.842625208070012, ""subsample"": 0.8366852802582807}",COMPLETE
30,4.036377485392955,2026-10-02 20:30:19.701171,2026-10-02 20:33:41.693608,0 days 00:03:21.992437,0.5908891492886033,0.013979188261846381,8,2,393,0.03817424034701946,8.856827470550707,0.6174256418314448,"{""colsample_bytree"": 0.5908891492886033, ""learning_rate"": 0.013979188261846381, ""max_depth"": 8, ""min_child_weight"": 2, ""n_estimators"": 393, ""reg_alpha"": 0.03817424034701946, ""reg_lambda"": 8.856827470550707, ""subsample"": 0.6174256418314448}",COMPLETE
31,4.0722709571987785,2026-10-02 20:33:41.693820,2026-10-02 20:38:07.995978,0 days 00:04:26.302158,0.5935499555998929,0.01442849608785064,9,2,460,0.09876054412403902,2.182857333208354,0.5634737643765622,"{""colsample_bytree"": 0.5935499555998929, ""learning_rate"": 0.01442849608785064, ""max_depth"": 9, ""min_child_weight"": 2, ""n_estimators"": 460, ""reg_alpha"": 0.09876054412403902, ""reg_lambda"": 2.182857333208354, ""subsample"": 0.5634737643765622}",COMPLETE
32,4.067616540937947,2026-10-02 20:38:07.996199,2026-10-02 20:41:38.658519,0 days 00:03:30.662320,0.4457118660263364,0.010536845612568246,8,2,547,0.009544032972933053,1.489763138182291,0.59872085757193,"{""colsample_bytree"": 0.4457118660263364, ""learning_rate"": 0.010536845612568246, ""max_depth"": 8, ""min_child_weight"": 2, ""n_estimators"": 547, ""reg_alpha"": 0.009544032972933053, ""reg_lambda"": 1.489763138182291, ""subsample"": 0.59872085757193}",COMPLETE
33,4.078015342579266,2026-10-02 20:41:38.658738,2026-10-02 20:45:15.833723,0 days 00:03:37.174985,0.4587473473396931,0.018588638409960594,10,2,277,0.3384902846825308,2.6924135003902405,0.7889060461990761,"{""colsample_bytree"": 0.4587473473396931, ""learning_rate"": 0.018588638409960594, ""max_depth"": 10, ""min_child_weight"": 2, ""n_estimators"": 277, ""reg_alpha"": 0.3384902846825308, ""reg_lambda"": 2.6924135003902405, ""subsample"": 0.7889060461990761}",COMPLETE
34,4.098740083442084,2026-10-02 20:45:15.833918,2026-10-02 20:48:50.290632,0 days 00:03:34.456714,0.4991171073235993,0.017021725672846225,9,5,505,0.03777324021711567,2.697526730865152,0.7453117482459195,"{""colsample_bytree"": 0.4991171073235993, ""learning_rate"": 0.017021725672846225, ""max_depth"": 9, ""min_child_weight"": 5, ""n_estimators"": 505, ""reg_alpha"": 0.03777324021711567, ""reg_lambda"": 2.697526730865152, ""subsample"": 0.7453117482459195}",COMPLETE
35,4.0801689506401635,2026-10-02 20:48:50.290850,2026-10-02 20:53:35.136151,0 days 00:04:44.845301,0.654827170662846,0.015337284550019445,8,2,561,0.01678411494646922,6.222031464235873,0.6407541351611475,"{""colsample_bytree"": 0.654827170662846, ""learning_rate"": 0.015337284550019445, ""max_depth"": 8, ""min_child_weight"": 2, ""n_estimators"": 561, ""reg_alpha"": 0.01678411494646922, ""reg_lambda"": 6.222031464235873, ""subsample"": 0.6407541351611475}",COMPLETE
36,4.079239510799582,2026-10-02 20:53:35.136413,2026-10-02 20:56:26.346975,0 days 00:02:51.210562,0.43335147199676166,0.014618091708784165,8,8,600,0.023040571658148504,7.595777600546869,0.6192472918458926,"{""colsample_bytree"": 0.43335147199676166, ""learning_rate"": 0.014618091708784165, ""max_depth"": 8, ""min_child_weight"": 8, ""n_estimators"": 600, ""reg_alpha"": 0.023040571658148504, ""reg_lambda"": 7.595777600546869, ""subsample"": 0.6192472918458926}",COMPLETE
37,4.059304991018508,2026-10-02 20:56:26.347211,2026-10-02 20:59:48.395058,0 days 00:03:22.047847,0.5281937269396005,0.011523789728984483,10,4,299,0.17327455477196121,1.211294156918253,0.7219800671574387,"{""colsample_bytree"": 0.5281937269396005, ""learning_rate"": 0.011523789728984483, ""max_depth"": 10, ""min_child_weight"": 4, ""n_estimators"": 299, ""reg_alpha"": 0.17327455477196121, ""reg_lambda"": 1.211294156918253, ""subsample"": 0.7219800671574387}",COMPLETE
38,4.03969088170246,2026-10-02 20:59:48.395287,2026-10-02 21:01:47.604066,0 days 00:01:59.208779,0.4728825111496973,0.011200705856653554,8,6,318,0.10881685782662642,7.224322037450198,0.6762384074303195,"{""colsample_bytree"": 0.4728825111496973, ""learning_rate"": 0.011200705856653554, ""max_depth"": 8, ""min_child_weight"": 6, ""n_estimators"": 318, ""reg_alpha"": 0.10881685782662642, ""reg_lambda"": 7.224322037450198, ""subsample"": 0.6762384074303195}",COMPLETE
39,4.106827443153563,2026-10-02 21:01:47.604272,2026-10-02 21:03:51.828673,0 days 00:02:04.224401,0.49128616789749696,0.023347866515337903,7,5,477,0.06381338689178656,5.351281478926747,0.6772250627279262,"{""colsample_bytree"": 0.49128616789749696, ""learning_rate"": 0.023347866515337903, ""max_depth"": 7, ""min_child_weight"": 5, ""n_estimators"": 477, ""reg_alpha"": 0.06381338689178656, ""reg_lambda"": 5.351281478926747, ""subsample"": 0.6772250627279262}",COMPLETE
40,4.051516362488663,2026-10-02 21:03:51.828892,2026-10-02 21:07:06.711687,0 days 00:03:14.882795,0.5597961685985758,0.010594267750396829,9,6,408,0.009946759435496366,3.5914931417253007,0.67885932228328,"{""colsample_bytree"": 0.5597961685985758, ""learning_rate"": 0.010594267750396829, ""max_depth"": 9, ""min_child_weight"": 6, ""n_estimators"": 408, ""reg_alpha"": 0.009946759435496366, ""reg_lambda"": 3.5914931417253007, ""subsample"": 0.67885932228328}",COMPLETE
41,4.03519069431625,2026-10-02 21:07:06.711916,2026-10-02 21:09:36.894589,0 days 00:02:30.182673,0.5748924943243587,0.012973855704484607,8,3,328,0.03900530371490091,6.456397928190002,0.6018915572770152,"{""colsample_bytree"": 0.5748924943243587, ""learning_rate"": 0.012973855704484607, ""max_depth"": 8, ""min_child_weight"": 3, ""n_estimators"": 328, ""reg_alpha"": 0.03900530371490091, ""reg_lambda"": 6.456397928190002, ""subsample"": 0.6018915572770152}",COMPLETE
42,4.053384516898897,2026-10-02 21:09:36.894791,2026-10-02 21:14:28.770084,0 days 00:04:51.875293,0.5776389362606871,0.013708824334091842,10,4,426,0.09229455381078637,9.127974006271801,0.6277631134986118,"{""colsample_bytree"": 0.5776389362606871, ""learning_rate"": 0.013708824334091842, ""max_depth"": 10, ""min_child_weight"": 4, ""n_estimators"": 426, ""reg_alpha"": 0.09229455381078637, ""reg_lambda"": 9.127974006271801, ""subsample"": 0.6277631134986118}",COMPLETE
43,4.077421723984942,2026-10-02 21:14:28.770313,2026-10-02 21:18:05.354616,0 days 00:03:36.584303,0.5867922123128552,0.01676579213652162,8,5,569,0.04147400589605209,9.106517254025471,0.5701723512279715,"{""colsample_bytree"": 0.5867922123128552, ""learning_rate"": 0.01676579213652162, ""max_depth"": 8, ""min_child_weight"": 5, ""n_estimators"": 569, ""reg_alpha"": 0.04147400589605209, ""reg_lambda"": 9.106517254025471, ""subsample"": 0.5701723512279715}",COMPLETE
44,4.08771746365364,2026-10-02 21:18:05.354838,2026-10-02 21:21:03.319301,0 days 00:02:57.964463,0.6508725331955169,0.02512054758728348,9,4,317,0.16616668677615112,9.214285896323345,0.5964202512590489,"{""colsample_bytree"": 0.6508725331955169, ""learning_rate"": 0.02512054758728348, ""max_depth"": 9, ""min_child_weight"": 4, ""n_estimators"": 317, ""reg_alpha"": 0.16616668677615112, ""reg_lambda"": 9.214285896323345, ""subsample"": 0.5964202512590489}",COMPLETE
45,4.035909611928545,2026-10-02 21:21:03.319537,2026-10-02 21:23:15.287762,0 days 00:02:11.968225,0.586708921249653,0.011729906955368961,7,3,404,0.03350455280834974,3.289154534163811,0.707634114214827,"{""colsample_bytree"": 0.586708921249653, ""learning_rate"": 0.011729906955368961, ""max_depth"": 7, ""min_child_weight"": 3, ""n_estimators"": 404, ""reg_alpha"": 0.03350455280834974, ""reg_lambda"": 3.289154534163811, ""subsample"": 0.707634114214827}",COMPLETE
46,4.055120792690357,2026-10-02 21:23:15.287978,2026-10-02 21:25:24.137318,0 days 00:02:08.849340,0.5469709185269681,0.016288330395866846,9,3,234,0.020817347112728268,1.7823653779340976,0.5905774511961891,"{""colsample_bytree"": 0.5469709185269681, ""learning_rate"": 0.016288330395866846, ""max_depth"": 9, ""min_child_weight"": 3, ""n_estimators"": 234, ""reg_alpha"": 0.020817347112728268, ""reg_lambda"": 1.7823653779340976, ""subsample"": 0.5905774511961891}",COMPLETE
47,4.034072041062484,2026-10-02 21:25:24.137547,2026-10-02 21:26:44.904203,0 days 00:01:20.766656,0.5078970106473581,0.01263010928416463,7,5,279,0.040966836562895195,4.921885350213415,0.6115350667326638,"{""colsample_bytree"": 0.5078970106473581, ""learning_rate"": 0.01263010928416463, ""max_depth"": 7, ""min_child_weight"": 5, ""n_estimators"": 279, ""reg_alpha"": 0.040966836562895195, ""reg_lambda"": 4.921885350213415, ""subsample"": 0.6115350667326638}",COMPLETE
48,4.032050298580656,2026-10-02 21:26:44.904443,2026-10-02 21:27:45.730176,0 days 00:01:00.825733,0.6180259995153212,0.013380715734260362,6,4,261,0.048555362928572876,4.9297394714322,0.6483637414632629,"{""colsample_bytree"": 0.6180259995153212, ""learning_rate"": 0.013380715734260362, ""max_depth"": 6, ""min_child_weight"": 4, ""n_estimators"": 261, ""reg_alpha"": 0.048555362928572876, ""reg_lambda"": 4.9297394714322, ""subsample"": 0.6483637414632629}",COMPLETE
49,4.042300651438975,2026-10-02 21:27:45.730406,2026-10-02 21:30:31.388081,0 days 00:02:45.657675,0.6970507835675439,0.01200293051667368,7,5,511,0.0714216858790633,4.4536498489282845,0.7008813580811645,"{""colsample_bytree"": 0.6970507835675439, ""learning_rate"": 0.01200293051667368, ""max_depth"": 7, ""min_child_weight"": 5, ""n_estimators"": 511, ""reg_alpha"": 0.0714216858790633, ""reg_lambda"": 4.4536498489282845, ""subsample"": 0.7008813580811645}",COMPLETE
