number,value,datetime_start,datetime_complete,duration,params_max_depth,params_max_features,params_min_samples_leaf,params_n_estimators,system_attrs_tpe:relative_params:0,state
0,4.059293896647852,2026-10-02 06:25:03.336728,2026-10-02 06:25:23.247414,0 days 00:00:19.910686,40,0.7436704297351775,7,684,,COMPLETE
1,4.060503217847708,2026-10-02 06:25:23.247479,2026-10-02 06:25:40.207362,0 days 00:00:16.959883,20,0.4450973669431999,8,975,,COMPLETE
2,4.095825796989513,2026-10-02 06:25:40.207422,2026-10-02 06:25:48.753870,0 days 00:00:08.546448,10,0.8493578609931441,8,314,,COMPLETE
3,4.067552681535351,2026-10-02 06:25:48.753930,2026-10-02 06:26:01.553528,0 days 00:00:12.799598,0,0.6759289191947714,2,382,,COMPLETE
4,4.06408170286937,2026-10-02 06:26:01.553589,2026-10-02 06:26:22.836683,0 days 00:00:21.283094,30,0.6115905539817836,1,619,,COMPLETE
5,4.059901912324374,2026-10-02 06:26:22.836746,2026-10-02 06:26:34.014503,0 days 00:00:11.177757,20,0.4933287584194074,7,552,,COMPLETE
6,4.090864293611589,2026-10-02 06:26:34.014562,2026-10-02 06:26:41.902999,0 days 00:00:07.888437,10,0.42733969384836035,6,521,,COMPLETE
7,4.054334397083782,2026-10-02 06:26:41.903076,2026-10-02 06:26:53.146250,0 days 00:00:11.243174,30,0.3279624422858039,5,757,,COMPLETE
8,4.066676318234759,2026-10-02 06:26:53.146309,2026-10-02 06:27:00.584958,0 days 00:00:07.438649,30,0.4318526535948677,9,437,,COMPLETE
9,4.061986202501411,2026-10-02 06:27:00.585005,2026-10-02 06:27:24.842306,0 days 00:00:24.257301,30,0.6443609677705414,8,984,,COMPLETE
10,4.052080952687388,2026-10-02 06:27:24.842353,2026-10-02 06:27:34.847763,0 days 00:00:10.005410,30,0.2051617391694765,3,965,"{""max_depth"": 30, ""max_features"": 0.2051617391694765, ""min_samples_leaf"": 3, ""n_estimators"": 965}",COMPLETE
11,4.054898556288726,2026-10-02 06:27:34.847812,2026-10-02 06:27:44.755401,0 days 00:00:09.907589,30,0.18032176757861268,2,889,"{""max_depth"": 30, ""max_features"": 0.18032176757861268, ""min_samples_leaf"": 2, ""n_estimators"": 889}",COMPLETE
12,4.058305601775943,2026-10-02 06:27:44.755453,2026-10-02 06:27:55.693118,0 days 00:00:10.937665,20,0.2452082643423314,4,876,"{""max_depth"": 20, ""max_features"": 0.2452082643423314, ""min_samples_leaf"": 4, ""n_estimators"": 876}",COMPLETE
13,4.053446999098793,2026-10-02 06:27:55.693193,2026-10-02 06:28:12.495414,0 days 00:00:16.802221,30,0.4291506021618532,3,815,"{""max_depth"": 30, ""max_features"": 0.4291506021618532, ""min_samples_leaf"": 3, ""n_estimators"": 815}",COMPLETE
14,4.065035468695606,2026-10-02 06:28:12.495463,2026-10-02 06:28:48.589570,0 days 00:00:36.094107,30,0.6372605047057176,1,999,"{""max_depth"": 30, ""max_features"": 0.6372605047057176, ""min_samples_leaf"": 1, ""n_estimators"": 999}",COMPLETE
15,4.056248136147745,2026-10-02 06:28:48.589621,2026-10-02 06:29:10.054419,0 days 00:00:21.464798,0,0.49698700629660303,4,964,"{""max_depth"": 0, ""max_features"": 0.49698700629660303, ""min_samples_leaf"": 4, ""n_estimators"": 964}",COMPLETE
16,4.058668903279034,2026-10-02 06:29:10.054466,2026-10-02 06:29:25.894176,0 days 00:00:15.839710,40,0.3272611537963843,1,798,"{""max_depth"": 40, ""max_features"": 0.3272611537963843, ""min_samples_leaf"": 1, ""n_estimators"": 798}",COMPLETE
17,4.054666206061927,2026-10-02 06:29:25.894227,2026-10-02 06:29:47.756935,0 days 00:00:21.862708,30,0.6841927028363894,4,742,"{""max_depth"": 30, ""max_features"": 0.6841927028363894, ""min_samples_leaf"": 4, ""n_estimators"": 742}",COMPLETE
18,4.055267577950115,2026-10-02 06:29:47.756990,2026-10-02 06:30:02.362978,0 days 00:00:14.605988,40,0.5123716027087815,3,619,"{""max_depth"": 40, ""max_features"": 0.5123716027087815, ""min_samples_leaf"": 3, ""n_estimators"": 619}",COMPLETE
19,4.079119618408491,2026-10-02 06:30:02.363030,2026-10-02 06:30:07.981286,0 days 00:00:05.618256,30,0.10088198383135959,5,986,"{""max_depth"": 30, ""max_features"": 0.10088198383135959, ""min_samples_leaf"": 5, ""n_estimators"": 986}",COMPLETE
20,4.061684138082803,2026-10-02 06:30:07.981336,2026-10-02 06:30:16.959528,0 days 00:00:08.978192,0,0.21308943049466023,6,852,"{""max_depth"": 0, ""max_features"": 0.21308943049466023, ""min_samples_leaf"": 6, ""n_estimators"": 852}",COMPLETE
21,4.0601894427206275,2026-10-02 06:30:16.959575,2026-10-02 06:30:22.749427,0 days 00:00:05.789852,30,0.16171960572757224,4,678,"{""max_depth"": 30, ""max_features"": 0.16171960572757224, ""min_samples_leaf"": 4, ""n_estimators"": 678}",COMPLETE
22,4.0620394434213605,2026-10-02 06:30:22.749475,2026-10-02 06:30:41.384213,0 days 00:00:18.634738,30,0.5698672775166242,7,820,"{""max_depth"": 30, ""max_features"": 0.5698672775166242, ""min_samples_leaf"": 7, ""n_estimators"": 820}",COMPLETE
23,4.055787443640921,2026-10-02 06:30:41.384262,2026-10-02 06:31:04.187531,0 days 00:00:22.803269,30,0.49931465718218937,2,899,"{""max_depth"": 30, ""max_features"": 0.49931465718218937, ""min_samples_leaf"": 2, ""n_estimators"": 899}",COMPLETE
24,4.053411246984602,2026-10-02 06:31:04.187579,2026-10-02 06:31:18.370495,0 days 00:00:14.182916,20,0.30584316853715515,3,974,"{""max_depth"": 20, ""max_features"": 0.30584316853715515, ""min_samples_leaf"": 3, ""n_estimators"": 974}",COMPLETE
25,4.056360371316801,2026-10-02 06:31:18.370544,2026-10-02 06:31:30.638379,0 days 00:00:12.267835,0,0.19825920436055486,1,961,"{""max_depth"": 0, ""max_features"": 0.19825920436055486, ""min_samples_leaf"": 1, ""n_estimators"": 961}",COMPLETE
26,4.063087891049,2026-10-02 06:31:30.638427,2026-10-02 06:31:51.842952,0 days 00:00:21.204525,20,0.3825708252587644,1,954,"{""max_depth"": 20, ""max_features"": 0.3825708252587644, ""min_samples_leaf"": 1, ""n_estimators"": 954}",COMPLETE
27,4.058397488221921,2026-10-02 06:31:51.843004,2026-10-02 06:32:01.603623,0 days 00:00:09.760619,20,0.25178876321615207,2,702,"{""max_depth"": 20, ""max_features"": 0.25178876321615207, ""min_samples_leaf"": 2, ""n_estimators"": 702}",COMPLETE
28,4.0577506921713,2026-10-02 06:32:01.603670,2026-10-02 06:32:16.528876,0 days 00:00:14.925206,30,0.3483770838202579,6,955,"{""max_depth"": 30, ""max_features"": 0.3483770838202579, ""min_samples_leaf"": 6, ""n_estimators"": 955}",COMPLETE
29,4.056929612002935,2026-10-02 06:32:16.528923,2026-10-02 06:32:41.174301,0 days 00:00:24.645378,30,0.610421816679667,3,881,"{""max_depth"": 30, ""max_features"": 0.610421816679667, ""min_samples_leaf"": 3, ""n_estimators"": 881}",COMPLETE
30,4.053573613923233,2026-10-02 06:32:41.174348,2026-10-02 06:32:55.089928,0 days 00:00:13.915580,40,0.2969479668002456,3,946,"{""max_depth"": 40, ""max_features"": 0.2969479668002456, ""min_samples_leaf"": 3, ""n_estimators"": 946}",COMPLETE
31,4.052167075033573,2026-10-02 06:32:55.089978,2026-10-02 06:33:11.203251,0 days 00:00:16.113273,40,0.4066014954218109,4,888,"{""max_depth"": 40, ""max_features"": 0.4066014954218109, ""min_samples_leaf"": 4, ""n_estimators"": 888}",COMPLETE
32,4.0630762144919546,2026-10-02 06:33:11.203299,2026-10-02 06:33:18.757733,0 days 00:00:07.554434,20,0.1051180788020088,2,972,"{""max_depth"": 20, ""max_features"": 0.1051180788020088, ""min_samples_leaf"": 2, ""n_estimators"": 972}",COMPLETE
33,4.055619474757537,2026-10-02 06:33:18.757782,2026-10-02 06:33:29.483496,0 days 00:00:10.725714,30,0.21286938472074493,4,955,"{""max_depth"": 30, ""max_features"": 0.21286938472074493, ""min_samples_leaf"": 4, ""n_estimators"": 955}",COMPLETE
34,4.055312226155755,2026-10-02 06:33:29.483547,2026-10-02 06:33:47.072814,0 days 00:00:17.589267,20,0.38150061448054784,2,872,"{""max_depth"": 20, ""max_features"": 0.38150061448054784, ""min_samples_leaf"": 2, ""n_estimators"": 872}",COMPLETE
35,4.052587917097898,2026-10-02 06:33:47.072861,2026-10-02 06:34:03.601612,0 days 00:00:16.528751,40,0.4291557644081697,3,801,"{""max_depth"": 40, ""max_features"": 0.4291557644081697, ""min_samples_leaf"": 3, ""n_estimators"": 801}",COMPLETE
36,4.059738262469333,2026-10-02 06:34:03.601659,2026-10-02 06:34:10.907924,0 days 00:00:07.306265,40,0.15137007632679444,3,821,"{""max_depth"": 40, ""max_features"": 0.15137007632679444, ""min_samples_leaf"": 3, ""n_estimators"": 821}",COMPLETE
37,4.052777766704466,2026-10-02 06:34:10.907972,2026-10-02 06:34:26.791645,0 days 00:00:15.883673,40,0.3754677631870626,5,986,"{""max_depth"": 40, ""max_features"": 0.3754677631870626, ""min_samples_leaf"": 5, ""n_estimators"": 986}",COMPLETE
38,4.061308977711127,2026-10-02 06:34:26.791692,2026-10-02 06:34:41.077278,0 days 00:00:14.285586,40,0.40468921809067776,6,842,"{""max_depth"": 40, ""max_features"": 0.40468921809067776, ""min_samples_leaf"": 6, ""n_estimators"": 842}",COMPLETE
39,4.053098015974226,2026-10-02 06:34:41.077325,2026-10-02 06:34:55.108411,0 days 00:00:14.031086,40,0.38518723039919167,4,771,"{""max_depth"": 40, ""max_features"": 0.38518723039919167, ""min_samples_leaf"": 4, ""n_estimators"": 771}",COMPLETE
40,4.055406219039822,2026-10-02 06:34:55.108460,2026-10-02 06:35:23.800185,0 days 00:00:28.691725,40,0.5971655201204218,2,950,"{""max_depth"": 40, ""max_features"": 0.5971655201204218, ""min_samples_leaf"": 2, ""n_estimators"": 950}",COMPLETE
41,4.057435459670182,2026-10-02 06:35:23.800235,2026-10-02 06:35:35.078292,0 days 00:00:11.278057,40,0.3533441370825985,4,669,"{""max_depth"": 40, ""max_features"": 0.3533441370825985, ""min_samples_leaf"": 4, ""n_estimators"": 669}",COMPLETE
42,4.056997274392795,2026-10-02 06:35:35.078340,2026-10-02 06:35:52.987970,0 days 00:00:17.909630,40,0.5241259743690063,4,751,"{""max_depth"": 40, ""max_features"": 0.5241259743690063, ""min_samples_leaf"": 4, ""n_estimators"": 751}",COMPLETE
43,4.089789120119709,2026-10-02 06:35:52.988017,2026-10-02 06:36:11.267627,0 days 00:00:18.279610,10,0.5712595364074428,5,946,"{""max_depth"": 10, ""max_features"": 0.5712595364074428, ""min_samples_leaf"": 5, ""n_estimators"": 946}",COMPLETE
44,4.054094436796347,2026-10-02 06:36:11.267675,2026-10-02 06:36:29.794032,0 days 00:00:18.526357,40,0.4518986854241625,4,884,"{""max_depth"": 40, ""max_features"": 0.4518986854241625, ""min_samples_leaf"": 4, ""n_estimators"": 884}",COMPLETE
45,4.052143479583164,2026-10-02 06:36:29.794079,2026-10-02 06:36:54.501084,0 days 00:00:24.707005,40,0.6750910580082972,3,798,"{""max_depth"": 40, ""max_features"": 0.6750910580082972, ""min_samples_leaf"": 3, ""n_estimators"": 798}",COMPLETE
46,4.061546538768546,2026-10-02 06:36:54.501159,2026-10-02 06:37:01.508190,0 days 00:00:07.007031,30,0.1157170548330483,3,941,"{""max_depth"": 30, ""max_features"": 0.1157170548330483, ""min_samples_leaf"": 3, ""n_estimators"": 941}",COMPLETE
47,4.0554908347092296,2026-10-02 06:37:01.508240,2026-10-02 06:37:11.283956,0 days 00:00:09.775716,40,0.25811761519275694,5,803,"{""max_depth"": 40, ""max_features"": 0.25811761519275694, ""min_samples_leaf"": 5, ""n_estimators"": 803}",COMPLETE
48,4.055114438811687,2026-10-02 06:37:11.284003,2026-10-02 06:37:29.076507,0 days 00:00:17.792504,40,0.4883974159177377,5,830,"{""max_depth"": 40, ""max_features"": 0.4883974159177377, ""min_samples_leaf"": 5, ""n_estimators"": 830}",COMPLETE
49,4.054058142961429,2026-10-02 06:37:29.076555,2026-10-02 06:37:42.432657,0 days 00:00:13.356102,40,0.3429610529825231,3,824,"{""max_depth"": 40, ""max_features"": 0.3429610529825231, ""min_samples_leaf"": 3, ""n_estimators"": 824}",COMPLETE
