number,value,datetime_start,datetime_complete,duration,params_alpha,system_attrs_tpe:relative_params:0,state
0,3.966115247272071,2026-10-02 06:25:08.929104,2026-10-02 06:25:09.778645,0 days 00:00:00.849541,1.96282248134428,,COMPLETE
1,3.9385631330489983,2026-10-02 06:25:09.778719,2026-10-02 06:25:10.597308,0 days 00:00:00.818589,19.549524484259873,,COMPLETE
2,3.954185064428692,2026-10-02 06:25:10.597379,2026-10-02 06:25:11.562930,0 days 00:00:00.965551,4.135997393839888,,COMPLETE
3,3.967262721597127,2026-10-02 06:25:11.563000,2026-10-02 06:25:12.313756,0 days 00:00:00.750756,1.8590843630169627,,COMPLETE
4,4.050995986921374,2026-10-02 06:25:12.313826,2026-10-02 06:25:13.247560,0 days 00:00:00.933734,0.348280208702833,,COMPLETE
5,3.947399775479075,2026-10-02 06:25:13.247639,2026-10-02 06:25:14.095658,0 days 00:00:00.848019,7.505241622349544,,COMPLETE
6,4.033980777164209,2026-10-02 06:25:14.095726,2026-10-02 06:25:14.852804,0 days 00:00:00.757078,0.4222048983149828,,COMPLETE
7,3.9405568409828966,2026-10-02 06:25:14.852879,2026-10-02 06:25:16.019718,0 days 00:00:01.166839,224.2012371372442,,COMPLETE
8,3.9540576624242347,2026-10-02 06:25:16.019787,2026-10-02 06:25:16.909723,0 days 00:00:00.889936,605.3082080079017,,COMPLETE
9,4.1176285315243035,2026-10-02 06:25:16.909779,2026-10-02 06:25:17.631049,0 days 00:00:00.721270,0.1998246739232945,,COMPLETE
10,5.361391459486612,2026-10-02 06:25:17.631107,2026-10-02 06:25:18.520599,0 days 00:00:00.889492,0.0013243623620587995,"{""alpha"": 0.0013243623620587995}",COMPLETE
11,3.939985421425837,2026-10-02 06:25:18.520653,2026-10-02 06:25:19.441881,0 days 00:00:00.921228,211.88710852788316,"{""alpha"": 211.88710852788316}",COMPLETE
12,3.9338539602797753,2026-10-02 06:25:19.441938,2026-10-02 06:25:20.428715,0 days 00:00:00.986777,76.41269151289768,"{""alpha"": 76.41269151289768}",COMPLETE
13,3.9339359154182625,2026-10-02 06:25:20.428770,2026-10-02 06:25:21.221665,0 days 00:00:00.792895,47.684924069841685,"{""alpha"": 47.684924069841685}",COMPLETE
14,3.9336941520030138,2026-10-02 06:25:21.221716,2026-10-02 06:25:22.162721,0 days 00:00:00.941005,67.46273716475046,"{""alpha"": 67.46273716475046}",COMPLETE
15,3.933701436464636,2026-10-02 06:25:22.162776,2026-10-02 06:25:22.991581,0 days 00:00:00.828805,55.91577689983461,"{""alpha"": 55.91577689983461}",COMPLETE
16,5.003900574057803,2026-10-02 06:25:22.991635,2026-10-02 06:25:23.956061,0 days 00:00:00.964426,0.006782110858481564,"{""alpha"": 0.006782110858481564}",COMPLETE
17,3.9561487920246337,2026-10-02 06:25:23.956113,2026-10-02 06:25:24.688665,0 days 00:00:00.732552,682.4415680038983,"{""alpha"": 682.4415680038983}",COMPLETE
18,3.9403977010911286,2026-10-02 06:25:24.688721,2026-10-02 06:25:25.552678,0 days 00:00:00.863957,15.61431551541914,"{""alpha"": 15.61431551541914}",COMPLETE
19,3.9344660833930925,2026-10-02 06:25:25.552733,2026-10-02 06:25:26.403835,0 days 00:00:00.851102,95.38236820055934,"{""alpha"": 95.38236820055934}",COMPLETE
20,4.313425183439935,2026-10-02 06:25:26.403888,2026-10-02 06:25:27.294514,0 days 00:00:00.890626,0.07420881756186276,"{""alpha"": 0.07420881756186276}",COMPLETE
21,3.9342143654405297,2026-10-02 06:25:27.294603,2026-10-02 06:25:28.130697,0 days 00:00:00.836094,42.73762435111101,"{""alpha"": 42.73762435111101}",COMPLETE
22,3.9364242043489823,2026-10-02 06:25:28.130752,2026-10-02 06:25:28.791659,0 days 00:00:00.660907,138.48863714420492,"{""alpha"": 138.48863714420492}",COMPLETE
23,3.936512660198037,2026-10-02 06:25:28.791713,2026-10-02 06:25:29.486702,0 days 00:00:00.694989,26.182467157687586,"{""alpha"": 26.182467157687586}",COMPLETE
24,3.945641372429286,2026-10-02 06:25:29.486758,2026-10-02 06:25:30.288862,0 days 00:00:00.802104,8.913955379975418,"{""alpha"": 8.913955379975418}",COMPLETE
25,3.962136378469672,2026-10-02 06:25:30.288916,2026-10-02 06:25:31.088161,0 days 00:00:00.799245,931.9000461255425,"{""alpha"": 931.9000461255425}",COMPLETE
26,3.9340388226959475,2026-10-02 06:25:31.088211,2026-10-02 06:25:31.960411,0 days 00:00:00.872200,83.18444602612011,"{""alpha"": 83.18444602612011}",COMPLETE
27,3.9408650109989036,2026-10-02 06:25:31.960463,2026-10-02 06:25:32.996524,0 days 00:00:01.036061,230.936650559995,"{""alpha"": 230.936650559995}",COMPLETE
28,3.9639299455883044,2026-10-02 06:25:32.996612,2026-10-02 06:25:33.814670,0 days 00:00:00.818058,2.192101198973149,"{""alpha"": 2.192101198973149}",COMPLETE
29,3.933965894669592,2026-10-02 06:25:33.814723,2026-10-02 06:25:34.659555,0 days 00:00:00.844832,47.03008506345232,"{""alpha"": 47.03008506345232}",COMPLETE
