number,value,datetime_start,datetime_complete,duration,params_alpha,system_attrs_tpe:relative_params:0,state
0,3.9972478136361977,2026-10-02 06:25:43.293162,2026-10-02 06:25:44.093906,0 days 00:00:00.800744,1.96282248134428,,COMPLETE
1,3.9764703841726003,2026-10-02 06:25:44.093987,2026-10-02 06:25:44.845092,0 days 00:00:00.751105,19.549524484259873,,COMPLETE
2,3.989084603932058,2026-10-02 06:25:44.845168,2026-10-02 06:25:45.690855,0 days 00:00:00.845687,4.135997393839888,,COMPLETE
3,3.997900648078835,2026-10-02 06:25:45.690929,2026-10-02 06:25:46.696978,0 days 00:00:01.006049,1.8590843630169627,,COMPLETE
4,4.022333307456943,2026-10-02 06:25:46.697051,2026-10-02 06:25:47.751869,0 days 00:00:01.054818,0.348280208702833,,COMPLETE
5,3.983489623746927,2026-10-02 06:25:47.751940,2026-10-02 06:25:48.517892,0 days 00:00:00.765952,7.505241622349544,,COMPLETE
6,4.019107983357031,2026-10-02 06:25:48.517962,2026-10-02 06:25:49.247835,0 days 00:00:00.729873,0.4222048983149828,,COMPLETE
7,3.9862782594030883,2026-10-02 06:25:49.247916,2026-10-02 06:25:50.086653,0 days 00:00:00.838737,224.2012371372442,,COMPLETE
8,4.003035064874858,2026-10-02 06:25:50.086718,2026-10-02 06:25:50.835989,0 days 00:00:00.749271,605.3082080079017,,COMPLETE
9,4.032213741296458,2026-10-02 06:25:50.836047,2026-10-02 06:25:51.642851,0 days 00:00:00.806804,0.1998246739232945,,COMPLETE
10,4.2112627336350625,2026-10-02 06:25:51.642908,2026-10-02 06:25:52.433002,0 days 00:00:00.790094,0.0013243623620587995,"{""alpha"": 0.0013243623620587995}",COMPLETE
11,3.9742066582665463,2026-10-02 06:25:52.433061,2026-10-02 06:25:53.372610,0 days 00:00:00.939549,38.7243731605857,"{""alpha"": 38.7243731605857}",COMPLETE
12,3.9741651350043252,2026-10-02 06:25:53.372668,2026-10-02 06:25:54.048838,0 days 00:00:00.676170,42.727075273156025,"{""alpha"": 42.727075273156025}",COMPLETE
13,3.975891893286058,2026-10-02 06:25:54.048897,2026-10-02 06:25:54.736919,0 days 00:00:00.688022,79.64640709596456,"{""alpha"": 79.64640709596456}",COMPLETE
14,3.97419081095334,2026-10-02 06:25:54.736975,2026-10-02 06:25:55.558979,0 days 00:00:00.822004,46.21404093975097,"{""alpha"": 46.21404093975097}",COMPLETE
15,4.0095020864888395,2026-10-02 06:25:55.559040,2026-10-02 06:25:56.356854,0 days 00:00:00.797814,826.546249739856,"{""alpha"": 826.546249739856}",COMPLETE
16,4.0648140988242085,2026-10-02 06:25:56.356912,2026-10-02 06:25:57.148874,0 days 00:00:00.791962,0.04148467842958253,"{""alpha"": 0.04148467842958253}",COMPLETE
17,3.9774645547160827,2026-10-02 06:25:57.148930,2026-10-02 06:25:57.864880,0 days 00:00:00.715950,100.72045068927808,"{""alpha"": 100.72045068927808}",COMPLETE
18,3.9799903865314756,2026-10-02 06:25:57.864937,2026-10-02 06:25:58.807792,0 days 00:00:00.942855,11.493219046887956,"{""alpha"": 11.493219046887956}",COMPLETE
19,3.9867399288016734,2026-10-02 06:25:58.807851,2026-10-02 06:25:59.750723,0 days 00:00:00.942872,231.69231048758778,"{""alpha"": 231.69231048758778}",COMPLETE
20,4.106269131494215,2026-10-02 06:25:59.750782,2026-10-02 06:26:00.766791,0 days 00:00:01.016009,0.0095366887799631,"{""alpha"": 0.0095366887799631}",COMPLETE
21,3.9742407317867414,2026-10-02 06:26:00.766848,2026-10-02 06:26:01.691112,0 days 00:00:00.924264,37.391258788149024,"{""alpha"": 37.391258788149024}",COMPLETE
22,3.9745250346642096,2026-10-02 06:26:01.691170,2026-10-02 06:26:02.427920,0 days 00:00:00.736750,31.79023086769921,"{""alpha"": 31.79023086769921}",COMPLETE
23,3.977540689895237,2026-10-02 06:26:02.427977,2026-10-02 06:26:03.170884,0 days 00:00:00.742907,101.7084102412166,"{""alpha"": 101.7084102412166}",COMPLETE
24,3.9919318108463115,2026-10-02 06:26:03.170944,2026-10-02 06:26:04.037836,0 days 00:00:00.866892,3.1417987143237402,"{""alpha"": 3.1417987143237402}",COMPLETE
25,3.974570917534153,2026-10-02 06:26:04.037892,2026-10-02 06:26:04.919913,0 days 00:00:00.882021,31.19841091769692,"{""alpha"": 31.19841091769692}",COMPLETE
26,3.990479166278831,2026-10-02 06:26:04.919969,2026-10-02 06:26:05.680860,0 days 00:00:00.760891,297.6567030010061,"{""alpha"": 297.6567030010061}",COMPLETE
27,3.9807768579536247,2026-10-02 06:26:05.680917,2026-10-02 06:26:06.500804,0 days 00:00:00.819887,10.387282759449272,"{""alpha"": 10.387282759449272}",COMPLETE
28,3.974651413777423,2026-10-02 06:26:06.500863,2026-10-02 06:26:07.412896,0 days 00:00:00.912033,59.66129196272537,"{""alpha"": 59.66129196272537}",COMPLETE
29,3.9988287258139805,2026-10-02 06:26:07.412953,2026-10-02 06:26:08.354863,0 days 00:00:00.941910,1.723021758964115,"{""alpha"": 1.723021758964115}",COMPLETE
