number,value,datetime_start,datetime_complete,duration,params_max_depth,params_max_features,params_min_samples_leaf,params_n_estimators,system_attrs_tpe:relative_params:0,state
0,4.00756623327428,2026-10-02 18:06:55.203581,2026-10-02 18:19:06.244806,0 days 00:12:11.041225,40,0.7436704297351775,7,684,,COMPLETE
1,4.005455986106362,2026-10-02 18:19:06.244979,2026-10-02 18:29:13.156536,0 days 00:10:06.911557,20,0.4450973669431999,8,975,,COMPLETE
2,4.0134614599570995,2026-10-02 18:29:13.156682,2026-10-02 18:34:43.367529,0 days 00:05:30.210847,10,0.8493578609931441,8,314,,COMPLETE
3,4.037479665995137,2026-10-02 18:34:43.367675,2026-10-02 18:42:39.059498,0 days 00:07:55.691823,0,0.6759289191947714,2,382,,COMPLETE
4,4.052508295412115,2026-10-02 18:42:39.059647,2026-10-02 18:55:48.178907,0 days 00:13:09.119260,30,0.6115905539817836,1,619,,COMPLETE
5,4.004433771713085,2026-10-02 18:55:48.179049,2026-10-02 19:02:22.185533,0 days 00:06:34.006484,20,0.4933287584194074,7,552,,COMPLETE
6,4.020403705684054,2026-10-02 19:02:22.185695,2026-10-02 19:07:08.436115,0 days 00:04:46.250420,10,0.42733969384836035,6,521,,COMPLETE
7,4.012240439145345,2026-10-02 19:07:08.436260,2026-10-02 19:13:31.958184,0 days 00:06:23.521924,30,0.3279624422858039,5,757,,COMPLETE
8,4.002675644031947,2026-10-02 19:13:31.958320,2026-10-02 19:17:51.233181,0 days 00:04:19.274861,30,0.4318526535948677,9,437,,COMPLETE
9,4.004083232728426,2026-10-02 19:17:51.233313,2026-10-02 19:32:34.805695,0 days 00:14:43.572382,30,0.6443609677705414,8,984,,COMPLETE
10,4.019246403989058,2026-10-02 19:32:34.805855,2026-10-02 19:51:57.751090,0 days 00:19:22.945235,30,0.8318341930301256,4,864,"{""max_depth"": 30, ""max_features"": 0.8318341930301256, ""min_samples_leaf"": 4, ""n_estimators"": 864}",COMPLETE
11,4.003715902676608,2026-10-02 19:51:57.751224,2026-10-02 19:57:56.265597,0 days 00:05:58.514373,30,0.4281475702083001,10,634,"{""max_depth"": 30, ""max_features"": 0.4281475702083001, ""min_samples_leaf"": 10, ""n_estimators"": 634}",COMPLETE
12,4.011781566252492,2026-10-02 19:57:56.265767,2026-10-02 20:00:59.177819,0 days 00:03:02.912052,30,0.27455799516925367,9,486,"{""max_depth"": 30, ""max_features"": 0.27455799516925367, ""min_samples_leaf"": 9, ""n_estimators"": 486}",COMPLETE
13,4.0204008234626025,2026-10-02 20:00:59.177951,2026-10-02 20:03:02.092420,0 days 00:02:02.914469,30,0.12191455449397443,9,749,"{""max_depth"": 30, ""max_features"": 0.12191455449397443, ""min_samples_leaf"": 9, ""n_estimators"": 749}",COMPLETE
14,4.003003167194031,2026-10-02 20:03:02.092546,2026-10-02 20:10:59.662532,0 days 00:07:57.569986,30,0.6188105060094411,10,581,"{""max_depth"": 30, ""max_features"": 0.6188105060094411, ""min_samples_leaf"": 10, ""n_estimators"": 581}",COMPLETE
15,4.007183341164256,2026-10-02 20:10:59.662663,2026-10-02 20:20:11.679586,0 days 00:09:12.016923,30,0.7269377064494706,9,563,"{""max_depth"": 30, ""max_features"": 0.7269377064494706, ""min_samples_leaf"": 9, ""n_estimators"": 563}",COMPLETE
16,4.013721675740537,2026-10-02 20:20:11.679752,2026-10-02 20:30:27.582535,0 days 00:10:15.902783,30,0.9671562341049091,6,433,"{""max_depth"": 30, ""max_features"": 0.9671562341049091, ""min_samples_leaf"": 6, ""n_estimators"": 433}",COMPLETE
17,4.00808285649478,2026-10-02 20:30:27.582667,2026-10-02 20:36:13.608985,0 days 00:05:46.026318,30,0.6958353331720852,9,366,"{""max_depth"": 30, ""max_features"": 0.6958353331720852, ""min_samples_leaf"": 9, ""n_estimators"": 366}",COMPLETE
18,4.006892800957029,2026-10-02 20:36:13.609132,2026-10-02 20:50:47.491938,0 days 00:14:33.882806,30,0.9220658546999674,10,726,"{""max_depth"": 30, ""max_features"": 0.9220658546999674, ""min_samples_leaf"": 10, ""n_estimators"": 726}",COMPLETE
19,4.004356945155211,2026-10-02 20:50:47.492070,2026-10-02 21:00:09.200622,0 days 00:09:21.708552,30,0.5152133293918428,10,829,"{""max_depth"": 30, ""max_features"": 0.5152133293918428, ""min_samples_leaf"": 10, ""n_estimators"": 829}",COMPLETE
20,4.005829476535926,2026-10-02 21:00:09.200788,2026-10-02 21:07:57.675526,0 days 00:07:48.474738,30,0.5986600128178251,10,596,"{""max_depth"": 30, ""max_features"": 0.5986600128178251, ""min_samples_leaf"": 10, ""n_estimators"": 596}",COMPLETE
21,4.00507273233535,2026-10-02 21:07:57.675651,2026-10-02 21:11:57.940042,0 days 00:04:00.264391,30,0.5151784256761853,10,353,"{""max_depth"": 30, ""max_features"": 0.5151784256761853, ""min_samples_leaf"": 10, ""n_estimators"": 353}",COMPLETE
22,4.00448479376114,2026-10-02 21:11:57.940171,2026-10-02 21:17:22.642474,0 days 00:05:24.702303,30,0.3737185253622969,9,642,"{""max_depth"": 30, ""max_features"": 0.3737185253622969, ""min_samples_leaf"": 9, ""n_estimators"": 642}",COMPLETE
23,4.027223615088098,2026-10-02 21:17:22.642608,2026-10-02 21:19:36.288106,0 days 00:02:13.645498,10,0.18208491435268806,9,606,"{""max_depth"": 10, ""max_features"": 0.18208491435268806, ""min_samples_leaf"": 9, ""n_estimators"": 606}",COMPLETE
24,4.026547945874053,2026-10-02 21:19:36.288260,2026-10-02 21:20:59.096335,0 days 00:01:22.808075,10,0.190002705066858,8,354,"{""max_depth"": 10, ""max_features"": 0.190002705066858, ""min_samples_leaf"": 8, ""n_estimators"": 354}",COMPLETE
25,4.007942974984168,2026-10-02 21:20:59.096469,2026-10-02 21:24:02.601409,0 days 00:03:03.504940,30,0.2824581053955847,7,455,"{""max_depth"": 30, ""max_features"": 0.2824581053955847, ""min_samples_leaf"": 7, ""n_estimators"": 455}",COMPLETE
26,4.003970116508983,2026-10-02 21:24:02.601556,2026-10-02 21:27:55.264208,0 days 00:03:52.662652,20,0.5161311123359063,8,326,"{""max_depth"": 20, ""max_features"": 0.5161311123359063, ""min_samples_leaf"": 8, ""n_estimators"": 326}",COMPLETE
27,4.002878986317545,2026-10-02 21:27:55.264336,2026-10-02 21:38:59.313167,0 days 00:11:04.048831,30,0.6218964184132106,8,774,"{""max_depth"": 30, ""max_features"": 0.6218964184132106, ""min_samples_leaf"": 8, ""n_estimators"": 774}",COMPLETE
28,4.002670688612892,2026-10-02 21:38:59.313293,2026-10-02 21:51:49.301463,0 days 00:12:49.988170,30,0.6518848318817096,10,900,"{""max_depth"": 30, ""max_features"": 0.6518848318817096, ""min_samples_leaf"": 10, ""n_estimators"": 900}",COMPLETE
29,4.003713588103277,2026-10-02 21:51:49.301595,2026-10-02 22:04:49.385017,0 days 00:13:00.083422,30,0.6759519142185012,10,880,"{""max_depth"": 30, ""max_features"": 0.6759519142185012, ""min_samples_leaf"": 10, ""n_estimators"": 880}",COMPLETE
30,4.00360135151034,2026-10-02 22:04:49.385143,2026-10-02 22:17:11.681227,0 days 00:12:22.296084,0,0.6136375491062562,9,894,"{""max_depth"": 0, ""max_features"": 0.6136375491062562, ""min_samples_leaf"": 9, ""n_estimators"": 894}",COMPLETE
