number,value,datetime_start,datetime_complete,duration,params_alpha,system_attrs_tpe:relative_params:0,state
0,4.091205126992878,2026-10-02 06:25:26.633521,2026-10-02 06:25:27.395554,0 days 00:00:00.762033,1.96282248134428,,COMPLETE
1,4.055382037501084,2026-10-02 06:25:27.395622,2026-10-02 06:25:28.215195,0 days 00:00:00.819573,19.549524484259873,,COMPLETE
2,4.077824192688865,2026-10-02 06:25:28.215258,2026-10-02 06:25:29.165636,0 days 00:00:00.950378,4.135997393839888,,COMPLETE
3,4.092303090304491,2026-10-02 06:25:29.165704,2026-10-02 06:25:30.155567,0 days 00:00:00.989863,1.8590843630169627,,COMPLETE
4,4.153938216744861,2026-10-02 06:25:30.155632,2026-10-02 06:25:30.998443,0 days 00:00:00.842811,0.348280208702833,,COMPLETE
5,4.068473334919114,2026-10-02 06:25:30.998504,2026-10-02 06:25:31.812461,0 days 00:00:00.813957,7.505241622349544,,COMPLETE
6,4.142164027136959,2026-10-02 06:25:31.812522,2026-10-02 06:25:32.527642,0 days 00:00:00.715120,0.4222048983149828,,COMPLETE
7,4.044490346730753,2026-10-02 06:25:32.527713,2026-10-02 06:25:33.427595,0 days 00:00:00.899882,224.2012371372442,,COMPLETE
8,4.053874917201811,2026-10-02 06:25:33.427657,2026-10-02 06:25:34.290822,0 days 00:00:00.863165,605.3082080079017,,COMPLETE
9,4.1996385686316895,2026-10-02 06:25:34.290875,2026-10-02 06:25:35.076593,0 days 00:00:00.785718,0.1998246739232945,,COMPLETE
10,4.863713035493999,2026-10-02 06:25:35.076646,2026-10-02 06:25:35.870723,0 days 00:00:00.794077,0.0013243623620587995,"{""alpha"": 0.0013243623620587995}",COMPLETE
11,4.059405933501371,2026-10-02 06:25:35.870778,2026-10-02 06:25:36.835903,0 days 00:00:00.965125,864.0387958696389,"{""alpha"": 864.0387958696389}",COMPLETE
12,4.0519147605251336,2026-10-02 06:25:36.835955,2026-10-02 06:25:37.858626,0 days 00:00:01.022671,520.7983086710348,"{""alpha"": 520.7983086710348}",COMPLETE
13,4.042805122325437,2026-10-02 06:25:37.858679,2026-10-02 06:25:38.578480,0 days 00:00:00.719801,116.03568241670074,"{""alpha"": 116.03568241670074}",COMPLETE
14,4.047719163519173,2026-10-02 06:25:38.578534,2026-10-02 06:25:39.330624,0 days 00:00:00.752090,40.51145068507451,"{""alpha"": 40.51145068507451}",COMPLETE
15,4.043269007420483,2026-10-02 06:25:39.330677,2026-10-02 06:25:40.121572,0 days 00:00:00.790895,86.58456779452874,"{""alpha"": 86.58456779452874}",COMPLETE
16,4.043030185796261,2026-10-02 06:25:40.121624,2026-10-02 06:25:40.869679,0 days 00:00:00.748055,95.52758417347465,"{""alpha"": 95.52758417347465}",COMPLETE
17,4.042799889041289,2026-10-02 06:25:40.869730,2026-10-02 06:25:41.553773,0 days 00:00:00.684043,119.71968226884118,"{""alpha"": 119.71968226884118}",COMPLETE
18,4.8339207313933175,2026-10-02 06:25:41.553826,2026-10-02 06:25:42.418616,0 days 00:00:00.864790,0.002624910794281689,"{""alpha"": 0.002624910794281689}",COMPLETE
19,4.667478513351689,2026-10-02 06:25:42.418671,2026-10-02 06:25:43.177423,0 days 00:00:00.758752,0.011961536864755732,"{""alpha"": 0.011961536864755732}",COMPLETE
20,4.058906874701532,2026-10-02 06:25:43.177475,2026-10-02 06:25:44.145662,0 days 00:00:00.968187,14.798962701447605,"{""alpha"": 14.798962701447605}",COMPLETE
21,4.042864298142123,2026-10-02 06:25:44.145716,2026-10-02 06:25:44.996463,0 days 00:00:00.850747,106.42591882405459,"{""alpha"": 106.42591882405459}",COMPLETE
22,4.042981940822028,2026-10-02 06:25:44.996515,2026-10-02 06:25:45.729558,0 days 00:00:00.733043,147.26327144783352,"{""alpha"": 147.26327144783352}",COMPLETE
23,4.0490956641207,2026-10-02 06:25:45.729612,2026-10-02 06:25:46.406851,0 days 00:00:00.677239,34.78353046029593,"{""alpha"": 34.78353046029593}",COMPLETE
24,4.045285861064401,2026-10-02 06:25:46.406906,2026-10-02 06:25:47.228462,0 days 00:00:00.821556,256.4874368164954,"{""alpha"": 256.4874368164954}",COMPLETE
25,4.0446970007406895,2026-10-02 06:25:47.228516,2026-10-02 06:25:48.006604,0 days 00:00:00.778088,61.86659435200832,"{""alpha"": 61.86659435200832}",COMPLETE
26,4.063998416435717,2026-10-02 06:25:48.006658,2026-10-02 06:25:48.776835,0 days 00:00:00.770177,10.199991114432516,"{""alpha"": 10.199991114432516}",COMPLETE
27,4.046429328767001,2026-10-02 06:25:48.776887,2026-10-02 06:25:49.702548,0 days 00:00:00.925661,301.19753907205455,"{""alpha"": 301.19753907205455}",COMPLETE
28,4.050205675470038,2026-10-02 06:25:49.702599,2026-10-02 06:25:50.589732,0 days 00:00:00.887133,31.054511217835756,"{""alpha"": 31.054511217835756}",COMPLETE
29,4.078373881864905,2026-10-02 06:25:50.589784,2026-10-02 06:25:51.602627,0 days 00:00:01.012843,4.000645587146346,"{""alpha"": 4.000645587146346}",COMPLETE
