number,value,datetime_start,datetime_complete,duration,params_alpha,system_attrs_tpe:relative_params:0,state
0,3.989174547031176,2026-10-02 06:25:22.304465,2026-10-02 06:25:22.905436,0 days 00:00:00.600971,1.96282248134428,,COMPLETE
1,3.960706506449908,2026-10-02 06:25:22.905501,2026-10-02 06:25:23.718384,0 days 00:00:00.812883,19.549524484259873,,COMPLETE
2,3.977342892511795,2026-10-02 06:25:23.718453,2026-10-02 06:25:24.462292,0 days 00:00:00.743839,4.135997393839888,,COMPLETE
3,3.990150320410938,2026-10-02 06:25:24.462360,2026-10-02 06:25:25.283445,0 days 00:00:00.821085,1.8590843630169627,,COMPLETE
4,4.039423693974349,2026-10-02 06:25:25.283510,2026-10-02 06:25:26.065205,0 days 00:00:00.781695,0.348280208702833,,COMPLETE
5,3.9697437981341808,2026-10-02 06:25:26.065304,2026-10-02 06:25:26.785418,0 days 00:00:00.720114,7.505241622349544,,COMPLETE
6,4.02999801702768,2026-10-02 06:25:26.785482,2026-10-02 06:25:27.528370,0 days 00:00:00.742888,0.4222048983149828,,COMPLETE
7,3.9683713277109347,2026-10-02 06:25:27.528442,2026-10-02 06:25:28.344401,0 days 00:00:00.815959,224.2012371372442,,COMPLETE
8,3.9858930812571827,2026-10-02 06:25:28.344460,2026-10-02 06:25:29.245536,0 days 00:00:00.901076,605.3082080079017,,COMPLETE
9,4.0796813736646405,2026-10-02 06:25:29.245590,2026-10-02 06:25:30.076338,0 days 00:00:00.830748,0.1998246739232945,,COMPLETE
10,4.849238626558081,2026-10-02 06:25:30.076388,2026-10-02 06:25:30.925264,0 days 00:00:00.848876,0.0013243623620587995,"{""alpha"": 0.0013243623620587995}",COMPLETE
11,3.967547084342162,2026-10-02 06:25:30.925324,2026-10-02 06:25:31.777324,0 days 00:00:00.852000,211.88710852788316,"{""alpha"": 211.88710852788316}",COMPLETE
12,3.9577409858220576,2026-10-02 06:25:31.777375,2026-10-02 06:25:32.627346,0 days 00:00:00.849971,76.41269151289768,"{""alpha"": 76.41269151289768}",COMPLETE
13,3.9569171778795003,2026-10-02 06:25:32.627396,2026-10-02 06:25:33.239713,0 days 00:00:00.612317,47.684924069841685,"{""alpha"": 47.684924069841685}",COMPLETE
14,3.957295846627307,2026-10-02 06:25:33.239764,2026-10-02 06:25:33.799537,0 days 00:00:00.559773,67.46273716475046,"{""alpha"": 67.46273716475046}",COMPLETE
15,3.9572533589574417,2026-10-02 06:25:33.799598,2026-10-02 06:25:34.700537,0 days 00:00:00.900939,38.69110256114858,"{""alpha"": 38.69110256114858}",COMPLETE
16,4.35715867999181,2026-10-02 06:25:34.700602,2026-10-02 06:25:35.439988,0 days 00:00:00.739386,0.04148467842958253,"{""alpha"": 0.04148467842958253}",COMPLETE
17,3.9590817753178755,2026-10-02 06:25:35.440041,2026-10-02 06:25:36.132090,0 days 00:00:00.692049,25.09553582917409,"{""alpha"": 25.09553582917409}",COMPLETE
18,3.9941473526652516,2026-10-02 06:25:36.132145,2026-10-02 06:25:36.935335,0 days 00:00:00.803190,899.4335039650041,"{""alpha"": 899.4335039650041}",COMPLETE
19,3.962954293423067,2026-10-02 06:25:36.935389,2026-10-02 06:25:37.741571,0 days 00:00:00.806182,14.727202634150222,"{""alpha"": 14.727202634150222}",COMPLETE
20,4.690187087468393,2026-10-02 06:25:37.741629,2026-10-02 06:25:38.452661,0 days 00:00:00.711032,0.010343300751089175,"{""alpha"": 0.010343300751089175}",COMPLETE
21,3.957104653180174,2026-10-02 06:25:38.452711,2026-10-02 06:25:39.254527,0 days 00:00:00.801816,62.4719951581085,"{""alpha"": 62.4719951581085}",COMPLETE
22,3.9573084190120347,2026-10-02 06:25:39.254583,2026-10-02 06:25:40.141385,0 days 00:00:00.886802,67.7536672098911,"{""alpha"": 67.7536672098911}",COMPLETE
23,3.961895968424354,2026-10-02 06:25:40.141434,2026-10-02 06:25:40.794484,0 days 00:00:00.653050,134.58612904330332,"{""alpha"": 134.58612904330332}",COMPLETE
24,3.958105331253773,2026-10-02 06:25:40.794538,2026-10-02 06:25:41.445437,0 days 00:00:00.650899,30.371401571165208,"{""alpha"": 30.371401571165208}",COMPLETE
25,3.976105977506057,2026-10-02 06:25:41.445489,2026-10-02 06:25:42.405343,0 days 00:00:00.959854,360.09254743434826,"{""alpha"": 360.09254743434826}",COMPLETE
26,3.971977631177932,2026-10-02 06:25:42.405397,2026-10-02 06:25:43.283391,0 days 00:00:00.877994,6.218052797350052,"{""alpha"": 6.218052797350052}",COMPLETE
27,3.993601230439502,2026-10-02 06:25:43.283444,2026-10-02 06:25:43.850449,0 days 00:00:00.567005,1.5458348381580576,"{""alpha"": 1.5458348381580576}",COMPLETE
28,3.9572540561004126,2026-10-02 06:25:43.850500,2026-10-02 06:25:44.545468,0 days 00:00:00.694968,38.68047412016864,"{""alpha"": 38.68047412016864}",COMPLETE
29,3.9659103759424617,2026-10-02 06:25:44.545520,2026-10-02 06:25:45.134700,0 days 00:00:00.589180,10.724475583286486,"{""alpha"": 10.724475583286486}",COMPLETE
